[0.171s] Invoking command in '/home/exysta/2324_Projet2A_Eve/Code/ROS2/build/micro_ros_msgs': CMAKE_PREFIX_PATH=${CMAKE_PREFIX_PATH}:/home/exysta/project/ros2_ws/install/bob_controller:/opt/ros/humble /usr/bin/cmake /home/exysta/2324_Projet2A_Eve/Code/ROS2/src/uros/micro_ros_msgs -DCMAKE_INSTALL_PREFIX=/home/exysta/2324_Projet2A_Eve/Code/ROS2/install/micro_ros_msgs
[0.212s] -- Found ament_cmake: 1.3.7 (/opt/ros/humble/share/ament_cmake/cmake)
[0.341s] -- Found rosidl_default_generators: 1.2.0 (/opt/ros/humble/share/rosidl_default_generators/cmake)
[0.346s] -- Using all available rosidl_typesupport_c: rosidl_typesupport_fastrtps_c;rosidl_typesupport_introspection_c
[0.350s] -- Found rosidl_adapter: 3.1.5 (/opt/ros/humble/share/rosidl_adapter/cmake)
[0.391s] -- Using all available rosidl_typesupport_cpp: rosidl_typesupport_fastrtps_cpp;rosidl_typesupport_introspection_cpp
[0.422s] -- Found ament_lint_auto: 0.12.10 (/opt/ros/humble/share/ament_lint_auto/cmake)
[0.667s] -- Found ament_cmake_ros: 0.10.0 (/opt/ros/humble/share/ament_cmake_ros/cmake)
[0.761s] -- Using all available rosidl_typesupport_c: rosidl_typesupport_fastrtps_c;rosidl_typesupport_introspection_c
[0.901s] -- Using all available rosidl_typesupport_cpp: rosidl_typesupport_fastrtps_cpp;rosidl_typesupport_introspection_cpp
[0.938s] -- Found python_cmake_module: 0.10.0 (/opt/ros/humble/share/python_cmake_module/cmake)
[0.977s] -- Using PYTHON_EXECUTABLE: /usr/bin/python3
[0.978s] -- Using PYTHON_INCLUDE_DIRS: /usr/include/python3.10
[0.978s] -- Using PYTHON_LIBRARIES: /usr/lib/x86_64-linux-gnu/libpython3.10.so
[0.991s] -- Added test 'copyright' to check source files copyright and LICENSE
[0.999s] -- Added test 'lint_cmake' to check CMake code style
[1.001s] -- Added test 'xmllint' to check XML markup files
[1.009s] -- Configuring done
[1.050s] -- Generating done
[1.053s] -- Build files have been written to: /home/exysta/2324_Projet2A_Eve/Code/ROS2/build/micro_ros_msgs
[1.058s] Invoked command in '/home/exysta/2324_Projet2A_Eve/Code/ROS2/build/micro_ros_msgs' returned '0': CMAKE_PREFIX_PATH=${CMAKE_PREFIX_PATH}:/home/exysta/project/ros2_ws/install/bob_controller:/opt/ros/humble /usr/bin/cmake /home/exysta/2324_Projet2A_Eve/Code/ROS2/src/uros/micro_ros_msgs -DCMAKE_INSTALL_PREFIX=/home/exysta/2324_Projet2A_Eve/Code/ROS2/install/micro_ros_msgs
[1.060s] Invoking command in '/home/exysta/2324_Projet2A_Eve/Code/ROS2/build/micro_ros_msgs': CMAKE_PREFIX_PATH=${CMAKE_PREFIX_PATH}:/home/exysta/project/ros2_ws/install/bob_controller:/opt/ros/humble /usr/bin/cmake --build /home/exysta/2324_Projet2A_Eve/Code/ROS2/build/micro_ros_msgs -- -j8 -l8
[1.091s] [  2%] Built target micro_ros_msgs__cpp
[1.095s] [  2%] Built target ament_cmake_python_copy_micro_ros_msgs
[1.103s] [ 12%] Built target micro_ros_msgs__rosidl_generator_c
[1.108s] [ 42%] Built target micro_ros_msgs__rosidl_typesupport_cpp
[1.108s] [ 42%] Built target micro_ros_msgs__rosidl_typesupport_fastrtps_cpp
[1.108s] [ 44%] Built target micro_ros_msgs__rosidl_typesupport_introspection_cpp
[1.115s] [ 55%] Built target micro_ros_msgs__rosidl_typesupport_introspection_c
[1.117s] [ 65%] Built target micro_ros_msgs__rosidl_typesupport_c
[1.117s] [ 76%] Built target micro_ros_msgs__rosidl_typesupport_fastrtps_c
[1.129s] [ 76%] Built target micro_ros_msgs
[1.140s] [ 78%] Built target micro_ros_msgs__py
[1.159s] [ 87%] Built target micro_ros_msgs__rosidl_generator_py
[1.172s] [ 93%] Built target micro_ros_msgs__rosidl_typesupport_introspection_c__pyext
[1.172s] [ 95%] Built target micro_ros_msgs__rosidl_typesupport_c__pyext
[1.173s] [100%] Built target micro_ros_msgs__rosidl_typesupport_fastrtps_c__pyext
[1.310s] running egg_info
[1.311s] writing micro_ros_msgs.egg-info/PKG-INFO
[1.311s] writing dependency_links to micro_ros_msgs.egg-info/dependency_links.txt
[1.311s] writing top-level names to micro_ros_msgs.egg-info/top_level.txt
[1.314s] reading manifest file 'micro_ros_msgs.egg-info/SOURCES.txt'
[1.315s] writing manifest file 'micro_ros_msgs.egg-info/SOURCES.txt'
[1.344s] [100%] Built target ament_cmake_python_build_micro_ros_msgs_egg
[1.353s] Invoked command in '/home/exysta/2324_Projet2A_Eve/Code/ROS2/build/micro_ros_msgs' returned '0': CMAKE_PREFIX_PATH=${CMAKE_PREFIX_PATH}:/home/exysta/project/ros2_ws/install/bob_controller:/opt/ros/humble /usr/bin/cmake --build /home/exysta/2324_Projet2A_Eve/Code/ROS2/build/micro_ros_msgs -- -j8 -l8
[1.431s] Invoking command in '/home/exysta/2324_Projet2A_Eve/Code/ROS2/build/micro_ros_msgs': CMAKE_PREFIX_PATH=${CMAKE_PREFIX_PATH}:/home/exysta/project/ros2_ws/install/bob_controller:/opt/ros/humble /usr/bin/cmake --install /home/exysta/2324_Projet2A_Eve/Code/ROS2/build/micro_ros_msgs
[1.441s] -- Install configuration: ""
[1.446s] -- Up-to-date: /home/exysta/2324_Projet2A_Eve/Code/ROS2/install/micro_ros_msgs/share/ament_index/resource_index/rosidl_interfaces/micro_ros_msgs
[1.446s] -- Up-to-date: /home/exysta/2324_Projet2A_Eve/Code/ROS2/install/micro_ros_msgs/include/micro_ros_msgs/micro_ros_msgs
[1.446s] -- Up-to-date: /home/exysta/2324_Projet2A_Eve/Code/ROS2/install/micro_ros_msgs/include/micro_ros_msgs/micro_ros_msgs/msg
[1.447s] -- Up-to-date: /home/exysta/2324_Projet2A_Eve/Code/ROS2/install/micro_ros_msgs/include/micro_ros_msgs/micro_ros_msgs/msg/graph.h
[1.447s] -- Up-to-date: /home/exysta/2324_Projet2A_Eve/Code/ROS2/install/micro_ros_msgs/include/micro_ros_msgs/micro_ros_msgs/msg/detail
[1.447s] -- Up-to-date: /home/exysta/2324_Projet2A_Eve/Code/ROS2/install/micro_ros_msgs/include/micro_ros_msgs/micro_ros_msgs/msg/detail/node__type_support.h
[1.447s] -- Up-to-date: /home/exysta/2324_Projet2A_Eve/Code/ROS2/install/micro_ros_msgs/include/micro_ros_msgs/micro_ros_msgs/msg/detail/graph__struct.h
[1.447s] -- Up-to-date: /home/exysta/2324_Projet2A_Eve/Code/ROS2/install/micro_ros_msgs/include/micro_ros_msgs/micro_ros_msgs/msg/detail/entity__struct.h
[1.447s] -- Up-to-date: /home/exysta/2324_Projet2A_Eve/Code/ROS2/install/micro_ros_msgs/include/micro_ros_msgs/micro_ros_msgs/msg/detail/graph__type_support.h
[1.447s] -- Up-to-date: /home/exysta/2324_Projet2A_Eve/Code/ROS2/install/micro_ros_msgs/include/micro_ros_msgs/micro_ros_msgs/msg/detail/graph__functions.h
[1.447s] -- Up-to-date: /home/exysta/2324_Projet2A_Eve/Code/ROS2/install/micro_ros_msgs/include/micro_ros_msgs/micro_ros_msgs/msg/detail/entity__type_support.h
[1.447s] -- Up-to-date: /home/exysta/2324_Projet2A_Eve/Code/ROS2/install/micro_ros_msgs/include/micro_ros_msgs/micro_ros_msgs/msg/detail/node__functions.h
[1.447s] -- Up-to-date: /home/exysta/2324_Projet2A_Eve/Code/ROS2/install/micro_ros_msgs/include/micro_ros_msgs/micro_ros_msgs/msg/detail/entity__functions.h
[1.447s] -- Up-to-date: /home/exysta/2324_Projet2A_Eve/Code/ROS2/install/micro_ros_msgs/include/micro_ros_msgs/micro_ros_msgs/msg/detail/entity__functions.c
[1.447s] -- Up-to-date: /home/exysta/2324_Projet2A_Eve/Code/ROS2/install/micro_ros_msgs/include/micro_ros_msgs/micro_ros_msgs/msg/detail/graph__functions.c
[1.447s] -- Up-to-date: /home/exysta/2324_Projet2A_Eve/Code/ROS2/install/micro_ros_msgs/include/micro_ros_msgs/micro_ros_msgs/msg/detail/node__struct.h
[1.447s] -- Up-to-date: /home/exysta/2324_Projet2A_Eve/Code/ROS2/install/micro_ros_msgs/include/micro_ros_msgs/micro_ros_msgs/msg/detail/node__functions.c
[1.448s] -- Up-to-date: /home/exysta/2324_Projet2A_Eve/Code/ROS2/install/micro_ros_msgs/include/micro_ros_msgs/micro_ros_msgs/msg/entity.h
[1.448s] -- Up-to-date: /home/exysta/2324_Projet2A_Eve/Code/ROS2/install/micro_ros_msgs/include/micro_ros_msgs/micro_ros_msgs/msg/rosidl_generator_c__visibility_control.h
[1.448s] -- Up-to-date: /home/exysta/2324_Projet2A_Eve/Code/ROS2/install/micro_ros_msgs/include/micro_ros_msgs/micro_ros_msgs/msg/node.h
[1.448s] -- Up-to-date: /home/exysta/2324_Projet2A_Eve/Code/ROS2/install/micro_ros_msgs/share/micro_ros_msgs/environment/library_path.sh
[1.448s] -- Installing: /home/exysta/2324_Projet2A_Eve/Code/ROS2/install/micro_ros_msgs/share/micro_ros_msgs/environment/library_path.dsv
[1.448s] -- Up-to-date: /home/exysta/2324_Projet2A_Eve/Code/ROS2/install/micro_ros_msgs/lib/libmicro_ros_msgs__rosidl_generator_c.so
[1.448s] -- Up-to-date: /home/exysta/2324_Projet2A_Eve/Code/ROS2/install/micro_ros_msgs/include/micro_ros_msgs/micro_ros_msgs
[1.448s] -- Up-to-date: /home/exysta/2324_Projet2A_Eve/Code/ROS2/install/micro_ros_msgs/include/micro_ros_msgs/micro_ros_msgs/msg
[1.448s] -- Up-to-date: /home/exysta/2324_Projet2A_Eve/Code/ROS2/install/micro_ros_msgs/include/micro_ros_msgs/micro_ros_msgs/msg/detail
[1.448s] -- Up-to-date: /home/exysta/2324_Projet2A_Eve/Code/ROS2/install/micro_ros_msgs/include/micro_ros_msgs/micro_ros_msgs/msg/detail/entity__rosidl_typesupport_fastrtps_c.h
[1.448s] -- Up-to-date: /home/exysta/2324_Projet2A_Eve/Code/ROS2/install/micro_ros_msgs/include/micro_ros_msgs/micro_ros_msgs/msg/detail/node__rosidl_typesupport_fastrtps_c.h
[1.448s] -- Up-to-date: /home/exysta/2324_Projet2A_Eve/Code/ROS2/install/micro_ros_msgs/include/micro_ros_msgs/micro_ros_msgs/msg/detail/graph__rosidl_typesupport_fastrtps_c.h
[1.448s] -- Up-to-date: /home/exysta/2324_Projet2A_Eve/Code/ROS2/install/micro_ros_msgs/include/micro_ros_msgs/micro_ros_msgs/msg/rosidl_typesupport_fastrtps_c__visibility_control.h
[1.448s] -- Up-to-date: /home/exysta/2324_Projet2A_Eve/Code/ROS2/install/micro_ros_msgs/lib/libmicro_ros_msgs__rosidl_typesupport_fastrtps_c.so
[1.449s] -- Up-to-date: /home/exysta/2324_Projet2A_Eve/Code/ROS2/install/micro_ros_msgs/include/micro_ros_msgs/micro_ros_msgs
[1.449s] -- Up-to-date: /home/exysta/2324_Projet2A_Eve/Code/ROS2/install/micro_ros_msgs/include/micro_ros_msgs/micro_ros_msgs/msg
[1.449s] -- Up-to-date: /home/exysta/2324_Projet2A_Eve/Code/ROS2/install/micro_ros_msgs/include/micro_ros_msgs/micro_ros_msgs/msg/detail
[1.449s] -- Up-to-date: /home/exysta/2324_Projet2A_Eve/Code/ROS2/install/micro_ros_msgs/include/micro_ros_msgs/micro_ros_msgs/msg/detail/graph__rosidl_typesupport_introspection_c.h
[1.449s] -- Up-to-date: /home/exysta/2324_Projet2A_Eve/Code/ROS2/install/micro_ros_msgs/include/micro_ros_msgs/micro_ros_msgs/msg/detail/node__rosidl_typesupport_introspection_c.h
[1.449s] -- Up-to-date: /home/exysta/2324_Projet2A_Eve/Code/ROS2/install/micro_ros_msgs/include/micro_ros_msgs/micro_ros_msgs/msg/detail/entity__type_support.c
[1.449s] -- Up-to-date: /home/exysta/2324_Projet2A_Eve/Code/ROS2/install/micro_ros_msgs/include/micro_ros_msgs/micro_ros_msgs/msg/detail/graph__type_support.c
[1.449s] -- Up-to-date: /home/exysta/2324_Projet2A_Eve/Code/ROS2/install/micro_ros_msgs/include/micro_ros_msgs/micro_ros_msgs/msg/detail/entity__rosidl_typesupport_introspection_c.h
[1.449s] -- Up-to-date: /home/exysta/2324_Projet2A_Eve/Code/ROS2/install/micro_ros_msgs/include/micro_ros_msgs/micro_ros_msgs/msg/detail/node__type_support.c
[1.449s] -- Up-to-date: /home/exysta/2324_Projet2A_Eve/Code/ROS2/install/micro_ros_msgs/include/micro_ros_msgs/micro_ros_msgs/msg/rosidl_typesupport_introspection_c__visibility_control.h
[1.449s] -- Up-to-date: /home/exysta/2324_Projet2A_Eve/Code/ROS2/install/micro_ros_msgs/lib/libmicro_ros_msgs__rosidl_typesupport_introspection_c.so
[1.449s] -- Up-to-date: /home/exysta/2324_Projet2A_Eve/Code/ROS2/install/micro_ros_msgs/lib/libmicro_ros_msgs__rosidl_typesupport_c.so
[1.449s] -- Up-to-date: /home/exysta/2324_Projet2A_Eve/Code/ROS2/install/micro_ros_msgs/include/micro_ros_msgs/micro_ros_msgs
[1.449s] -- Up-to-date: /home/exysta/2324_Projet2A_Eve/Code/ROS2/install/micro_ros_msgs/include/micro_ros_msgs/micro_ros_msgs/msg
[1.450s] -- Up-to-date: /home/exysta/2324_Projet2A_Eve/Code/ROS2/install/micro_ros_msgs/include/micro_ros_msgs/micro_ros_msgs/msg/detail
[1.450s] -- Up-to-date: /home/exysta/2324_Projet2A_Eve/Code/ROS2/install/micro_ros_msgs/include/micro_ros_msgs/micro_ros_msgs/msg/detail/entity__builder.hpp
[1.450s] -- Up-to-date: /home/exysta/2324_Projet2A_Eve/Code/ROS2/install/micro_ros_msgs/include/micro_ros_msgs/micro_ros_msgs/msg/detail/node__struct.hpp
[1.450s] -- Up-to-date: /home/exysta/2324_Projet2A_Eve/Code/ROS2/install/micro_ros_msgs/include/micro_ros_msgs/micro_ros_msgs/msg/detail/entity__struct.hpp
[1.450s] -- Up-to-date: /home/exysta/2324_Projet2A_Eve/Code/ROS2/install/micro_ros_msgs/include/micro_ros_msgs/micro_ros_msgs/msg/detail/node__builder.hpp
[1.450s] -- Up-to-date: /home/exysta/2324_Projet2A_Eve/Code/ROS2/install/micro_ros_msgs/include/micro_ros_msgs/micro_ros_msgs/msg/detail/entity__traits.hpp
[1.450s] -- Up-to-date: /home/exysta/2324_Projet2A_Eve/Code/ROS2/install/micro_ros_msgs/include/micro_ros_msgs/micro_ros_msgs/msg/detail/graph__struct.hpp
[1.450s] -- Up-to-date: /home/exysta/2324_Projet2A_Eve/Code/ROS2/install/micro_ros_msgs/include/micro_ros_msgs/micro_ros_msgs/msg/detail/node__traits.hpp
[1.450s] -- Up-to-date: /home/exysta/2324_Projet2A_Eve/Code/ROS2/install/micro_ros_msgs/include/micro_ros_msgs/micro_ros_msgs/msg/detail/graph__builder.hpp
[1.450s] -- Up-to-date: /home/exysta/2324_Projet2A_Eve/Code/ROS2/install/micro_ros_msgs/include/micro_ros_msgs/micro_ros_msgs/msg/detail/graph__traits.hpp
[1.450s] -- Up-to-date: /home/exysta/2324_Projet2A_Eve/Code/ROS2/install/micro_ros_msgs/include/micro_ros_msgs/micro_ros_msgs/msg/graph.hpp
[1.450s] -- Up-to-date: /home/exysta/2324_Projet2A_Eve/Code/ROS2/install/micro_ros_msgs/include/micro_ros_msgs/micro_ros_msgs/msg/entity.hpp
[1.450s] -- Up-to-date: /home/exysta/2324_Projet2A_Eve/Code/ROS2/install/micro_ros_msgs/include/micro_ros_msgs/micro_ros_msgs/msg/node.hpp
[1.450s] -- Up-to-date: /home/exysta/2324_Projet2A_Eve/Code/ROS2/install/micro_ros_msgs/include/micro_ros_msgs/micro_ros_msgs
[1.450s] -- Up-to-date: /home/exysta/2324_Projet2A_Eve/Code/ROS2/install/micro_ros_msgs/include/micro_ros_msgs/micro_ros_msgs/msg
[1.450s] -- Up-to-date: /home/exysta/2324_Projet2A_Eve/Code/ROS2/install/micro_ros_msgs/include/micro_ros_msgs/micro_ros_msgs/msg/rosidl_typesupport_fastrtps_cpp__visibility_control.h
[1.450s] -- Up-to-date: /home/exysta/2324_Projet2A_Eve/Code/ROS2/install/micro_ros_msgs/include/micro_ros_msgs/micro_ros_msgs/msg/detail
[1.450s] -- Up-to-date: /home/exysta/2324_Projet2A_Eve/Code/ROS2/install/micro_ros_msgs/include/micro_ros_msgs/micro_ros_msgs/msg/detail/node__rosidl_typesupport_fastrtps_cpp.hpp
[1.451s] -- Up-to-date: /home/exysta/2324_Projet2A_Eve/Code/ROS2/install/micro_ros_msgs/include/micro_ros_msgs/micro_ros_msgs/msg/detail/dds_fastrtps
[1.451s] -- Up-to-date: /home/exysta/2324_Projet2A_Eve/Code/ROS2/install/micro_ros_msgs/include/micro_ros_msgs/micro_ros_msgs/msg/detail/graph__rosidl_typesupport_fastrtps_cpp.hpp
[1.451s] -- Up-to-date: /home/exysta/2324_Projet2A_Eve/Code/ROS2/install/micro_ros_msgs/include/micro_ros_msgs/micro_ros_msgs/msg/detail/entity__rosidl_typesupport_fastrtps_cpp.hpp
[1.451s] -- Up-to-date: /home/exysta/2324_Projet2A_Eve/Code/ROS2/install/micro_ros_msgs/lib/libmicro_ros_msgs__rosidl_typesupport_fastrtps_cpp.so
[1.451s] -- Up-to-date: /home/exysta/2324_Projet2A_Eve/Code/ROS2/install/micro_ros_msgs/include/micro_ros_msgs/micro_ros_msgs
[1.451s] -- Up-to-date: /home/exysta/2324_Projet2A_Eve/Code/ROS2/install/micro_ros_msgs/include/micro_ros_msgs/micro_ros_msgs/msg
[1.451s] -- Up-to-date: /home/exysta/2324_Projet2A_Eve/Code/ROS2/install/micro_ros_msgs/include/micro_ros_msgs/micro_ros_msgs/msg/detail
[1.451s] -- Up-to-date: /home/exysta/2324_Projet2A_Eve/Code/ROS2/install/micro_ros_msgs/include/micro_ros_msgs/micro_ros_msgs/msg/detail/graph__rosidl_typesupport_introspection_cpp.hpp
[1.451s] -- Up-to-date: /home/exysta/2324_Projet2A_Eve/Code/ROS2/install/micro_ros_msgs/include/micro_ros_msgs/micro_ros_msgs/msg/detail/entity__type_support.cpp
[1.451s] -- Up-to-date: /home/exysta/2324_Projet2A_Eve/Code/ROS2/install/micro_ros_msgs/include/micro_ros_msgs/micro_ros_msgs/msg/detail/node__rosidl_typesupport_introspection_cpp.hpp
[1.451s] -- Up-to-date: /home/exysta/2324_Projet2A_Eve/Code/ROS2/install/micro_ros_msgs/include/micro_ros_msgs/micro_ros_msgs/msg/detail/graph__type_support.cpp
[1.451s] -- Up-to-date: /home/exysta/2324_Projet2A_Eve/Code/ROS2/install/micro_ros_msgs/include/micro_ros_msgs/micro_ros_msgs/msg/detail/node__type_support.cpp
[1.451s] -- Up-to-date: /home/exysta/2324_Projet2A_Eve/Code/ROS2/install/micro_ros_msgs/include/micro_ros_msgs/micro_ros_msgs/msg/detail/entity__rosidl_typesupport_introspection_cpp.hpp
[1.451s] -- Up-to-date: /home/exysta/2324_Projet2A_Eve/Code/ROS2/install/micro_ros_msgs/lib/libmicro_ros_msgs__rosidl_typesupport_introspection_cpp.so
[1.451s] -- Up-to-date: /home/exysta/2324_Projet2A_Eve/Code/ROS2/install/micro_ros_msgs/lib/libmicro_ros_msgs__rosidl_typesupport_cpp.so
[1.451s] -- Up-to-date: /home/exysta/2324_Projet2A_Eve/Code/ROS2/install/micro_ros_msgs/share/micro_ros_msgs/environment/pythonpath.sh
[1.451s] -- Installing: /home/exysta/2324_Projet2A_Eve/Code/ROS2/install/micro_ros_msgs/share/micro_ros_msgs/environment/pythonpath.dsv
[1.451s] -- Up-to-date: /home/exysta/2324_Projet2A_Eve/Code/ROS2/install/micro_ros_msgs/local/lib/python3.10/dist-packages/micro_ros_msgs-3.0.1-py3.10.egg-info
[1.452s] -- Installing: /home/exysta/2324_Projet2A_Eve/Code/ROS2/install/micro_ros_msgs/local/lib/python3.10/dist-packages/micro_ros_msgs-3.0.1-py3.10.egg-info/SOURCES.txt
[1.452s] -- Installing: /home/exysta/2324_Projet2A_Eve/Code/ROS2/install/micro_ros_msgs/local/lib/python3.10/dist-packages/micro_ros_msgs-3.0.1-py3.10.egg-info/top_level.txt
[1.452s] -- Installing: /home/exysta/2324_Projet2A_Eve/Code/ROS2/install/micro_ros_msgs/local/lib/python3.10/dist-packages/micro_ros_msgs-3.0.1-py3.10.egg-info/PKG-INFO
[1.452s] -- Installing: /home/exysta/2324_Projet2A_Eve/Code/ROS2/install/micro_ros_msgs/local/lib/python3.10/dist-packages/micro_ros_msgs-3.0.1-py3.10.egg-info/dependency_links.txt
[1.452s] -- Up-to-date: /home/exysta/2324_Projet2A_Eve/Code/ROS2/install/micro_ros_msgs/local/lib/python3.10/dist-packages/micro_ros_msgs
[1.452s] -- Up-to-date: /home/exysta/2324_Projet2A_Eve/Code/ROS2/install/micro_ros_msgs/local/lib/python3.10/dist-packages/micro_ros_msgs/micro_ros_msgs_s__rosidl_typesupport_introspection_c.cpython-310-x86_64-linux-gnu.so
[1.452s] -- Up-to-date: /home/exysta/2324_Projet2A_Eve/Code/ROS2/install/micro_ros_msgs/local/lib/python3.10/dist-packages/micro_ros_msgs/_micro_ros_msgs_s.ep.rosidl_typesupport_c.c
[1.452s] -- Up-to-date: /home/exysta/2324_Projet2A_Eve/Code/ROS2/install/micro_ros_msgs/local/lib/python3.10/dist-packages/micro_ros_msgs/libmicro_ros_msgs__rosidl_generator_py.so
[1.452s] -- Up-to-date: /home/exysta/2324_Projet2A_Eve/Code/ROS2/install/micro_ros_msgs/local/lib/python3.10/dist-packages/micro_ros_msgs/_micro_ros_msgs_s.ep.rosidl_typesupport_introspection_c.c
[1.452s] -- Up-to-date: /home/exysta/2324_Projet2A_Eve/Code/ROS2/install/micro_ros_msgs/local/lib/python3.10/dist-packages/micro_ros_msgs/msg
[1.452s] -- Up-to-date: /home/exysta/2324_Projet2A_Eve/Code/ROS2/install/micro_ros_msgs/local/lib/python3.10/dist-packages/micro_ros_msgs/msg/_entity_s.c
[1.452s] -- Up-to-date: /home/exysta/2324_Projet2A_Eve/Code/ROS2/install/micro_ros_msgs/local/lib/python3.10/dist-packages/micro_ros_msgs/msg/_graph.py
[1.452s] -- Up-to-date: /home/exysta/2324_Projet2A_Eve/Code/ROS2/install/micro_ros_msgs/local/lib/python3.10/dist-packages/micro_ros_msgs/msg/_node_s.c
[1.452s] -- Up-to-date: /home/exysta/2324_Projet2A_Eve/Code/ROS2/install/micro_ros_msgs/local/lib/python3.10/dist-packages/micro_ros_msgs/msg/_entity.py
[1.452s] -- Up-to-date: /home/exysta/2324_Projet2A_Eve/Code/ROS2/install/micro_ros_msgs/local/lib/python3.10/dist-packages/micro_ros_msgs/msg/__init__.py
[1.452s] -- Up-to-date: /home/exysta/2324_Projet2A_Eve/Code/ROS2/install/micro_ros_msgs/local/lib/python3.10/dist-packages/micro_ros_msgs/msg/_node.py
[1.453s] -- Up-to-date: /home/exysta/2324_Projet2A_Eve/Code/ROS2/install/micro_ros_msgs/local/lib/python3.10/dist-packages/micro_ros_msgs/msg/_graph_s.c
[1.453s] -- Up-to-date: /home/exysta/2324_Projet2A_Eve/Code/ROS2/install/micro_ros_msgs/local/lib/python3.10/dist-packages/micro_ros_msgs/micro_ros_msgs_s__rosidl_typesupport_fastrtps_c.cpython-310-x86_64-linux-gnu.so
[1.453s] -- Up-to-date: /home/exysta/2324_Projet2A_Eve/Code/ROS2/install/micro_ros_msgs/local/lib/python3.10/dist-packages/micro_ros_msgs/_micro_ros_msgs_s.ep.rosidl_typesupport_fastrtps_c.c
[1.453s] -- Up-to-date: /home/exysta/2324_Projet2A_Eve/Code/ROS2/install/micro_ros_msgs/local/lib/python3.10/dist-packages/micro_ros_msgs/micro_ros_msgs_s__rosidl_typesupport_c.cpython-310-x86_64-linux-gnu.so
[1.453s] -- Installing: /home/exysta/2324_Projet2A_Eve/Code/ROS2/install/micro_ros_msgs/local/lib/python3.10/dist-packages/micro_ros_msgs/__init__.py
[1.507s] Listing '/home/exysta/2324_Projet2A_Eve/Code/ROS2/install/micro_ros_msgs/local/lib/python3.10/dist-packages/micro_ros_msgs'...
[1.507s] Compiling '/home/exysta/2324_Projet2A_Eve/Code/ROS2/install/micro_ros_msgs/local/lib/python3.10/dist-packages/micro_ros_msgs/__init__.py'...
[1.508s] Listing '/home/exysta/2324_Projet2A_Eve/Code/ROS2/install/micro_ros_msgs/local/lib/python3.10/dist-packages/micro_ros_msgs/msg'...
[1.512s] -- Up-to-date: /home/exysta/2324_Projet2A_Eve/Code/ROS2/install/micro_ros_msgs/local/lib/python3.10/dist-packages/micro_ros_msgs/micro_ros_msgs_s__rosidl_typesupport_fastrtps_c.cpython-310-x86_64-linux-gnu.so
[1.512s] -- Up-to-date: /home/exysta/2324_Projet2A_Eve/Code/ROS2/install/micro_ros_msgs/local/lib/python3.10/dist-packages/micro_ros_msgs/micro_ros_msgs_s__rosidl_typesupport_introspection_c.cpython-310-x86_64-linux-gnu.so
[1.513s] -- Up-to-date: /home/exysta/2324_Projet2A_Eve/Code/ROS2/install/micro_ros_msgs/local/lib/python3.10/dist-packages/micro_ros_msgs/micro_ros_msgs_s__rosidl_typesupport_c.cpython-310-x86_64-linux-gnu.so
[1.513s] -- Up-to-date: /home/exysta/2324_Projet2A_Eve/Code/ROS2/install/micro_ros_msgs/lib/libmicro_ros_msgs__rosidl_generator_py.so
[1.514s] -- Up-to-date: /home/exysta/2324_Projet2A_Eve/Code/ROS2/install/micro_ros_msgs/share/micro_ros_msgs/msg/Graph.idl
[1.514s] -- Up-to-date: /home/exysta/2324_Projet2A_Eve/Code/ROS2/install/micro_ros_msgs/share/micro_ros_msgs/msg/Node.idl
[1.514s] -- Up-to-date: /home/exysta/2324_Projet2A_Eve/Code/ROS2/install/micro_ros_msgs/share/micro_ros_msgs/msg/Entity.idl
[1.514s] -- Up-to-date: /home/exysta/2324_Projet2A_Eve/Code/ROS2/install/micro_ros_msgs/share/micro_ros_msgs/msg/Graph.msg
[1.514s] -- Up-to-date: /home/exysta/2324_Projet2A_Eve/Code/ROS2/install/micro_ros_msgs/share/micro_ros_msgs/msg/Node.msg
[1.514s] -- Up-to-date: /home/exysta/2324_Projet2A_Eve/Code/ROS2/install/micro_ros_msgs/share/micro_ros_msgs/msg/Entity.msg
[1.514s] -- Up-to-date: /home/exysta/2324_Projet2A_Eve/Code/ROS2/install/micro_ros_msgs/share/ament_index/resource_index/package_run_dependencies/micro_ros_msgs
[1.515s] -- Installing: /home/exysta/2324_Projet2A_Eve/Code/ROS2/install/micro_ros_msgs/share/ament_index/resource_index/parent_prefix_path/micro_ros_msgs
[1.515s] -- Up-to-date: /home/exysta/2324_Projet2A_Eve/Code/ROS2/install/micro_ros_msgs/share/micro_ros_msgs/environment/ament_prefix_path.sh
[1.515s] -- Installing: /home/exysta/2324_Projet2A_Eve/Code/ROS2/install/micro_ros_msgs/share/micro_ros_msgs/environment/ament_prefix_path.dsv
[1.515s] -- Up-to-date: /home/exysta/2324_Projet2A_Eve/Code/ROS2/install/micro_ros_msgs/share/micro_ros_msgs/environment/path.sh
[1.515s] -- Installing: /home/exysta/2324_Projet2A_Eve/Code/ROS2/install/micro_ros_msgs/share/micro_ros_msgs/environment/path.dsv
[1.515s] -- Up-to-date: /home/exysta/2324_Projet2A_Eve/Code/ROS2/install/micro_ros_msgs/share/micro_ros_msgs/local_setup.bash
[1.516s] -- Up-to-date: /home/exysta/2324_Projet2A_Eve/Code/ROS2/install/micro_ros_msgs/share/micro_ros_msgs/local_setup.sh
[1.516s] -- Up-to-date: /home/exysta/2324_Projet2A_Eve/Code/ROS2/install/micro_ros_msgs/share/micro_ros_msgs/local_setup.zsh
[1.516s] -- Installing: /home/exysta/2324_Projet2A_Eve/Code/ROS2/install/micro_ros_msgs/share/micro_ros_msgs/local_setup.dsv
[1.516s] -- Installing: /home/exysta/2324_Projet2A_Eve/Code/ROS2/install/micro_ros_msgs/share/micro_ros_msgs/package.dsv
[1.516s] -- Up-to-date: /home/exysta/2324_Projet2A_Eve/Code/ROS2/install/micro_ros_msgs/share/ament_index/resource_index/packages/micro_ros_msgs
[1.516s] -- Up-to-date: /home/exysta/2324_Projet2A_Eve/Code/ROS2/install/micro_ros_msgs/share/micro_ros_msgs/cmake/export_micro_ros_msgs__rosidl_generator_cExport.cmake
[1.517s] -- Up-to-date: /home/exysta/2324_Projet2A_Eve/Code/ROS2/install/micro_ros_msgs/share/micro_ros_msgs/cmake/export_micro_ros_msgs__rosidl_generator_cExport-noconfig.cmake
[1.517s] -- Up-to-date: /home/exysta/2324_Projet2A_Eve/Code/ROS2/install/micro_ros_msgs/share/micro_ros_msgs/cmake/export_micro_ros_msgs__rosidl_typesupport_fastrtps_cExport.cmake
[1.517s] -- Up-to-date: /home/exysta/2324_Projet2A_Eve/Code/ROS2/install/micro_ros_msgs/share/micro_ros_msgs/cmake/export_micro_ros_msgs__rosidl_typesupport_fastrtps_cExport-noconfig.cmake
[1.517s] -- Up-to-date: /home/exysta/2324_Projet2A_Eve/Code/ROS2/install/micro_ros_msgs/share/micro_ros_msgs/cmake/micro_ros_msgs__rosidl_typesupport_introspection_cExport.cmake
[1.517s] -- Up-to-date: /home/exysta/2324_Projet2A_Eve/Code/ROS2/install/micro_ros_msgs/share/micro_ros_msgs/cmake/micro_ros_msgs__rosidl_typesupport_introspection_cExport-noconfig.cmake
[1.517s] -- Up-to-date: /home/exysta/2324_Projet2A_Eve/Code/ROS2/install/micro_ros_msgs/share/micro_ros_msgs/cmake/micro_ros_msgs__rosidl_typesupport_cExport.cmake
[1.517s] -- Up-to-date: /home/exysta/2324_Projet2A_Eve/Code/ROS2/install/micro_ros_msgs/share/micro_ros_msgs/cmake/micro_ros_msgs__rosidl_typesupport_cExport-noconfig.cmake
[1.518s] -- Up-to-date: /home/exysta/2324_Projet2A_Eve/Code/ROS2/install/micro_ros_msgs/share/micro_ros_msgs/cmake/export_micro_ros_msgs__rosidl_generator_cppExport.cmake
[1.518s] -- Up-to-date: /home/exysta/2324_Projet2A_Eve/Code/ROS2/install/micro_ros_msgs/share/micro_ros_msgs/cmake/export_micro_ros_msgs__rosidl_typesupport_fastrtps_cppExport.cmake
[1.518s] -- Up-to-date: /home/exysta/2324_Projet2A_Eve/Code/ROS2/install/micro_ros_msgs/share/micro_ros_msgs/cmake/export_micro_ros_msgs__rosidl_typesupport_fastrtps_cppExport-noconfig.cmake
[1.518s] -- Up-to-date: /home/exysta/2324_Projet2A_Eve/Code/ROS2/install/micro_ros_msgs/share/micro_ros_msgs/cmake/micro_ros_msgs__rosidl_typesupport_introspection_cppExport.cmake
[1.518s] -- Up-to-date: /home/exysta/2324_Projet2A_Eve/Code/ROS2/install/micro_ros_msgs/share/micro_ros_msgs/cmake/micro_ros_msgs__rosidl_typesupport_introspection_cppExport-noconfig.cmake
[1.518s] -- Up-to-date: /home/exysta/2324_Projet2A_Eve/Code/ROS2/install/micro_ros_msgs/share/micro_ros_msgs/cmake/micro_ros_msgs__rosidl_typesupport_cppExport.cmake
[1.518s] -- Up-to-date: /home/exysta/2324_Projet2A_Eve/Code/ROS2/install/micro_ros_msgs/share/micro_ros_msgs/cmake/micro_ros_msgs__rosidl_typesupport_cppExport-noconfig.cmake
[1.519s] -- Up-to-date: /home/exysta/2324_Projet2A_Eve/Code/ROS2/install/micro_ros_msgs/share/micro_ros_msgs/cmake/export_micro_ros_msgs__rosidl_generator_pyExport.cmake
[1.519s] -- Up-to-date: /home/exysta/2324_Projet2A_Eve/Code/ROS2/install/micro_ros_msgs/share/micro_ros_msgs/cmake/export_micro_ros_msgs__rosidl_generator_pyExport-noconfig.cmake
[1.519s] -- Up-to-date: /home/exysta/2324_Projet2A_Eve/Code/ROS2/install/micro_ros_msgs/share/micro_ros_msgs/cmake/rosidl_cmake-extras.cmake
[1.519s] -- Up-to-date: /home/exysta/2324_Projet2A_Eve/Code/ROS2/install/micro_ros_msgs/share/micro_ros_msgs/cmake/ament_cmake_export_include_directories-extras.cmake
[1.519s] -- Up-to-date: /home/exysta/2324_Projet2A_Eve/Code/ROS2/install/micro_ros_msgs/share/micro_ros_msgs/cmake/ament_cmake_export_libraries-extras.cmake
[1.519s] -- Up-to-date: /home/exysta/2324_Projet2A_Eve/Code/ROS2/install/micro_ros_msgs/share/micro_ros_msgs/cmake/ament_cmake_export_targets-extras.cmake
[1.520s] -- Up-to-date: /home/exysta/2324_Projet2A_Eve/Code/ROS2/install/micro_ros_msgs/share/micro_ros_msgs/cmake/rosidl_cmake_export_typesupport_targets-extras.cmake
[1.520s] -- Up-to-date: /home/exysta/2324_Projet2A_Eve/Code/ROS2/install/micro_ros_msgs/share/micro_ros_msgs/cmake/ament_cmake_export_dependencies-extras.cmake
[1.520s] -- Up-to-date: /home/exysta/2324_Projet2A_Eve/Code/ROS2/install/micro_ros_msgs/share/micro_ros_msgs/cmake/rosidl_cmake_export_typesupport_libraries-extras.cmake
[1.520s] -- Up-to-date: /home/exysta/2324_Projet2A_Eve/Code/ROS2/install/micro_ros_msgs/share/micro_ros_msgs/cmake/micro_ros_msgsConfig.cmake
[1.520s] -- Up-to-date: /home/exysta/2324_Projet2A_Eve/Code/ROS2/install/micro_ros_msgs/share/micro_ros_msgs/cmake/micro_ros_msgsConfig-version.cmake
[1.521s] -- Up-to-date: /home/exysta/2324_Projet2A_Eve/Code/ROS2/install/micro_ros_msgs/share/micro_ros_msgs/package.xml
[1.521s] Invoked command in '/home/exysta/2324_Projet2A_Eve/Code/ROS2/build/micro_ros_msgs' returned '0': CMAKE_PREFIX_PATH=${CMAKE_PREFIX_PATH}:/home/exysta/project/ros2_ws/install/bob_controller:/opt/ros/humble /usr/bin/cmake --install /home/exysta/2324_Projet2A_Eve/Code/ROS2/build/micro_ros_msgs
