[0.113s] Invoking command in '/home/exysta/2324_Projet2A_Eve/Code/ROS2/build/micro_ros_msgs': CMAKE_PREFIX_PATH=/home/exysta/project/ros2_ws/install/bob_controller:/opt/ros/humble /usr/bin/cmake /home/exysta/2324_Projet2A_Eve/Code/ROS2/src/uros/micro_ros_msgs -DCMAKE_INSTALL_PREFIX=/home/exysta/2324_Projet2A_Eve/Code/ROS2/install/micro_ros_msgs
[0.130s] -- Found ament_cmake: 1.3.7 (/opt/ros/humble/share/ament_cmake/cmake)
[0.281s] -- Found rosidl_default_generators: 1.2.0 (/opt/ros/humble/share/rosidl_default_generators/cmake)
[0.285s] -- Using all available rosidl_typesupport_c: rosidl_typesupport_fastrtps_c;rosidl_typesupport_introspection_c
[0.289s] -- Found rosidl_adapter: 3.1.5 (/opt/ros/humble/share/rosidl_adapter/cmake)
[0.350s] -- Using all available rosidl_typesupport_cpp: rosidl_typesupport_fastrtps_cpp;rosidl_typesupport_introspection_cpp
[0.370s] -- Found ament_lint_auto: 0.12.10 (/opt/ros/humble/share/ament_lint_auto/cmake)
[0.647s] -- Found ament_cmake_ros: 0.10.0 (/opt/ros/humble/share/ament_cmake_ros/cmake)
[0.818s] -- Using all available rosidl_typesupport_c: rosidl_typesupport_fastrtps_c;rosidl_typesupport_introspection_c
[1.011s] -- Using all available rosidl_typesupport_cpp: rosidl_typesupport_fastrtps_cpp;rosidl_typesupport_introspection_cpp
[1.049s] -- Found python_cmake_module: 0.10.0 (/opt/ros/humble/share/python_cmake_module/cmake)
[1.093s] -- Using PYTHON_EXECUTABLE: /usr/bin/python3
[1.093s] -- Using PYTHON_INCLUDE_DIRS: /usr/include/python3.10
[1.093s] -- Using PYTHON_LIBRARIES: /usr/lib/x86_64-linux-gnu/libpython3.10.so
[1.120s] -- Added test 'copyright' to check source files copyright and LICENSE
[1.133s] -- Added test 'lint_cmake' to check CMake code style
[1.140s] -- Added test 'xmllint' to check XML markup files
[1.146s] -- Configuring done
[1.181s] -- Generating done
[1.184s] -- Build files have been written to: /home/exysta/2324_Projet2A_Eve/Code/ROS2/build/micro_ros_msgs
[1.190s] Invoked command in '/home/exysta/2324_Projet2A_Eve/Code/ROS2/build/micro_ros_msgs' returned '0': CMAKE_PREFIX_PATH=/home/exysta/project/ros2_ws/install/bob_controller:/opt/ros/humble /usr/bin/cmake /home/exysta/2324_Projet2A_Eve/Code/ROS2/src/uros/micro_ros_msgs -DCMAKE_INSTALL_PREFIX=/home/exysta/2324_Projet2A_Eve/Code/ROS2/install/micro_ros_msgs
[1.192s] Invoking command in '/home/exysta/2324_Projet2A_Eve/Code/ROS2/build/micro_ros_msgs': CMAKE_PREFIX_PATH=/home/exysta/project/ros2_ws/install/bob_controller:/opt/ros/humble /usr/bin/cmake --build /home/exysta/2324_Projet2A_Eve/Code/ROS2/build/micro_ros_msgs -- -j8 -l8
[1.227s] [  2%] Built target micro_ros_msgs__cpp
[1.231s] [  2%] Built target ament_cmake_python_copy_micro_ros_msgs
[1.231s] [ 12%] Built target micro_ros_msgs__rosidl_generator_c
[1.243s] [ 34%] Built target micro_ros_msgs__rosidl_typesupport_c
[1.243s] [ 34%] Built target micro_ros_msgs__rosidl_typesupport_introspection_c
[1.252s] [ 44%] Built target micro_ros_msgs__rosidl_typesupport_fastrtps_cpp
[1.255s] [ 55%] Built target micro_ros_msgs__rosidl_typesupport_cpp
[1.255s] [ 65%] Built target micro_ros_msgs__rosidl_typesupport_introspection_cpp
[1.267s] [ 76%] Built target micro_ros_msgs__rosidl_typesupport_fastrtps_c
[1.278s] [ 76%] Built target micro_ros_msgs
[1.288s] [ 78%] Built target micro_ros_msgs__py
[1.301s] [ 87%] Built target micro_ros_msgs__rosidl_generator_py
[1.313s] [ 91%] Built target micro_ros_msgs__rosidl_typesupport_introspection_c__pyext
[1.314s] [ 95%] Built target micro_ros_msgs__rosidl_typesupport_fastrtps_c__pyext
[1.317s] [100%] Built target micro_ros_msgs__rosidl_typesupport_c__pyext
[1.521s] running egg_info
[1.521s] writing micro_ros_msgs.egg-info/PKG-INFO
[1.522s] writing dependency_links to micro_ros_msgs.egg-info/dependency_links.txt
[1.522s] writing top-level names to micro_ros_msgs.egg-info/top_level.txt
[1.524s] reading manifest file 'micro_ros_msgs.egg-info/SOURCES.txt'
[1.524s] writing manifest file 'micro_ros_msgs.egg-info/SOURCES.txt'
[1.549s] [100%] Built target ament_cmake_python_build_micro_ros_msgs_egg
[1.554s] Invoked command in '/home/exysta/2324_Projet2A_Eve/Code/ROS2/build/micro_ros_msgs' returned '0': CMAKE_PREFIX_PATH=/home/exysta/project/ros2_ws/install/bob_controller:/opt/ros/humble /usr/bin/cmake --build /home/exysta/2324_Projet2A_Eve/Code/ROS2/build/micro_ros_msgs -- -j8 -l8
[1.604s] Invoking command in '/home/exysta/2324_Projet2A_Eve/Code/ROS2/build/micro_ros_msgs': CMAKE_PREFIX_PATH=/home/exysta/project/ros2_ws/install/bob_controller:/opt/ros/humble /usr/bin/cmake --install /home/exysta/2324_Projet2A_Eve/Code/ROS2/build/micro_ros_msgs
[1.606s] -- Install configuration: ""
[1.606s] -- Up-to-date: /home/exysta/2324_Projet2A_Eve/Code/ROS2/install/micro_ros_msgs/share/ament_index/resource_index/rosidl_interfaces/micro_ros_msgs
[1.606s] -- Up-to-date: /home/exysta/2324_Projet2A_Eve/Code/ROS2/install/micro_ros_msgs/include/micro_ros_msgs/micro_ros_msgs
[1.606s] -- Up-to-date: /home/exysta/2324_Projet2A_Eve/Code/ROS2/install/micro_ros_msgs/include/micro_ros_msgs/micro_ros_msgs/msg
[1.606s] -- Up-to-date: /home/exysta/2324_Projet2A_Eve/Code/ROS2/install/micro_ros_msgs/include/micro_ros_msgs/micro_ros_msgs/msg/graph.h
[1.607s] -- Up-to-date: /home/exysta/2324_Projet2A_Eve/Code/ROS2/install/micro_ros_msgs/include/micro_ros_msgs/micro_ros_msgs/msg/detail
[1.607s] -- Up-to-date: /home/exysta/2324_Projet2A_Eve/Code/ROS2/install/micro_ros_msgs/include/micro_ros_msgs/micro_ros_msgs/msg/detail/node__type_support.h
[1.607s] -- Up-to-date: /home/exysta/2324_Projet2A_Eve/Code/ROS2/install/micro_ros_msgs/include/micro_ros_msgs/micro_ros_msgs/msg/detail/graph__struct.h
[1.607s] -- Up-to-date: /home/exysta/2324_Projet2A_Eve/Code/ROS2/install/micro_ros_msgs/include/micro_ros_msgs/micro_ros_msgs/msg/detail/entity__struct.h
[1.607s] -- Up-to-date: /home/exysta/2324_Projet2A_Eve/Code/ROS2/install/micro_ros_msgs/include/micro_ros_msgs/micro_ros_msgs/msg/detail/graph__type_support.h
[1.607s] -- Up-to-date: /home/exysta/2324_Projet2A_Eve/Code/ROS2/install/micro_ros_msgs/include/micro_ros_msgs/micro_ros_msgs/msg/detail/graph__functions.h
[1.607s] -- Up-to-date: /home/exysta/2324_Projet2A_Eve/Code/ROS2/install/micro_ros_msgs/include/micro_ros_msgs/micro_ros_msgs/msg/detail/entity__type_support.h
[1.608s] -- Up-to-date: /home/exysta/2324_Projet2A_Eve/Code/ROS2/install/micro_ros_msgs/include/micro_ros_msgs/micro_ros_msgs/msg/detail/node__functions.h
[1.608s] -- Up-to-date: /home/exysta/2324_Projet2A_Eve/Code/ROS2/install/micro_ros_msgs/include/micro_ros_msgs/micro_ros_msgs/msg/detail/entity__functions.h
[1.608s] -- Up-to-date: /home/exysta/2324_Projet2A_Eve/Code/ROS2/install/micro_ros_msgs/include/micro_ros_msgs/micro_ros_msgs/msg/detail/entity__functions.c
[1.608s] -- Up-to-date: /home/exysta/2324_Projet2A_Eve/Code/ROS2/install/micro_ros_msgs/include/micro_ros_msgs/micro_ros_msgs/msg/detail/graph__functions.c
[1.608s] -- Up-to-date: /home/exysta/2324_Projet2A_Eve/Code/ROS2/install/micro_ros_msgs/include/micro_ros_msgs/micro_ros_msgs/msg/detail/node__struct.h
[1.608s] -- Up-to-date: /home/exysta/2324_Projet2A_Eve/Code/ROS2/install/micro_ros_msgs/include/micro_ros_msgs/micro_ros_msgs/msg/detail/node__functions.c
[1.608s] -- Up-to-date: /home/exysta/2324_Projet2A_Eve/Code/ROS2/install/micro_ros_msgs/include/micro_ros_msgs/micro_ros_msgs/msg/entity.h
[1.608s] -- Up-to-date: /home/exysta/2324_Projet2A_Eve/Code/ROS2/install/micro_ros_msgs/include/micro_ros_msgs/micro_ros_msgs/msg/rosidl_generator_c__visibility_control.h
[1.608s] -- Up-to-date: /home/exysta/2324_Projet2A_Eve/Code/ROS2/install/micro_ros_msgs/include/micro_ros_msgs/micro_ros_msgs/msg/node.h
[1.608s] -- Up-to-date: /home/exysta/2324_Projet2A_Eve/Code/ROS2/install/micro_ros_msgs/share/micro_ros_msgs/environment/library_path.sh
[1.609s] -- Installing: /home/exysta/2324_Projet2A_Eve/Code/ROS2/install/micro_ros_msgs/share/micro_ros_msgs/environment/library_path.dsv
[1.609s] -- Up-to-date: /home/exysta/2324_Projet2A_Eve/Code/ROS2/install/micro_ros_msgs/lib/libmicro_ros_msgs__rosidl_generator_c.so
[1.609s] -- Up-to-date: /home/exysta/2324_Projet2A_Eve/Code/ROS2/install/micro_ros_msgs/include/micro_ros_msgs/micro_ros_msgs
[1.609s] -- Up-to-date: /home/exysta/2324_Projet2A_Eve/Code/ROS2/install/micro_ros_msgs/include/micro_ros_msgs/micro_ros_msgs/msg
[1.609s] -- Up-to-date: /home/exysta/2324_Projet2A_Eve/Code/ROS2/install/micro_ros_msgs/include/micro_ros_msgs/micro_ros_msgs/msg/detail
[1.609s] -- Up-to-date: /home/exysta/2324_Projet2A_Eve/Code/ROS2/install/micro_ros_msgs/include/micro_ros_msgs/micro_ros_msgs/msg/detail/entity__rosidl_typesupport_fastrtps_c.h
[1.609s] -- Up-to-date: /home/exysta/2324_Projet2A_Eve/Code/ROS2/install/micro_ros_msgs/include/micro_ros_msgs/micro_ros_msgs/msg/detail/node__rosidl_typesupport_fastrtps_c.h
[1.609s] -- Up-to-date: /home/exysta/2324_Projet2A_Eve/Code/ROS2/install/micro_ros_msgs/include/micro_ros_msgs/micro_ros_msgs/msg/detail/graph__rosidl_typesupport_fastrtps_c.h
[1.610s] -- Up-to-date: /home/exysta/2324_Projet2A_Eve/Code/ROS2/install/micro_ros_msgs/include/micro_ros_msgs/micro_ros_msgs/msg/rosidl_typesupport_fastrtps_c__visibility_control.h
[1.610s] -- Up-to-date: /home/exysta/2324_Projet2A_Eve/Code/ROS2/install/micro_ros_msgs/lib/libmicro_ros_msgs__rosidl_typesupport_fastrtps_c.so
[1.610s] -- Up-to-date: /home/exysta/2324_Projet2A_Eve/Code/ROS2/install/micro_ros_msgs/include/micro_ros_msgs/micro_ros_msgs
[1.610s] -- Up-to-date: /home/exysta/2324_Projet2A_Eve/Code/ROS2/install/micro_ros_msgs/include/micro_ros_msgs/micro_ros_msgs/msg
[1.610s] -- Up-to-date: /home/exysta/2324_Projet2A_Eve/Code/ROS2/install/micro_ros_msgs/include/micro_ros_msgs/micro_ros_msgs/msg/detail
[1.610s] -- Up-to-date: /home/exysta/2324_Projet2A_Eve/Code/ROS2/install/micro_ros_msgs/include/micro_ros_msgs/micro_ros_msgs/msg/detail/graph__rosidl_typesupport_introspection_c.h
[1.610s] -- Up-to-date: /home/exysta/2324_Projet2A_Eve/Code/ROS2/install/micro_ros_msgs/include/micro_ros_msgs/micro_ros_msgs/msg/detail/node__rosidl_typesupport_introspection_c.h
[1.610s] -- Up-to-date: /home/exysta/2324_Projet2A_Eve/Code/ROS2/install/micro_ros_msgs/include/micro_ros_msgs/micro_ros_msgs/msg/detail/entity__type_support.c
[1.610s] -- Up-to-date: /home/exysta/2324_Projet2A_Eve/Code/ROS2/install/micro_ros_msgs/include/micro_ros_msgs/micro_ros_msgs/msg/detail/graph__type_support.c
[1.610s] -- Up-to-date: /home/exysta/2324_Projet2A_Eve/Code/ROS2/install/micro_ros_msgs/include/micro_ros_msgs/micro_ros_msgs/msg/detail/entity__rosidl_typesupport_introspection_c.h
[1.611s] -- Up-to-date: /home/exysta/2324_Projet2A_Eve/Code/ROS2/install/micro_ros_msgs/include/micro_ros_msgs/micro_ros_msgs/msg/detail/node__type_support.c
[1.611s] -- Up-to-date: /home/exysta/2324_Projet2A_Eve/Code/ROS2/install/micro_ros_msgs/include/micro_ros_msgs/micro_ros_msgs/msg/rosidl_typesupport_introspection_c__visibility_control.h
[1.611s] -- Up-to-date: /home/exysta/2324_Projet2A_Eve/Code/ROS2/install/micro_ros_msgs/lib/libmicro_ros_msgs__rosidl_typesupport_introspection_c.so
[1.611s] -- Up-to-date: /home/exysta/2324_Projet2A_Eve/Code/ROS2/install/micro_ros_msgs/lib/libmicro_ros_msgs__rosidl_typesupport_c.so
[1.611s] -- Up-to-date: /home/exysta/2324_Projet2A_Eve/Code/ROS2/install/micro_ros_msgs/include/micro_ros_msgs/micro_ros_msgs
[1.611s] -- Up-to-date: /home/exysta/2324_Projet2A_Eve/Code/ROS2/install/micro_ros_msgs/include/micro_ros_msgs/micro_ros_msgs/msg
[1.611s] -- Up-to-date: /home/exysta/2324_Projet2A_Eve/Code/ROS2/install/micro_ros_msgs/include/micro_ros_msgs/micro_ros_msgs/msg/detail
[1.611s] -- Up-to-date: /home/exysta/2324_Projet2A_Eve/Code/ROS2/install/micro_ros_msgs/include/micro_ros_msgs/micro_ros_msgs/msg/detail/entity__builder.hpp
[1.611s] -- Up-to-date: /home/exysta/2324_Projet2A_Eve/Code/ROS2/install/micro_ros_msgs/include/micro_ros_msgs/micro_ros_msgs/msg/detail/node__struct.hpp
[1.611s] -- Up-to-date: /home/exysta/2324_Projet2A_Eve/Code/ROS2/install/micro_ros_msgs/include/micro_ros_msgs/micro_ros_msgs/msg/detail/entity__struct.hpp
[1.612s] -- Up-to-date: /home/exysta/2324_Projet2A_Eve/Code/ROS2/install/micro_ros_msgs/include/micro_ros_msgs/micro_ros_msgs/msg/detail/node__builder.hpp
[1.612s] -- Up-to-date: /home/exysta/2324_Projet2A_Eve/Code/ROS2/install/micro_ros_msgs/include/micro_ros_msgs/micro_ros_msgs/msg/detail/entity__traits.hpp
[1.612s] -- Up-to-date: /home/exysta/2324_Projet2A_Eve/Code/ROS2/install/micro_ros_msgs/include/micro_ros_msgs/micro_ros_msgs/msg/detail/graph__struct.hpp
[1.612s] -- Up-to-date: /home/exysta/2324_Projet2A_Eve/Code/ROS2/install/micro_ros_msgs/include/micro_ros_msgs/micro_ros_msgs/msg/detail/node__traits.hpp
[1.612s] -- Up-to-date: /home/exysta/2324_Projet2A_Eve/Code/ROS2/install/micro_ros_msgs/include/micro_ros_msgs/micro_ros_msgs/msg/detail/graph__builder.hpp
[1.612s] -- Up-to-date: /home/exysta/2324_Projet2A_Eve/Code/ROS2/install/micro_ros_msgs/include/micro_ros_msgs/micro_ros_msgs/msg/detail/graph__traits.hpp
[1.612s] -- Up-to-date: /home/exysta/2324_Projet2A_Eve/Code/ROS2/install/micro_ros_msgs/include/micro_ros_msgs/micro_ros_msgs/msg/graph.hpp
[1.612s] -- Up-to-date: /home/exysta/2324_Projet2A_Eve/Code/ROS2/install/micro_ros_msgs/include/micro_ros_msgs/micro_ros_msgs/msg/entity.hpp
[1.612s] -- Up-to-date: /home/exysta/2324_Projet2A_Eve/Code/ROS2/install/micro_ros_msgs/include/micro_ros_msgs/micro_ros_msgs/msg/node.hpp
[1.613s] -- Up-to-date: /home/exysta/2324_Projet2A_Eve/Code/ROS2/install/micro_ros_msgs/include/micro_ros_msgs/micro_ros_msgs
[1.613s] -- Up-to-date: /home/exysta/2324_Projet2A_Eve/Code/ROS2/install/micro_ros_msgs/include/micro_ros_msgs/micro_ros_msgs/msg
[1.613s] -- Up-to-date: /home/exysta/2324_Projet2A_Eve/Code/ROS2/install/micro_ros_msgs/include/micro_ros_msgs/micro_ros_msgs/msg/rosidl_typesupport_fastrtps_cpp__visibility_control.h
[1.613s] -- Up-to-date: /home/exysta/2324_Projet2A_Eve/Code/ROS2/install/micro_ros_msgs/include/micro_ros_msgs/micro_ros_msgs/msg/detail
[1.613s] -- Up-to-date: /home/exysta/2324_Projet2A_Eve/Code/ROS2/install/micro_ros_msgs/include/micro_ros_msgs/micro_ros_msgs/msg/detail/node__rosidl_typesupport_fastrtps_cpp.hpp
[1.613s] -- Up-to-date: /home/exysta/2324_Projet2A_Eve/Code/ROS2/install/micro_ros_msgs/include/micro_ros_msgs/micro_ros_msgs/msg/detail/dds_fastrtps
[1.613s] -- Up-to-date: /home/exysta/2324_Projet2A_Eve/Code/ROS2/install/micro_ros_msgs/include/micro_ros_msgs/micro_ros_msgs/msg/detail/graph__rosidl_typesupport_fastrtps_cpp.hpp
[1.613s] -- Up-to-date: /home/exysta/2324_Projet2A_Eve/Code/ROS2/install/micro_ros_msgs/include/micro_ros_msgs/micro_ros_msgs/msg/detail/entity__rosidl_typesupport_fastrtps_cpp.hpp
[1.614s] -- Up-to-date: /home/exysta/2324_Projet2A_Eve/Code/ROS2/install/micro_ros_msgs/lib/libmicro_ros_msgs__rosidl_typesupport_fastrtps_cpp.so
[1.614s] -- Up-to-date: /home/exysta/2324_Projet2A_Eve/Code/ROS2/install/micro_ros_msgs/include/micro_ros_msgs/micro_ros_msgs
[1.614s] -- Up-to-date: /home/exysta/2324_Projet2A_Eve/Code/ROS2/install/micro_ros_msgs/include/micro_ros_msgs/micro_ros_msgs/msg
[1.614s] -- Up-to-date: /home/exysta/2324_Projet2A_Eve/Code/ROS2/install/micro_ros_msgs/include/micro_ros_msgs/micro_ros_msgs/msg/detail
[1.614s] -- Up-to-date: /home/exysta/2324_Projet2A_Eve/Code/ROS2/install/micro_ros_msgs/include/micro_ros_msgs/micro_ros_msgs/msg/detail/graph__rosidl_typesupport_introspection_cpp.hpp
[1.614s] -- Up-to-date: /home/exysta/2324_Projet2A_Eve/Code/ROS2/install/micro_ros_msgs/include/micro_ros_msgs/micro_ros_msgs/msg/detail/entity__type_support.cpp
[1.614s] -- Up-to-date: /home/exysta/2324_Projet2A_Eve/Code/ROS2/install/micro_ros_msgs/include/micro_ros_msgs/micro_ros_msgs/msg/detail/node__rosidl_typesupport_introspection_cpp.hpp
[1.614s] -- Up-to-date: /home/exysta/2324_Projet2A_Eve/Code/ROS2/install/micro_ros_msgs/include/micro_ros_msgs/micro_ros_msgs/msg/detail/graph__type_support.cpp
[1.614s] -- Up-to-date: /home/exysta/2324_Projet2A_Eve/Code/ROS2/install/micro_ros_msgs/include/micro_ros_msgs/micro_ros_msgs/msg/detail/node__type_support.cpp
[1.615s] -- Up-to-date: /home/exysta/2324_Projet2A_Eve/Code/ROS2/install/micro_ros_msgs/include/micro_ros_msgs/micro_ros_msgs/msg/detail/entity__rosidl_typesupport_introspection_cpp.hpp
[1.615s] -- Up-to-date: /home/exysta/2324_Projet2A_Eve/Code/ROS2/install/micro_ros_msgs/lib/libmicro_ros_msgs__rosidl_typesupport_introspection_cpp.so
[1.615s] -- Up-to-date: /home/exysta/2324_Projet2A_Eve/Code/ROS2/install/micro_ros_msgs/lib/libmicro_ros_msgs__rosidl_typesupport_cpp.so
[1.615s] -- Up-to-date: /home/exysta/2324_Projet2A_Eve/Code/ROS2/install/micro_ros_msgs/share/micro_ros_msgs/environment/pythonpath.sh
[1.615s] -- Installing: /home/exysta/2324_Projet2A_Eve/Code/ROS2/install/micro_ros_msgs/share/micro_ros_msgs/environment/pythonpath.dsv
[1.615s] -- Up-to-date: /home/exysta/2324_Projet2A_Eve/Code/ROS2/install/micro_ros_msgs/local/lib/python3.10/dist-packages/micro_ros_msgs-3.0.1-py3.10.egg-info
[1.615s] -- Installing: /home/exysta/2324_Projet2A_Eve/Code/ROS2/install/micro_ros_msgs/local/lib/python3.10/dist-packages/micro_ros_msgs-3.0.1-py3.10.egg-info/SOURCES.txt
[1.615s] -- Installing: /home/exysta/2324_Projet2A_Eve/Code/ROS2/install/micro_ros_msgs/local/lib/python3.10/dist-packages/micro_ros_msgs-3.0.1-py3.10.egg-info/top_level.txt
[1.616s] -- Installing: /home/exysta/2324_Projet2A_Eve/Code/ROS2/install/micro_ros_msgs/local/lib/python3.10/dist-packages/micro_ros_msgs-3.0.1-py3.10.egg-info/PKG-INFO
[1.616s] -- Installing: /home/exysta/2324_Projet2A_Eve/Code/ROS2/install/micro_ros_msgs/local/lib/python3.10/dist-packages/micro_ros_msgs-3.0.1-py3.10.egg-info/dependency_links.txt
[1.616s] -- Up-to-date: /home/exysta/2324_Projet2A_Eve/Code/ROS2/install/micro_ros_msgs/local/lib/python3.10/dist-packages/micro_ros_msgs
[1.616s] -- Up-to-date: /home/exysta/2324_Projet2A_Eve/Code/ROS2/install/micro_ros_msgs/local/lib/python3.10/dist-packages/micro_ros_msgs/micro_ros_msgs_s__rosidl_typesupport_introspection_c.cpython-310-x86_64-linux-gnu.so
[1.616s] -- Up-to-date: /home/exysta/2324_Projet2A_Eve/Code/ROS2/install/micro_ros_msgs/local/lib/python3.10/dist-packages/micro_ros_msgs/_micro_ros_msgs_s.ep.rosidl_typesupport_c.c
[1.616s] -- Up-to-date: /home/exysta/2324_Projet2A_Eve/Code/ROS2/install/micro_ros_msgs/local/lib/python3.10/dist-packages/micro_ros_msgs/libmicro_ros_msgs__rosidl_generator_py.so
[1.616s] -- Up-to-date: /home/exysta/2324_Projet2A_Eve/Code/ROS2/install/micro_ros_msgs/local/lib/python3.10/dist-packages/micro_ros_msgs/_micro_ros_msgs_s.ep.rosidl_typesupport_introspection_c.c
[1.617s] -- Up-to-date: /home/exysta/2324_Projet2A_Eve/Code/ROS2/install/micro_ros_msgs/local/lib/python3.10/dist-packages/micro_ros_msgs/msg
[1.617s] -- Up-to-date: /home/exysta/2324_Projet2A_Eve/Code/ROS2/install/micro_ros_msgs/local/lib/python3.10/dist-packages/micro_ros_msgs/msg/_entity_s.c
[1.617s] -- Up-to-date: /home/exysta/2324_Projet2A_Eve/Code/ROS2/install/micro_ros_msgs/local/lib/python3.10/dist-packages/micro_ros_msgs/msg/_graph.py
[1.617s] -- Up-to-date: /home/exysta/2324_Projet2A_Eve/Code/ROS2/install/micro_ros_msgs/local/lib/python3.10/dist-packages/micro_ros_msgs/msg/_node_s.c
[1.617s] -- Up-to-date: /home/exysta/2324_Projet2A_Eve/Code/ROS2/install/micro_ros_msgs/local/lib/python3.10/dist-packages/micro_ros_msgs/msg/_entity.py
[1.617s] -- Up-to-date: /home/exysta/2324_Projet2A_Eve/Code/ROS2/install/micro_ros_msgs/local/lib/python3.10/dist-packages/micro_ros_msgs/msg/__init__.py
[1.617s] -- Up-to-date: /home/exysta/2324_Projet2A_Eve/Code/ROS2/install/micro_ros_msgs/local/lib/python3.10/dist-packages/micro_ros_msgs/msg/_node.py
[1.618s] -- Up-to-date: /home/exysta/2324_Projet2A_Eve/Code/ROS2/install/micro_ros_msgs/local/lib/python3.10/dist-packages/micro_ros_msgs/msg/_graph_s.c
[1.618s] -- Up-to-date: /home/exysta/2324_Projet2A_Eve/Code/ROS2/install/micro_ros_msgs/local/lib/python3.10/dist-packages/micro_ros_msgs/micro_ros_msgs_s__rosidl_typesupport_fastrtps_c.cpython-310-x86_64-linux-gnu.so
[1.618s] -- Up-to-date: /home/exysta/2324_Projet2A_Eve/Code/ROS2/install/micro_ros_msgs/local/lib/python3.10/dist-packages/micro_ros_msgs/_micro_ros_msgs_s.ep.rosidl_typesupport_fastrtps_c.c
[1.618s] -- Up-to-date: /home/exysta/2324_Projet2A_Eve/Code/ROS2/install/micro_ros_msgs/local/lib/python3.10/dist-packages/micro_ros_msgs/micro_ros_msgs_s__rosidl_typesupport_c.cpython-310-x86_64-linux-gnu.so
[1.618s] -- Installing: /home/exysta/2324_Projet2A_Eve/Code/ROS2/install/micro_ros_msgs/local/lib/python3.10/dist-packages/micro_ros_msgs/__init__.py
[1.662s] Listing '/home/exysta/2324_Projet2A_Eve/Code/ROS2/install/micro_ros_msgs/local/lib/python3.10/dist-packages/micro_ros_msgs'...
[1.662s] Compiling '/home/exysta/2324_Projet2A_Eve/Code/ROS2/install/micro_ros_msgs/local/lib/python3.10/dist-packages/micro_ros_msgs/__init__.py'...
[1.662s] Listing '/home/exysta/2324_Projet2A_Eve/Code/ROS2/install/micro_ros_msgs/local/lib/python3.10/dist-packages/micro_ros_msgs/msg'...
[1.666s] -- Up-to-date: /home/exysta/2324_Projet2A_Eve/Code/ROS2/install/micro_ros_msgs/local/lib/python3.10/dist-packages/micro_ros_msgs/micro_ros_msgs_s__rosidl_typesupport_fastrtps_c.cpython-310-x86_64-linux-gnu.so
[1.666s] -- Up-to-date: /home/exysta/2324_Projet2A_Eve/Code/ROS2/install/micro_ros_msgs/local/lib/python3.10/dist-packages/micro_ros_msgs/micro_ros_msgs_s__rosidl_typesupport_introspection_c.cpython-310-x86_64-linux-gnu.so
[1.666s] -- Up-to-date: /home/exysta/2324_Projet2A_Eve/Code/ROS2/install/micro_ros_msgs/local/lib/python3.10/dist-packages/micro_ros_msgs/micro_ros_msgs_s__rosidl_typesupport_c.cpython-310-x86_64-linux-gnu.so
[1.667s] -- Up-to-date: /home/exysta/2324_Projet2A_Eve/Code/ROS2/install/micro_ros_msgs/lib/libmicro_ros_msgs__rosidl_generator_py.so
[1.667s] -- Up-to-date: /home/exysta/2324_Projet2A_Eve/Code/ROS2/install/micro_ros_msgs/share/micro_ros_msgs/msg/Graph.idl
[1.667s] -- Up-to-date: /home/exysta/2324_Projet2A_Eve/Code/ROS2/install/micro_ros_msgs/share/micro_ros_msgs/msg/Node.idl
[1.667s] -- Up-to-date: /home/exysta/2324_Projet2A_Eve/Code/ROS2/install/micro_ros_msgs/share/micro_ros_msgs/msg/Entity.idl
[1.667s] -- Up-to-date: /home/exysta/2324_Projet2A_Eve/Code/ROS2/install/micro_ros_msgs/share/micro_ros_msgs/msg/Graph.msg
[1.668s] -- Up-to-date: /home/exysta/2324_Projet2A_Eve/Code/ROS2/install/micro_ros_msgs/share/micro_ros_msgs/msg/Node.msg
[1.668s] -- Up-to-date: /home/exysta/2324_Projet2A_Eve/Code/ROS2/install/micro_ros_msgs/share/micro_ros_msgs/msg/Entity.msg
[1.668s] -- Up-to-date: /home/exysta/2324_Projet2A_Eve/Code/ROS2/install/micro_ros_msgs/share/ament_index/resource_index/package_run_dependencies/micro_ros_msgs
[1.668s] -- Installing: /home/exysta/2324_Projet2A_Eve/Code/ROS2/install/micro_ros_msgs/share/ament_index/resource_index/parent_prefix_path/micro_ros_msgs
[1.668s] -- Up-to-date: /home/exysta/2324_Projet2A_Eve/Code/ROS2/install/micro_ros_msgs/share/micro_ros_msgs/environment/ament_prefix_path.sh
[1.668s] -- Installing: /home/exysta/2324_Projet2A_Eve/Code/ROS2/install/micro_ros_msgs/share/micro_ros_msgs/environment/ament_prefix_path.dsv
[1.668s] -- Up-to-date: /home/exysta/2324_Projet2A_Eve/Code/ROS2/install/micro_ros_msgs/share/micro_ros_msgs/environment/path.sh
[1.669s] -- Installing: /home/exysta/2324_Projet2A_Eve/Code/ROS2/install/micro_ros_msgs/share/micro_ros_msgs/environment/path.dsv
[1.669s] -- Up-to-date: /home/exysta/2324_Projet2A_Eve/Code/ROS2/install/micro_ros_msgs/share/micro_ros_msgs/local_setup.bash
[1.669s] -- Up-to-date: /home/exysta/2324_Projet2A_Eve/Code/ROS2/install/micro_ros_msgs/share/micro_ros_msgs/local_setup.sh
[1.669s] -- Up-to-date: /home/exysta/2324_Projet2A_Eve/Code/ROS2/install/micro_ros_msgs/share/micro_ros_msgs/local_setup.zsh
[1.669s] -- Installing: /home/exysta/2324_Projet2A_Eve/Code/ROS2/install/micro_ros_msgs/share/micro_ros_msgs/local_setup.dsv
[1.669s] -- Installing: /home/exysta/2324_Projet2A_Eve/Code/ROS2/install/micro_ros_msgs/share/micro_ros_msgs/package.dsv
[1.669s] -- Up-to-date: /home/exysta/2324_Projet2A_Eve/Code/ROS2/install/micro_ros_msgs/share/ament_index/resource_index/packages/micro_ros_msgs
[1.669s] -- Up-to-date: /home/exysta/2324_Projet2A_Eve/Code/ROS2/install/micro_ros_msgs/share/micro_ros_msgs/cmake/export_micro_ros_msgs__rosidl_generator_cExport.cmake
[1.670s] -- Up-to-date: /home/exysta/2324_Projet2A_Eve/Code/ROS2/install/micro_ros_msgs/share/micro_ros_msgs/cmake/export_micro_ros_msgs__rosidl_generator_cExport-noconfig.cmake
[1.670s] -- Up-to-date: /home/exysta/2324_Projet2A_Eve/Code/ROS2/install/micro_ros_msgs/share/micro_ros_msgs/cmake/export_micro_ros_msgs__rosidl_typesupport_fastrtps_cExport.cmake
[1.670s] -- Up-to-date: /home/exysta/2324_Projet2A_Eve/Code/ROS2/install/micro_ros_msgs/share/micro_ros_msgs/cmake/export_micro_ros_msgs__rosidl_typesupport_fastrtps_cExport-noconfig.cmake
[1.670s] -- Up-to-date: /home/exysta/2324_Projet2A_Eve/Code/ROS2/install/micro_ros_msgs/share/micro_ros_msgs/cmake/micro_ros_msgs__rosidl_typesupport_introspection_cExport.cmake
[1.670s] -- Up-to-date: /home/exysta/2324_Projet2A_Eve/Code/ROS2/install/micro_ros_msgs/share/micro_ros_msgs/cmake/micro_ros_msgs__rosidl_typesupport_introspection_cExport-noconfig.cmake
[1.670s] -- Up-to-date: /home/exysta/2324_Projet2A_Eve/Code/ROS2/install/micro_ros_msgs/share/micro_ros_msgs/cmake/micro_ros_msgs__rosidl_typesupport_cExport.cmake
[1.670s] -- Up-to-date: /home/exysta/2324_Projet2A_Eve/Code/ROS2/install/micro_ros_msgs/share/micro_ros_msgs/cmake/micro_ros_msgs__rosidl_typesupport_cExport-noconfig.cmake
[1.671s] -- Up-to-date: /home/exysta/2324_Projet2A_Eve/Code/ROS2/install/micro_ros_msgs/share/micro_ros_msgs/cmake/export_micro_ros_msgs__rosidl_generator_cppExport.cmake
[1.671s] -- Up-to-date: /home/exysta/2324_Projet2A_Eve/Code/ROS2/install/micro_ros_msgs/share/micro_ros_msgs/cmake/export_micro_ros_msgs__rosidl_typesupport_fastrtps_cppExport.cmake
[1.671s] -- Up-to-date: /home/exysta/2324_Projet2A_Eve/Code/ROS2/install/micro_ros_msgs/share/micro_ros_msgs/cmake/export_micro_ros_msgs__rosidl_typesupport_fastrtps_cppExport-noconfig.cmake
[1.671s] -- Up-to-date: /home/exysta/2324_Projet2A_Eve/Code/ROS2/install/micro_ros_msgs/share/micro_ros_msgs/cmake/micro_ros_msgs__rosidl_typesupport_introspection_cppExport.cmake
[1.671s] -- Up-to-date: /home/exysta/2324_Projet2A_Eve/Code/ROS2/install/micro_ros_msgs/share/micro_ros_msgs/cmake/micro_ros_msgs__rosidl_typesupport_introspection_cppExport-noconfig.cmake
[1.671s] -- Up-to-date: /home/exysta/2324_Projet2A_Eve/Code/ROS2/install/micro_ros_msgs/share/micro_ros_msgs/cmake/micro_ros_msgs__rosidl_typesupport_cppExport.cmake
[1.671s] -- Up-to-date: /home/exysta/2324_Projet2A_Eve/Code/ROS2/install/micro_ros_msgs/share/micro_ros_msgs/cmake/micro_ros_msgs__rosidl_typesupport_cppExport-noconfig.cmake
[1.672s] -- Up-to-date: /home/exysta/2324_Projet2A_Eve/Code/ROS2/install/micro_ros_msgs/share/micro_ros_msgs/cmake/export_micro_ros_msgs__rosidl_generator_pyExport.cmake
[1.672s] -- Up-to-date: /home/exysta/2324_Projet2A_Eve/Code/ROS2/install/micro_ros_msgs/share/micro_ros_msgs/cmake/export_micro_ros_msgs__rosidl_generator_pyExport-noconfig.cmake
[1.672s] -- Up-to-date: /home/exysta/2324_Projet2A_Eve/Code/ROS2/install/micro_ros_msgs/share/micro_ros_msgs/cmake/rosidl_cmake-extras.cmake
[1.672s] -- Up-to-date: /home/exysta/2324_Projet2A_Eve/Code/ROS2/install/micro_ros_msgs/share/micro_ros_msgs/cmake/ament_cmake_export_include_directories-extras.cmake
[1.672s] -- Up-to-date: /home/exysta/2324_Projet2A_Eve/Code/ROS2/install/micro_ros_msgs/share/micro_ros_msgs/cmake/ament_cmake_export_libraries-extras.cmake
[1.672s] -- Up-to-date: /home/exysta/2324_Projet2A_Eve/Code/ROS2/install/micro_ros_msgs/share/micro_ros_msgs/cmake/ament_cmake_export_targets-extras.cmake
[1.672s] -- Up-to-date: /home/exysta/2324_Projet2A_Eve/Code/ROS2/install/micro_ros_msgs/share/micro_ros_msgs/cmake/rosidl_cmake_export_typesupport_targets-extras.cmake
[1.672s] -- Up-to-date: /home/exysta/2324_Projet2A_Eve/Code/ROS2/install/micro_ros_msgs/share/micro_ros_msgs/cmake/ament_cmake_export_dependencies-extras.cmake
[1.672s] -- Up-to-date: /home/exysta/2324_Projet2A_Eve/Code/ROS2/install/micro_ros_msgs/share/micro_ros_msgs/cmake/rosidl_cmake_export_typesupport_libraries-extras.cmake
[1.672s] -- Up-to-date: /home/exysta/2324_Projet2A_Eve/Code/ROS2/install/micro_ros_msgs/share/micro_ros_msgs/cmake/micro_ros_msgsConfig.cmake
[1.672s] -- Up-to-date: /home/exysta/2324_Projet2A_Eve/Code/ROS2/install/micro_ros_msgs/share/micro_ros_msgs/cmake/micro_ros_msgsConfig-version.cmake
[1.673s] -- Up-to-date: /home/exysta/2324_Projet2A_Eve/Code/ROS2/install/micro_ros_msgs/share/micro_ros_msgs/package.xml
[1.673s] Invoked command in '/home/exysta/2324_Projet2A_Eve/Code/ROS2/build/micro_ros_msgs' returned '0': CMAKE_PREFIX_PATH=/home/exysta/project/ros2_ws/install/bob_controller:/opt/ros/humble /usr/bin/cmake --install /home/exysta/2324_Projet2A_Eve/Code/ROS2/build/micro_ros_msgs
