[1.479s] DEBUG:colcon:Command line arguments: ['/usr/bin/colcon', 'build']
[1.479s] DEBUG:colcon:Parsed command line arguments: Namespace(log_base=None, log_level=None, verb_name='build', build_base='build', install_base='install', merge_install=False, symlink_install=False, test_result_base=None, continue_on_error=False, executor='parallel', parallel_workers=8, event_handlers=None, ignore_user_meta=False, metas=['./colcon.meta'], base_paths=['.'], packages_ignore=None, packages_ignore_regex=None, paths=None, packages_up_to=None, packages_up_to_regex=None, packages_above=None, packages_above_and_dependencies=None, packages_above_depth=None, packages_select_by_dep=None, packages_skip_by_dep=None, packages_skip_up_to=None, packages_select_build_failed=False, packages_skip_build_finished=False, packages_select_test_failures=False, packages_skip_test_passed=False, packages_select=None, packages_skip=None, packages_select_regex=None, packages_skip_regex=None, packages_start=None, packages_end=None, allow_overriding=[], cmake_args=None, cmake_target=None, cmake_target_skip_unavailable=False, cmake_clean_cache=False, cmake_clean_first=False, cmake_force_configure=False, ament_cmake_args=None, catkin_cmake_args=None, catkin_skip_building_tests=False, verb_parser=<colcon_defaults.argument_parser.defaults.DefaultArgumentsDecorator object at 0x7f9214cd6050>, verb_extension=<colcon_core.verb.build.BuildVerb object at 0x7f92152d4f70>, main=<bound method BuildVerb.main of <colcon_core.verb.build.BuildVerb object at 0x7f92152d4f70>>)
[1.546s] Level 1:colcon.colcon_core.package_discovery:discover_packages(colcon_meta) check parameters
[1.546s] Level 1:colcon.colcon_core.package_discovery:discover_packages(recursive) check parameters
[1.546s] Level 1:colcon.colcon_core.package_discovery:discover_packages(ignore) check parameters
[1.546s] Level 1:colcon.colcon_core.package_discovery:discover_packages(path) check parameters
[1.546s] Level 1:colcon.colcon_core.package_discovery:discover_packages(colcon_meta) discover
[1.546s] Level 1:colcon.colcon_core.package_discovery:discover_packages(recursive) discover
[1.546s] INFO:colcon.colcon_core.package_discovery:Crawling recursively for packages in '/home/exysta/2324_Projet2A_Eve/Code/ROS2'
[1.546s] Level 1:colcon.colcon_core.package_identification:_identify(.) by extensions ['ignore', 'ignore_ament_install']
[1.546s] Level 1:colcon.colcon_core.package_identification:_identify(.) by extension 'ignore'
[1.546s] Level 1:colcon.colcon_core.package_identification:_identify(.) by extension 'ignore_ament_install'
[1.546s] Level 1:colcon.colcon_core.package_identification:_identify(.) by extensions ['colcon_pkg']
[1.546s] Level 1:colcon.colcon_core.package_identification:_identify(.) by extension 'colcon_pkg'
[1.546s] Level 1:colcon.colcon_core.package_identification:_identify(.) by extensions ['colcon_meta']
[1.546s] Level 1:colcon.colcon_core.package_identification:_identify(.) by extension 'colcon_meta'
[1.547s] Level 1:colcon.colcon_core.package_identification:_identify(.) by extensions ['ros']
[1.547s] Level 1:colcon.colcon_core.package_identification:_identify(.) by extension 'ros'
[1.558s] Level 1:colcon.colcon_core.package_identification:_identify(.) by extensions ['cmake', 'python']
[1.558s] Level 1:colcon.colcon_core.package_identification:_identify(.) by extension 'cmake'
[1.558s] Level 1:colcon.colcon_core.package_identification:_identify(.) by extension 'python'
[1.558s] Level 1:colcon.colcon_core.package_identification:_identify(.) by extensions ['python_setup_py']
[1.558s] Level 1:colcon.colcon_core.package_identification:_identify(.) by extension 'python_setup_py'
[1.558s] Level 1:colcon.colcon_core.package_identification:_identify(build) by extensions ['ignore', 'ignore_ament_install']
[1.558s] Level 1:colcon.colcon_core.package_identification:_identify(build) by extension 'ignore'
[1.558s] Level 1:colcon.colcon_core.package_identification:_identify(build) ignored
[1.558s] Level 1:colcon.colcon_core.package_identification:_identify(firmware) by extensions ['ignore', 'ignore_ament_install']
[1.558s] Level 1:colcon.colcon_core.package_identification:_identify(firmware) by extension 'ignore'
[1.558s] Level 1:colcon.colcon_core.package_identification:_identify(firmware) ignored
[1.559s] Level 1:colcon.colcon_core.package_identification:_identify(install) by extensions ['ignore', 'ignore_ament_install']
[1.559s] Level 1:colcon.colcon_core.package_identification:_identify(install) by extension 'ignore'
[1.559s] Level 1:colcon.colcon_core.package_identification:_identify(install) ignored
[1.559s] Level 1:colcon.colcon_core.package_identification:_identify(log) by extensions ['ignore', 'ignore_ament_install']
[1.559s] Level 1:colcon.colcon_core.package_identification:_identify(log) by extension 'ignore'
[1.559s] Level 1:colcon.colcon_core.package_identification:_identify(log) ignored
[1.559s] Level 1:colcon.colcon_core.package_identification:_identify(src) by extensions ['ignore', 'ignore_ament_install']
[1.559s] Level 1:colcon.colcon_core.package_identification:_identify(src) by extension 'ignore'
[1.559s] Level 1:colcon.colcon_core.package_identification:_identify(src) by extension 'ignore_ament_install'
[1.559s] Level 1:colcon.colcon_core.package_identification:_identify(src) by extensions ['colcon_pkg']
[1.559s] Level 1:colcon.colcon_core.package_identification:_identify(src) by extension 'colcon_pkg'
[1.559s] Level 1:colcon.colcon_core.package_identification:_identify(src) by extensions ['colcon_meta']
[1.559s] Level 1:colcon.colcon_core.package_identification:_identify(src) by extension 'colcon_meta'
[1.559s] Level 1:colcon.colcon_core.package_identification:_identify(src) by extensions ['ros']
[1.559s] Level 1:colcon.colcon_core.package_identification:_identify(src) by extension 'ros'
[1.559s] Level 1:colcon.colcon_core.package_identification:_identify(src) by extensions ['cmake', 'python']
[1.559s] Level 1:colcon.colcon_core.package_identification:_identify(src) by extension 'cmake'
[1.559s] Level 1:colcon.colcon_core.package_identification:_identify(src) by extension 'python'
[1.560s] Level 1:colcon.colcon_core.package_identification:_identify(src) by extensions ['python_setup_py']
[1.560s] Level 1:colcon.colcon_core.package_identification:_identify(src) by extension 'python_setup_py'
[1.560s] Level 1:colcon.colcon_core.package_identification:_identify(src/micro_ros_setup) by extensions ['ignore', 'ignore_ament_install']
[1.560s] Level 1:colcon.colcon_core.package_identification:_identify(src/micro_ros_setup) by extension 'ignore'
[1.560s] Level 1:colcon.colcon_core.package_identification:_identify(src/micro_ros_setup) by extension 'ignore_ament_install'
[1.560s] Level 1:colcon.colcon_core.package_identification:_identify(src/micro_ros_setup) by extensions ['colcon_pkg']
[1.560s] Level 1:colcon.colcon_core.package_identification:_identify(src/micro_ros_setup) by extension 'colcon_pkg'
[1.560s] Level 1:colcon.colcon_core.package_identification:_identify(src/micro_ros_setup) by extensions ['colcon_meta']
[1.560s] Level 1:colcon.colcon_core.package_identification:_identify(src/micro_ros_setup) by extension 'colcon_meta'
[1.560s] Level 1:colcon.colcon_core.package_identification:_identify(src/micro_ros_setup) by extensions ['ros']
[1.560s] Level 1:colcon.colcon_core.package_identification:_identify(src/micro_ros_setup) by extension 'ros'
[1.563s] DEBUG:colcon.colcon_core.package_identification:Package 'src/micro_ros_setup' with type 'ros.ament_cmake' and name 'micro_ros_setup'
[1.563s] Level 1:colcon.colcon_core.package_identification:_identify(src/uros) by extensions ['ignore', 'ignore_ament_install']
[1.563s] Level 1:colcon.colcon_core.package_identification:_identify(src/uros) by extension 'ignore'
[1.563s] Level 1:colcon.colcon_core.package_identification:_identify(src/uros) by extension 'ignore_ament_install'
[1.563s] Level 1:colcon.colcon_core.package_identification:_identify(src/uros) by extensions ['colcon_pkg']
[1.563s] Level 1:colcon.colcon_core.package_identification:_identify(src/uros) by extension 'colcon_pkg'
[1.563s] Level 1:colcon.colcon_core.package_identification:_identify(src/uros) by extensions ['colcon_meta']
[1.563s] Level 1:colcon.colcon_core.package_identification:_identify(src/uros) by extension 'colcon_meta'
[1.563s] Level 1:colcon.colcon_core.package_identification:_identify(src/uros) by extensions ['ros']
[1.563s] Level 1:colcon.colcon_core.package_identification:_identify(src/uros) by extension 'ros'
[1.563s] Level 1:colcon.colcon_core.package_identification:_identify(src/uros) by extensions ['cmake', 'python']
[1.563s] Level 1:colcon.colcon_core.package_identification:_identify(src/uros) by extension 'cmake'
[1.563s] Level 1:colcon.colcon_core.package_identification:_identify(src/uros) by extension 'python'
[1.563s] Level 1:colcon.colcon_core.package_identification:_identify(src/uros) by extensions ['python_setup_py']
[1.564s] Level 1:colcon.colcon_core.package_identification:_identify(src/uros) by extension 'python_setup_py'
[1.564s] Level 1:colcon.colcon_core.package_identification:_identify(src/uros/micro-ROS-Agent) by extensions ['ignore', 'ignore_ament_install']
[1.564s] Level 1:colcon.colcon_core.package_identification:_identify(src/uros/micro-ROS-Agent) by extension 'ignore'
[1.564s] Level 1:colcon.colcon_core.package_identification:_identify(src/uros/micro-ROS-Agent) by extension 'ignore_ament_install'
[1.564s] Level 1:colcon.colcon_core.package_identification:_identify(src/uros/micro-ROS-Agent) by extensions ['colcon_pkg']
[1.564s] Level 1:colcon.colcon_core.package_identification:_identify(src/uros/micro-ROS-Agent) by extension 'colcon_pkg'
[1.564s] Level 1:colcon.colcon_core.package_identification:_identify(src/uros/micro-ROS-Agent) by extensions ['colcon_meta']
[1.564s] Level 1:colcon.colcon_core.package_identification:_identify(src/uros/micro-ROS-Agent) by extension 'colcon_meta'
[1.564s] Level 1:colcon.colcon_core.package_identification:_identify(src/uros/micro-ROS-Agent) by extensions ['ros']
[1.564s] Level 1:colcon.colcon_core.package_identification:_identify(src/uros/micro-ROS-Agent) by extension 'ros'
[1.564s] Level 1:colcon.colcon_core.package_identification:_identify(src/uros/micro-ROS-Agent) by extensions ['cmake', 'python']
[1.564s] Level 1:colcon.colcon_core.package_identification:_identify(src/uros/micro-ROS-Agent) by extension 'cmake'
[1.564s] Level 1:colcon.colcon_core.package_identification:_identify(src/uros/micro-ROS-Agent) by extension 'python'
[1.564s] Level 1:colcon.colcon_core.package_identification:_identify(src/uros/micro-ROS-Agent) by extensions ['python_setup_py']
[1.564s] Level 1:colcon.colcon_core.package_identification:_identify(src/uros/micro-ROS-Agent) by extension 'python_setup_py'
[1.564s] Level 1:colcon.colcon_core.package_identification:_identify(src/uros/micro-ROS-Agent/micro_ros_agent) by extensions ['ignore', 'ignore_ament_install']
[1.564s] Level 1:colcon.colcon_core.package_identification:_identify(src/uros/micro-ROS-Agent/micro_ros_agent) by extension 'ignore'
[1.564s] Level 1:colcon.colcon_core.package_identification:_identify(src/uros/micro-ROS-Agent/micro_ros_agent) by extension 'ignore_ament_install'
[1.565s] Level 1:colcon.colcon_core.package_identification:_identify(src/uros/micro-ROS-Agent/micro_ros_agent) by extensions ['colcon_pkg']
[1.565s] Level 1:colcon.colcon_core.package_identification:_identify(src/uros/micro-ROS-Agent/micro_ros_agent) by extension 'colcon_pkg'
[1.565s] Level 1:colcon.colcon_core.package_identification:_identify(src/uros/micro-ROS-Agent/micro_ros_agent) by extensions ['colcon_meta']
[1.565s] Level 1:colcon.colcon_core.package_identification:_identify(src/uros/micro-ROS-Agent/micro_ros_agent) by extension 'colcon_meta'
[1.565s] Level 1:colcon.colcon_core.package_identification:_identify(src/uros/micro-ROS-Agent/micro_ros_agent) by extensions ['ros']
[1.565s] Level 1:colcon.colcon_core.package_identification:_identify(src/uros/micro-ROS-Agent/micro_ros_agent) by extension 'ros'
[1.566s] DEBUG:colcon.colcon_core.package_identification:Package 'src/uros/micro-ROS-Agent/micro_ros_agent' with type 'ros.ament_cmake' and name 'micro_ros_agent'
[1.566s] Level 1:colcon.colcon_core.package_identification:_identify(src/uros/micro-ROS-Agent/snap) by extensions ['ignore', 'ignore_ament_install']
[1.566s] Level 1:colcon.colcon_core.package_identification:_identify(src/uros/micro-ROS-Agent/snap) by extension 'ignore'
[1.566s] Level 1:colcon.colcon_core.package_identification:_identify(src/uros/micro-ROS-Agent/snap) by extension 'ignore_ament_install'
[1.566s] Level 1:colcon.colcon_core.package_identification:_identify(src/uros/micro-ROS-Agent/snap) by extensions ['colcon_pkg']
[1.566s] Level 1:colcon.colcon_core.package_identification:_identify(src/uros/micro-ROS-Agent/snap) by extension 'colcon_pkg'
[1.566s] Level 1:colcon.colcon_core.package_identification:_identify(src/uros/micro-ROS-Agent/snap) by extensions ['colcon_meta']
[1.566s] Level 1:colcon.colcon_core.package_identification:_identify(src/uros/micro-ROS-Agent/snap) by extension 'colcon_meta'
[1.566s] Level 1:colcon.colcon_core.package_identification:_identify(src/uros/micro-ROS-Agent/snap) by extensions ['ros']
[1.566s] Level 1:colcon.colcon_core.package_identification:_identify(src/uros/micro-ROS-Agent/snap) by extension 'ros'
[1.566s] Level 1:colcon.colcon_core.package_identification:_identify(src/uros/micro-ROS-Agent/snap) by extensions ['cmake', 'python']
[1.566s] Level 1:colcon.colcon_core.package_identification:_identify(src/uros/micro-ROS-Agent/snap) by extension 'cmake'
[1.566s] Level 1:colcon.colcon_core.package_identification:_identify(src/uros/micro-ROS-Agent/snap) by extension 'python'
[1.566s] Level 1:colcon.colcon_core.package_identification:_identify(src/uros/micro-ROS-Agent/snap) by extensions ['python_setup_py']
[1.566s] Level 1:colcon.colcon_core.package_identification:_identify(src/uros/micro-ROS-Agent/snap) by extension 'python_setup_py'
[1.566s] Level 1:colcon.colcon_core.package_identification:_identify(src/uros/micro-ROS-Agent/snap/hooks) by extensions ['ignore', 'ignore_ament_install']
[1.566s] Level 1:colcon.colcon_core.package_identification:_identify(src/uros/micro-ROS-Agent/snap/hooks) by extension 'ignore'
[1.566s] Level 1:colcon.colcon_core.package_identification:_identify(src/uros/micro-ROS-Agent/snap/hooks) by extension 'ignore_ament_install'
[1.567s] Level 1:colcon.colcon_core.package_identification:_identify(src/uros/micro-ROS-Agent/snap/hooks) by extensions ['colcon_pkg']
[1.567s] Level 1:colcon.colcon_core.package_identification:_identify(src/uros/micro-ROS-Agent/snap/hooks) by extension 'colcon_pkg'
[1.567s] Level 1:colcon.colcon_core.package_identification:_identify(src/uros/micro-ROS-Agent/snap/hooks) by extensions ['colcon_meta']
[1.567s] Level 1:colcon.colcon_core.package_identification:_identify(src/uros/micro-ROS-Agent/snap/hooks) by extension 'colcon_meta'
[1.567s] Level 1:colcon.colcon_core.package_identification:_identify(src/uros/micro-ROS-Agent/snap/hooks) by extensions ['ros']
[1.567s] Level 1:colcon.colcon_core.package_identification:_identify(src/uros/micro-ROS-Agent/snap/hooks) by extension 'ros'
[1.567s] Level 1:colcon.colcon_core.package_identification:_identify(src/uros/micro-ROS-Agent/snap/hooks) by extensions ['cmake', 'python']
[1.567s] Level 1:colcon.colcon_core.package_identification:_identify(src/uros/micro-ROS-Agent/snap/hooks) by extension 'cmake'
[1.567s] Level 1:colcon.colcon_core.package_identification:_identify(src/uros/micro-ROS-Agent/snap/hooks) by extension 'python'
[1.567s] Level 1:colcon.colcon_core.package_identification:_identify(src/uros/micro-ROS-Agent/snap/hooks) by extensions ['python_setup_py']
[1.567s] Level 1:colcon.colcon_core.package_identification:_identify(src/uros/micro-ROS-Agent/snap/hooks) by extension 'python_setup_py'
[1.567s] Level 1:colcon.colcon_core.package_identification:_identify(src/uros/micro-ROS-Agent/snap/local) by extensions ['ignore', 'ignore_ament_install']
[1.567s] Level 1:colcon.colcon_core.package_identification:_identify(src/uros/micro-ROS-Agent/snap/local) by extension 'ignore'
[1.567s] Level 1:colcon.colcon_core.package_identification:_identify(src/uros/micro-ROS-Agent/snap/local) by extension 'ignore_ament_install'
[1.567s] Level 1:colcon.colcon_core.package_identification:_identify(src/uros/micro-ROS-Agent/snap/local) by extensions ['colcon_pkg']
[1.567s] Level 1:colcon.colcon_core.package_identification:_identify(src/uros/micro-ROS-Agent/snap/local) by extension 'colcon_pkg'
[1.567s] Level 1:colcon.colcon_core.package_identification:_identify(src/uros/micro-ROS-Agent/snap/local) by extensions ['colcon_meta']
[1.567s] Level 1:colcon.colcon_core.package_identification:_identify(src/uros/micro-ROS-Agent/snap/local) by extension 'colcon_meta'
[1.567s] Level 1:colcon.colcon_core.package_identification:_identify(src/uros/micro-ROS-Agent/snap/local) by extensions ['ros']
[1.567s] Level 1:colcon.colcon_core.package_identification:_identify(src/uros/micro-ROS-Agent/snap/local) by extension 'ros'
[1.568s] Level 1:colcon.colcon_core.package_identification:_identify(src/uros/micro-ROS-Agent/snap/local) by extensions ['cmake', 'python']
[1.568s] Level 1:colcon.colcon_core.package_identification:_identify(src/uros/micro-ROS-Agent/snap/local) by extension 'cmake'
[1.568s] Level 1:colcon.colcon_core.package_identification:_identify(src/uros/micro-ROS-Agent/snap/local) by extension 'python'
[1.568s] Level 1:colcon.colcon_core.package_identification:_identify(src/uros/micro-ROS-Agent/snap/local) by extensions ['python_setup_py']
[1.568s] Level 1:colcon.colcon_core.package_identification:_identify(src/uros/micro-ROS-Agent/snap/local) by extension 'python_setup_py'
[1.568s] Level 1:colcon.colcon_core.package_identification:_identify(src/uros/micro_ros_msgs) by extensions ['ignore', 'ignore_ament_install']
[1.568s] Level 1:colcon.colcon_core.package_identification:_identify(src/uros/micro_ros_msgs) by extension 'ignore'
[1.568s] Level 1:colcon.colcon_core.package_identification:_identify(src/uros/micro_ros_msgs) by extension 'ignore_ament_install'
[1.568s] Level 1:colcon.colcon_core.package_identification:_identify(src/uros/micro_ros_msgs) by extensions ['colcon_pkg']
[1.568s] Level 1:colcon.colcon_core.package_identification:_identify(src/uros/micro_ros_msgs) by extension 'colcon_pkg'
[1.568s] Level 1:colcon.colcon_core.package_identification:_identify(src/uros/micro_ros_msgs) by extensions ['colcon_meta']
[1.568s] Level 1:colcon.colcon_core.package_identification:_identify(src/uros/micro_ros_msgs) by extension 'colcon_meta'
[1.568s] Level 1:colcon.colcon_core.package_identification:_identify(src/uros/micro_ros_msgs) by extensions ['ros']
[1.568s] Level 1:colcon.colcon_core.package_identification:_identify(src/uros/micro_ros_msgs) by extension 'ros'
[1.569s] DEBUG:colcon.colcon_core.package_identification:Package 'src/uros/micro_ros_msgs' with type 'ros.ament_cmake' and name 'micro_ros_msgs'
[1.569s] Level 1:colcon.colcon_core.package_discovery:discover_packages(recursive) using defaults
[1.569s] Level 1:colcon.colcon_core.package_discovery:discover_packages(ignore) discover
[1.569s] Level 1:colcon.colcon_core.package_discovery:discover_packages(ignore) using defaults
[1.569s] Level 1:colcon.colcon_core.package_discovery:discover_packages(path) discover
[1.569s] Level 1:colcon.colcon_core.package_discovery:discover_packages(path) using defaults
[1.678s] Level 1:colcon.colcon_core.package_discovery:discover_packages(prefix_path) check parameters
[1.678s] Level 1:colcon.colcon_core.package_discovery:discover_packages(prefix_path) discover
[1.714s] DEBUG:colcon.colcon_installed_package_information.package_discovery:Found 3 installed packages in /home/exysta/2324_Projet2A_Eve/Code/ROS2/install
[1.743s] DEBUG:colcon.colcon_installed_package_information.package_discovery:Found 1 installed packages in /home/exysta/project/ros2_ws/install
[1.760s] DEBUG:colcon.colcon_installed_package_information.package_discovery:Found 270 installed packages in /opt/ros/humble
[1.761s] Level 1:colcon.colcon_core.package_discovery:discover_packages(prefix_path) using defaults
[1.848s] Level 5:colcon.colcon_core.verb:set package 'micro_ros_msgs' build argument 'cmake_args' from command line to 'None'
[1.848s] Level 5:colcon.colcon_core.verb:set package 'micro_ros_msgs' build argument 'cmake_target' from command line to 'None'
[1.848s] Level 5:colcon.colcon_core.verb:set package 'micro_ros_msgs' build argument 'cmake_target_skip_unavailable' from command line to 'False'
[1.848s] Level 5:colcon.colcon_core.verb:set package 'micro_ros_msgs' build argument 'cmake_clean_cache' from command line to 'False'
[1.848s] Level 5:colcon.colcon_core.verb:set package 'micro_ros_msgs' build argument 'cmake_clean_first' from command line to 'False'
[1.848s] Level 5:colcon.colcon_core.verb:set package 'micro_ros_msgs' build argument 'cmake_force_configure' from command line to 'False'
[1.848s] Level 5:colcon.colcon_core.verb:set package 'micro_ros_msgs' build argument 'ament_cmake_args' from command line to 'None'
[1.848s] Level 5:colcon.colcon_core.verb:set package 'micro_ros_msgs' build argument 'catkin_cmake_args' from command line to 'None'
[1.848s] Level 5:colcon.colcon_core.verb:set package 'micro_ros_msgs' build argument 'catkin_skip_building_tests' from command line to 'False'
[1.848s] DEBUG:colcon.colcon_core.verb:Building package 'micro_ros_msgs' with the following arguments: {'ament_cmake_args': None, 'build_base': '/home/exysta/2324_Projet2A_Eve/Code/ROS2/build/micro_ros_msgs', 'catkin_cmake_args': None, 'catkin_skip_building_tests': False, 'cmake_args': None, 'cmake_clean_cache': False, 'cmake_clean_first': False, 'cmake_force_configure': False, 'cmake_target': None, 'cmake_target_skip_unavailable': False, 'install_base': '/home/exysta/2324_Projet2A_Eve/Code/ROS2/install/micro_ros_msgs', 'merge_install': False, 'path': '/home/exysta/2324_Projet2A_Eve/Code/ROS2/src/uros/micro_ros_msgs', 'symlink_install': False, 'test_result_base': None}
[1.864s] Level 5:colcon.colcon_core.verb:set package 'micro_ros_setup' build argument 'cmake_args' from command line to 'None'
[1.864s] Level 5:colcon.colcon_core.verb:set package 'micro_ros_setup' build argument 'cmake_target' from command line to 'None'
[1.864s] Level 5:colcon.colcon_core.verb:set package 'micro_ros_setup' build argument 'cmake_target_skip_unavailable' from command line to 'False'
[1.864s] Level 5:colcon.colcon_core.verb:set package 'micro_ros_setup' build argument 'cmake_clean_cache' from command line to 'False'
[1.864s] Level 5:colcon.colcon_core.verb:set package 'micro_ros_setup' build argument 'cmake_clean_first' from command line to 'False'
[1.864s] Level 5:colcon.colcon_core.verb:set package 'micro_ros_setup' build argument 'cmake_force_configure' from command line to 'False'
[1.864s] Level 5:colcon.colcon_core.verb:set package 'micro_ros_setup' build argument 'ament_cmake_args' from command line to 'None'
[1.864s] Level 5:colcon.colcon_core.verb:set package 'micro_ros_setup' build argument 'catkin_cmake_args' from command line to 'None'
[1.864s] Level 5:colcon.colcon_core.verb:set package 'micro_ros_setup' build argument 'catkin_skip_building_tests' from command line to 'False'
[1.864s] DEBUG:colcon.colcon_core.verb:Building package 'micro_ros_setup' with the following arguments: {'ament_cmake_args': None, 'build_base': '/home/exysta/2324_Projet2A_Eve/Code/ROS2/build/micro_ros_setup', 'catkin_cmake_args': None, 'catkin_skip_building_tests': False, 'cmake_args': None, 'cmake_clean_cache': False, 'cmake_clean_first': False, 'cmake_force_configure': False, 'cmake_target': None, 'cmake_target_skip_unavailable': False, 'install_base': '/home/exysta/2324_Projet2A_Eve/Code/ROS2/install/micro_ros_setup', 'merge_install': False, 'path': '/home/exysta/2324_Projet2A_Eve/Code/ROS2/src/micro_ros_setup', 'symlink_install': False, 'test_result_base': None}
[1.880s] Level 5:colcon.colcon_core.verb:set package 'micro_ros_agent' build argument 'cmake_args' from command line to 'None'
[1.880s] Level 5:colcon.colcon_core.verb:set package 'micro_ros_agent' build argument 'cmake_target' from command line to 'None'
[1.880s] Level 5:colcon.colcon_core.verb:set package 'micro_ros_agent' build argument 'cmake_target_skip_unavailable' from command line to 'False'
[1.880s] Level 5:colcon.colcon_core.verb:set package 'micro_ros_agent' build argument 'cmake_clean_cache' from command line to 'False'
[1.880s] Level 5:colcon.colcon_core.verb:set package 'micro_ros_agent' build argument 'cmake_clean_first' from command line to 'False'
[1.880s] Level 5:colcon.colcon_core.verb:set package 'micro_ros_agent' build argument 'cmake_force_configure' from command line to 'False'
[1.880s] Level 5:colcon.colcon_core.verb:set package 'micro_ros_agent' build argument 'ament_cmake_args' from command line to 'None'
[1.880s] Level 5:colcon.colcon_core.verb:set package 'micro_ros_agent' build argument 'catkin_cmake_args' from command line to 'None'
[1.880s] Level 5:colcon.colcon_core.verb:set package 'micro_ros_agent' build argument 'catkin_skip_building_tests' from command line to 'False'
[1.880s] DEBUG:colcon.colcon_core.verb:Building package 'micro_ros_agent' with the following arguments: {'ament_cmake_args': None, 'build_base': '/home/exysta/2324_Projet2A_Eve/Code/ROS2/build/micro_ros_agent', 'catkin_cmake_args': None, 'catkin_skip_building_tests': False, 'cmake_args': None, 'cmake_clean_cache': False, 'cmake_clean_first': False, 'cmake_force_configure': False, 'cmake_target': None, 'cmake_target_skip_unavailable': False, 'install_base': '/home/exysta/2324_Projet2A_Eve/Code/ROS2/install/micro_ros_agent', 'merge_install': False, 'path': '/home/exysta/2324_Projet2A_Eve/Code/ROS2/src/uros/micro-ROS-Agent/micro_ros_agent', 'symlink_install': False, 'test_result_base': None}
[1.896s] INFO:colcon.colcon_core.executor:Executing jobs using 'parallel' executor
[1.912s] DEBUG:colcon.colcon_parallel_executor.executor.parallel:run_until_complete
[1.912s] INFO:colcon.colcon_ros.task.ament_cmake.build:Building ROS package in '/home/exysta/2324_Projet2A_Eve/Code/ROS2/src/uros/micro_ros_msgs' with build type 'ament_cmake'
[1.912s] INFO:colcon.colcon_cmake.task.cmake.build:Building CMake package in '/home/exysta/2324_Projet2A_Eve/Code/ROS2/src/uros/micro_ros_msgs'
[1.938s] INFO:colcon.colcon_core.plugin_system:Skipping extension 'colcon_core.shell.bat': Not used on non-Windows systems
[1.938s] INFO:colcon.colcon_core.shell:Skip shell extension 'powershell' for command environment: Not usable outside of PowerShell
[1.938s] DEBUG:colcon.colcon_core.shell:Skip shell extension 'dsv' for command environment
[2.001s] INFO:colcon.colcon_ros.task.ament_cmake.build:Building ROS package in '/home/exysta/2324_Projet2A_Eve/Code/ROS2/src/micro_ros_setup' with build type 'ament_cmake'
[2.001s] INFO:colcon.colcon_cmake.task.cmake.build:Building CMake package in '/home/exysta/2324_Projet2A_Eve/Code/ROS2/src/micro_ros_setup'
[2.017s] INFO:colcon.colcon_core.shell:Skip shell extension 'powershell' for command environment: Not usable outside of PowerShell
[2.017s] DEBUG:colcon.colcon_core.shell:Skip shell extension 'dsv' for command environment
[2.084s] DEBUG:colcon.colcon_core.event_handler.log_command:Invoking command in '/home/exysta/2324_Projet2A_Eve/Code/ROS2/build/micro_ros_msgs': CMAKE_PREFIX_PATH=${CMAKE_PREFIX_PATH}:/home/exysta/project/ros2_ws/install/bob_controller:/opt/ros/humble /usr/bin/cmake /home/exysta/2324_Projet2A_Eve/Code/ROS2/src/uros/micro_ros_msgs -DCMAKE_INSTALL_PREFIX=/home/exysta/2324_Projet2A_Eve/Code/ROS2/install/micro_ros_msgs
[2.087s] DEBUG:colcon.colcon_core.event_handler.log_command:Invoking command in '/home/exysta/2324_Projet2A_Eve/Code/ROS2/build/micro_ros_setup': CMAKE_PREFIX_PATH=${CMAKE_PREFIX_PATH}:/home/exysta/project/ros2_ws/install/bob_controller:/opt/ros/humble /usr/bin/cmake --build /home/exysta/2324_Projet2A_Eve/Code/ROS2/build/micro_ros_setup -- -j8 -l8
[2.134s] DEBUG:colcon.colcon_core.event_handler.log_command:Invoked command in '/home/exysta/2324_Projet2A_Eve/Code/ROS2/build/micro_ros_setup' returned '0': CMAKE_PREFIX_PATH=${CMAKE_PREFIX_PATH}:/home/exysta/project/ros2_ws/install/bob_controller:/opt/ros/humble /usr/bin/cmake --build /home/exysta/2324_Projet2A_Eve/Code/ROS2/build/micro_ros_setup -- -j8 -l8
[2.156s] DEBUG:colcon.colcon_core.event_handler.log_command:Invoking command in '/home/exysta/2324_Projet2A_Eve/Code/ROS2/build/micro_ros_setup': CMAKE_PREFIX_PATH=${CMAKE_PREFIX_PATH}:/home/exysta/project/ros2_ws/install/bob_controller:/opt/ros/humble /usr/bin/cmake --install /home/exysta/2324_Projet2A_Eve/Code/ROS2/build/micro_ros_setup
[2.170s] Level 1:colcon.colcon_core.environment:create_environment_scripts_only(micro_ros_setup)
[2.173s] DEBUG:colcon.colcon_core.event_handler.log_command:Invoked command in '/home/exysta/2324_Projet2A_Eve/Code/ROS2/build/micro_ros_setup' returned '0': CMAKE_PREFIX_PATH=${CMAKE_PREFIX_PATH}:/home/exysta/project/ros2_ws/install/bob_controller:/opt/ros/humble /usr/bin/cmake --install /home/exysta/2324_Projet2A_Eve/Code/ROS2/build/micro_ros_setup
[2.192s] Level 1:colcon.colcon_core.environment:checking '/home/exysta/2324_Projet2A_Eve/Code/ROS2/install/micro_ros_setup' for CMake module files
[2.192s] Level 1:colcon.colcon_core.environment:checking '/home/exysta/2324_Projet2A_Eve/Code/ROS2/install/micro_ros_setup' for CMake config files
[2.193s] Level 1:colcon.colcon_core.shell:create_environment_hook('micro_ros_setup', 'cmake_prefix_path')
[2.207s] INFO:colcon.colcon_core.shell:Creating environment hook '/home/exysta/2324_Projet2A_Eve/Code/ROS2/install/micro_ros_setup/share/micro_ros_setup/hook/cmake_prefix_path.ps1'
[2.208s] INFO:colcon.colcon_core.shell:Creating environment descriptor '/home/exysta/2324_Projet2A_Eve/Code/ROS2/install/micro_ros_setup/share/micro_ros_setup/hook/cmake_prefix_path.dsv'
[2.208s] INFO:colcon.colcon_core.shell:Creating environment hook '/home/exysta/2324_Projet2A_Eve/Code/ROS2/install/micro_ros_setup/share/micro_ros_setup/hook/cmake_prefix_path.sh'
[2.209s] Level 1:colcon.colcon_core.environment:checking '/home/exysta/2324_Projet2A_Eve/Code/ROS2/install/micro_ros_setup/lib'
[2.210s] Level 1:colcon.colcon_core.environment:checking '/home/exysta/2324_Projet2A_Eve/Code/ROS2/install/micro_ros_setup/bin'
[2.210s] Level 1:colcon.colcon_core.environment:checking '/home/exysta/2324_Projet2A_Eve/Code/ROS2/install/micro_ros_setup/lib/pkgconfig/micro_ros_setup.pc'
[2.210s] Level 1:colcon.colcon_core.environment:checking '/home/exysta/2324_Projet2A_Eve/Code/ROS2/install/micro_ros_setup/lib/python3.10/site-packages'
[2.210s] Level 1:colcon.colcon_core.environment:checking '/home/exysta/2324_Projet2A_Eve/Code/ROS2/install/micro_ros_setup/bin'
[2.225s] INFO:colcon.colcon_core.shell:Creating package script '/home/exysta/2324_Projet2A_Eve/Code/ROS2/install/micro_ros_setup/share/micro_ros_setup/package.ps1'
[2.225s] INFO:colcon.colcon_core.shell:Creating package descriptor '/home/exysta/2324_Projet2A_Eve/Code/ROS2/install/micro_ros_setup/share/micro_ros_setup/package.dsv'
[2.226s] INFO:colcon.colcon_core.shell:Creating package script '/home/exysta/2324_Projet2A_Eve/Code/ROS2/install/micro_ros_setup/share/micro_ros_setup/package.sh'
[2.227s] INFO:colcon.colcon_core.shell:Creating package script '/home/exysta/2324_Projet2A_Eve/Code/ROS2/install/micro_ros_setup/share/micro_ros_setup/package.bash'
[2.228s] INFO:colcon.colcon_core.shell:Creating package script '/home/exysta/2324_Projet2A_Eve/Code/ROS2/install/micro_ros_setup/share/micro_ros_setup/package.zsh'
[2.229s] Level 1:colcon.colcon_core.environment:create_file_with_runtime_dependencies(/home/exysta/2324_Projet2A_Eve/Code/ROS2/install/micro_ros_setup/share/colcon-core/packages/micro_ros_setup)
[2.262s] Level 1:colcon.colcon_core.environment:create_environment_scripts_only(micro_ros_setup)
[2.277s] Level 1:colcon.colcon_core.environment:checking '/home/exysta/2324_Projet2A_Eve/Code/ROS2/install/micro_ros_setup' for CMake module files
[2.277s] Level 1:colcon.colcon_core.environment:checking '/home/exysta/2324_Projet2A_Eve/Code/ROS2/install/micro_ros_setup' for CMake config files
[2.277s] Level 1:colcon.colcon_core.shell:create_environment_hook('micro_ros_setup', 'cmake_prefix_path')
[2.291s] INFO:colcon.colcon_core.shell:Creating environment hook '/home/exysta/2324_Projet2A_Eve/Code/ROS2/install/micro_ros_setup/share/micro_ros_setup/hook/cmake_prefix_path.ps1'
[2.292s] INFO:colcon.colcon_core.shell:Creating environment descriptor '/home/exysta/2324_Projet2A_Eve/Code/ROS2/install/micro_ros_setup/share/micro_ros_setup/hook/cmake_prefix_path.dsv'
[2.292s] INFO:colcon.colcon_core.shell:Creating environment hook '/home/exysta/2324_Projet2A_Eve/Code/ROS2/install/micro_ros_setup/share/micro_ros_setup/hook/cmake_prefix_path.sh'
[2.292s] Level 1:colcon.colcon_core.environment:checking '/home/exysta/2324_Projet2A_Eve/Code/ROS2/install/micro_ros_setup/lib'
[2.292s] Level 1:colcon.colcon_core.environment:checking '/home/exysta/2324_Projet2A_Eve/Code/ROS2/install/micro_ros_setup/bin'
[2.292s] Level 1:colcon.colcon_core.environment:checking '/home/exysta/2324_Projet2A_Eve/Code/ROS2/install/micro_ros_setup/lib/pkgconfig/micro_ros_setup.pc'
[2.293s] Level 1:colcon.colcon_core.environment:checking '/home/exysta/2324_Projet2A_Eve/Code/ROS2/install/micro_ros_setup/lib/python3.10/site-packages'
[2.293s] Level 1:colcon.colcon_core.environment:checking '/home/exysta/2324_Projet2A_Eve/Code/ROS2/install/micro_ros_setup/bin'
[2.307s] INFO:colcon.colcon_core.shell:Creating package script '/home/exysta/2324_Projet2A_Eve/Code/ROS2/install/micro_ros_setup/share/micro_ros_setup/package.ps1'
[2.307s] INFO:colcon.colcon_core.shell:Creating package descriptor '/home/exysta/2324_Projet2A_Eve/Code/ROS2/install/micro_ros_setup/share/micro_ros_setup/package.dsv'
[2.308s] INFO:colcon.colcon_core.shell:Creating package script '/home/exysta/2324_Projet2A_Eve/Code/ROS2/install/micro_ros_setup/share/micro_ros_setup/package.sh'
[2.308s] INFO:colcon.colcon_core.shell:Creating package script '/home/exysta/2324_Projet2A_Eve/Code/ROS2/install/micro_ros_setup/share/micro_ros_setup/package.bash'
[2.309s] INFO:colcon.colcon_core.shell:Creating package script '/home/exysta/2324_Projet2A_Eve/Code/ROS2/install/micro_ros_setup/share/micro_ros_setup/package.zsh'
[2.309s] Level 1:colcon.colcon_core.environment:create_file_with_runtime_dependencies(/home/exysta/2324_Projet2A_Eve/Code/ROS2/install/micro_ros_setup/share/colcon-core/packages/micro_ros_setup)
[2.972s] DEBUG:colcon.colcon_core.event_handler.log_command:Invoked command in '/home/exysta/2324_Projet2A_Eve/Code/ROS2/build/micro_ros_msgs' returned '0': CMAKE_PREFIX_PATH=${CMAKE_PREFIX_PATH}:/home/exysta/project/ros2_ws/install/bob_controller:/opt/ros/humble /usr/bin/cmake /home/exysta/2324_Projet2A_Eve/Code/ROS2/src/uros/micro_ros_msgs -DCMAKE_INSTALL_PREFIX=/home/exysta/2324_Projet2A_Eve/Code/ROS2/install/micro_ros_msgs
[2.973s] DEBUG:colcon.colcon_core.event_handler.log_command:Invoking command in '/home/exysta/2324_Projet2A_Eve/Code/ROS2/build/micro_ros_msgs': CMAKE_PREFIX_PATH=${CMAKE_PREFIX_PATH}:/home/exysta/project/ros2_ws/install/bob_controller:/opt/ros/humble /usr/bin/cmake --build /home/exysta/2324_Projet2A_Eve/Code/ROS2/build/micro_ros_msgs -- -j8 -l8
[3.266s] DEBUG:colcon.colcon_core.event_handler.log_command:Invoked command in '/home/exysta/2324_Projet2A_Eve/Code/ROS2/build/micro_ros_msgs' returned '0': CMAKE_PREFIX_PATH=${CMAKE_PREFIX_PATH}:/home/exysta/project/ros2_ws/install/bob_controller:/opt/ros/humble /usr/bin/cmake --build /home/exysta/2324_Projet2A_Eve/Code/ROS2/build/micro_ros_msgs -- -j8 -l8
[3.344s] DEBUG:colcon.colcon_core.event_handler.log_command:Invoking command in '/home/exysta/2324_Projet2A_Eve/Code/ROS2/build/micro_ros_msgs': CMAKE_PREFIX_PATH=${CMAKE_PREFIX_PATH}:/home/exysta/project/ros2_ws/install/bob_controller:/opt/ros/humble /usr/bin/cmake --install /home/exysta/2324_Projet2A_Eve/Code/ROS2/build/micro_ros_msgs
[3.434s] Level 1:colcon.colcon_core.environment:create_environment_scripts_only(micro_ros_msgs)
[3.435s] DEBUG:colcon.colcon_core.event_handler.log_command:Invoked command in '/home/exysta/2324_Projet2A_Eve/Code/ROS2/build/micro_ros_msgs' returned '0': CMAKE_PREFIX_PATH=${CMAKE_PREFIX_PATH}:/home/exysta/project/ros2_ws/install/bob_controller:/opt/ros/humble /usr/bin/cmake --install /home/exysta/2324_Projet2A_Eve/Code/ROS2/build/micro_ros_msgs
[3.453s] Level 1:colcon.colcon_core.environment:checking '/home/exysta/2324_Projet2A_Eve/Code/ROS2/install/micro_ros_msgs' for CMake module files
[3.454s] Level 1:colcon.colcon_core.environment:checking '/home/exysta/2324_Projet2A_Eve/Code/ROS2/install/micro_ros_msgs' for CMake config files
[3.454s] Level 1:colcon.colcon_core.shell:create_environment_hook('micro_ros_msgs', 'cmake_prefix_path')
[3.467s] INFO:colcon.colcon_core.shell:Creating environment hook '/home/exysta/2324_Projet2A_Eve/Code/ROS2/install/micro_ros_msgs/share/micro_ros_msgs/hook/cmake_prefix_path.ps1'
[3.467s] INFO:colcon.colcon_core.shell:Creating environment descriptor '/home/exysta/2324_Projet2A_Eve/Code/ROS2/install/micro_ros_msgs/share/micro_ros_msgs/hook/cmake_prefix_path.dsv'
[3.467s] INFO:colcon.colcon_core.shell:Creating environment hook '/home/exysta/2324_Projet2A_Eve/Code/ROS2/install/micro_ros_msgs/share/micro_ros_msgs/hook/cmake_prefix_path.sh'
[3.468s] Level 1:colcon.colcon_core.environment:checking '/home/exysta/2324_Projet2A_Eve/Code/ROS2/install/micro_ros_msgs/lib'
[3.468s] Level 1:colcon.colcon_core.shell:create_environment_hook('micro_ros_msgs', 'ld_library_path_lib')
[3.481s] INFO:colcon.colcon_core.shell:Creating environment hook '/home/exysta/2324_Projet2A_Eve/Code/ROS2/install/micro_ros_msgs/share/micro_ros_msgs/hook/ld_library_path_lib.ps1'
[3.482s] INFO:colcon.colcon_core.shell:Creating environment descriptor '/home/exysta/2324_Projet2A_Eve/Code/ROS2/install/micro_ros_msgs/share/micro_ros_msgs/hook/ld_library_path_lib.dsv'
[3.482s] INFO:colcon.colcon_core.shell:Creating environment hook '/home/exysta/2324_Projet2A_Eve/Code/ROS2/install/micro_ros_msgs/share/micro_ros_msgs/hook/ld_library_path_lib.sh'
[3.482s] Level 1:colcon.colcon_core.environment:checking '/home/exysta/2324_Projet2A_Eve/Code/ROS2/install/micro_ros_msgs/bin'
[3.482s] Level 1:colcon.colcon_core.environment:checking '/home/exysta/2324_Projet2A_Eve/Code/ROS2/install/micro_ros_msgs/lib/pkgconfig/micro_ros_msgs.pc'
[3.482s] Level 1:colcon.colcon_core.environment:checking '/home/exysta/2324_Projet2A_Eve/Code/ROS2/install/micro_ros_msgs/lib/python3.10/site-packages'
[3.482s] Level 1:colcon.colcon_core.environment:checking '/home/exysta/2324_Projet2A_Eve/Code/ROS2/install/micro_ros_msgs/bin'
[3.496s] INFO:colcon.colcon_core.shell:Creating package script '/home/exysta/2324_Projet2A_Eve/Code/ROS2/install/micro_ros_msgs/share/micro_ros_msgs/package.ps1'
[3.497s] INFO:colcon.colcon_core.shell:Creating package descriptor '/home/exysta/2324_Projet2A_Eve/Code/ROS2/install/micro_ros_msgs/share/micro_ros_msgs/package.dsv'
[3.497s] INFO:colcon.colcon_core.shell:Creating package script '/home/exysta/2324_Projet2A_Eve/Code/ROS2/install/micro_ros_msgs/share/micro_ros_msgs/package.sh'
[3.497s] INFO:colcon.colcon_core.shell:Creating package script '/home/exysta/2324_Projet2A_Eve/Code/ROS2/install/micro_ros_msgs/share/micro_ros_msgs/package.bash'
[3.498s] INFO:colcon.colcon_core.shell:Creating package script '/home/exysta/2324_Projet2A_Eve/Code/ROS2/install/micro_ros_msgs/share/micro_ros_msgs/package.zsh'
[3.498s] Level 1:colcon.colcon_core.environment:create_file_with_runtime_dependencies(/home/exysta/2324_Projet2A_Eve/Code/ROS2/install/micro_ros_msgs/share/colcon-core/packages/micro_ros_msgs)
[3.650s] Level 1:colcon.colcon_core.environment:create_environment_scripts_only(micro_ros_msgs)
[3.677s] Level 1:colcon.colcon_core.environment:checking '/home/exysta/2324_Projet2A_Eve/Code/ROS2/install/micro_ros_msgs' for CMake module files
[3.678s] Level 1:colcon.colcon_core.environment:checking '/home/exysta/2324_Projet2A_Eve/Code/ROS2/install/micro_ros_msgs' for CMake config files
[3.679s] Level 1:colcon.colcon_core.shell:create_environment_hook('micro_ros_msgs', 'cmake_prefix_path')
[3.695s] INFO:colcon.colcon_core.shell:Creating environment hook '/home/exysta/2324_Projet2A_Eve/Code/ROS2/install/micro_ros_msgs/share/micro_ros_msgs/hook/cmake_prefix_path.ps1'
[3.696s] INFO:colcon.colcon_core.shell:Creating environment descriptor '/home/exysta/2324_Projet2A_Eve/Code/ROS2/install/micro_ros_msgs/share/micro_ros_msgs/hook/cmake_prefix_path.dsv'
[3.696s] INFO:colcon.colcon_core.shell:Creating environment hook '/home/exysta/2324_Projet2A_Eve/Code/ROS2/install/micro_ros_msgs/share/micro_ros_msgs/hook/cmake_prefix_path.sh'
[3.696s] Level 1:colcon.colcon_core.environment:checking '/home/exysta/2324_Projet2A_Eve/Code/ROS2/install/micro_ros_msgs/lib'
[3.696s] Level 1:colcon.colcon_core.shell:create_environment_hook('micro_ros_msgs', 'ld_library_path_lib')
[3.709s] INFO:colcon.colcon_core.shell:Creating environment hook '/home/exysta/2324_Projet2A_Eve/Code/ROS2/install/micro_ros_msgs/share/micro_ros_msgs/hook/ld_library_path_lib.ps1'
[3.710s] INFO:colcon.colcon_core.shell:Creating environment descriptor '/home/exysta/2324_Projet2A_Eve/Code/ROS2/install/micro_ros_msgs/share/micro_ros_msgs/hook/ld_library_path_lib.dsv'
[3.710s] INFO:colcon.colcon_core.shell:Creating environment hook '/home/exysta/2324_Projet2A_Eve/Code/ROS2/install/micro_ros_msgs/share/micro_ros_msgs/hook/ld_library_path_lib.sh'
[3.710s] Level 1:colcon.colcon_core.environment:checking '/home/exysta/2324_Projet2A_Eve/Code/ROS2/install/micro_ros_msgs/bin'
[3.710s] Level 1:colcon.colcon_core.environment:checking '/home/exysta/2324_Projet2A_Eve/Code/ROS2/install/micro_ros_msgs/lib/pkgconfig/micro_ros_msgs.pc'
[3.710s] Level 1:colcon.colcon_core.environment:checking '/home/exysta/2324_Projet2A_Eve/Code/ROS2/install/micro_ros_msgs/lib/python3.10/site-packages'
[3.711s] Level 1:colcon.colcon_core.environment:checking '/home/exysta/2324_Projet2A_Eve/Code/ROS2/install/micro_ros_msgs/bin'
[3.724s] INFO:colcon.colcon_core.shell:Creating package script '/home/exysta/2324_Projet2A_Eve/Code/ROS2/install/micro_ros_msgs/share/micro_ros_msgs/package.ps1'
[3.724s] INFO:colcon.colcon_core.shell:Creating package descriptor '/home/exysta/2324_Projet2A_Eve/Code/ROS2/install/micro_ros_msgs/share/micro_ros_msgs/package.dsv'
[3.725s] INFO:colcon.colcon_core.shell:Creating package script '/home/exysta/2324_Projet2A_Eve/Code/ROS2/install/micro_ros_msgs/share/micro_ros_msgs/package.sh'
[3.725s] INFO:colcon.colcon_core.shell:Creating package script '/home/exysta/2324_Projet2A_Eve/Code/ROS2/install/micro_ros_msgs/share/micro_ros_msgs/package.bash'
[3.725s] INFO:colcon.colcon_core.shell:Creating package script '/home/exysta/2324_Projet2A_Eve/Code/ROS2/install/micro_ros_msgs/share/micro_ros_msgs/package.zsh'
[3.726s] Level 1:colcon.colcon_core.environment:create_file_with_runtime_dependencies(/home/exysta/2324_Projet2A_Eve/Code/ROS2/install/micro_ros_msgs/share/colcon-core/packages/micro_ros_msgs)
[3.726s] INFO:colcon.colcon_ros.task.ament_cmake.build:Building ROS package in '/home/exysta/2324_Projet2A_Eve/Code/ROS2/src/uros/micro-ROS-Agent/micro_ros_agent' with build type 'ament_cmake'
[3.726s] INFO:colcon.colcon_cmake.task.cmake.build:Building CMake package in '/home/exysta/2324_Projet2A_Eve/Code/ROS2/src/uros/micro-ROS-Agent/micro_ros_agent'
[3.740s] INFO:colcon.colcon_core.shell:Skip shell extension 'powershell' for command environment: Not usable outside of PowerShell
[3.740s] DEBUG:colcon.colcon_core.shell:Skip shell extension 'dsv' for command environment
[3.805s] DEBUG:colcon.colcon_core.event_handler.log_command:Invoking command in '/home/exysta/2324_Projet2A_Eve/Code/ROS2/build/micro_ros_agent': CMAKE_PREFIX_PATH=/home/exysta/2324_Projet2A_Eve/Code/ROS2/install/micro_ros_msgs:/home/exysta/2324_Projet2A_Eve/Code/ROS2/install/micro_ros_setup:/home/exysta/2324_Projet2A_Eve/Code/ROS2/install/micro_ros_agent:/home/exysta/project/ros2_ws/install/bob_controller:/opt/ros/humble LD_LIBRARY_PATH=/home/exysta/2324_Projet2A_Eve/Code/ROS2/install/micro_ros_msgs/lib:/home/exysta/2324_Projet2A_Eve/Code/ROS2/install/micro_ros_agent/lib:/opt/ros/humble/opt/rviz_ogre_vendor/lib:/opt/ros/humble/lib/x86_64-linux-gnu:/opt/ros/humble/lib /usr/bin/cmake /home/exysta/2324_Projet2A_Eve/Code/ROS2/src/uros/micro-ROS-Agent/micro_ros_agent -DCMAKE_INSTALL_PREFIX=/home/exysta/2324_Projet2A_Eve/Code/ROS2/install/micro_ros_agent
[4.205s] DEBUG:colcon.colcon_core.event_handler.log_command:Invoked command in '/home/exysta/2324_Projet2A_Eve/Code/ROS2/build/micro_ros_agent' returned '0': CMAKE_PREFIX_PATH=/home/exysta/2324_Projet2A_Eve/Code/ROS2/install/micro_ros_msgs:/home/exysta/2324_Projet2A_Eve/Code/ROS2/install/micro_ros_setup:/home/exysta/2324_Projet2A_Eve/Code/ROS2/install/micro_ros_agent:/home/exysta/project/ros2_ws/install/bob_controller:/opt/ros/humble LD_LIBRARY_PATH=/home/exysta/2324_Projet2A_Eve/Code/ROS2/install/micro_ros_msgs/lib:/home/exysta/2324_Projet2A_Eve/Code/ROS2/install/micro_ros_agent/lib:/opt/ros/humble/opt/rviz_ogre_vendor/lib:/opt/ros/humble/lib/x86_64-linux-gnu:/opt/ros/humble/lib /usr/bin/cmake /home/exysta/2324_Projet2A_Eve/Code/ROS2/src/uros/micro-ROS-Agent/micro_ros_agent -DCMAKE_INSTALL_PREFIX=/home/exysta/2324_Projet2A_Eve/Code/ROS2/install/micro_ros_agent
[4.207s] DEBUG:colcon.colcon_core.event_handler.log_command:Invoking command in '/home/exysta/2324_Projet2A_Eve/Code/ROS2/build/micro_ros_agent': CMAKE_PREFIX_PATH=/home/exysta/2324_Projet2A_Eve/Code/ROS2/install/micro_ros_msgs:/home/exysta/2324_Projet2A_Eve/Code/ROS2/install/micro_ros_setup:/home/exysta/2324_Projet2A_Eve/Code/ROS2/install/micro_ros_agent:/home/exysta/project/ros2_ws/install/bob_controller:/opt/ros/humble LD_LIBRARY_PATH=/home/exysta/2324_Projet2A_Eve/Code/ROS2/install/micro_ros_msgs/lib:/home/exysta/2324_Projet2A_Eve/Code/ROS2/install/micro_ros_agent/lib:/opt/ros/humble/opt/rviz_ogre_vendor/lib:/opt/ros/humble/lib/x86_64-linux-gnu:/opt/ros/humble/lib /usr/bin/cmake --build /home/exysta/2324_Projet2A_Eve/Code/ROS2/build/micro_ros_agent -- -j8 -l8
[4.282s] DEBUG:colcon.colcon_core.event_handler.log_command:Invoked command in '/home/exysta/2324_Projet2A_Eve/Code/ROS2/build/micro_ros_agent' returned '0': CMAKE_PREFIX_PATH=/home/exysta/2324_Projet2A_Eve/Code/ROS2/install/micro_ros_msgs:/home/exysta/2324_Projet2A_Eve/Code/ROS2/install/micro_ros_setup:/home/exysta/2324_Projet2A_Eve/Code/ROS2/install/micro_ros_agent:/home/exysta/project/ros2_ws/install/bob_controller:/opt/ros/humble LD_LIBRARY_PATH=/home/exysta/2324_Projet2A_Eve/Code/ROS2/install/micro_ros_msgs/lib:/home/exysta/2324_Projet2A_Eve/Code/ROS2/install/micro_ros_agent/lib:/opt/ros/humble/opt/rviz_ogre_vendor/lib:/opt/ros/humble/lib/x86_64-linux-gnu:/opt/ros/humble/lib /usr/bin/cmake --build /home/exysta/2324_Projet2A_Eve/Code/ROS2/build/micro_ros_agent -- -j8 -l8
[4.305s] DEBUG:colcon.colcon_core.event_handler.log_command:Invoking command in '/home/exysta/2324_Projet2A_Eve/Code/ROS2/build/micro_ros_agent': CMAKE_PREFIX_PATH=/home/exysta/2324_Projet2A_Eve/Code/ROS2/install/micro_ros_msgs:/home/exysta/2324_Projet2A_Eve/Code/ROS2/install/micro_ros_setup:/home/exysta/2324_Projet2A_Eve/Code/ROS2/install/micro_ros_agent:/home/exysta/project/ros2_ws/install/bob_controller:/opt/ros/humble LD_LIBRARY_PATH=/home/exysta/2324_Projet2A_Eve/Code/ROS2/install/micro_ros_msgs/lib:/home/exysta/2324_Projet2A_Eve/Code/ROS2/install/micro_ros_agent/lib:/opt/ros/humble/opt/rviz_ogre_vendor/lib:/opt/ros/humble/lib/x86_64-linux-gnu:/opt/ros/humble/lib /usr/bin/cmake --install /home/exysta/2324_Projet2A_Eve/Code/ROS2/build/micro_ros_agent
[4.309s] Level 1:colcon.colcon_core.environment:create_environment_scripts_only(micro_ros_agent)
[4.310s] DEBUG:colcon.colcon_core.event_handler.log_command:Invoked command in '/home/exysta/2324_Projet2A_Eve/Code/ROS2/build/micro_ros_agent' returned '0': CMAKE_PREFIX_PATH=/home/exysta/2324_Projet2A_Eve/Code/ROS2/install/micro_ros_msgs:/home/exysta/2324_Projet2A_Eve/Code/ROS2/install/micro_ros_setup:/home/exysta/2324_Projet2A_Eve/Code/ROS2/install/micro_ros_agent:/home/exysta/project/ros2_ws/install/bob_controller:/opt/ros/humble LD_LIBRARY_PATH=/home/exysta/2324_Projet2A_Eve/Code/ROS2/install/micro_ros_msgs/lib:/home/exysta/2324_Projet2A_Eve/Code/ROS2/install/micro_ros_agent/lib:/opt/ros/humble/opt/rviz_ogre_vendor/lib:/opt/ros/humble/lib/x86_64-linux-gnu:/opt/ros/humble/lib /usr/bin/cmake --install /home/exysta/2324_Projet2A_Eve/Code/ROS2/build/micro_ros_agent
[4.323s] Level 1:colcon.colcon_core.environment:checking '/home/exysta/2324_Projet2A_Eve/Code/ROS2/install/micro_ros_agent' for CMake module files
[4.323s] Level 1:colcon.colcon_core.environment:checking '/home/exysta/2324_Projet2A_Eve/Code/ROS2/install/micro_ros_agent' for CMake config files
[4.323s] Level 1:colcon.colcon_core.shell:create_environment_hook('micro_ros_agent', 'cmake_prefix_path')
[4.336s] INFO:colcon.colcon_core.shell:Creating environment hook '/home/exysta/2324_Projet2A_Eve/Code/ROS2/install/micro_ros_agent/share/micro_ros_agent/hook/cmake_prefix_path.ps1'
[4.336s] INFO:colcon.colcon_core.shell:Creating environment descriptor '/home/exysta/2324_Projet2A_Eve/Code/ROS2/install/micro_ros_agent/share/micro_ros_agent/hook/cmake_prefix_path.dsv'
[4.337s] INFO:colcon.colcon_core.shell:Creating environment hook '/home/exysta/2324_Projet2A_Eve/Code/ROS2/install/micro_ros_agent/share/micro_ros_agent/hook/cmake_prefix_path.sh'
[4.337s] Level 1:colcon.colcon_core.environment:checking '/home/exysta/2324_Projet2A_Eve/Code/ROS2/install/micro_ros_agent/lib'
[4.337s] Level 1:colcon.colcon_core.shell:create_environment_hook('micro_ros_agent', 'ld_library_path_lib')
[4.350s] INFO:colcon.colcon_core.shell:Creating environment hook '/home/exysta/2324_Projet2A_Eve/Code/ROS2/install/micro_ros_agent/share/micro_ros_agent/hook/ld_library_path_lib.ps1'
[4.350s] INFO:colcon.colcon_core.shell:Creating environment descriptor '/home/exysta/2324_Projet2A_Eve/Code/ROS2/install/micro_ros_agent/share/micro_ros_agent/hook/ld_library_path_lib.dsv'
[4.350s] INFO:colcon.colcon_core.shell:Creating environment hook '/home/exysta/2324_Projet2A_Eve/Code/ROS2/install/micro_ros_agent/share/micro_ros_agent/hook/ld_library_path_lib.sh'
[4.351s] Level 1:colcon.colcon_core.environment:checking '/home/exysta/2324_Projet2A_Eve/Code/ROS2/install/micro_ros_agent/bin'
[4.351s] Level 1:colcon.colcon_core.environment:checking '/home/exysta/2324_Projet2A_Eve/Code/ROS2/install/micro_ros_agent/lib/pkgconfig/micro_ros_agent.pc'
[4.351s] Level 1:colcon.colcon_core.environment:checking '/home/exysta/2324_Projet2A_Eve/Code/ROS2/install/micro_ros_agent/lib/python3.10/site-packages'
[4.351s] Level 1:colcon.colcon_core.environment:checking '/home/exysta/2324_Projet2A_Eve/Code/ROS2/install/micro_ros_agent/bin'
[4.364s] INFO:colcon.colcon_core.shell:Creating package script '/home/exysta/2324_Projet2A_Eve/Code/ROS2/install/micro_ros_agent/share/micro_ros_agent/package.ps1'
[4.365s] INFO:colcon.colcon_core.shell:Creating package descriptor '/home/exysta/2324_Projet2A_Eve/Code/ROS2/install/micro_ros_agent/share/micro_ros_agent/package.dsv'
[4.365s] INFO:colcon.colcon_core.shell:Creating package script '/home/exysta/2324_Projet2A_Eve/Code/ROS2/install/micro_ros_agent/share/micro_ros_agent/package.sh'
[4.365s] INFO:colcon.colcon_core.shell:Creating package script '/home/exysta/2324_Projet2A_Eve/Code/ROS2/install/micro_ros_agent/share/micro_ros_agent/package.bash'
[4.366s] INFO:colcon.colcon_core.shell:Creating package script '/home/exysta/2324_Projet2A_Eve/Code/ROS2/install/micro_ros_agent/share/micro_ros_agent/package.zsh'
[4.366s] Level 1:colcon.colcon_core.environment:create_file_with_runtime_dependencies(/home/exysta/2324_Projet2A_Eve/Code/ROS2/install/micro_ros_agent/share/colcon-core/packages/micro_ros_agent)
[4.398s] Level 1:colcon.colcon_core.environment:create_environment_scripts_only(micro_ros_agent)
[4.411s] Level 1:colcon.colcon_core.environment:checking '/home/exysta/2324_Projet2A_Eve/Code/ROS2/install/micro_ros_agent' for CMake module files
[4.411s] Level 1:colcon.colcon_core.environment:checking '/home/exysta/2324_Projet2A_Eve/Code/ROS2/install/micro_ros_agent' for CMake config files
[4.412s] Level 1:colcon.colcon_core.shell:create_environment_hook('micro_ros_agent', 'cmake_prefix_path')
[4.425s] INFO:colcon.colcon_core.shell:Creating environment hook '/home/exysta/2324_Projet2A_Eve/Code/ROS2/install/micro_ros_agent/share/micro_ros_agent/hook/cmake_prefix_path.ps1'
[4.425s] INFO:colcon.colcon_core.shell:Creating environment descriptor '/home/exysta/2324_Projet2A_Eve/Code/ROS2/install/micro_ros_agent/share/micro_ros_agent/hook/cmake_prefix_path.dsv'
[4.425s] INFO:colcon.colcon_core.shell:Creating environment hook '/home/exysta/2324_Projet2A_Eve/Code/ROS2/install/micro_ros_agent/share/micro_ros_agent/hook/cmake_prefix_path.sh'
[4.426s] Level 1:colcon.colcon_core.environment:checking '/home/exysta/2324_Projet2A_Eve/Code/ROS2/install/micro_ros_agent/lib'
[4.426s] Level 1:colcon.colcon_core.shell:create_environment_hook('micro_ros_agent', 'ld_library_path_lib')
[4.438s] INFO:colcon.colcon_core.shell:Creating environment hook '/home/exysta/2324_Projet2A_Eve/Code/ROS2/install/micro_ros_agent/share/micro_ros_agent/hook/ld_library_path_lib.ps1'
[4.439s] INFO:colcon.colcon_core.shell:Creating environment descriptor '/home/exysta/2324_Projet2A_Eve/Code/ROS2/install/micro_ros_agent/share/micro_ros_agent/hook/ld_library_path_lib.dsv'
[4.439s] INFO:colcon.colcon_core.shell:Creating environment hook '/home/exysta/2324_Projet2A_Eve/Code/ROS2/install/micro_ros_agent/share/micro_ros_agent/hook/ld_library_path_lib.sh'
[4.439s] Level 1:colcon.colcon_core.environment:checking '/home/exysta/2324_Projet2A_Eve/Code/ROS2/install/micro_ros_agent/bin'
[4.439s] Level 1:colcon.colcon_core.environment:checking '/home/exysta/2324_Projet2A_Eve/Code/ROS2/install/micro_ros_agent/lib/pkgconfig/micro_ros_agent.pc'
[4.439s] Level 1:colcon.colcon_core.environment:checking '/home/exysta/2324_Projet2A_Eve/Code/ROS2/install/micro_ros_agent/lib/python3.10/site-packages'
[4.440s] Level 1:colcon.colcon_core.environment:checking '/home/exysta/2324_Projet2A_Eve/Code/ROS2/install/micro_ros_agent/bin'
[4.453s] INFO:colcon.colcon_core.shell:Creating package script '/home/exysta/2324_Projet2A_Eve/Code/ROS2/install/micro_ros_agent/share/micro_ros_agent/package.ps1'
[4.453s] INFO:colcon.colcon_core.shell:Creating package descriptor '/home/exysta/2324_Projet2A_Eve/Code/ROS2/install/micro_ros_agent/share/micro_ros_agent/package.dsv'
[4.454s] INFO:colcon.colcon_core.shell:Creating package script '/home/exysta/2324_Projet2A_Eve/Code/ROS2/install/micro_ros_agent/share/micro_ros_agent/package.sh'
[4.454s] INFO:colcon.colcon_core.shell:Creating package script '/home/exysta/2324_Projet2A_Eve/Code/ROS2/install/micro_ros_agent/share/micro_ros_agent/package.bash'
[4.454s] INFO:colcon.colcon_core.shell:Creating package script '/home/exysta/2324_Projet2A_Eve/Code/ROS2/install/micro_ros_agent/share/micro_ros_agent/package.zsh'
[4.455s] Level 1:colcon.colcon_core.environment:create_file_with_runtime_dependencies(/home/exysta/2324_Projet2A_Eve/Code/ROS2/install/micro_ros_agent/share/colcon-core/packages/micro_ros_agent)
[4.455s] DEBUG:colcon.colcon_parallel_executor.executor.parallel:closing loop
[4.455s] DEBUG:colcon.colcon_parallel_executor.executor.parallel:loop closed
[4.455s] DEBUG:colcon.colcon_parallel_executor.executor.parallel:run_until_complete finished with '0'
[4.455s] DEBUG:colcon.colcon_core.event_reactor:joining thread
[4.498s] INFO:colcon.colcon_core.plugin_system:Skipping extension 'colcon_notification.desktop_notification.terminal_notifier': Not used on non-Darwin systems
[4.498s] INFO:colcon.colcon_core.plugin_system:Skipping extension 'colcon_notification.desktop_notification.win32': Not used on non-Windows systems
[4.498s] INFO:colcon.colcon_notification.desktop_notification:Sending desktop notification using 'notify2'
[4.502s] DEBUG:colcon.colcon_core.event_reactor:joined thread
[4.516s] INFO:colcon.colcon_core.shell:Creating prefix script '/home/exysta/2324_Projet2A_Eve/Code/ROS2/install/local_setup.ps1'
[4.517s] INFO:colcon.colcon_core.shell:Creating prefix util module '/home/exysta/2324_Projet2A_Eve/Code/ROS2/install/_local_setup_util_ps1.py'
[4.518s] INFO:colcon.colcon_core.shell:Creating prefix chain script '/home/exysta/2324_Projet2A_Eve/Code/ROS2/install/setup.ps1'
[4.532s] INFO:colcon.colcon_core.shell:Creating prefix script '/home/exysta/2324_Projet2A_Eve/Code/ROS2/install/local_setup.sh'
[4.532s] INFO:colcon.colcon_core.shell:Creating prefix util module '/home/exysta/2324_Projet2A_Eve/Code/ROS2/install/_local_setup_util_sh.py'
[4.533s] INFO:colcon.colcon_core.shell:Creating prefix chain script '/home/exysta/2324_Projet2A_Eve/Code/ROS2/install/setup.sh'
[4.546s] INFO:colcon.colcon_core.shell:Creating prefix script '/home/exysta/2324_Projet2A_Eve/Code/ROS2/install/local_setup.bash'
[4.547s] INFO:colcon.colcon_core.shell:Creating prefix chain script '/home/exysta/2324_Projet2A_Eve/Code/ROS2/install/setup.bash'
[4.574s] INFO:colcon.colcon_core.shell:Creating prefix script '/home/exysta/2324_Projet2A_Eve/Code/ROS2/install/local_setup.zsh'
[4.575s] INFO:colcon.colcon_core.shell:Creating prefix chain script '/home/exysta/2324_Projet2A_Eve/Code/ROS2/install/setup.zsh'
