[0.073s] Invoking command in '/home/exysta/2324_Projet2A_Eve/Code/ROS2/build/micro_ros_msgs': CMAKE_PREFIX_PATH=${CMAKE_PREFIX_PATH}:/home/exysta/project/ros2_ws/install/bob_controller:/opt/ros/humble /usr/bin/cmake /home/exysta/2324_Projet2A_Eve/Code/ROS2/src/uros/micro_ros_msgs -DUAGENT_BUILD_EXECUTABLE=OFF -DUAGENT_P2P_PROFILE=OFF --no-warn-unused-cli -DCMAKE_INSTALL_PREFIX=/home/exysta/2324_Projet2A_Eve/Code/ROS2/install/micro_ros_msgs
[0.077s] Not searching for unused variables given on the command line.
[0.123s] -- The C compiler identification is GNU 11.4.0
[0.202s] -- The CXX compiler identification is GNU 11.4.0
[0.216s] -- Detecting C compiler ABI info
[0.267s] -- Detecting C compiler ABI info - done
[0.274s] -- Check for working C compiler: /usr/bin/cc - skipped
[0.274s] -- Detecting C compile features
[0.274s] -- Detecting C compile features - done
[0.276s] -- Detecting CXX compiler ABI info
[0.342s] -- Detecting CXX compiler ABI info - done
[0.349s] -- Check for working CXX compiler: /usr/bin/c++ - skipped
[0.349s] -- Detecting CXX compile features
[0.350s] -- Detecting CXX compile features - done
[0.351s] -- Found ament_cmake: 1.3.7 (/opt/ros/humble/share/ament_cmake/cmake)
[0.892s] -- Found Python3: /usr/bin/python3.10 (found version "3.10.12") found components: Interpreter 
[1.024s] -- Found rosidl_default_generators: 1.2.0 (/opt/ros/humble/share/rosidl_default_generators/cmake)
[1.030s] -- Using all available rosidl_typesupport_c: rosidl_typesupport_fastrtps_c;rosidl_typesupport_introspection_c
[1.043s] -- Found rosidl_adapter: 3.1.5 (/opt/ros/humble/share/rosidl_adapter/cmake)
[1.083s] -- Using all available rosidl_typesupport_cpp: rosidl_typesupport_fastrtps_cpp;rosidl_typesupport_introspection_cpp
[1.117s] -- Found ament_lint_auto: 0.12.10 (/opt/ros/humble/share/ament_lint_auto/cmake)
[1.384s] -- Found ament_cmake_ros: 0.10.0 (/opt/ros/humble/share/ament_cmake_ros/cmake)
[1.540s] -- Using all available rosidl_typesupport_c: rosidl_typesupport_fastrtps_c;rosidl_typesupport_introspection_c
[1.787s] -- Using all available rosidl_typesupport_cpp: rosidl_typesupport_fastrtps_cpp;rosidl_typesupport_introspection_cpp
[1.839s] -- Found PythonInterp: /usr/bin/python3 (found suitable version "3.10.12", minimum required is "3.6") 
[1.842s] -- Found python_cmake_module: 0.10.0 (/opt/ros/humble/share/python_cmake_module/cmake)
[1.866s] -- Found PythonLibs: /usr/lib/x86_64-linux-gnu/libpython3.10.so (found suitable version "3.10.12", minimum required is "3.5") 
[1.866s] -- Using PYTHON_EXECUTABLE: /usr/bin/python3
[1.866s] -- Using PYTHON_INCLUDE_DIRS: /usr/include/python3.10
[1.866s] -- Using PYTHON_LIBRARIES: /usr/lib/x86_64-linux-gnu/libpython3.10.so
[1.883s] -- Found PythonExtra: .so  
[1.953s] -- Added test 'copyright' to check source files copyright and LICENSE
[1.966s] -- Added test 'lint_cmake' to check CMake code style
[1.974s] -- Added test 'xmllint' to check XML markup files
[1.980s] -- Configuring done
[2.003s] -- Generating done
[2.005s] -- Build files have been written to: /home/exysta/2324_Projet2A_Eve/Code/ROS2/build/micro_ros_msgs
[2.011s] Invoked command in '/home/exysta/2324_Projet2A_Eve/Code/ROS2/build/micro_ros_msgs' returned '0': CMAKE_PREFIX_PATH=${CMAKE_PREFIX_PATH}:/home/exysta/project/ros2_ws/install/bob_controller:/opt/ros/humble /usr/bin/cmake /home/exysta/2324_Projet2A_Eve/Code/ROS2/src/uros/micro_ros_msgs -DUAGENT_BUILD_EXECUTABLE=OFF -DUAGENT_P2P_PROFILE=OFF --no-warn-unused-cli -DCMAKE_INSTALL_PREFIX=/home/exysta/2324_Projet2A_Eve/Code/ROS2/install/micro_ros_msgs
[2.015s] Invoking command in '/home/exysta/2324_Projet2A_Eve/Code/ROS2/build/micro_ros_msgs': CMAKE_PREFIX_PATH=${CMAKE_PREFIX_PATH}:/home/exysta/project/ros2_ws/install/bob_controller:/opt/ros/humble /usr/bin/cmake --build /home/exysta/2324_Projet2A_Eve/Code/ROS2/build/micro_ros_msgs -- -j8 -l8
[2.037s] [  2%] [34m[1mGenerating C code for ROS interfaces[0m
[2.043s] [  4%] [34m[1mGenerating C++ code for ROS interfaces[0m
[2.052s] [  4%] Built target ament_cmake_python_copy_micro_ros_msgs
[2.342s] running egg_info
[2.343s] creating micro_ros_msgs.egg-info
[2.343s] writing micro_ros_msgs.egg-info/PKG-INFO
[2.343s] writing dependency_links to micro_ros_msgs.egg-info/dependency_links.txt
[2.343s] writing top-level names to micro_ros_msgs.egg-info/top_level.txt
[2.344s] writing manifest file 'micro_ros_msgs.egg-info/SOURCES.txt'
[2.353s] reading manifest file 'micro_ros_msgs.egg-info/SOURCES.txt'
[2.354s] writing manifest file 'micro_ros_msgs.egg-info/SOURCES.txt'
[2.383s] [  4%] Built target ament_cmake_python_build_micro_ros_msgs_egg
[2.412s] [  4%] Built target micro_ros_msgs__cpp
[2.417s] [  6%] [34m[1mGenerating C++ type support dispatch for ROS interfaces[0m
[2.418s] [  8%] [34m[1mGenerating C++ introspection for ROS interfaces[0m
[2.418s] [ 10%] [34m[1mGenerating C++ type support for eProsima Fast-RTPS[0m
[2.442s] [ 12%] [32mBuilding C object CMakeFiles/micro_ros_msgs__rosidl_generator_c.dir/rosidl_generator_c/micro_ros_msgs/msg/detail/graph__functions.c.o[0m
[2.444s] [ 14%] [32mBuilding C object CMakeFiles/micro_ros_msgs__rosidl_generator_c.dir/rosidl_generator_c/micro_ros_msgs/msg/detail/entity__functions.c.o[0m
[2.444s] [ 17%] [32mBuilding C object CMakeFiles/micro_ros_msgs__rosidl_generator_c.dir/rosidl_generator_c/micro_ros_msgs/msg/detail/node__functions.c.o[0m
[2.540s] [ 19%] [32m[1mLinking C shared library libmicro_ros_msgs__rosidl_generator_c.so[0m
[2.590s] [ 19%] Built target micro_ros_msgs__rosidl_generator_c
[2.595s] [ 25%] [34m[1mGenerating C introspection for ROS interfaces[0m
[2.595s] [ 25%] [34m[1mGenerating C type support dispatch for ROS interfaces[0m
[2.595s] [ 25%] [34m[1mGenerating C type support for eProsima Fast-RTPS[0m
[2.928s] [ 29%] [32mBuilding CXX object CMakeFiles/micro_ros_msgs__rosidl_typesupport_cpp.dir/rosidl_typesupport_cpp/micro_ros_msgs/msg/graph__type_support.cpp.o[0m
[2.928s] [ 29%] [32mBuilding CXX object CMakeFiles/micro_ros_msgs__rosidl_typesupport_cpp.dir/rosidl_typesupport_cpp/micro_ros_msgs/msg/node__type_support.cpp.o[0m
[2.928s] [ 31%] [32mBuilding CXX object CMakeFiles/micro_ros_msgs__rosidl_typesupport_cpp.dir/rosidl_typesupport_cpp/micro_ros_msgs/msg/entity__type_support.cpp.o[0m
[3.026s] [ 34%] [32mBuilding CXX object CMakeFiles/micro_ros_msgs__rosidl_typesupport_introspection_cpp.dir/rosidl_typesupport_introspection_cpp/micro_ros_msgs/msg/detail/graph__type_support.cpp.o[0m
[3.083s] [ 36%] [32mBuilding CXX object CMakeFiles/micro_ros_msgs__rosidl_typesupport_fastrtps_cpp.dir/rosidl_typesupport_fastrtps_cpp/micro_ros_msgs/msg/detail/dds_fastrtps/graph__type_support.cpp.o[0m
[3.234s] [ 38%] [32mBuilding CXX object CMakeFiles/micro_ros_msgs__rosidl_typesupport_c.dir/rosidl_typesupport_c/micro_ros_msgs/msg/graph__type_support.cpp.o[0m
[3.245s] [ 40%] [32mBuilding C object CMakeFiles/micro_ros_msgs__rosidl_typesupport_introspection_c.dir/rosidl_typesupport_introspection_c/micro_ros_msgs/msg/detail/graph__type_support.c.o[0m
[3.289s] [ 42%] [32mBuilding CXX object CMakeFiles/micro_ros_msgs__rosidl_typesupport_fastrtps_c.dir/rosidl_typesupport_fastrtps_c/micro_ros_msgs/msg/detail/graph__type_support_c.cpp.o[0m
[3.293s] [ 44%] [32mBuilding CXX object CMakeFiles/micro_ros_msgs__rosidl_typesupport_c.dir/rosidl_typesupport_c/micro_ros_msgs/msg/node__type_support.cpp.o[0m
[3.317s] [ 46%] [32mBuilding C object CMakeFiles/micro_ros_msgs__rosidl_typesupport_introspection_c.dir/rosidl_typesupport_introspection_c/micro_ros_msgs/msg/detail/node__type_support.c.o[0m
[3.337s] [ 48%] [32mBuilding CXX object CMakeFiles/micro_ros_msgs__rosidl_typesupport_c.dir/rosidl_typesupport_c/micro_ros_msgs/msg/entity__type_support.cpp.o[0m
[3.395s] [ 51%] [32m[1mLinking CXX shared library libmicro_ros_msgs__rosidl_typesupport_c.so[0m
[3.397s] [ 53%] [32mBuilding C object CMakeFiles/micro_ros_msgs__rosidl_typesupport_introspection_c.dir/rosidl_typesupport_introspection_c/micro_ros_msgs/msg/detail/entity__type_support.c.o[0m
[3.431s] [ 55%] [32mBuilding CXX object CMakeFiles/micro_ros_msgs__rosidl_typesupport_fastrtps_c.dir/rosidl_typesupport_fastrtps_c/micro_ros_msgs/msg/detail/node__type_support_c.cpp.o[0m
[3.458s] [ 55%] Built target micro_ros_msgs__rosidl_typesupport_c
[3.470s] [ 57%] [32mBuilding CXX object CMakeFiles/micro_ros_msgs__rosidl_typesupport_fastrtps_cpp.dir/rosidl_typesupport_fastrtps_cpp/micro_ros_msgs/msg/detail/dds_fastrtps/node__type_support.cpp.o[0m
[3.473s] [ 59%] [32mBuilding CXX object CMakeFiles/micro_ros_msgs__rosidl_typesupport_fastrtps_cpp.dir/rosidl_typesupport_fastrtps_cpp/micro_ros_msgs/msg/detail/dds_fastrtps/entity__type_support.cpp.o[0m
[3.475s] [ 61%] [32m[1mLinking C shared library libmicro_ros_msgs__rosidl_typesupport_introspection_c.so[0m
[3.479s] [ 63%] [32m[1mLinking CXX shared library libmicro_ros_msgs__rosidl_typesupport_cpp.so[0m
[3.514s] [ 63%] Built target micro_ros_msgs__rosidl_typesupport_introspection_c
[3.526s] [ 65%] [32mBuilding CXX object CMakeFiles/micro_ros_msgs__rosidl_typesupport_fastrtps_c.dir/rosidl_typesupport_fastrtps_c/micro_ros_msgs/msg/detail/entity__type_support_c.cpp.o[0m
[3.585s] [ 65%] Built target micro_ros_msgs__rosidl_typesupport_cpp
[3.590s] [ 68%] [32mBuilding CXX object CMakeFiles/micro_ros_msgs__rosidl_typesupport_introspection_cpp.dir/rosidl_typesupport_introspection_cpp/micro_ros_msgs/msg/detail/node__type_support.cpp.o[0m
[3.964s] [ 70%] [32mBuilding CXX object CMakeFiles/micro_ros_msgs__rosidl_typesupport_introspection_cpp.dir/rosidl_typesupport_introspection_cpp/micro_ros_msgs/msg/detail/entity__type_support.cpp.o[0m
[4.112s] [ 72%] [32m[1mLinking CXX shared library libmicro_ros_msgs__rosidl_typesupport_fastrtps_c.so[0m
[4.230s] [ 72%] Built target micro_ros_msgs__rosidl_typesupport_fastrtps_c
[4.265s] [ 74%] [32m[1mLinking CXX shared library libmicro_ros_msgs__rosidl_typesupport_fastrtps_cpp.so[0m
[4.344s] [ 74%] Built target micro_ros_msgs__rosidl_typesupport_fastrtps_cpp
[4.433s] [ 76%] [32m[1mLinking CXX shared library libmicro_ros_msgs__rosidl_typesupport_introspection_cpp.so[0m
[4.516s] [ 76%] Built target micro_ros_msgs__rosidl_typesupport_introspection_cpp
[4.530s] [ 76%] Built target micro_ros_msgs
[4.546s] [ 78%] [34m[1mGenerating Python code for ROS interfaces[0m
[4.968s] [ 78%] Built target micro_ros_msgs__py
[4.983s] [ 80%] [32mBuilding C object CMakeFiles/micro_ros_msgs__rosidl_generator_py.dir/rosidl_generator_py/micro_ros_msgs/msg/_graph_s.c.o[0m
[4.984s] [ 85%] [32mBuilding C object CMakeFiles/micro_ros_msgs__rosidl_generator_py.dir/rosidl_generator_py/micro_ros_msgs/msg/_node_s.c.o[0m
[4.984s] [ 85%] [32mBuilding C object CMakeFiles/micro_ros_msgs__rosidl_generator_py.dir/rosidl_generator_py/micro_ros_msgs/msg/_entity_s.c.o[0m
[5.105s] [ 87%] [32m[1mLinking C shared library rosidl_generator_py/micro_ros_msgs/libmicro_ros_msgs__rosidl_generator_py.so[0m
[5.153s] [ 87%] Built target micro_ros_msgs__rosidl_generator_py
[5.160s] [ 89%] [32mBuilding C object CMakeFiles/micro_ros_msgs__rosidl_typesupport_fastrtps_c__pyext.dir/rosidl_generator_py/micro_ros_msgs/_micro_ros_msgs_s.ep.rosidl_typesupport_fastrtps_c.c.o[0m
[5.163s] [ 91%] [32mBuilding C object CMakeFiles/micro_ros_msgs__rosidl_typesupport_introspection_c__pyext.dir/rosidl_generator_py/micro_ros_msgs/_micro_ros_msgs_s.ep.rosidl_typesupport_introspection_c.c.o[0m
[5.163s] [ 93%] [32mBuilding C object CMakeFiles/micro_ros_msgs__rosidl_typesupport_c__pyext.dir/rosidl_generator_py/micro_ros_msgs/_micro_ros_msgs_s.ep.rosidl_typesupport_c.c.o[0m
[5.258s] [ 95%] [32m[1mLinking C shared library rosidl_generator_py/micro_ros_msgs/micro_ros_msgs_s__rosidl_typesupport_c.cpython-310-x86_64-linux-gnu.so[0m
[5.258s] [ 97%] [32m[1mLinking C shared library rosidl_generator_py/micro_ros_msgs/micro_ros_msgs_s__rosidl_typesupport_introspection_c.cpython-310-x86_64-linux-gnu.so[0m
[5.287s] [ 97%] Built target micro_ros_msgs__rosidl_typesupport_c__pyext
[5.290s] [100%] [32m[1mLinking C shared library rosidl_generator_py/micro_ros_msgs/micro_ros_msgs_s__rosidl_typesupport_fastrtps_c.cpython-310-x86_64-linux-gnu.so[0m
[5.292s] [100%] Built target micro_ros_msgs__rosidl_typesupport_introspection_c__pyext
[5.309s] [100%] Built target micro_ros_msgs__rosidl_typesupport_fastrtps_c__pyext
[5.315s] Invoked command in '/home/exysta/2324_Projet2A_Eve/Code/ROS2/build/micro_ros_msgs' returned '0': CMAKE_PREFIX_PATH=${CMAKE_PREFIX_PATH}:/home/exysta/project/ros2_ws/install/bob_controller:/opt/ros/humble /usr/bin/cmake --build /home/exysta/2324_Projet2A_Eve/Code/ROS2/build/micro_ros_msgs -- -j8 -l8
[5.394s] Invoking command in '/home/exysta/2324_Projet2A_Eve/Code/ROS2/build/micro_ros_msgs': CMAKE_PREFIX_PATH=${CMAKE_PREFIX_PATH}:/home/exysta/project/ros2_ws/install/bob_controller:/opt/ros/humble /usr/bin/cmake --install /home/exysta/2324_Projet2A_Eve/Code/ROS2/build/micro_ros_msgs
[5.400s] -- Install configuration: ""
[5.400s] -- Installing: /home/exysta/2324_Projet2A_Eve/Code/ROS2/install/micro_ros_msgs/share/ament_index/resource_index/rosidl_interfaces/micro_ros_msgs
[5.401s] -- Installing: /home/exysta/2324_Projet2A_Eve/Code/ROS2/install/micro_ros_msgs/include/micro_ros_msgs/micro_ros_msgs
[5.401s] -- Installing: /home/exysta/2324_Projet2A_Eve/Code/ROS2/install/micro_ros_msgs/include/micro_ros_msgs/micro_ros_msgs/msg
[5.401s] -- Installing: /home/exysta/2324_Projet2A_Eve/Code/ROS2/install/micro_ros_msgs/include/micro_ros_msgs/micro_ros_msgs/msg/graph.h
[5.401s] -- Installing: /home/exysta/2324_Projet2A_Eve/Code/ROS2/install/micro_ros_msgs/include/micro_ros_msgs/micro_ros_msgs/msg/detail
[5.401s] -- Installing: /home/exysta/2324_Projet2A_Eve/Code/ROS2/install/micro_ros_msgs/include/micro_ros_msgs/micro_ros_msgs/msg/detail/node__type_support.h
[5.402s] -- Installing: /home/exysta/2324_Projet2A_Eve/Code/ROS2/install/micro_ros_msgs/include/micro_ros_msgs/micro_ros_msgs/msg/detail/graph__struct.h
[5.402s] -- Installing: /home/exysta/2324_Projet2A_Eve/Code/ROS2/install/micro_ros_msgs/include/micro_ros_msgs/micro_ros_msgs/msg/detail/entity__struct.h
[5.402s] -- Installing: /home/exysta/2324_Projet2A_Eve/Code/ROS2/install/micro_ros_msgs/include/micro_ros_msgs/micro_ros_msgs/msg/detail/graph__type_support.h
[5.402s] -- Installing: /home/exysta/2324_Projet2A_Eve/Code/ROS2/install/micro_ros_msgs/include/micro_ros_msgs/micro_ros_msgs/msg/detail/graph__functions.h
[5.402s] -- Installing: /home/exysta/2324_Projet2A_Eve/Code/ROS2/install/micro_ros_msgs/include/micro_ros_msgs/micro_ros_msgs/msg/detail/entity__type_support.h
[5.402s] -- Installing: /home/exysta/2324_Projet2A_Eve/Code/ROS2/install/micro_ros_msgs/include/micro_ros_msgs/micro_ros_msgs/msg/detail/node__functions.h
[5.402s] -- Installing: /home/exysta/2324_Projet2A_Eve/Code/ROS2/install/micro_ros_msgs/include/micro_ros_msgs/micro_ros_msgs/msg/detail/entity__functions.h
[5.403s] -- Installing: /home/exysta/2324_Projet2A_Eve/Code/ROS2/install/micro_ros_msgs/include/micro_ros_msgs/micro_ros_msgs/msg/detail/entity__functions.c
[5.403s] -- Installing: /home/exysta/2324_Projet2A_Eve/Code/ROS2/install/micro_ros_msgs/include/micro_ros_msgs/micro_ros_msgs/msg/detail/graph__functions.c
[5.403s] -- Installing: /home/exysta/2324_Projet2A_Eve/Code/ROS2/install/micro_ros_msgs/include/micro_ros_msgs/micro_ros_msgs/msg/detail/node__struct.h
[5.403s] -- Installing: /home/exysta/2324_Projet2A_Eve/Code/ROS2/install/micro_ros_msgs/include/micro_ros_msgs/micro_ros_msgs/msg/detail/node__functions.c
[5.403s] -- Installing: /home/exysta/2324_Projet2A_Eve/Code/ROS2/install/micro_ros_msgs/include/micro_ros_msgs/micro_ros_msgs/msg/entity.h
[5.403s] -- Installing: /home/exysta/2324_Projet2A_Eve/Code/ROS2/install/micro_ros_msgs/include/micro_ros_msgs/micro_ros_msgs/msg/rosidl_generator_c__visibility_control.h
[5.404s] -- Installing: /home/exysta/2324_Projet2A_Eve/Code/ROS2/install/micro_ros_msgs/include/micro_ros_msgs/micro_ros_msgs/msg/node.h
[5.404s] -- Installing: /home/exysta/2324_Projet2A_Eve/Code/ROS2/install/micro_ros_msgs/share/micro_ros_msgs/environment/library_path.sh
[5.404s] -- Installing: /home/exysta/2324_Projet2A_Eve/Code/ROS2/install/micro_ros_msgs/share/micro_ros_msgs/environment/library_path.dsv
[5.404s] -- Installing: /home/exysta/2324_Projet2A_Eve/Code/ROS2/install/micro_ros_msgs/lib/libmicro_ros_msgs__rosidl_generator_c.so
[5.404s] -- Set runtime path of "/home/exysta/2324_Projet2A_Eve/Code/ROS2/install/micro_ros_msgs/lib/libmicro_ros_msgs__rosidl_generator_c.so" to ""
[5.404s] -- Up-to-date: /home/exysta/2324_Projet2A_Eve/Code/ROS2/install/micro_ros_msgs/include/micro_ros_msgs/micro_ros_msgs
[5.404s] -- Up-to-date: /home/exysta/2324_Projet2A_Eve/Code/ROS2/install/micro_ros_msgs/include/micro_ros_msgs/micro_ros_msgs/msg
[5.404s] -- Up-to-date: /home/exysta/2324_Projet2A_Eve/Code/ROS2/install/micro_ros_msgs/include/micro_ros_msgs/micro_ros_msgs/msg/detail
[5.404s] -- Installing: /home/exysta/2324_Projet2A_Eve/Code/ROS2/install/micro_ros_msgs/include/micro_ros_msgs/micro_ros_msgs/msg/detail/entity__rosidl_typesupport_fastrtps_c.h
[5.405s] -- Installing: /home/exysta/2324_Projet2A_Eve/Code/ROS2/install/micro_ros_msgs/include/micro_ros_msgs/micro_ros_msgs/msg/detail/node__rosidl_typesupport_fastrtps_c.h
[5.405s] -- Installing: /home/exysta/2324_Projet2A_Eve/Code/ROS2/install/micro_ros_msgs/include/micro_ros_msgs/micro_ros_msgs/msg/detail/graph__rosidl_typesupport_fastrtps_c.h
[5.405s] -- Installing: /home/exysta/2324_Projet2A_Eve/Code/ROS2/install/micro_ros_msgs/include/micro_ros_msgs/micro_ros_msgs/msg/rosidl_typesupport_fastrtps_c__visibility_control.h
[5.405s] -- Installing: /home/exysta/2324_Projet2A_Eve/Code/ROS2/install/micro_ros_msgs/lib/libmicro_ros_msgs__rosidl_typesupport_fastrtps_c.so
[5.405s] -- Set runtime path of "/home/exysta/2324_Projet2A_Eve/Code/ROS2/install/micro_ros_msgs/lib/libmicro_ros_msgs__rosidl_typesupport_fastrtps_c.so" to ""
[5.405s] -- Up-to-date: /home/exysta/2324_Projet2A_Eve/Code/ROS2/install/micro_ros_msgs/include/micro_ros_msgs/micro_ros_msgs
[5.406s] -- Up-to-date: /home/exysta/2324_Projet2A_Eve/Code/ROS2/install/micro_ros_msgs/include/micro_ros_msgs/micro_ros_msgs/msg
[5.406s] -- Up-to-date: /home/exysta/2324_Projet2A_Eve/Code/ROS2/install/micro_ros_msgs/include/micro_ros_msgs/micro_ros_msgs/msg/detail
[5.407s] -- Installing: /home/exysta/2324_Projet2A_Eve/Code/ROS2/install/micro_ros_msgs/include/micro_ros_msgs/micro_ros_msgs/msg/detail/graph__rosidl_typesupport_introspection_c.h
[5.407s] -- Installing: /home/exysta/2324_Projet2A_Eve/Code/ROS2/install/micro_ros_msgs/include/micro_ros_msgs/micro_ros_msgs/msg/detail/node__rosidl_typesupport_introspection_c.h
[5.407s] -- Installing: /home/exysta/2324_Projet2A_Eve/Code/ROS2/install/micro_ros_msgs/include/micro_ros_msgs/micro_ros_msgs/msg/detail/entity__type_support.c
[5.407s] -- Installing: /home/exysta/2324_Projet2A_Eve/Code/ROS2/install/micro_ros_msgs/include/micro_ros_msgs/micro_ros_msgs/msg/detail/graph__type_support.c
[5.407s] -- Installing: /home/exysta/2324_Projet2A_Eve/Code/ROS2/install/micro_ros_msgs/include/micro_ros_msgs/micro_ros_msgs/msg/detail/entity__rosidl_typesupport_introspection_c.h
[5.407s] -- Installing: /home/exysta/2324_Projet2A_Eve/Code/ROS2/install/micro_ros_msgs/include/micro_ros_msgs/micro_ros_msgs/msg/detail/node__type_support.c
[5.407s] -- Installing: /home/exysta/2324_Projet2A_Eve/Code/ROS2/install/micro_ros_msgs/include/micro_ros_msgs/micro_ros_msgs/msg/rosidl_typesupport_introspection_c__visibility_control.h
[5.407s] -- Installing: /home/exysta/2324_Projet2A_Eve/Code/ROS2/install/micro_ros_msgs/lib/libmicro_ros_msgs__rosidl_typesupport_introspection_c.so
[5.407s] -- Set runtime path of "/home/exysta/2324_Projet2A_Eve/Code/ROS2/install/micro_ros_msgs/lib/libmicro_ros_msgs__rosidl_typesupport_introspection_c.so" to ""
[5.408s] -- Installing: /home/exysta/2324_Projet2A_Eve/Code/ROS2/install/micro_ros_msgs/lib/libmicro_ros_msgs__rosidl_typesupport_c.so
[5.408s] -- Set runtime path of "/home/exysta/2324_Projet2A_Eve/Code/ROS2/install/micro_ros_msgs/lib/libmicro_ros_msgs__rosidl_typesupport_c.so" to ""
[5.408s] -- Up-to-date: /home/exysta/2324_Projet2A_Eve/Code/ROS2/install/micro_ros_msgs/include/micro_ros_msgs/micro_ros_msgs
[5.408s] -- Up-to-date: /home/exysta/2324_Projet2A_Eve/Code/ROS2/install/micro_ros_msgs/include/micro_ros_msgs/micro_ros_msgs/msg
[5.408s] -- Up-to-date: /home/exysta/2324_Projet2A_Eve/Code/ROS2/install/micro_ros_msgs/include/micro_ros_msgs/micro_ros_msgs/msg/detail
[5.408s] -- Installing: /home/exysta/2324_Projet2A_Eve/Code/ROS2/install/micro_ros_msgs/include/micro_ros_msgs/micro_ros_msgs/msg/detail/entity__builder.hpp
[5.408s] -- Installing: /home/exysta/2324_Projet2A_Eve/Code/ROS2/install/micro_ros_msgs/include/micro_ros_msgs/micro_ros_msgs/msg/detail/node__struct.hpp
[5.408s] -- Installing: /home/exysta/2324_Projet2A_Eve/Code/ROS2/install/micro_ros_msgs/include/micro_ros_msgs/micro_ros_msgs/msg/detail/entity__struct.hpp
[5.408s] -- Installing: /home/exysta/2324_Projet2A_Eve/Code/ROS2/install/micro_ros_msgs/include/micro_ros_msgs/micro_ros_msgs/msg/detail/node__builder.hpp
[5.408s] -- Installing: /home/exysta/2324_Projet2A_Eve/Code/ROS2/install/micro_ros_msgs/include/micro_ros_msgs/micro_ros_msgs/msg/detail/entity__traits.hpp
[5.408s] -- Installing: /home/exysta/2324_Projet2A_Eve/Code/ROS2/install/micro_ros_msgs/include/micro_ros_msgs/micro_ros_msgs/msg/detail/graph__struct.hpp
[5.408s] -- Installing: /home/exysta/2324_Projet2A_Eve/Code/ROS2/install/micro_ros_msgs/include/micro_ros_msgs/micro_ros_msgs/msg/detail/node__traits.hpp
[5.408s] -- Installing: /home/exysta/2324_Projet2A_Eve/Code/ROS2/install/micro_ros_msgs/include/micro_ros_msgs/micro_ros_msgs/msg/detail/graph__builder.hpp
[5.408s] -- Installing: /home/exysta/2324_Projet2A_Eve/Code/ROS2/install/micro_ros_msgs/include/micro_ros_msgs/micro_ros_msgs/msg/detail/graph__traits.hpp
[5.409s] -- Installing: /home/exysta/2324_Projet2A_Eve/Code/ROS2/install/micro_ros_msgs/include/micro_ros_msgs/micro_ros_msgs/msg/graph.hpp
[5.409s] -- Installing: /home/exysta/2324_Projet2A_Eve/Code/ROS2/install/micro_ros_msgs/include/micro_ros_msgs/micro_ros_msgs/msg/entity.hpp
[5.409s] -- Installing: /home/exysta/2324_Projet2A_Eve/Code/ROS2/install/micro_ros_msgs/include/micro_ros_msgs/micro_ros_msgs/msg/node.hpp
[5.409s] -- Up-to-date: /home/exysta/2324_Projet2A_Eve/Code/ROS2/install/micro_ros_msgs/include/micro_ros_msgs/micro_ros_msgs
[5.409s] -- Up-to-date: /home/exysta/2324_Projet2A_Eve/Code/ROS2/install/micro_ros_msgs/include/micro_ros_msgs/micro_ros_msgs/msg
[5.409s] -- Installing: /home/exysta/2324_Projet2A_Eve/Code/ROS2/install/micro_ros_msgs/include/micro_ros_msgs/micro_ros_msgs/msg/rosidl_typesupport_fastrtps_cpp__visibility_control.h
[5.409s] -- Up-to-date: /home/exysta/2324_Projet2A_Eve/Code/ROS2/install/micro_ros_msgs/include/micro_ros_msgs/micro_ros_msgs/msg/detail
[5.409s] -- Installing: /home/exysta/2324_Projet2A_Eve/Code/ROS2/install/micro_ros_msgs/include/micro_ros_msgs/micro_ros_msgs/msg/detail/node__rosidl_typesupport_fastrtps_cpp.hpp
[5.409s] -- Installing: /home/exysta/2324_Projet2A_Eve/Code/ROS2/install/micro_ros_msgs/include/micro_ros_msgs/micro_ros_msgs/msg/detail/dds_fastrtps
[5.409s] -- Installing: /home/exysta/2324_Projet2A_Eve/Code/ROS2/install/micro_ros_msgs/include/micro_ros_msgs/micro_ros_msgs/msg/detail/graph__rosidl_typesupport_fastrtps_cpp.hpp
[5.410s] -- Installing: /home/exysta/2324_Projet2A_Eve/Code/ROS2/install/micro_ros_msgs/include/micro_ros_msgs/micro_ros_msgs/msg/detail/entity__rosidl_typesupport_fastrtps_cpp.hpp
[5.410s] -- Installing: /home/exysta/2324_Projet2A_Eve/Code/ROS2/install/micro_ros_msgs/lib/libmicro_ros_msgs__rosidl_typesupport_fastrtps_cpp.so
[5.410s] -- Set runtime path of "/home/exysta/2324_Projet2A_Eve/Code/ROS2/install/micro_ros_msgs/lib/libmicro_ros_msgs__rosidl_typesupport_fastrtps_cpp.so" to ""
[5.410s] -- Up-to-date: /home/exysta/2324_Projet2A_Eve/Code/ROS2/install/micro_ros_msgs/include/micro_ros_msgs/micro_ros_msgs
[5.411s] -- Up-to-date: /home/exysta/2324_Projet2A_Eve/Code/ROS2/install/micro_ros_msgs/include/micro_ros_msgs/micro_ros_msgs/msg
[5.411s] -- Up-to-date: /home/exysta/2324_Projet2A_Eve/Code/ROS2/install/micro_ros_msgs/include/micro_ros_msgs/micro_ros_msgs/msg/detail
[5.411s] -- Installing: /home/exysta/2324_Projet2A_Eve/Code/ROS2/install/micro_ros_msgs/include/micro_ros_msgs/micro_ros_msgs/msg/detail/graph__rosidl_typesupport_introspection_cpp.hpp
[5.411s] -- Installing: /home/exysta/2324_Projet2A_Eve/Code/ROS2/install/micro_ros_msgs/include/micro_ros_msgs/micro_ros_msgs/msg/detail/entity__type_support.cpp
[5.411s] -- Installing: /home/exysta/2324_Projet2A_Eve/Code/ROS2/install/micro_ros_msgs/include/micro_ros_msgs/micro_ros_msgs/msg/detail/node__rosidl_typesupport_introspection_cpp.hpp
[5.411s] -- Installing: /home/exysta/2324_Projet2A_Eve/Code/ROS2/install/micro_ros_msgs/include/micro_ros_msgs/micro_ros_msgs/msg/detail/graph__type_support.cpp
[5.411s] -- Installing: /home/exysta/2324_Projet2A_Eve/Code/ROS2/install/micro_ros_msgs/include/micro_ros_msgs/micro_ros_msgs/msg/detail/node__type_support.cpp
[5.411s] -- Installing: /home/exysta/2324_Projet2A_Eve/Code/ROS2/install/micro_ros_msgs/include/micro_ros_msgs/micro_ros_msgs/msg/detail/entity__rosidl_typesupport_introspection_cpp.hpp
[5.411s] -- Installing: /home/exysta/2324_Projet2A_Eve/Code/ROS2/install/micro_ros_msgs/lib/libmicro_ros_msgs__rosidl_typesupport_introspection_cpp.so
[5.412s] -- Set runtime path of "/home/exysta/2324_Projet2A_Eve/Code/ROS2/install/micro_ros_msgs/lib/libmicro_ros_msgs__rosidl_typesupport_introspection_cpp.so" to ""
[5.412s] -- Installing: /home/exysta/2324_Projet2A_Eve/Code/ROS2/install/micro_ros_msgs/lib/libmicro_ros_msgs__rosidl_typesupport_cpp.so
[5.412s] -- Set runtime path of "/home/exysta/2324_Projet2A_Eve/Code/ROS2/install/micro_ros_msgs/lib/libmicro_ros_msgs__rosidl_typesupport_cpp.so" to ""
[5.413s] -- Installing: /home/exysta/2324_Projet2A_Eve/Code/ROS2/install/micro_ros_msgs/share/micro_ros_msgs/environment/pythonpath.sh
[5.413s] -- Installing: /home/exysta/2324_Projet2A_Eve/Code/ROS2/install/micro_ros_msgs/share/micro_ros_msgs/environment/pythonpath.dsv
[5.413s] -- Installing: /home/exysta/2324_Projet2A_Eve/Code/ROS2/install/micro_ros_msgs/local/lib/python3.10/dist-packages/micro_ros_msgs-3.0.1-py3.10.egg-info
[5.413s] -- Installing: /home/exysta/2324_Projet2A_Eve/Code/ROS2/install/micro_ros_msgs/local/lib/python3.10/dist-packages/micro_ros_msgs-3.0.1-py3.10.egg-info/SOURCES.txt
[5.413s] -- Installing: /home/exysta/2324_Projet2A_Eve/Code/ROS2/install/micro_ros_msgs/local/lib/python3.10/dist-packages/micro_ros_msgs-3.0.1-py3.10.egg-info/top_level.txt
[5.413s] -- Installing: /home/exysta/2324_Projet2A_Eve/Code/ROS2/install/micro_ros_msgs/local/lib/python3.10/dist-packages/micro_ros_msgs-3.0.1-py3.10.egg-info/PKG-INFO
[5.413s] -- Installing: /home/exysta/2324_Projet2A_Eve/Code/ROS2/install/micro_ros_msgs/local/lib/python3.10/dist-packages/micro_ros_msgs-3.0.1-py3.10.egg-info/dependency_links.txt
[5.414s] -- Installing: /home/exysta/2324_Projet2A_Eve/Code/ROS2/install/micro_ros_msgs/local/lib/python3.10/dist-packages/micro_ros_msgs
[5.414s] -- Installing: /home/exysta/2324_Projet2A_Eve/Code/ROS2/install/micro_ros_msgs/local/lib/python3.10/dist-packages/micro_ros_msgs/micro_ros_msgs_s__rosidl_typesupport_introspection_c.cpython-310-x86_64-linux-gnu.so
[5.414s] -- Installing: /home/exysta/2324_Projet2A_Eve/Code/ROS2/install/micro_ros_msgs/local/lib/python3.10/dist-packages/micro_ros_msgs/_micro_ros_msgs_s.ep.rosidl_typesupport_c.c
[5.414s] -- Installing: /home/exysta/2324_Projet2A_Eve/Code/ROS2/install/micro_ros_msgs/local/lib/python3.10/dist-packages/micro_ros_msgs/libmicro_ros_msgs__rosidl_generator_py.so
[5.414s] -- Installing: /home/exysta/2324_Projet2A_Eve/Code/ROS2/install/micro_ros_msgs/local/lib/python3.10/dist-packages/micro_ros_msgs/_micro_ros_msgs_s.ep.rosidl_typesupport_introspection_c.c
[5.414s] -- Installing: /home/exysta/2324_Projet2A_Eve/Code/ROS2/install/micro_ros_msgs/local/lib/python3.10/dist-packages/micro_ros_msgs/msg
[5.414s] -- Installing: /home/exysta/2324_Projet2A_Eve/Code/ROS2/install/micro_ros_msgs/local/lib/python3.10/dist-packages/micro_ros_msgs/msg/_entity_s.c
[5.415s] -- Installing: /home/exysta/2324_Projet2A_Eve/Code/ROS2/install/micro_ros_msgs/local/lib/python3.10/dist-packages/micro_ros_msgs/msg/_graph.py
[5.415s] -- Installing: /home/exysta/2324_Projet2A_Eve/Code/ROS2/install/micro_ros_msgs/local/lib/python3.10/dist-packages/micro_ros_msgs/msg/_node_s.c
[5.415s] -- Installing: /home/exysta/2324_Projet2A_Eve/Code/ROS2/install/micro_ros_msgs/local/lib/python3.10/dist-packages/micro_ros_msgs/msg/_entity.py
[5.415s] -- Installing: /home/exysta/2324_Projet2A_Eve/Code/ROS2/install/micro_ros_msgs/local/lib/python3.10/dist-packages/micro_ros_msgs/msg/__init__.py
[5.415s] -- Installing: /home/exysta/2324_Projet2A_Eve/Code/ROS2/install/micro_ros_msgs/local/lib/python3.10/dist-packages/micro_ros_msgs/msg/_node.py
[5.415s] -- Installing: /home/exysta/2324_Projet2A_Eve/Code/ROS2/install/micro_ros_msgs/local/lib/python3.10/dist-packages/micro_ros_msgs/msg/_graph_s.c
[5.415s] -- Installing: /home/exysta/2324_Projet2A_Eve/Code/ROS2/install/micro_ros_msgs/local/lib/python3.10/dist-packages/micro_ros_msgs/micro_ros_msgs_s__rosidl_typesupport_fastrtps_c.cpython-310-x86_64-linux-gnu.so
[5.415s] -- Installing: /home/exysta/2324_Projet2A_Eve/Code/ROS2/install/micro_ros_msgs/local/lib/python3.10/dist-packages/micro_ros_msgs/_micro_ros_msgs_s.ep.rosidl_typesupport_fastrtps_c.c
[5.416s] -- Installing: /home/exysta/2324_Projet2A_Eve/Code/ROS2/install/micro_ros_msgs/local/lib/python3.10/dist-packages/micro_ros_msgs/micro_ros_msgs_s__rosidl_typesupport_c.cpython-310-x86_64-linux-gnu.so
[5.416s] -- Installing: /home/exysta/2324_Projet2A_Eve/Code/ROS2/install/micro_ros_msgs/local/lib/python3.10/dist-packages/micro_ros_msgs/__init__.py
[5.441s] Listing '/home/exysta/2324_Projet2A_Eve/Code/ROS2/install/micro_ros_msgs/local/lib/python3.10/dist-packages/micro_ros_msgs'...
[5.441s] Compiling '/home/exysta/2324_Projet2A_Eve/Code/ROS2/install/micro_ros_msgs/local/lib/python3.10/dist-packages/micro_ros_msgs/__init__.py'...
[5.441s] Listing '/home/exysta/2324_Projet2A_Eve/Code/ROS2/install/micro_ros_msgs/local/lib/python3.10/dist-packages/micro_ros_msgs/msg'...
[5.441s] Compiling '/home/exysta/2324_Projet2A_Eve/Code/ROS2/install/micro_ros_msgs/local/lib/python3.10/dist-packages/micro_ros_msgs/msg/__init__.py'...
[5.441s] Compiling '/home/exysta/2324_Projet2A_Eve/Code/ROS2/install/micro_ros_msgs/local/lib/python3.10/dist-packages/micro_ros_msgs/msg/_entity.py'...
[5.441s] Compiling '/home/exysta/2324_Projet2A_Eve/Code/ROS2/install/micro_ros_msgs/local/lib/python3.10/dist-packages/micro_ros_msgs/msg/_graph.py'...
[5.441s] Compiling '/home/exysta/2324_Projet2A_Eve/Code/ROS2/install/micro_ros_msgs/local/lib/python3.10/dist-packages/micro_ros_msgs/msg/_node.py'...
[5.445s] -- Installing: /home/exysta/2324_Projet2A_Eve/Code/ROS2/install/micro_ros_msgs/local/lib/python3.10/dist-packages/micro_ros_msgs/micro_ros_msgs_s__rosidl_typesupport_fastrtps_c.cpython-310-x86_64-linux-gnu.so
[5.446s] -- Set runtime path of "/home/exysta/2324_Projet2A_Eve/Code/ROS2/install/micro_ros_msgs/local/lib/python3.10/dist-packages/micro_ros_msgs/micro_ros_msgs_s__rosidl_typesupport_fastrtps_c.cpython-310-x86_64-linux-gnu.so" to ""
[5.446s] -- Installing: /home/exysta/2324_Projet2A_Eve/Code/ROS2/install/micro_ros_msgs/local/lib/python3.10/dist-packages/micro_ros_msgs/micro_ros_msgs_s__rosidl_typesupport_introspection_c.cpython-310-x86_64-linux-gnu.so
[5.446s] -- Set runtime path of "/home/exysta/2324_Projet2A_Eve/Code/ROS2/install/micro_ros_msgs/local/lib/python3.10/dist-packages/micro_ros_msgs/micro_ros_msgs_s__rosidl_typesupport_introspection_c.cpython-310-x86_64-linux-gnu.so" to ""
[5.447s] -- Installing: /home/exysta/2324_Projet2A_Eve/Code/ROS2/install/micro_ros_msgs/local/lib/python3.10/dist-packages/micro_ros_msgs/micro_ros_msgs_s__rosidl_typesupport_c.cpython-310-x86_64-linux-gnu.so
[5.447s] -- Set runtime path of "/home/exysta/2324_Projet2A_Eve/Code/ROS2/install/micro_ros_msgs/local/lib/python3.10/dist-packages/micro_ros_msgs/micro_ros_msgs_s__rosidl_typesupport_c.cpython-310-x86_64-linux-gnu.so" to ""
[5.447s] -- Installing: /home/exysta/2324_Projet2A_Eve/Code/ROS2/install/micro_ros_msgs/lib/libmicro_ros_msgs__rosidl_generator_py.so
[5.447s] -- Set runtime path of "/home/exysta/2324_Projet2A_Eve/Code/ROS2/install/micro_ros_msgs/lib/libmicro_ros_msgs__rosidl_generator_py.so" to ""
[5.447s] -- Installing: /home/exysta/2324_Projet2A_Eve/Code/ROS2/install/micro_ros_msgs/share/micro_ros_msgs/msg/Graph.idl
[5.447s] -- Installing: /home/exysta/2324_Projet2A_Eve/Code/ROS2/install/micro_ros_msgs/share/micro_ros_msgs/msg/Node.idl
[5.447s] -- Installing: /home/exysta/2324_Projet2A_Eve/Code/ROS2/install/micro_ros_msgs/share/micro_ros_msgs/msg/Entity.idl
[5.447s] -- Installing: /home/exysta/2324_Projet2A_Eve/Code/ROS2/install/micro_ros_msgs/share/micro_ros_msgs/msg/Graph.msg
[5.448s] -- Installing: /home/exysta/2324_Projet2A_Eve/Code/ROS2/install/micro_ros_msgs/share/micro_ros_msgs/msg/Node.msg
[5.448s] -- Installing: /home/exysta/2324_Projet2A_Eve/Code/ROS2/install/micro_ros_msgs/share/micro_ros_msgs/msg/Entity.msg
[5.448s] -- Installing: /home/exysta/2324_Projet2A_Eve/Code/ROS2/install/micro_ros_msgs/share/ament_index/resource_index/package_run_dependencies/micro_ros_msgs
[5.448s] -- Installing: /home/exysta/2324_Projet2A_Eve/Code/ROS2/install/micro_ros_msgs/share/ament_index/resource_index/parent_prefix_path/micro_ros_msgs
[5.448s] -- Installing: /home/exysta/2324_Projet2A_Eve/Code/ROS2/install/micro_ros_msgs/share/micro_ros_msgs/environment/ament_prefix_path.sh
[5.456s] -- Installing: /home/exysta/2324_Projet2A_Eve/Code/ROS2/install/micro_ros_msgs/share/micro_ros_msgs/environment/ament_prefix_path.dsv
[5.456s] -- Installing: /home/exysta/2324_Projet2A_Eve/Code/ROS2/install/micro_ros_msgs/share/micro_ros_msgs/environment/path.sh
[5.456s] -- Installing: /home/exysta/2324_Projet2A_Eve/Code/ROS2/install/micro_ros_msgs/share/micro_ros_msgs/environment/path.dsv
[5.456s] -- Installing: /home/exysta/2324_Projet2A_Eve/Code/ROS2/install/micro_ros_msgs/share/micro_ros_msgs/local_setup.bash
[5.459s] -- Installing: /home/exysta/2324_Projet2A_Eve/Code/ROS2/install/micro_ros_msgs/share/micro_ros_msgs/local_setup.sh
[5.459s] -- Installing: /home/exysta/2324_Projet2A_Eve/Code/ROS2/install/micro_ros_msgs/share/micro_ros_msgs/local_setup.zsh
[5.459s] -- Installing: /home/exysta/2324_Projet2A_Eve/Code/ROS2/install/micro_ros_msgs/share/micro_ros_msgs/local_setup.dsv
[5.459s] -- Installing: /home/exysta/2324_Projet2A_Eve/Code/ROS2/install/micro_ros_msgs/share/micro_ros_msgs/package.dsv
[5.460s] -- Installing: /home/exysta/2324_Projet2A_Eve/Code/ROS2/install/micro_ros_msgs/share/ament_index/resource_index/packages/micro_ros_msgs
[5.460s] -- Installing: /home/exysta/2324_Projet2A_Eve/Code/ROS2/install/micro_ros_msgs/share/micro_ros_msgs/cmake/export_micro_ros_msgs__rosidl_generator_cExport.cmake
[5.460s] -- Installing: /home/exysta/2324_Projet2A_Eve/Code/ROS2/install/micro_ros_msgs/share/micro_ros_msgs/cmake/export_micro_ros_msgs__rosidl_generator_cExport-noconfig.cmake
[5.460s] -- Installing: /home/exysta/2324_Projet2A_Eve/Code/ROS2/install/micro_ros_msgs/share/micro_ros_msgs/cmake/export_micro_ros_msgs__rosidl_typesupport_fastrtps_cExport.cmake
[5.460s] -- Installing: /home/exysta/2324_Projet2A_Eve/Code/ROS2/install/micro_ros_msgs/share/micro_ros_msgs/cmake/export_micro_ros_msgs__rosidl_typesupport_fastrtps_cExport-noconfig.cmake
[5.460s] -- Installing: /home/exysta/2324_Projet2A_Eve/Code/ROS2/install/micro_ros_msgs/share/micro_ros_msgs/cmake/micro_ros_msgs__rosidl_typesupport_introspection_cExport.cmake
[5.461s] -- Installing: /home/exysta/2324_Projet2A_Eve/Code/ROS2/install/micro_ros_msgs/share/micro_ros_msgs/cmake/micro_ros_msgs__rosidl_typesupport_introspection_cExport-noconfig.cmake
[5.461s] -- Installing: /home/exysta/2324_Projet2A_Eve/Code/ROS2/install/micro_ros_msgs/share/micro_ros_msgs/cmake/micro_ros_msgs__rosidl_typesupport_cExport.cmake
[5.461s] -- Installing: /home/exysta/2324_Projet2A_Eve/Code/ROS2/install/micro_ros_msgs/share/micro_ros_msgs/cmake/micro_ros_msgs__rosidl_typesupport_cExport-noconfig.cmake
[5.461s] -- Installing: /home/exysta/2324_Projet2A_Eve/Code/ROS2/install/micro_ros_msgs/share/micro_ros_msgs/cmake/export_micro_ros_msgs__rosidl_generator_cppExport.cmake
[5.461s] -- Installing: /home/exysta/2324_Projet2A_Eve/Code/ROS2/install/micro_ros_msgs/share/micro_ros_msgs/cmake/export_micro_ros_msgs__rosidl_typesupport_fastrtps_cppExport.cmake
[5.462s] -- Installing: /home/exysta/2324_Projet2A_Eve/Code/ROS2/install/micro_ros_msgs/share/micro_ros_msgs/cmake/export_micro_ros_msgs__rosidl_typesupport_fastrtps_cppExport-noconfig.cmake
[5.462s] -- Installing: /home/exysta/2324_Projet2A_Eve/Code/ROS2/install/micro_ros_msgs/share/micro_ros_msgs/cmake/micro_ros_msgs__rosidl_typesupport_introspection_cppExport.cmake
[5.462s] -- Installing: /home/exysta/2324_Projet2A_Eve/Code/ROS2/install/micro_ros_msgs/share/micro_ros_msgs/cmake/micro_ros_msgs__rosidl_typesupport_introspection_cppExport-noconfig.cmake
[5.462s] -- Installing: /home/exysta/2324_Projet2A_Eve/Code/ROS2/install/micro_ros_msgs/share/micro_ros_msgs/cmake/micro_ros_msgs__rosidl_typesupport_cppExport.cmake
[5.462s] -- Installing: /home/exysta/2324_Projet2A_Eve/Code/ROS2/install/micro_ros_msgs/share/micro_ros_msgs/cmake/micro_ros_msgs__rosidl_typesupport_cppExport-noconfig.cmake
[5.463s] -- Installing: /home/exysta/2324_Projet2A_Eve/Code/ROS2/install/micro_ros_msgs/share/micro_ros_msgs/cmake/export_micro_ros_msgs__rosidl_generator_pyExport.cmake
[5.463s] -- Installing: /home/exysta/2324_Projet2A_Eve/Code/ROS2/install/micro_ros_msgs/share/micro_ros_msgs/cmake/export_micro_ros_msgs__rosidl_generator_pyExport-noconfig.cmake
[5.463s] -- Installing: /home/exysta/2324_Projet2A_Eve/Code/ROS2/install/micro_ros_msgs/share/micro_ros_msgs/cmake/rosidl_cmake-extras.cmake
[5.463s] -- Installing: /home/exysta/2324_Projet2A_Eve/Code/ROS2/install/micro_ros_msgs/share/micro_ros_msgs/cmake/ament_cmake_export_include_directories-extras.cmake
[5.463s] -- Installing: /home/exysta/2324_Projet2A_Eve/Code/ROS2/install/micro_ros_msgs/share/micro_ros_msgs/cmake/ament_cmake_export_libraries-extras.cmake
[5.463s] -- Installing: /home/exysta/2324_Projet2A_Eve/Code/ROS2/install/micro_ros_msgs/share/micro_ros_msgs/cmake/ament_cmake_export_targets-extras.cmake
[5.464s] -- Installing: /home/exysta/2324_Projet2A_Eve/Code/ROS2/install/micro_ros_msgs/share/micro_ros_msgs/cmake/rosidl_cmake_export_typesupport_targets-extras.cmake
[5.464s] -- Installing: /home/exysta/2324_Projet2A_Eve/Code/ROS2/install/micro_ros_msgs/share/micro_ros_msgs/cmake/ament_cmake_export_dependencies-extras.cmake
[5.464s] -- Installing: /home/exysta/2324_Projet2A_Eve/Code/ROS2/install/micro_ros_msgs/share/micro_ros_msgs/cmake/rosidl_cmake_export_typesupport_libraries-extras.cmake
[5.464s] -- Installing: /home/exysta/2324_Projet2A_Eve/Code/ROS2/install/micro_ros_msgs/share/micro_ros_msgs/cmake/micro_ros_msgsConfig.cmake
[5.464s] -- Installing: /home/exysta/2324_Projet2A_Eve/Code/ROS2/install/micro_ros_msgs/share/micro_ros_msgs/cmake/micro_ros_msgsConfig-version.cmake
[5.464s] -- Installing: /home/exysta/2324_Projet2A_Eve/Code/ROS2/install/micro_ros_msgs/share/micro_ros_msgs/package.xml
[5.465s] Invoked command in '/home/exysta/2324_Projet2A_Eve/Code/ROS2/build/micro_ros_msgs' returned '0': CMAKE_PREFIX_PATH=${CMAKE_PREFIX_PATH}:/home/exysta/project/ros2_ws/install/bob_controller:/opt/ros/humble /usr/bin/cmake --install /home/exysta/2324_Projet2A_Eve/Code/ROS2/build/micro_ros_msgs
