[0.075s] Invoking command in '/home/exysta/2324_Projet2A_Eve/Code/ROS2/build/micro_ros_msgs': CMAKE_PREFIX_PATH=${CMAKE_PREFIX_PATH}:/home/exysta/project/ros2_ws/install/bob_controller:/opt/ros/humble /usr/bin/cmake /home/exysta/2324_Projet2A_Eve/Code/ROS2/src/uros/micro_ros_msgs -DUAGENT_BUILD_EXECUTABLE=OFF -DUAGENT_P2P_PROFILE=OFF --no-warn-unused-cli -DCMAKE_INSTALL_PREFIX=/home/exysta/2324_Projet2A_Eve/Code/ROS2/install/micro_ros_msgs
[0.078s] Not searching for unused variables given on the command line.
[0.141s] -- The C compiler identification is GNU 11.4.0
[0.195s] -- The CXX compiler identification is GNU 11.4.0
[0.207s] -- Detecting C compiler ABI info
[0.269s] -- Detecting C compiler ABI info - done
[0.275s] -- Check for working C compiler: /usr/bin/cc - skipped
[0.275s] -- Detecting C compile features
[0.275s] -- Detecting C compile features - done
[0.278s] -- Detecting CXX compiler ABI info
[0.357s] -- Detecting CXX compiler ABI info - done
[0.376s] -- Check for working CXX compiler: /usr/bin/c++ - skipped
[0.376s] -- Detecting CXX compile features
[0.377s] -- Detecting CXX compile features - done
[0.382s] -- Found ament_cmake: 1.3.7 (/opt/ros/humble/share/ament_cmake/cmake)
[0.968s] -- Found Python3: /usr/bin/python3.10 (found version "3.10.12") found components: Interpreter 
[1.064s] -- Found rosidl_default_generators: 1.2.0 (/opt/ros/humble/share/rosidl_default_generators/cmake)
[1.069s] -- Using all available rosidl_typesupport_c: rosidl_typesupport_fastrtps_c;rosidl_typesupport_introspection_c
[1.081s] -- Found rosidl_adapter: 3.1.5 (/opt/ros/humble/share/rosidl_adapter/cmake)
[1.124s] -- Using all available rosidl_typesupport_cpp: rosidl_typesupport_fastrtps_cpp;rosidl_typesupport_introspection_cpp
[1.153s] -- Found ament_lint_auto: 0.12.10 (/opt/ros/humble/share/ament_lint_auto/cmake)
[1.435s] -- Found ament_cmake_ros: 0.10.0 (/opt/ros/humble/share/ament_cmake_ros/cmake)
[1.582s] -- Using all available rosidl_typesupport_c: rosidl_typesupport_fastrtps_c;rosidl_typesupport_introspection_c
[1.768s] -- Using all available rosidl_typesupport_cpp: rosidl_typesupport_fastrtps_cpp;rosidl_typesupport_introspection_cpp
[1.806s] -- Found PythonInterp: /usr/bin/python3 (found suitable version "3.10.12", minimum required is "3.6") 
[1.809s] -- Found python_cmake_module: 0.10.0 (/opt/ros/humble/share/python_cmake_module/cmake)
[1.856s] -- Found PythonLibs: /usr/lib/x86_64-linux-gnu/libpython3.10.so (found suitable version "3.10.12", minimum required is "3.5") 
[1.856s] -- Using PYTHON_EXECUTABLE: /usr/bin/python3
[1.856s] -- Using PYTHON_INCLUDE_DIRS: /usr/include/python3.10
[1.856s] -- Using PYTHON_LIBRARIES: /usr/lib/x86_64-linux-gnu/libpython3.10.so
[1.891s] -- Found PythonExtra: .so  
[1.955s] -- Added test 'copyright' to check source files copyright and LICENSE
[1.967s] -- Added test 'lint_cmake' to check CMake code style
[1.972s] -- Added test 'xmllint' to check XML markup files
[1.980s] -- Configuring done
[2.019s] -- Generating done
[2.021s] -- Build files have been written to: /home/exysta/2324_Projet2A_Eve/Code/ROS2/build/micro_ros_msgs
[2.026s] Invoked command in '/home/exysta/2324_Projet2A_Eve/Code/ROS2/build/micro_ros_msgs' returned '0': CMAKE_PREFIX_PATH=${CMAKE_PREFIX_PATH}:/home/exysta/project/ros2_ws/install/bob_controller:/opt/ros/humble /usr/bin/cmake /home/exysta/2324_Projet2A_Eve/Code/ROS2/src/uros/micro_ros_msgs -DUAGENT_BUILD_EXECUTABLE=OFF -DUAGENT_P2P_PROFILE=OFF --no-warn-unused-cli -DCMAKE_INSTALL_PREFIX=/home/exysta/2324_Projet2A_Eve/Code/ROS2/install/micro_ros_msgs
[2.027s] Invoking command in '/home/exysta/2324_Projet2A_Eve/Code/ROS2/build/micro_ros_msgs': CMAKE_PREFIX_PATH=${CMAKE_PREFIX_PATH}:/home/exysta/project/ros2_ws/install/bob_controller:/opt/ros/humble /usr/bin/cmake --build /home/exysta/2324_Projet2A_Eve/Code/ROS2/build/micro_ros_msgs -- -j8 -l8
[2.055s] [  2%] [34m[1mGenerating C code for ROS interfaces[0m
[2.059s] [  4%] [34m[1mGenerating C++ code for ROS interfaces[0m
[2.062s] [  4%] Built target ament_cmake_python_copy_micro_ros_msgs
[2.269s] running egg_info
[2.269s] creating micro_ros_msgs.egg-info
[2.269s] writing micro_ros_msgs.egg-info/PKG-INFO
[2.270s] writing dependency_links to micro_ros_msgs.egg-info/dependency_links.txt
[2.270s] writing top-level names to micro_ros_msgs.egg-info/top_level.txt
[2.270s] writing manifest file 'micro_ros_msgs.egg-info/SOURCES.txt'
[2.271s] reading manifest file 'micro_ros_msgs.egg-info/SOURCES.txt'
[2.272s] writing manifest file 'micro_ros_msgs.egg-info/SOURCES.txt'
[2.298s] [  4%] Built target ament_cmake_python_build_micro_ros_msgs_egg
[2.344s] [  4%] Built target micro_ros_msgs__cpp
[2.350s] [  8%] [34m[1mGenerating C++ type support dispatch for ROS interfaces[0m
[2.351s] [  8%] [34m[1mGenerating C++ type support for eProsima Fast-RTPS[0m
[2.351s] [ 10%] [34m[1mGenerating C++ introspection for ROS interfaces[0m
[2.386s] [ 12%] [32mBuilding C object CMakeFiles/micro_ros_msgs__rosidl_generator_c.dir/rosidl_generator_c/micro_ros_msgs/msg/detail/node__functions.c.o[0m
[2.387s] [ 14%] [32mBuilding C object CMakeFiles/micro_ros_msgs__rosidl_generator_c.dir/rosidl_generator_c/micro_ros_msgs/msg/detail/graph__functions.c.o[0m
[2.387s] [ 17%] [32mBuilding C object CMakeFiles/micro_ros_msgs__rosidl_generator_c.dir/rosidl_generator_c/micro_ros_msgs/msg/detail/entity__functions.c.o[0m
[2.432s] [ 19%] [32m[1mLinking C shared library libmicro_ros_msgs__rosidl_generator_c.so[0m
[2.457s] [ 19%] Built target micro_ros_msgs__rosidl_generator_c
[2.461s] [ 23%] [34m[1mGenerating C type support dispatch for ROS interfaces[0m
[2.461s] [ 23%] [34m[1mGenerating C introspection for ROS interfaces[0m
[2.462s] [ 25%] [34m[1mGenerating C type support for eProsima Fast-RTPS[0m
[2.603s] [ 27%] [32mBuilding CXX object CMakeFiles/micro_ros_msgs__rosidl_typesupport_cpp.dir/rosidl_typesupport_cpp/micro_ros_msgs/msg/entity__type_support.cpp.o[0m
[2.603s] [ 29%] [32mBuilding CXX object CMakeFiles/micro_ros_msgs__rosidl_typesupport_cpp.dir/rosidl_typesupport_cpp/micro_ros_msgs/msg/node__type_support.cpp.o[0m
[2.604s] [ 31%] [32mBuilding CXX object CMakeFiles/micro_ros_msgs__rosidl_typesupport_cpp.dir/rosidl_typesupport_cpp/micro_ros_msgs/msg/graph__type_support.cpp.o[0m
[2.676s] [ 34%] [32mBuilding CXX object CMakeFiles/micro_ros_msgs__rosidl_typesupport_introspection_cpp.dir/rosidl_typesupport_introspection_cpp/micro_ros_msgs/msg/detail/graph__type_support.cpp.o[0m
[2.708s] [ 36%] [32mBuilding CXX object CMakeFiles/micro_ros_msgs__rosidl_typesupport_fastrtps_cpp.dir/rosidl_typesupport_fastrtps_cpp/micro_ros_msgs/msg/detail/dds_fastrtps/graph__type_support.cpp.o[0m
[2.746s] [ 38%] [32mBuilding CXX object CMakeFiles/micro_ros_msgs__rosidl_typesupport_c.dir/rosidl_typesupport_c/micro_ros_msgs/msg/graph__type_support.cpp.o[0m
[2.786s] [ 40%] [32mBuilding CXX object CMakeFiles/micro_ros_msgs__rosidl_typesupport_c.dir/rosidl_typesupport_c/micro_ros_msgs/msg/node__type_support.cpp.o[0m
[2.812s] [ 42%] [32mBuilding CXX object CMakeFiles/micro_ros_msgs__rosidl_typesupport_c.dir/rosidl_typesupport_c/micro_ros_msgs/msg/entity__type_support.cpp.o[0m
[2.819s] [ 44%] [32mBuilding C object CMakeFiles/micro_ros_msgs__rosidl_typesupport_introspection_c.dir/rosidl_typesupport_introspection_c/micro_ros_msgs/msg/detail/graph__type_support.c.o[0m
[2.822s] [ 46%] [32mBuilding CXX object CMakeFiles/micro_ros_msgs__rosidl_typesupport_fastrtps_c.dir/rosidl_typesupport_fastrtps_c/micro_ros_msgs/msg/detail/graph__type_support_c.cpp.o[0m
[2.841s] [ 48%] [32m[1mLinking CXX shared library libmicro_ros_msgs__rosidl_typesupport_c.so[0m
[2.857s] [ 51%] [32mBuilding C object CMakeFiles/micro_ros_msgs__rosidl_typesupport_introspection_c.dir/rosidl_typesupport_introspection_c/micro_ros_msgs/msg/detail/node__type_support.c.o[0m
[2.866s] [ 53%] [32mBuilding C object CMakeFiles/micro_ros_msgs__rosidl_typesupport_introspection_c.dir/rosidl_typesupport_introspection_c/micro_ros_msgs/msg/detail/entity__type_support.c.o[0m
[2.871s] [ 55%] [32mBuilding CXX object CMakeFiles/micro_ros_msgs__rosidl_typesupport_introspection_cpp.dir/rosidl_typesupport_introspection_cpp/micro_ros_msgs/msg/detail/node__type_support.cpp.o[0m
[2.877s] [ 57%] [32m[1mLinking CXX shared library libmicro_ros_msgs__rosidl_typesupport_cpp.so[0m
[2.881s] [ 57%] Built target micro_ros_msgs__rosidl_typesupport_c
[2.885s] [ 59%] [32mBuilding CXX object CMakeFiles/micro_ros_msgs__rosidl_typesupport_introspection_cpp.dir/rosidl_typesupport_introspection_cpp/micro_ros_msgs/msg/detail/entity__type_support.cpp.o[0m
[2.890s] [ 61%] [32mBuilding CXX object CMakeFiles/micro_ros_msgs__rosidl_typesupport_fastrtps_cpp.dir/rosidl_typesupport_fastrtps_cpp/micro_ros_msgs/msg/detail/dds_fastrtps/node__type_support.cpp.o[0m
[2.899s] [ 63%] [32m[1mLinking C shared library libmicro_ros_msgs__rosidl_typesupport_introspection_c.so[0m
[2.910s] [ 63%] Built target micro_ros_msgs__rosidl_typesupport_cpp
[2.916s] [ 65%] [32mBuilding CXX object CMakeFiles/micro_ros_msgs__rosidl_typesupport_fastrtps_cpp.dir/rosidl_typesupport_fastrtps_cpp/micro_ros_msgs/msg/detail/dds_fastrtps/entity__type_support.cpp.o[0m
[2.916s] [ 65%] Built target micro_ros_msgs__rosidl_typesupport_introspection_c
[2.920s] [ 68%] [32mBuilding CXX object CMakeFiles/micro_ros_msgs__rosidl_typesupport_fastrtps_c.dir/rosidl_typesupport_fastrtps_c/micro_ros_msgs/msg/detail/node__type_support_c.cpp.o[0m
[3.120s] [ 70%] [32mBuilding CXX object CMakeFiles/micro_ros_msgs__rosidl_typesupport_fastrtps_c.dir/rosidl_typesupport_fastrtps_c/micro_ros_msgs/msg/detail/entity__type_support_c.cpp.o[0m
[3.335s] [ 72%] [32m[1mLinking CXX shared library libmicro_ros_msgs__rosidl_typesupport_introspection_cpp.so[0m
[3.336s] [ 74%] [32m[1mLinking CXX shared library libmicro_ros_msgs__rosidl_typesupport_fastrtps_cpp.so[0m
[3.417s] [ 76%] [32m[1mLinking CXX shared library libmicro_ros_msgs__rosidl_typesupport_fastrtps_c.so[0m
[3.437s] [ 76%] Built target micro_ros_msgs__rosidl_typesupport_introspection_cpp
[3.438s] [ 76%] Built target micro_ros_msgs__rosidl_typesupport_fastrtps_cpp
[3.521s] [ 76%] Built target micro_ros_msgs__rosidl_typesupport_fastrtps_c
[3.536s] [ 76%] Built target micro_ros_msgs
[3.558s] [ 78%] [34m[1mGenerating Python code for ROS interfaces[0m
[3.979s] [ 78%] Built target micro_ros_msgs__py
[3.993s] [ 80%] [32mBuilding C object CMakeFiles/micro_ros_msgs__rosidl_generator_py.dir/rosidl_generator_py/micro_ros_msgs/msg/_graph_s.c.o[0m
[3.993s] [ 82%] [32mBuilding C object CMakeFiles/micro_ros_msgs__rosidl_generator_py.dir/rosidl_generator_py/micro_ros_msgs/msg/_node_s.c.o[0m
[3.995s] [ 85%] [32mBuilding C object CMakeFiles/micro_ros_msgs__rosidl_generator_py.dir/rosidl_generator_py/micro_ros_msgs/msg/_entity_s.c.o[0m
[4.100s] [ 87%] [32m[1mLinking C shared library rosidl_generator_py/micro_ros_msgs/libmicro_ros_msgs__rosidl_generator_py.so[0m
[4.127s] [ 87%] Built target micro_ros_msgs__rosidl_generator_py
[4.138s] [ 89%] [32mBuilding C object CMakeFiles/micro_ros_msgs__rosidl_typesupport_introspection_c__pyext.dir/rosidl_generator_py/micro_ros_msgs/_micro_ros_msgs_s.ep.rosidl_typesupport_introspection_c.c.o[0m
[4.138s] [ 91%] [32mBuilding C object CMakeFiles/micro_ros_msgs__rosidl_typesupport_fastrtps_c__pyext.dir/rosidl_generator_py/micro_ros_msgs/_micro_ros_msgs_s.ep.rosidl_typesupport_fastrtps_c.c.o[0m
[4.140s] [ 93%] [32mBuilding C object CMakeFiles/micro_ros_msgs__rosidl_typesupport_c__pyext.dir/rosidl_generator_py/micro_ros_msgs/_micro_ros_msgs_s.ep.rosidl_typesupport_c.c.o[0m
[4.207s] [ 95%] [32m[1mLinking C shared library rosidl_generator_py/micro_ros_msgs/micro_ros_msgs_s__rosidl_typesupport_fastrtps_c.cpython-310-x86_64-linux-gnu.so[0m
[4.237s] [ 97%] [32m[1mLinking C shared library rosidl_generator_py/micro_ros_msgs/micro_ros_msgs_s__rosidl_typesupport_c.cpython-310-x86_64-linux-gnu.so[0m
[4.237s] [ 97%] Built target micro_ros_msgs__rosidl_typesupport_fastrtps_c__pyext
[4.242s] [100%] [32m[1mLinking C shared library rosidl_generator_py/micro_ros_msgs/micro_ros_msgs_s__rosidl_typesupport_introspection_c.cpython-310-x86_64-linux-gnu.so[0m
[4.253s] [100%] Built target micro_ros_msgs__rosidl_typesupport_c__pyext
[4.263s] [100%] Built target micro_ros_msgs__rosidl_typesupport_introspection_c__pyext
[4.269s] Invoked command in '/home/exysta/2324_Projet2A_Eve/Code/ROS2/build/micro_ros_msgs' returned '0': CMAKE_PREFIX_PATH=${CMAKE_PREFIX_PATH}:/home/exysta/project/ros2_ws/install/bob_controller:/opt/ros/humble /usr/bin/cmake --build /home/exysta/2324_Projet2A_Eve/Code/ROS2/build/micro_ros_msgs -- -j8 -l8
[4.371s] Invoking command in '/home/exysta/2324_Projet2A_Eve/Code/ROS2/build/micro_ros_msgs': CMAKE_PREFIX_PATH=${CMAKE_PREFIX_PATH}:/home/exysta/project/ros2_ws/install/bob_controller:/opt/ros/humble /usr/bin/cmake --install /home/exysta/2324_Projet2A_Eve/Code/ROS2/build/micro_ros_msgs
[4.374s] -- Install configuration: ""
[4.374s] -- Installing: /home/exysta/2324_Projet2A_Eve/Code/ROS2/install/micro_ros_msgs/share/ament_index/resource_index/rosidl_interfaces/micro_ros_msgs
[4.374s] -- Installing: /home/exysta/2324_Projet2A_Eve/Code/ROS2/install/micro_ros_msgs/include/micro_ros_msgs/micro_ros_msgs
[4.374s] -- Installing: /home/exysta/2324_Projet2A_Eve/Code/ROS2/install/micro_ros_msgs/include/micro_ros_msgs/micro_ros_msgs/msg
[4.374s] -- Installing: /home/exysta/2324_Projet2A_Eve/Code/ROS2/install/micro_ros_msgs/include/micro_ros_msgs/micro_ros_msgs/msg/graph.h
[4.374s] -- Installing: /home/exysta/2324_Projet2A_Eve/Code/ROS2/install/micro_ros_msgs/include/micro_ros_msgs/micro_ros_msgs/msg/detail
[4.375s] -- Installing: /home/exysta/2324_Projet2A_Eve/Code/ROS2/install/micro_ros_msgs/include/micro_ros_msgs/micro_ros_msgs/msg/detail/node__type_support.h
[4.375s] -- Installing: /home/exysta/2324_Projet2A_Eve/Code/ROS2/install/micro_ros_msgs/include/micro_ros_msgs/micro_ros_msgs/msg/detail/graph__struct.h
[4.375s] -- Installing: /home/exysta/2324_Projet2A_Eve/Code/ROS2/install/micro_ros_msgs/include/micro_ros_msgs/micro_ros_msgs/msg/detail/entity__struct.h
[4.375s] -- Installing: /home/exysta/2324_Projet2A_Eve/Code/ROS2/install/micro_ros_msgs/include/micro_ros_msgs/micro_ros_msgs/msg/detail/graph__type_support.h
[4.375s] -- Installing: /home/exysta/2324_Projet2A_Eve/Code/ROS2/install/micro_ros_msgs/include/micro_ros_msgs/micro_ros_msgs/msg/detail/graph__functions.h
[4.375s] -- Installing: /home/exysta/2324_Projet2A_Eve/Code/ROS2/install/micro_ros_msgs/include/micro_ros_msgs/micro_ros_msgs/msg/detail/entity__type_support.h
[4.375s] -- Installing: /home/exysta/2324_Projet2A_Eve/Code/ROS2/install/micro_ros_msgs/include/micro_ros_msgs/micro_ros_msgs/msg/detail/node__functions.h
[4.375s] -- Installing: /home/exysta/2324_Projet2A_Eve/Code/ROS2/install/micro_ros_msgs/include/micro_ros_msgs/micro_ros_msgs/msg/detail/entity__functions.h
[4.375s] -- Installing: /home/exysta/2324_Projet2A_Eve/Code/ROS2/install/micro_ros_msgs/include/micro_ros_msgs/micro_ros_msgs/msg/detail/entity__functions.c
[4.375s] -- Installing: /home/exysta/2324_Projet2A_Eve/Code/ROS2/install/micro_ros_msgs/include/micro_ros_msgs/micro_ros_msgs/msg/detail/graph__functions.c
[4.375s] -- Installing: /home/exysta/2324_Projet2A_Eve/Code/ROS2/install/micro_ros_msgs/include/micro_ros_msgs/micro_ros_msgs/msg/detail/node__struct.h
[4.375s] -- Installing: /home/exysta/2324_Projet2A_Eve/Code/ROS2/install/micro_ros_msgs/include/micro_ros_msgs/micro_ros_msgs/msg/detail/node__functions.c
[4.375s] -- Installing: /home/exysta/2324_Projet2A_Eve/Code/ROS2/install/micro_ros_msgs/include/micro_ros_msgs/micro_ros_msgs/msg/entity.h
[4.375s] -- Installing: /home/exysta/2324_Projet2A_Eve/Code/ROS2/install/micro_ros_msgs/include/micro_ros_msgs/micro_ros_msgs/msg/rosidl_generator_c__visibility_control.h
[4.376s] -- Installing: /home/exysta/2324_Projet2A_Eve/Code/ROS2/install/micro_ros_msgs/include/micro_ros_msgs/micro_ros_msgs/msg/node.h
[4.376s] -- Installing: /home/exysta/2324_Projet2A_Eve/Code/ROS2/install/micro_ros_msgs/share/micro_ros_msgs/environment/library_path.sh
[4.376s] -- Installing: /home/exysta/2324_Projet2A_Eve/Code/ROS2/install/micro_ros_msgs/share/micro_ros_msgs/environment/library_path.dsv
[4.376s] -- Installing: /home/exysta/2324_Projet2A_Eve/Code/ROS2/install/micro_ros_msgs/lib/libmicro_ros_msgs__rosidl_generator_c.so
[4.376s] -- Set runtime path of "/home/exysta/2324_Projet2A_Eve/Code/ROS2/install/micro_ros_msgs/lib/libmicro_ros_msgs__rosidl_generator_c.so" to ""
[4.376s] -- Up-to-date: /home/exysta/2324_Projet2A_Eve/Code/ROS2/install/micro_ros_msgs/include/micro_ros_msgs/micro_ros_msgs
[4.377s] -- Up-to-date: /home/exysta/2324_Projet2A_Eve/Code/ROS2/install/micro_ros_msgs/include/micro_ros_msgs/micro_ros_msgs/msg
[4.377s] -- Up-to-date: /home/exysta/2324_Projet2A_Eve/Code/ROS2/install/micro_ros_msgs/include/micro_ros_msgs/micro_ros_msgs/msg/detail
[4.377s] -- Installing: /home/exysta/2324_Projet2A_Eve/Code/ROS2/install/micro_ros_msgs/include/micro_ros_msgs/micro_ros_msgs/msg/detail/entity__rosidl_typesupport_fastrtps_c.h
[4.377s] -- Installing: /home/exysta/2324_Projet2A_Eve/Code/ROS2/install/micro_ros_msgs/include/micro_ros_msgs/micro_ros_msgs/msg/detail/node__rosidl_typesupport_fastrtps_c.h
[4.377s] -- Installing: /home/exysta/2324_Projet2A_Eve/Code/ROS2/install/micro_ros_msgs/include/micro_ros_msgs/micro_ros_msgs/msg/detail/graph__rosidl_typesupport_fastrtps_c.h
[4.377s] -- Installing: /home/exysta/2324_Projet2A_Eve/Code/ROS2/install/micro_ros_msgs/include/micro_ros_msgs/micro_ros_msgs/msg/rosidl_typesupport_fastrtps_c__visibility_control.h
[4.377s] -- Installing: /home/exysta/2324_Projet2A_Eve/Code/ROS2/install/micro_ros_msgs/lib/libmicro_ros_msgs__rosidl_typesupport_fastrtps_c.so
[4.377s] -- Set runtime path of "/home/exysta/2324_Projet2A_Eve/Code/ROS2/install/micro_ros_msgs/lib/libmicro_ros_msgs__rosidl_typesupport_fastrtps_c.so" to ""
[4.377s] -- Up-to-date: /home/exysta/2324_Projet2A_Eve/Code/ROS2/install/micro_ros_msgs/include/micro_ros_msgs/micro_ros_msgs
[4.377s] -- Up-to-date: /home/exysta/2324_Projet2A_Eve/Code/ROS2/install/micro_ros_msgs/include/micro_ros_msgs/micro_ros_msgs/msg
[4.377s] -- Up-to-date: /home/exysta/2324_Projet2A_Eve/Code/ROS2/install/micro_ros_msgs/include/micro_ros_msgs/micro_ros_msgs/msg/detail
[4.377s] -- Installing: /home/exysta/2324_Projet2A_Eve/Code/ROS2/install/micro_ros_msgs/include/micro_ros_msgs/micro_ros_msgs/msg/detail/graph__rosidl_typesupport_introspection_c.h
[4.377s] -- Installing: /home/exysta/2324_Projet2A_Eve/Code/ROS2/install/micro_ros_msgs/include/micro_ros_msgs/micro_ros_msgs/msg/detail/node__rosidl_typesupport_introspection_c.h
[4.377s] -- Installing: /home/exysta/2324_Projet2A_Eve/Code/ROS2/install/micro_ros_msgs/include/micro_ros_msgs/micro_ros_msgs/msg/detail/entity__type_support.c
[4.377s] -- Installing: /home/exysta/2324_Projet2A_Eve/Code/ROS2/install/micro_ros_msgs/include/micro_ros_msgs/micro_ros_msgs/msg/detail/graph__type_support.c
[4.377s] -- Installing: /home/exysta/2324_Projet2A_Eve/Code/ROS2/install/micro_ros_msgs/include/micro_ros_msgs/micro_ros_msgs/msg/detail/entity__rosidl_typesupport_introspection_c.h
[4.378s] -- Installing: /home/exysta/2324_Projet2A_Eve/Code/ROS2/install/micro_ros_msgs/include/micro_ros_msgs/micro_ros_msgs/msg/detail/node__type_support.c
[4.378s] -- Installing: /home/exysta/2324_Projet2A_Eve/Code/ROS2/install/micro_ros_msgs/include/micro_ros_msgs/micro_ros_msgs/msg/rosidl_typesupport_introspection_c__visibility_control.h
[4.378s] -- Installing: /home/exysta/2324_Projet2A_Eve/Code/ROS2/install/micro_ros_msgs/lib/libmicro_ros_msgs__rosidl_typesupport_introspection_c.so
[4.378s] -- Set runtime path of "/home/exysta/2324_Projet2A_Eve/Code/ROS2/install/micro_ros_msgs/lib/libmicro_ros_msgs__rosidl_typesupport_introspection_c.so" to ""
[4.379s] -- Installing: /home/exysta/2324_Projet2A_Eve/Code/ROS2/install/micro_ros_msgs/lib/libmicro_ros_msgs__rosidl_typesupport_c.so
[4.379s] -- Set runtime path of "/home/exysta/2324_Projet2A_Eve/Code/ROS2/install/micro_ros_msgs/lib/libmicro_ros_msgs__rosidl_typesupport_c.so" to ""
[4.379s] -- Up-to-date: /home/exysta/2324_Projet2A_Eve/Code/ROS2/install/micro_ros_msgs/include/micro_ros_msgs/micro_ros_msgs
[4.379s] -- Up-to-date: /home/exysta/2324_Projet2A_Eve/Code/ROS2/install/micro_ros_msgs/include/micro_ros_msgs/micro_ros_msgs/msg
[4.379s] -- Up-to-date: /home/exysta/2324_Projet2A_Eve/Code/ROS2/install/micro_ros_msgs/include/micro_ros_msgs/micro_ros_msgs/msg/detail
[4.379s] -- Installing: /home/exysta/2324_Projet2A_Eve/Code/ROS2/install/micro_ros_msgs/include/micro_ros_msgs/micro_ros_msgs/msg/detail/entity__builder.hpp
[4.379s] -- Installing: /home/exysta/2324_Projet2A_Eve/Code/ROS2/install/micro_ros_msgs/include/micro_ros_msgs/micro_ros_msgs/msg/detail/node__struct.hpp
[4.380s] -- Installing: /home/exysta/2324_Projet2A_Eve/Code/ROS2/install/micro_ros_msgs/include/micro_ros_msgs/micro_ros_msgs/msg/detail/entity__struct.hpp
[4.380s] -- Installing: /home/exysta/2324_Projet2A_Eve/Code/ROS2/install/micro_ros_msgs/include/micro_ros_msgs/micro_ros_msgs/msg/detail/node__builder.hpp
[4.380s] -- Installing: /home/exysta/2324_Projet2A_Eve/Code/ROS2/install/micro_ros_msgs/include/micro_ros_msgs/micro_ros_msgs/msg/detail/entity__traits.hpp
[4.380s] -- Installing: /home/exysta/2324_Projet2A_Eve/Code/ROS2/install/micro_ros_msgs/include/micro_ros_msgs/micro_ros_msgs/msg/detail/graph__struct.hpp
[4.380s] -- Installing: /home/exysta/2324_Projet2A_Eve/Code/ROS2/install/micro_ros_msgs/include/micro_ros_msgs/micro_ros_msgs/msg/detail/node__traits.hpp
[4.380s] -- Installing: /home/exysta/2324_Projet2A_Eve/Code/ROS2/install/micro_ros_msgs/include/micro_ros_msgs/micro_ros_msgs/msg/detail/graph__builder.hpp
[4.380s] -- Installing: /home/exysta/2324_Projet2A_Eve/Code/ROS2/install/micro_ros_msgs/include/micro_ros_msgs/micro_ros_msgs/msg/detail/graph__traits.hpp
[4.380s] -- Installing: /home/exysta/2324_Projet2A_Eve/Code/ROS2/install/micro_ros_msgs/include/micro_ros_msgs/micro_ros_msgs/msg/graph.hpp
[4.380s] -- Installing: /home/exysta/2324_Projet2A_Eve/Code/ROS2/install/micro_ros_msgs/include/micro_ros_msgs/micro_ros_msgs/msg/entity.hpp
[4.380s] -- Installing: /home/exysta/2324_Projet2A_Eve/Code/ROS2/install/micro_ros_msgs/include/micro_ros_msgs/micro_ros_msgs/msg/node.hpp
[4.381s] -- Up-to-date: /home/exysta/2324_Projet2A_Eve/Code/ROS2/install/micro_ros_msgs/include/micro_ros_msgs/micro_ros_msgs
[4.381s] -- Up-to-date: /home/exysta/2324_Projet2A_Eve/Code/ROS2/install/micro_ros_msgs/include/micro_ros_msgs/micro_ros_msgs/msg
[4.381s] -- Installing: /home/exysta/2324_Projet2A_Eve/Code/ROS2/install/micro_ros_msgs/include/micro_ros_msgs/micro_ros_msgs/msg/rosidl_typesupport_fastrtps_cpp__visibility_control.h
[4.381s] -- Up-to-date: /home/exysta/2324_Projet2A_Eve/Code/ROS2/install/micro_ros_msgs/include/micro_ros_msgs/micro_ros_msgs/msg/detail
[4.381s] -- Installing: /home/exysta/2324_Projet2A_Eve/Code/ROS2/install/micro_ros_msgs/include/micro_ros_msgs/micro_ros_msgs/msg/detail/node__rosidl_typesupport_fastrtps_cpp.hpp
[4.381s] -- Installing: /home/exysta/2324_Projet2A_Eve/Code/ROS2/install/micro_ros_msgs/include/micro_ros_msgs/micro_ros_msgs/msg/detail/dds_fastrtps
[4.381s] -- Installing: /home/exysta/2324_Projet2A_Eve/Code/ROS2/install/micro_ros_msgs/include/micro_ros_msgs/micro_ros_msgs/msg/detail/graph__rosidl_typesupport_fastrtps_cpp.hpp
[4.381s] -- Installing: /home/exysta/2324_Projet2A_Eve/Code/ROS2/install/micro_ros_msgs/include/micro_ros_msgs/micro_ros_msgs/msg/detail/entity__rosidl_typesupport_fastrtps_cpp.hpp
[4.381s] -- Installing: /home/exysta/2324_Projet2A_Eve/Code/ROS2/install/micro_ros_msgs/lib/libmicro_ros_msgs__rosidl_typesupport_fastrtps_cpp.so
[4.381s] -- Set runtime path of "/home/exysta/2324_Projet2A_Eve/Code/ROS2/install/micro_ros_msgs/lib/libmicro_ros_msgs__rosidl_typesupport_fastrtps_cpp.so" to ""
[4.382s] -- Up-to-date: /home/exysta/2324_Projet2A_Eve/Code/ROS2/install/micro_ros_msgs/include/micro_ros_msgs/micro_ros_msgs
[4.382s] -- Up-to-date: /home/exysta/2324_Projet2A_Eve/Code/ROS2/install/micro_ros_msgs/include/micro_ros_msgs/micro_ros_msgs/msg
[4.382s] -- Up-to-date: /home/exysta/2324_Projet2A_Eve/Code/ROS2/install/micro_ros_msgs/include/micro_ros_msgs/micro_ros_msgs/msg/detail
[4.382s] -- Installing: /home/exysta/2324_Projet2A_Eve/Code/ROS2/install/micro_ros_msgs/include/micro_ros_msgs/micro_ros_msgs/msg/detail/graph__rosidl_typesupport_introspection_cpp.hpp
[4.382s] -- Installing: /home/exysta/2324_Projet2A_Eve/Code/ROS2/install/micro_ros_msgs/include/micro_ros_msgs/micro_ros_msgs/msg/detail/entity__type_support.cpp
[4.382s] -- Installing: /home/exysta/2324_Projet2A_Eve/Code/ROS2/install/micro_ros_msgs/include/micro_ros_msgs/micro_ros_msgs/msg/detail/node__rosidl_typesupport_introspection_cpp.hpp
[4.382s] -- Installing: /home/exysta/2324_Projet2A_Eve/Code/ROS2/install/micro_ros_msgs/include/micro_ros_msgs/micro_ros_msgs/msg/detail/graph__type_support.cpp
[4.382s] -- Installing: /home/exysta/2324_Projet2A_Eve/Code/ROS2/install/micro_ros_msgs/include/micro_ros_msgs/micro_ros_msgs/msg/detail/node__type_support.cpp
[4.382s] -- Installing: /home/exysta/2324_Projet2A_Eve/Code/ROS2/install/micro_ros_msgs/include/micro_ros_msgs/micro_ros_msgs/msg/detail/entity__rosidl_typesupport_introspection_cpp.hpp
[4.383s] -- Installing: /home/exysta/2324_Projet2A_Eve/Code/ROS2/install/micro_ros_msgs/lib/libmicro_ros_msgs__rosidl_typesupport_introspection_cpp.so
[4.383s] -- Set runtime path of "/home/exysta/2324_Projet2A_Eve/Code/ROS2/install/micro_ros_msgs/lib/libmicro_ros_msgs__rosidl_typesupport_introspection_cpp.so" to ""
[4.383s] -- Installing: /home/exysta/2324_Projet2A_Eve/Code/ROS2/install/micro_ros_msgs/lib/libmicro_ros_msgs__rosidl_typesupport_cpp.so
[4.383s] -- Set runtime path of "/home/exysta/2324_Projet2A_Eve/Code/ROS2/install/micro_ros_msgs/lib/libmicro_ros_msgs__rosidl_typesupport_cpp.so" to ""
[4.383s] -- Installing: /home/exysta/2324_Projet2A_Eve/Code/ROS2/install/micro_ros_msgs/share/micro_ros_msgs/environment/pythonpath.sh
[4.383s] -- Installing: /home/exysta/2324_Projet2A_Eve/Code/ROS2/install/micro_ros_msgs/share/micro_ros_msgs/environment/pythonpath.dsv
[4.383s] -- Installing: /home/exysta/2324_Projet2A_Eve/Code/ROS2/install/micro_ros_msgs/local/lib/python3.10/dist-packages/micro_ros_msgs-3.0.1-py3.10.egg-info
[4.383s] -- Installing: /home/exysta/2324_Projet2A_Eve/Code/ROS2/install/micro_ros_msgs/local/lib/python3.10/dist-packages/micro_ros_msgs-3.0.1-py3.10.egg-info/SOURCES.txt
[4.383s] -- Installing: /home/exysta/2324_Projet2A_Eve/Code/ROS2/install/micro_ros_msgs/local/lib/python3.10/dist-packages/micro_ros_msgs-3.0.1-py3.10.egg-info/top_level.txt
[4.383s] -- Installing: /home/exysta/2324_Projet2A_Eve/Code/ROS2/install/micro_ros_msgs/local/lib/python3.10/dist-packages/micro_ros_msgs-3.0.1-py3.10.egg-info/PKG-INFO
[4.383s] -- Installing: /home/exysta/2324_Projet2A_Eve/Code/ROS2/install/micro_ros_msgs/local/lib/python3.10/dist-packages/micro_ros_msgs-3.0.1-py3.10.egg-info/dependency_links.txt
[4.384s] -- Installing: /home/exysta/2324_Projet2A_Eve/Code/ROS2/install/micro_ros_msgs/local/lib/python3.10/dist-packages/micro_ros_msgs
[4.384s] -- Installing: /home/exysta/2324_Projet2A_Eve/Code/ROS2/install/micro_ros_msgs/local/lib/python3.10/dist-packages/micro_ros_msgs/micro_ros_msgs_s__rosidl_typesupport_introspection_c.cpython-310-x86_64-linux-gnu.so
[4.384s] -- Installing: /home/exysta/2324_Projet2A_Eve/Code/ROS2/install/micro_ros_msgs/local/lib/python3.10/dist-packages/micro_ros_msgs/_micro_ros_msgs_s.ep.rosidl_typesupport_c.c
[4.384s] -- Installing: /home/exysta/2324_Projet2A_Eve/Code/ROS2/install/micro_ros_msgs/local/lib/python3.10/dist-packages/micro_ros_msgs/libmicro_ros_msgs__rosidl_generator_py.so
[4.384s] -- Installing: /home/exysta/2324_Projet2A_Eve/Code/ROS2/install/micro_ros_msgs/local/lib/python3.10/dist-packages/micro_ros_msgs/_micro_ros_msgs_s.ep.rosidl_typesupport_introspection_c.c
[4.384s] -- Installing: /home/exysta/2324_Projet2A_Eve/Code/ROS2/install/micro_ros_msgs/local/lib/python3.10/dist-packages/micro_ros_msgs/msg
[4.384s] -- Installing: /home/exysta/2324_Projet2A_Eve/Code/ROS2/install/micro_ros_msgs/local/lib/python3.10/dist-packages/micro_ros_msgs/msg/_entity_s.c
[4.384s] -- Installing: /home/exysta/2324_Projet2A_Eve/Code/ROS2/install/micro_ros_msgs/local/lib/python3.10/dist-packages/micro_ros_msgs/msg/_graph.py
[4.384s] -- Installing: /home/exysta/2324_Projet2A_Eve/Code/ROS2/install/micro_ros_msgs/local/lib/python3.10/dist-packages/micro_ros_msgs/msg/_node_s.c
[4.384s] -- Installing: /home/exysta/2324_Projet2A_Eve/Code/ROS2/install/micro_ros_msgs/local/lib/python3.10/dist-packages/micro_ros_msgs/msg/_entity.py
[4.385s] -- Installing: /home/exysta/2324_Projet2A_Eve/Code/ROS2/install/micro_ros_msgs/local/lib/python3.10/dist-packages/micro_ros_msgs/msg/__init__.py
[4.385s] -- Installing: /home/exysta/2324_Projet2A_Eve/Code/ROS2/install/micro_ros_msgs/local/lib/python3.10/dist-packages/micro_ros_msgs/msg/_node.py
[4.385s] -- Installing: /home/exysta/2324_Projet2A_Eve/Code/ROS2/install/micro_ros_msgs/local/lib/python3.10/dist-packages/micro_ros_msgs/msg/_graph_s.c
[4.385s] -- Installing: /home/exysta/2324_Projet2A_Eve/Code/ROS2/install/micro_ros_msgs/local/lib/python3.10/dist-packages/micro_ros_msgs/micro_ros_msgs_s__rosidl_typesupport_fastrtps_c.cpython-310-x86_64-linux-gnu.so
[4.385s] -- Installing: /home/exysta/2324_Projet2A_Eve/Code/ROS2/install/micro_ros_msgs/local/lib/python3.10/dist-packages/micro_ros_msgs/_micro_ros_msgs_s.ep.rosidl_typesupport_fastrtps_c.c
[4.385s] -- Installing: /home/exysta/2324_Projet2A_Eve/Code/ROS2/install/micro_ros_msgs/local/lib/python3.10/dist-packages/micro_ros_msgs/micro_ros_msgs_s__rosidl_typesupport_c.cpython-310-x86_64-linux-gnu.so
[4.385s] -- Installing: /home/exysta/2324_Projet2A_Eve/Code/ROS2/install/micro_ros_msgs/local/lib/python3.10/dist-packages/micro_ros_msgs/__init__.py
[4.435s] Listing '/home/exysta/2324_Projet2A_Eve/Code/ROS2/install/micro_ros_msgs/local/lib/python3.10/dist-packages/micro_ros_msgs'...
[4.435s] Compiling '/home/exysta/2324_Projet2A_Eve/Code/ROS2/install/micro_ros_msgs/local/lib/python3.10/dist-packages/micro_ros_msgs/__init__.py'...
[4.435s] Listing '/home/exysta/2324_Projet2A_Eve/Code/ROS2/install/micro_ros_msgs/local/lib/python3.10/dist-packages/micro_ros_msgs/msg'...
[4.435s] Compiling '/home/exysta/2324_Projet2A_Eve/Code/ROS2/install/micro_ros_msgs/local/lib/python3.10/dist-packages/micro_ros_msgs/msg/__init__.py'...
[4.435s] Compiling '/home/exysta/2324_Projet2A_Eve/Code/ROS2/install/micro_ros_msgs/local/lib/python3.10/dist-packages/micro_ros_msgs/msg/_entity.py'...
[4.436s] Compiling '/home/exysta/2324_Projet2A_Eve/Code/ROS2/install/micro_ros_msgs/local/lib/python3.10/dist-packages/micro_ros_msgs/msg/_graph.py'...
[4.436s] Compiling '/home/exysta/2324_Projet2A_Eve/Code/ROS2/install/micro_ros_msgs/local/lib/python3.10/dist-packages/micro_ros_msgs/msg/_node.py'...
[4.439s] -- Installing: /home/exysta/2324_Projet2A_Eve/Code/ROS2/install/micro_ros_msgs/local/lib/python3.10/dist-packages/micro_ros_msgs/micro_ros_msgs_s__rosidl_typesupport_fastrtps_c.cpython-310-x86_64-linux-gnu.so
[4.439s] -- Set runtime path of "/home/exysta/2324_Projet2A_Eve/Code/ROS2/install/micro_ros_msgs/local/lib/python3.10/dist-packages/micro_ros_msgs/micro_ros_msgs_s__rosidl_typesupport_fastrtps_c.cpython-310-x86_64-linux-gnu.so" to ""
[4.440s] -- Installing: /home/exysta/2324_Projet2A_Eve/Code/ROS2/install/micro_ros_msgs/local/lib/python3.10/dist-packages/micro_ros_msgs/micro_ros_msgs_s__rosidl_typesupport_introspection_c.cpython-310-x86_64-linux-gnu.so
[4.440s] -- Set runtime path of "/home/exysta/2324_Projet2A_Eve/Code/ROS2/install/micro_ros_msgs/local/lib/python3.10/dist-packages/micro_ros_msgs/micro_ros_msgs_s__rosidl_typesupport_introspection_c.cpython-310-x86_64-linux-gnu.so" to ""
[4.440s] -- Installing: /home/exysta/2324_Projet2A_Eve/Code/ROS2/install/micro_ros_msgs/local/lib/python3.10/dist-packages/micro_ros_msgs/micro_ros_msgs_s__rosidl_typesupport_c.cpython-310-x86_64-linux-gnu.so
[4.441s] -- Set runtime path of "/home/exysta/2324_Projet2A_Eve/Code/ROS2/install/micro_ros_msgs/local/lib/python3.10/dist-packages/micro_ros_msgs/micro_ros_msgs_s__rosidl_typesupport_c.cpython-310-x86_64-linux-gnu.so" to ""
[4.441s] -- Installing: /home/exysta/2324_Projet2A_Eve/Code/ROS2/install/micro_ros_msgs/lib/libmicro_ros_msgs__rosidl_generator_py.so
[4.441s] -- Set runtime path of "/home/exysta/2324_Projet2A_Eve/Code/ROS2/install/micro_ros_msgs/lib/libmicro_ros_msgs__rosidl_generator_py.so" to ""
[4.441s] -- Installing: /home/exysta/2324_Projet2A_Eve/Code/ROS2/install/micro_ros_msgs/share/micro_ros_msgs/msg/Graph.idl
[4.441s] -- Installing: /home/exysta/2324_Projet2A_Eve/Code/ROS2/install/micro_ros_msgs/share/micro_ros_msgs/msg/Node.idl
[4.442s] -- Installing: /home/exysta/2324_Projet2A_Eve/Code/ROS2/install/micro_ros_msgs/share/micro_ros_msgs/msg/Entity.idl
[4.442s] -- Installing: /home/exysta/2324_Projet2A_Eve/Code/ROS2/install/micro_ros_msgs/share/micro_ros_msgs/msg/Graph.msg
[4.442s] -- Installing: /home/exysta/2324_Projet2A_Eve/Code/ROS2/install/micro_ros_msgs/share/micro_ros_msgs/msg/Node.msg
[4.442s] -- Installing: /home/exysta/2324_Projet2A_Eve/Code/ROS2/install/micro_ros_msgs/share/micro_ros_msgs/msg/Entity.msg
[4.443s] -- Installing: /home/exysta/2324_Projet2A_Eve/Code/ROS2/install/micro_ros_msgs/share/ament_index/resource_index/package_run_dependencies/micro_ros_msgs
[4.443s] -- Installing: /home/exysta/2324_Projet2A_Eve/Code/ROS2/install/micro_ros_msgs/share/ament_index/resource_index/parent_prefix_path/micro_ros_msgs
[4.443s] -- Installing: /home/exysta/2324_Projet2A_Eve/Code/ROS2/install/micro_ros_msgs/share/micro_ros_msgs/environment/ament_prefix_path.sh
[4.443s] -- Installing: /home/exysta/2324_Projet2A_Eve/Code/ROS2/install/micro_ros_msgs/share/micro_ros_msgs/environment/ament_prefix_path.dsv
[4.444s] -- Installing: /home/exysta/2324_Projet2A_Eve/Code/ROS2/install/micro_ros_msgs/share/micro_ros_msgs/environment/path.sh
[4.444s] -- Installing: /home/exysta/2324_Projet2A_Eve/Code/ROS2/install/micro_ros_msgs/share/micro_ros_msgs/environment/path.dsv
[4.444s] -- Installing: /home/exysta/2324_Projet2A_Eve/Code/ROS2/install/micro_ros_msgs/share/micro_ros_msgs/local_setup.bash
[4.444s] -- Installing: /home/exysta/2324_Projet2A_Eve/Code/ROS2/install/micro_ros_msgs/share/micro_ros_msgs/local_setup.sh
[4.445s] -- Installing: /home/exysta/2324_Projet2A_Eve/Code/ROS2/install/micro_ros_msgs/share/micro_ros_msgs/local_setup.zsh
[4.445s] -- Installing: /home/exysta/2324_Projet2A_Eve/Code/ROS2/install/micro_ros_msgs/share/micro_ros_msgs/local_setup.dsv
[4.445s] -- Installing: /home/exysta/2324_Projet2A_Eve/Code/ROS2/install/micro_ros_msgs/share/micro_ros_msgs/package.dsv
[4.445s] -- Installing: /home/exysta/2324_Projet2A_Eve/Code/ROS2/install/micro_ros_msgs/share/ament_index/resource_index/packages/micro_ros_msgs
[4.446s] -- Installing: /home/exysta/2324_Projet2A_Eve/Code/ROS2/install/micro_ros_msgs/share/micro_ros_msgs/cmake/export_micro_ros_msgs__rosidl_generator_cExport.cmake
[4.446s] -- Installing: /home/exysta/2324_Projet2A_Eve/Code/ROS2/install/micro_ros_msgs/share/micro_ros_msgs/cmake/export_micro_ros_msgs__rosidl_generator_cExport-noconfig.cmake
[4.446s] -- Installing: /home/exysta/2324_Projet2A_Eve/Code/ROS2/install/micro_ros_msgs/share/micro_ros_msgs/cmake/export_micro_ros_msgs__rosidl_typesupport_fastrtps_cExport.cmake
[4.446s] -- Installing: /home/exysta/2324_Projet2A_Eve/Code/ROS2/install/micro_ros_msgs/share/micro_ros_msgs/cmake/export_micro_ros_msgs__rosidl_typesupport_fastrtps_cExport-noconfig.cmake
[4.446s] -- Installing: /home/exysta/2324_Projet2A_Eve/Code/ROS2/install/micro_ros_msgs/share/micro_ros_msgs/cmake/micro_ros_msgs__rosidl_typesupport_introspection_cExport.cmake
[4.446s] -- Installing: /home/exysta/2324_Projet2A_Eve/Code/ROS2/install/micro_ros_msgs/share/micro_ros_msgs/cmake/micro_ros_msgs__rosidl_typesupport_introspection_cExport-noconfig.cmake
[4.447s] -- Installing: /home/exysta/2324_Projet2A_Eve/Code/ROS2/install/micro_ros_msgs/share/micro_ros_msgs/cmake/micro_ros_msgs__rosidl_typesupport_cExport.cmake
[4.447s] -- Installing: /home/exysta/2324_Projet2A_Eve/Code/ROS2/install/micro_ros_msgs/share/micro_ros_msgs/cmake/micro_ros_msgs__rosidl_typesupport_cExport-noconfig.cmake
[4.447s] -- Installing: /home/exysta/2324_Projet2A_Eve/Code/ROS2/install/micro_ros_msgs/share/micro_ros_msgs/cmake/export_micro_ros_msgs__rosidl_generator_cppExport.cmake
[4.447s] -- Installing: /home/exysta/2324_Projet2A_Eve/Code/ROS2/install/micro_ros_msgs/share/micro_ros_msgs/cmake/export_micro_ros_msgs__rosidl_typesupport_fastrtps_cppExport.cmake
[4.447s] -- Installing: /home/exysta/2324_Projet2A_Eve/Code/ROS2/install/micro_ros_msgs/share/micro_ros_msgs/cmake/export_micro_ros_msgs__rosidl_typesupport_fastrtps_cppExport-noconfig.cmake
[4.448s] -- Installing: /home/exysta/2324_Projet2A_Eve/Code/ROS2/install/micro_ros_msgs/share/micro_ros_msgs/cmake/micro_ros_msgs__rosidl_typesupport_introspection_cppExport.cmake
[4.448s] -- Installing: /home/exysta/2324_Projet2A_Eve/Code/ROS2/install/micro_ros_msgs/share/micro_ros_msgs/cmake/micro_ros_msgs__rosidl_typesupport_introspection_cppExport-noconfig.cmake
[4.448s] -- Installing: /home/exysta/2324_Projet2A_Eve/Code/ROS2/install/micro_ros_msgs/share/micro_ros_msgs/cmake/micro_ros_msgs__rosidl_typesupport_cppExport.cmake
[4.448s] -- Installing: /home/exysta/2324_Projet2A_Eve/Code/ROS2/install/micro_ros_msgs/share/micro_ros_msgs/cmake/micro_ros_msgs__rosidl_typesupport_cppExport-noconfig.cmake
[4.448s] -- Installing: /home/exysta/2324_Projet2A_Eve/Code/ROS2/install/micro_ros_msgs/share/micro_ros_msgs/cmake/export_micro_ros_msgs__rosidl_generator_pyExport.cmake
[4.448s] -- Installing: /home/exysta/2324_Projet2A_Eve/Code/ROS2/install/micro_ros_msgs/share/micro_ros_msgs/cmake/export_micro_ros_msgs__rosidl_generator_pyExport-noconfig.cmake
[4.449s] -- Installing: /home/exysta/2324_Projet2A_Eve/Code/ROS2/install/micro_ros_msgs/share/micro_ros_msgs/cmake/rosidl_cmake-extras.cmake
[4.449s] -- Installing: /home/exysta/2324_Projet2A_Eve/Code/ROS2/install/micro_ros_msgs/share/micro_ros_msgs/cmake/ament_cmake_export_include_directories-extras.cmake
[4.449s] -- Installing: /home/exysta/2324_Projet2A_Eve/Code/ROS2/install/micro_ros_msgs/share/micro_ros_msgs/cmake/ament_cmake_export_libraries-extras.cmake
[4.449s] -- Installing: /home/exysta/2324_Projet2A_Eve/Code/ROS2/install/micro_ros_msgs/share/micro_ros_msgs/cmake/ament_cmake_export_targets-extras.cmake
[4.449s] -- Installing: /home/exysta/2324_Projet2A_Eve/Code/ROS2/install/micro_ros_msgs/share/micro_ros_msgs/cmake/rosidl_cmake_export_typesupport_targets-extras.cmake
[4.449s] -- Installing: /home/exysta/2324_Projet2A_Eve/Code/ROS2/install/micro_ros_msgs/share/micro_ros_msgs/cmake/ament_cmake_export_dependencies-extras.cmake
[4.450s] -- Installing: /home/exysta/2324_Projet2A_Eve/Code/ROS2/install/micro_ros_msgs/share/micro_ros_msgs/cmake/rosidl_cmake_export_typesupport_libraries-extras.cmake
[4.450s] -- Installing: /home/exysta/2324_Projet2A_Eve/Code/ROS2/install/micro_ros_msgs/share/micro_ros_msgs/cmake/micro_ros_msgsConfig.cmake
[4.450s] -- Installing: /home/exysta/2324_Projet2A_Eve/Code/ROS2/install/micro_ros_msgs/share/micro_ros_msgs/cmake/micro_ros_msgsConfig-version.cmake
[4.450s] -- Installing: /home/exysta/2324_Projet2A_Eve/Code/ROS2/install/micro_ros_msgs/share/micro_ros_msgs/package.xml
[4.456s] Invoked command in '/home/exysta/2324_Projet2A_Eve/Code/ROS2/build/micro_ros_msgs' returned '0': CMAKE_PREFIX_PATH=${CMAKE_PREFIX_PATH}:/home/exysta/project/ros2_ws/install/bob_controller:/opt/ros/humble /usr/bin/cmake --install /home/exysta/2324_Projet2A_Eve/Code/ROS2/build/micro_ros_msgs
