[0.063s] Invoking command in '/home/exysta/2324_Projet2A_Eve/Code/ROS2/build/micro_ros_setup': CMAKE_PREFIX_PATH=/home/exysta/project/ros2_ws/install/bob_controller:/opt/ros/humble /usr/bin/cmake /home/exysta/2324_Projet2A_Eve/Code/ROS2/src/micro_ros_setup -DCMAKE_INSTALL_PREFIX=/home/exysta/2324_Projet2A_Eve/Code/ROS2/install/micro_ros_setup
[0.195s] -- The C compiler identification is GNU 11.4.0
[0.307s] -- The CXX compiler identification is GNU 11.4.0
[0.323s] -- Detecting C compiler ABI info
[0.418s] -- Detecting C compiler ABI info - done
[0.425s] -- Check for working C compiler: /usr/bin/cc - skipped
[0.425s] -- Detecting C compile features
[0.426s] -- Detecting C compile features - done
[0.430s] -- Detecting CXX compiler ABI info
[0.506s] -- Detecting CXX compiler ABI info - done
[0.525s] -- Check for working CXX compiler: /usr/bin/c++ - skipped
[0.525s] -- Detecting CXX compile features
[0.526s] -- Detecting CXX compile features - done
[0.531s] -- Found ament_cmake: 1.3.7 (/opt/ros/humble/share/ament_cmake/cmake)
[1.074s] -- Found Python3: /usr/bin/python3.10 (found version "3.10.12") found components: Interpreter 
[1.193s] -- Found ament_lint_auto: 0.12.10 (/opt/ros/humble/share/ament_lint_auto/cmake)
[1.277s] -- Added test 'copyright' to check source files copyright and LICENSE
[1.289s] -- Added test 'flake8' to check Python code syntax and style conventions
[1.291s] -- Added test 'lint_cmake' to check CMake code style
[1.292s] -- Added test 'pep257' to check Python code against some of the docstring style conventions in PEP 257
[1.299s] -- Added test 'xmllint' to check XML markup files
[1.300s] -- Configuring done
[1.302s] -- Generating done
[1.303s] -- Build files have been written to: /home/exysta/2324_Projet2A_Eve/Code/ROS2/build/micro_ros_setup
[1.307s] Invoked command in '/home/exysta/2324_Projet2A_Eve/Code/ROS2/build/micro_ros_setup' returned '0': CMAKE_PREFIX_PATH=/home/exysta/project/ros2_ws/install/bob_controller:/opt/ros/humble /usr/bin/cmake /home/exysta/2324_Projet2A_Eve/Code/ROS2/src/micro_ros_setup -DCMAKE_INSTALL_PREFIX=/home/exysta/2324_Projet2A_Eve/Code/ROS2/install/micro_ros_setup
[1.309s] Invoking command in '/home/exysta/2324_Projet2A_Eve/Code/ROS2/build/micro_ros_setup': CMAKE_PREFIX_PATH=/home/exysta/project/ros2_ws/install/bob_controller:/opt/ros/humble /usr/bin/cmake --build /home/exysta/2324_Projet2A_Eve/Code/ROS2/build/micro_ros_setup -- -j8 -l8
[1.337s] Invoked command in '/home/exysta/2324_Projet2A_Eve/Code/ROS2/build/micro_ros_setup' returned '0': CMAKE_PREFIX_PATH=/home/exysta/project/ros2_ws/install/bob_controller:/opt/ros/humble /usr/bin/cmake --build /home/exysta/2324_Projet2A_Eve/Code/ROS2/build/micro_ros_setup -- -j8 -l8
[1.355s] Invoking command in '/home/exysta/2324_Projet2A_Eve/Code/ROS2/build/micro_ros_setup': CMAKE_PREFIX_PATH=/home/exysta/project/ros2_ws/install/bob_controller:/opt/ros/humble /usr/bin/cmake --install /home/exysta/2324_Projet2A_Eve/Code/ROS2/build/micro_ros_setup
[1.357s] -- Install configuration: ""
[1.357s] -- Installing: /home/exysta/2324_Projet2A_Eve/Code/ROS2/install/micro_ros_setup/share/ament_index/resource_index/package_run_dependencies/micro_ros_setup
[1.357s] -- Installing: /home/exysta/2324_Projet2A_Eve/Code/ROS2/install/micro_ros_setup/share/ament_index/resource_index/parent_prefix_path/micro_ros_setup
[1.357s] -- Installing: /home/exysta/2324_Projet2A_Eve/Code/ROS2/install/micro_ros_setup/share/micro_ros_setup/environment/ament_prefix_path.sh
[1.358s] -- Installing: /home/exysta/2324_Projet2A_Eve/Code/ROS2/install/micro_ros_setup/share/micro_ros_setup/environment/ament_prefix_path.dsv
[1.358s] -- Installing: /home/exysta/2324_Projet2A_Eve/Code/ROS2/install/micro_ros_setup/share/micro_ros_setup/environment/path.sh
[1.358s] -- Installing: /home/exysta/2324_Projet2A_Eve/Code/ROS2/install/micro_ros_setup/share/micro_ros_setup/environment/path.dsv
[1.358s] -- Installing: /home/exysta/2324_Projet2A_Eve/Code/ROS2/install/micro_ros_setup/share/micro_ros_setup/local_setup.bash
[1.358s] -- Installing: /home/exysta/2324_Projet2A_Eve/Code/ROS2/install/micro_ros_setup/share/micro_ros_setup/local_setup.sh
[1.358s] -- Installing: /home/exysta/2324_Projet2A_Eve/Code/ROS2/install/micro_ros_setup/share/micro_ros_setup/local_setup.zsh
[1.358s] -- Installing: /home/exysta/2324_Projet2A_Eve/Code/ROS2/install/micro_ros_setup/share/micro_ros_setup/local_setup.dsv
[1.358s] -- Installing: /home/exysta/2324_Projet2A_Eve/Code/ROS2/install/micro_ros_setup/share/micro_ros_setup/package.dsv
[1.359s] -- Installing: /home/exysta/2324_Projet2A_Eve/Code/ROS2/install/micro_ros_setup/share/ament_index/resource_index/packages/micro_ros_setup
[1.359s] -- Installing: /home/exysta/2324_Projet2A_Eve/Code/ROS2/install/micro_ros_setup/share/micro_ros_setup/cmake/micro_ros_setupConfig.cmake
[1.359s] -- Installing: /home/exysta/2324_Projet2A_Eve/Code/ROS2/install/micro_ros_setup/share/micro_ros_setup/cmake/micro_ros_setupConfig-version.cmake
[1.359s] -- Installing: /home/exysta/2324_Projet2A_Eve/Code/ROS2/install/micro_ros_setup/share/micro_ros_setup/package.xml
[1.359s] -- Installing: /home/exysta/2324_Projet2A_Eve/Code/ROS2/install/micro_ros_setup/./config
[1.359s] -- Installing: /home/exysta/2324_Projet2A_Eve/Code/ROS2/install/micro_ros_setup/./config/agent_uros_packages.repos
[1.359s] -- Installing: /home/exysta/2324_Projet2A_Eve/Code/ROS2/install/micro_ros_setup/./config/client_ros2_packages.txt
[1.359s] -- Installing: /home/exysta/2324_Projet2A_Eve/Code/ROS2/install/micro_ros_setup/./config/raspbian
[1.359s] -- Installing: /home/exysta/2324_Projet2A_Eve/Code/ROS2/install/micro_ros_setup/./config/raspbian/generic
[1.360s] -- Installing: /home/exysta/2324_Projet2A_Eve/Code/ROS2/install/micro_ros_setup/./config/raspbian/generic/flash.sh
[1.360s] -- Installing: /home/exysta/2324_Projet2A_Eve/Code/ROS2/install/micro_ros_setup/./config/raspbian/generic/client-colcon.meta
[1.360s] -- Installing: /home/exysta/2324_Projet2A_Eve/Code/ROS2/install/micro_ros_setup/./config/raspbian/generic/build.sh
[1.360s] -- Installing: /home/exysta/2324_Projet2A_Eve/Code/ROS2/install/micro_ros_setup/./config/raspbian/generic/client_uros_packages.repos
[1.360s] -- Installing: /home/exysta/2324_Projet2A_Eve/Code/ROS2/install/micro_ros_setup/./config/raspbian/generic/supported_platforms
[1.360s] -- Installing: /home/exysta/2324_Projet2A_Eve/Code/ROS2/install/micro_ros_setup/./config/raspbian/generic/create.sh
[1.361s] -- Installing: /home/exysta/2324_Projet2A_Eve/Code/ROS2/install/micro_ros_setup/./config/raspbian/generic/configure.sh
[1.361s] -- Installing: /home/exysta/2324_Projet2A_Eve/Code/ROS2/install/micro_ros_setup/./config/raspbian/dev_ros2_packages.txt
[1.361s] -- Installing: /home/exysta/2324_Projet2A_Eve/Code/ROS2/install/micro_ros_setup/./config/raspbian/dev_uros_packages.repos
[1.361s] -- Installing: /home/exysta/2324_Projet2A_Eve/Code/ROS2/install/micro_ros_setup/./config/agent_ros2_packages.txt
[1.361s] -- Installing: /home/exysta/2324_Projet2A_Eve/Code/ROS2/install/micro_ros_setup/./config/freertos
[1.361s] -- Installing: /home/exysta/2324_Projet2A_Eve/Code/ROS2/install/micro_ros_setup/./config/freertos/crazyflie21
[1.362s] -- Installing: /home/exysta/2324_Projet2A_Eve/Code/ROS2/install/micro_ros_setup/./config/freertos/crazyflie21/flash.sh
[1.362s] -- Installing: /home/exysta/2324_Projet2A_Eve/Code/ROS2/install/micro_ros_setup/./config/freertos/crazyflie21/client-colcon.meta
[1.362s] -- Installing: /home/exysta/2324_Projet2A_Eve/Code/ROS2/install/micro_ros_setup/./config/freertos/crazyflie21/package.xml
[1.362s] -- Installing: /home/exysta/2324_Projet2A_Eve/Code/ROS2/install/micro_ros_setup/./config/freertos/crazyflie21/board.repos
[1.362s] -- Installing: /home/exysta/2324_Projet2A_Eve/Code/ROS2/install/micro_ros_setup/./config/freertos/crazyflie21/build.sh
[1.363s] -- Installing: /home/exysta/2324_Projet2A_Eve/Code/ROS2/install/micro_ros_setup/./config/freertos/crazyflie21/client_uros_packages.repos
[1.363s] -- Installing: /home/exysta/2324_Projet2A_Eve/Code/ROS2/install/micro_ros_setup/./config/freertos/crazyflie21/create.sh
[1.363s] -- Installing: /home/exysta/2324_Projet2A_Eve/Code/ROS2/install/micro_ros_setup/./config/freertos/crazyflie21/configure.sh
[1.363s] -- Installing: /home/exysta/2324_Projet2A_Eve/Code/ROS2/install/micro_ros_setup/./config/freertos/olimex-stm32-e407
[1.363s] -- Installing: /home/exysta/2324_Projet2A_Eve/Code/ROS2/install/micro_ros_setup/./config/freertos/olimex-stm32-e407/flash.sh
[1.363s] -- Installing: /home/exysta/2324_Projet2A_Eve/Code/ROS2/install/micro_ros_setup/./config/freertos/olimex-stm32-e407/client-colcon.meta
[1.363s] -- Installing: /home/exysta/2324_Projet2A_Eve/Code/ROS2/install/micro_ros_setup/./config/freertos/olimex-stm32-e407/package.xml
[1.363s] -- Installing: /home/exysta/2324_Projet2A_Eve/Code/ROS2/install/micro_ros_setup/./config/freertos/olimex-stm32-e407/board.repos
[1.364s] -- Installing: /home/exysta/2324_Projet2A_Eve/Code/ROS2/install/micro_ros_setup/./config/freertos/olimex-stm32-e407/build.sh
[1.364s] -- Installing: /home/exysta/2324_Projet2A_Eve/Code/ROS2/install/micro_ros_setup/./config/freertos/olimex-stm32-e407/client_uros_packages.repos
[1.364s] -- Installing: /home/exysta/2324_Projet2A_Eve/Code/ROS2/install/micro_ros_setup/./config/freertos/olimex-stm32-e407/create.sh
[1.364s] -- Installing: /home/exysta/2324_Projet2A_Eve/Code/ROS2/install/micro_ros_setup/./config/freertos/olimex-stm32-e407/configure.sh
[1.364s] -- Installing: /home/exysta/2324_Projet2A_Eve/Code/ROS2/install/micro_ros_setup/./config/freertos/nucleo_f746zg
[1.364s] -- Installing: /home/exysta/2324_Projet2A_Eve/Code/ROS2/install/micro_ros_setup/./config/freertos/nucleo_f746zg/flash.sh
[1.364s] -- Installing: /home/exysta/2324_Projet2A_Eve/Code/ROS2/install/micro_ros_setup/./config/freertos/nucleo_f746zg/client-colcon.meta
[1.364s] -- Installing: /home/exysta/2324_Projet2A_Eve/Code/ROS2/install/micro_ros_setup/./config/freertos/nucleo_f746zg/package.xml
[1.364s] -- Installing: /home/exysta/2324_Projet2A_Eve/Code/ROS2/install/micro_ros_setup/./config/freertos/nucleo_f746zg/board.repos
[1.365s] -- Installing: /home/exysta/2324_Projet2A_Eve/Code/ROS2/install/micro_ros_setup/./config/freertos/nucleo_f746zg/build.sh
[1.365s] -- Installing: /home/exysta/2324_Projet2A_Eve/Code/ROS2/install/micro_ros_setup/./config/freertos/nucleo_f746zg/client_uros_packages.repos
[1.365s] -- Installing: /home/exysta/2324_Projet2A_Eve/Code/ROS2/install/micro_ros_setup/./config/freertos/nucleo_f746zg/create.sh
[1.365s] -- Installing: /home/exysta/2324_Projet2A_Eve/Code/ROS2/install/micro_ros_setup/./config/freertos/nucleo_f746zg/configure.sh
[1.365s] -- Installing: /home/exysta/2324_Projet2A_Eve/Code/ROS2/install/micro_ros_setup/./config/freertos/nucleo_f767zi
[1.365s] -- Installing: /home/exysta/2324_Projet2A_Eve/Code/ROS2/install/micro_ros_setup/./config/freertos/nucleo_f767zi/flash.sh
[1.365s] -- Installing: /home/exysta/2324_Projet2A_Eve/Code/ROS2/install/micro_ros_setup/./config/freertos/nucleo_f767zi/client-colcon.meta
[1.365s] -- Installing: /home/exysta/2324_Projet2A_Eve/Code/ROS2/install/micro_ros_setup/./config/freertos/nucleo_f767zi/package.xml
[1.365s] -- Installing: /home/exysta/2324_Projet2A_Eve/Code/ROS2/install/micro_ros_setup/./config/freertos/nucleo_f767zi/board.repos
[1.366s] -- Installing: /home/exysta/2324_Projet2A_Eve/Code/ROS2/install/micro_ros_setup/./config/freertos/nucleo_f767zi/build.sh
[1.366s] -- Installing: /home/exysta/2324_Projet2A_Eve/Code/ROS2/install/micro_ros_setup/./config/freertos/nucleo_f767zi/client_uros_packages.repos
[1.366s] -- Installing: /home/exysta/2324_Projet2A_Eve/Code/ROS2/install/micro_ros_setup/./config/freertos/nucleo_f767zi/create.sh
[1.366s] -- Installing: /home/exysta/2324_Projet2A_Eve/Code/ROS2/install/micro_ros_setup/./config/freertos/nucleo_f767zi/configure.sh
[1.366s] -- Installing: /home/exysta/2324_Projet2A_Eve/Code/ROS2/install/micro_ros_setup/./config/freertos/nucleo_f446ze
[1.366s] -- Installing: /home/exysta/2324_Projet2A_Eve/Code/ROS2/install/micro_ros_setup/./config/freertos/nucleo_f446ze/flash.sh
[1.366s] -- Installing: /home/exysta/2324_Projet2A_Eve/Code/ROS2/install/micro_ros_setup/./config/freertos/nucleo_f446ze/client-colcon.meta
[1.367s] -- Installing: /home/exysta/2324_Projet2A_Eve/Code/ROS2/install/micro_ros_setup/./config/freertos/nucleo_f446ze/package.xml
[1.367s] -- Installing: /home/exysta/2324_Projet2A_Eve/Code/ROS2/install/micro_ros_setup/./config/freertos/nucleo_f446ze/board.repos
[1.367s] -- Installing: /home/exysta/2324_Projet2A_Eve/Code/ROS2/install/micro_ros_setup/./config/freertos/nucleo_f446ze/build.sh
[1.367s] -- Installing: /home/exysta/2324_Projet2A_Eve/Code/ROS2/install/micro_ros_setup/./config/freertos/nucleo_f446ze/client_uros_packages.repos
[1.367s] -- Installing: /home/exysta/2324_Projet2A_Eve/Code/ROS2/install/micro_ros_setup/./config/freertos/nucleo_f446ze/create.sh
[1.367s] -- Installing: /home/exysta/2324_Projet2A_Eve/Code/ROS2/install/micro_ros_setup/./config/freertos/nucleo_f446ze/configure.sh
[1.367s] -- Installing: /home/exysta/2324_Projet2A_Eve/Code/ROS2/install/micro_ros_setup/./config/freertos/dev_ros2_packages.txt
[1.368s] -- Installing: /home/exysta/2324_Projet2A_Eve/Code/ROS2/install/micro_ros_setup/./config/freertos/esp32
[1.368s] -- Installing: /home/exysta/2324_Projet2A_Eve/Code/ROS2/install/micro_ros_setup/./config/freertos/esp32/flash.sh
[1.368s] -- Installing: /home/exysta/2324_Projet2A_Eve/Code/ROS2/install/micro_ros_setup/./config/freertos/esp32/client-colcon.meta
[1.368s] -- Installing: /home/exysta/2324_Projet2A_Eve/Code/ROS2/install/micro_ros_setup/./config/freertos/esp32/package.xml
[1.368s] -- Installing: /home/exysta/2324_Projet2A_Eve/Code/ROS2/install/micro_ros_setup/./config/freertos/esp32/board.repos
[1.368s] -- Installing: /home/exysta/2324_Projet2A_Eve/Code/ROS2/install/micro_ros_setup/./config/freertos/esp32/README.md
[1.369s] -- Installing: /home/exysta/2324_Projet2A_Eve/Code/ROS2/install/micro_ros_setup/./config/freertos/esp32/build.sh
[1.369s] -- Installing: /home/exysta/2324_Projet2A_Eve/Code/ROS2/install/micro_ros_setup/./config/freertos/esp32/client_uros_packages.repos
[1.369s] -- Installing: /home/exysta/2324_Projet2A_Eve/Code/ROS2/install/micro_ros_setup/./config/freertos/esp32/create.sh
[1.369s] -- Installing: /home/exysta/2324_Projet2A_Eve/Code/ROS2/install/micro_ros_setup/./config/freertos/esp32/configure.sh
[1.369s] -- Installing: /home/exysta/2324_Projet2A_Eve/Code/ROS2/install/micro_ros_setup/./config/freertos/list_apps.sh
[1.369s] -- Installing: /home/exysta/2324_Projet2A_Eve/Code/ROS2/install/micro_ros_setup/./config/freertos/nucleo_f446re
[1.369s] -- Installing: /home/exysta/2324_Projet2A_Eve/Code/ROS2/install/micro_ros_setup/./config/freertos/nucleo_f446re/flash.sh
[1.370s] -- Installing: /home/exysta/2324_Projet2A_Eve/Code/ROS2/install/micro_ros_setup/./config/freertos/nucleo_f446re/client-colcon.meta
[1.370s] -- Installing: /home/exysta/2324_Projet2A_Eve/Code/ROS2/install/micro_ros_setup/./config/freertos/nucleo_f446re/package.xml
[1.370s] -- Installing: /home/exysta/2324_Projet2A_Eve/Code/ROS2/install/micro_ros_setup/./config/freertos/nucleo_f446re/board.repos
[1.370s] -- Installing: /home/exysta/2324_Projet2A_Eve/Code/ROS2/install/micro_ros_setup/./config/freertos/nucleo_f446re/build.sh
[1.370s] -- Installing: /home/exysta/2324_Projet2A_Eve/Code/ROS2/install/micro_ros_setup/./config/freertos/nucleo_f446re/client_uros_packages.repos
[1.371s] -- Installing: /home/exysta/2324_Projet2A_Eve/Code/ROS2/install/micro_ros_setup/./config/freertos/nucleo_f446re/create.sh
[1.371s] -- Installing: /home/exysta/2324_Projet2A_Eve/Code/ROS2/install/micro_ros_setup/./config/freertos/nucleo_f446re/configure.sh
[1.371s] -- Installing: /home/exysta/2324_Projet2A_Eve/Code/ROS2/install/micro_ros_setup/./config/freertos/dev_uros_packages.repos
[1.371s] -- Installing: /home/exysta/2324_Projet2A_Eve/Code/ROS2/install/micro_ros_setup/./config/zephyr
[1.371s] -- Installing: /home/exysta/2324_Projet2A_Eve/Code/ROS2/install/micro_ros_setup/./config/zephyr/generic
[1.371s] -- Installing: /home/exysta/2324_Projet2A_Eve/Code/ROS2/install/micro_ros_setup/./config/zephyr/generic/flash.sh
[1.371s] -- Installing: /home/exysta/2324_Projet2A_Eve/Code/ROS2/install/micro_ros_setup/./config/zephyr/generic/client-colcon.meta
[1.371s] -- Installing: /home/exysta/2324_Projet2A_Eve/Code/ROS2/install/micro_ros_setup/./config/zephyr/generic/package.xml
[1.372s] -- Installing: /home/exysta/2324_Projet2A_Eve/Code/ROS2/install/micro_ros_setup/./config/zephyr/generic/board.repos
[1.372s] -- Installing: /home/exysta/2324_Projet2A_Eve/Code/ROS2/install/micro_ros_setup/./config/zephyr/generic/build.sh
[1.372s] -- Installing: /home/exysta/2324_Projet2A_Eve/Code/ROS2/install/micro_ros_setup/./config/zephyr/generic/client_uros_packages.repos
[1.372s] -- Installing: /home/exysta/2324_Projet2A_Eve/Code/ROS2/install/micro_ros_setup/./config/zephyr/generic/supported_platforms
[1.372s] -- Installing: /home/exysta/2324_Projet2A_Eve/Code/ROS2/install/micro_ros_setup/./config/zephyr/generic/create.sh
[1.372s] -- Installing: /home/exysta/2324_Projet2A_Eve/Code/ROS2/install/micro_ros_setup/./config/zephyr/generic/configure.sh
[1.372s] -- Installing: /home/exysta/2324_Projet2A_Eve/Code/ROS2/install/micro_ros_setup/./config/zephyr/dev_ros2_packages.txt
[1.373s] -- Installing: /home/exysta/2324_Projet2A_Eve/Code/ROS2/install/micro_ros_setup/./config/zephyr/list_apps.sh
[1.373s] -- Installing: /home/exysta/2324_Projet2A_Eve/Code/ROS2/install/micro_ros_setup/./config/zephyr/dev_uros_packages.repos
[1.373s] -- Installing: /home/exysta/2324_Projet2A_Eve/Code/ROS2/install/micro_ros_setup/./config/android
[1.373s] -- Installing: /home/exysta/2324_Projet2A_Eve/Code/ROS2/install/micro_ros_setup/./config/android/generic
[1.373s] -- Installing: /home/exysta/2324_Projet2A_Eve/Code/ROS2/install/micro_ros_setup/./config/android/generic/flash.sh
[1.373s] -- Installing: /home/exysta/2324_Projet2A_Eve/Code/ROS2/install/micro_ros_setup/./config/android/generic/client-colcon.meta
[1.373s] -- Installing: /home/exysta/2324_Projet2A_Eve/Code/ROS2/install/micro_ros_setup/./config/android/generic/package.xml
[1.373s] -- Installing: /home/exysta/2324_Projet2A_Eve/Code/ROS2/install/micro_ros_setup/./config/android/generic/build.sh
[1.373s] -- Installing: /home/exysta/2324_Projet2A_Eve/Code/ROS2/install/micro_ros_setup/./config/android/generic/client_uros_packages.repos
[1.374s] -- Installing: /home/exysta/2324_Projet2A_Eve/Code/ROS2/install/micro_ros_setup/./config/android/generic/create.sh
[1.374s] -- Installing: /home/exysta/2324_Projet2A_Eve/Code/ROS2/install/micro_ros_setup/./config/android/dev_ros2_packages.txt
[1.374s] -- Installing: /home/exysta/2324_Projet2A_Eve/Code/ROS2/install/micro_ros_setup/./config/android/dev_uros_packages.repos
[1.374s] -- Installing: /home/exysta/2324_Projet2A_Eve/Code/ROS2/install/micro_ros_setup/./config/generate_lib
[1.374s] -- Installing: /home/exysta/2324_Projet2A_Eve/Code/ROS2/install/micro_ros_setup/./config/generate_lib/generic
[1.374s] -- Installing: /home/exysta/2324_Projet2A_Eve/Code/ROS2/install/micro_ros_setup/./config/generate_lib/generic/flash.sh
[1.374s] -- Installing: /home/exysta/2324_Projet2A_Eve/Code/ROS2/install/micro_ros_setup/./config/generate_lib/generic/client-colcon.meta
[1.374s] -- Installing: /home/exysta/2324_Projet2A_Eve/Code/ROS2/install/micro_ros_setup/./config/generate_lib/generic/demo_toolchain.cmake
[1.375s] -- Installing: /home/exysta/2324_Projet2A_Eve/Code/ROS2/install/micro_ros_setup/./config/generate_lib/generic/package.xml
[1.375s] -- Installing: /home/exysta/2324_Projet2A_Eve/Code/ROS2/install/micro_ros_setup/./config/generate_lib/generic/build.sh
[1.375s] -- Installing: /home/exysta/2324_Projet2A_Eve/Code/ROS2/install/micro_ros_setup/./config/generate_lib/generic/client_uros_packages.repos
[1.375s] -- Installing: /home/exysta/2324_Projet2A_Eve/Code/ROS2/install/micro_ros_setup/./config/generate_lib/generic/create.sh
[1.375s] -- Installing: /home/exysta/2324_Projet2A_Eve/Code/ROS2/install/micro_ros_setup/./config/generate_lib/dev_ros2_packages.txt
[1.375s] -- Installing: /home/exysta/2324_Projet2A_Eve/Code/ROS2/install/micro_ros_setup/./config/generate_lib/dev_uros_packages.repos
[1.375s] -- Installing: /home/exysta/2324_Projet2A_Eve/Code/ROS2/install/micro_ros_setup/./config/host
[1.375s] -- Installing: /home/exysta/2324_Projet2A_Eve/Code/ROS2/install/micro_ros_setup/./config/host/generic
[1.376s] -- Installing: /home/exysta/2324_Projet2A_Eve/Code/ROS2/install/micro_ros_setup/./config/host/generic/client_host_packages.repos
[1.376s] -- Installing: /home/exysta/2324_Projet2A_Eve/Code/ROS2/install/micro_ros_setup/./config/host/generic/flash.sh
[1.376s] -- Installing: /home/exysta/2324_Projet2A_Eve/Code/ROS2/install/micro_ros_setup/./config/host/generic/client-host-colcon.meta
[1.376s] -- Installing: /home/exysta/2324_Projet2A_Eve/Code/ROS2/install/micro_ros_setup/./config/host/generic/package.xml
[1.376s] -- Installing: /home/exysta/2324_Projet2A_Eve/Code/ROS2/install/micro_ros_setup/./config/host/generic/build.sh
[1.376s] -- Installing: /home/exysta/2324_Projet2A_Eve/Code/ROS2/install/micro_ros_setup/./config/host/generic/create.sh
[1.376s] -- Installing: /home/exysta/2324_Projet2A_Eve/Code/ROS2/install/micro_ros_setup/./config/host/client_ros2_packages.txt
[1.376s] -- Installing: /home/exysta/2324_Projet2A_Eve/Code/ROS2/install/micro_ros_setup/./config/host/dev_ros2_packages.txt
[1.376s] -- Installing: /home/exysta/2324_Projet2A_Eve/Code/ROS2/install/micro_ros_setup/./config/host/dev_uros_packages.repos
[1.376s] -- Installing: /home/exysta/2324_Projet2A_Eve/Code/ROS2/install/micro_ros_setup/./config/client_uros_packages.repos
[1.377s] -- Installing: /home/exysta/2324_Projet2A_Eve/Code/ROS2/install/micro_ros_setup/./config/renesas_ra
[1.377s] -- Installing: /home/exysta/2324_Projet2A_Eve/Code/ROS2/install/micro_ros_setup/./config/renesas_ra/dev_ros2_packages.txt
[1.377s] -- Installing: /home/exysta/2324_Projet2A_Eve/Code/ROS2/install/micro_ros_setup/./config/renesas_ra/list_apps.sh
[1.377s] -- Installing: /home/exysta/2324_Projet2A_Eve/Code/ROS2/install/micro_ros_setup/./config/renesas_ra/ra6m5
[1.377s] -- Installing: /home/exysta/2324_Projet2A_Eve/Code/ROS2/install/micro_ros_setup/./config/renesas_ra/ra6m5/flash.sh
[1.377s] -- Installing: /home/exysta/2324_Projet2A_Eve/Code/ROS2/install/micro_ros_setup/./config/renesas_ra/ra6m5/client-colcon.meta
[1.377s] -- Installing: /home/exysta/2324_Projet2A_Eve/Code/ROS2/install/micro_ros_setup/./config/renesas_ra/ra6m5/board.repos
[1.377s] -- Installing: /home/exysta/2324_Projet2A_Eve/Code/ROS2/install/micro_ros_setup/./config/renesas_ra/ra6m5/build.sh
[1.377s] -- Installing: /home/exysta/2324_Projet2A_Eve/Code/ROS2/install/micro_ros_setup/./config/renesas_ra/ra6m5/client_uros_packages.repos
[1.378s] -- Installing: /home/exysta/2324_Projet2A_Eve/Code/ROS2/install/micro_ros_setup/./config/renesas_ra/ra6m5/create.sh
[1.378s] -- Installing: /home/exysta/2324_Projet2A_Eve/Code/ROS2/install/micro_ros_setup/./config/renesas_ra/ra6m5/configure.sh
[1.378s] -- Installing: /home/exysta/2324_Projet2A_Eve/Code/ROS2/install/micro_ros_setup/./config/renesas_ra/dev_uros_packages.repos
[1.378s] -- Installing: /home/exysta/2324_Projet2A_Eve/Code/ROS2/install/micro_ros_setup/./config/utils.sh
[1.378s] -- Installing: /home/exysta/2324_Projet2A_Eve/Code/ROS2/install/micro_ros_setup/./config/mbed
[1.378s] -- Installing: /home/exysta/2324_Projet2A_Eve/Code/ROS2/install/micro_ros_setup/./config/mbed/generic
[1.378s] -- Installing: /home/exysta/2324_Projet2A_Eve/Code/ROS2/install/micro_ros_setup/./config/mbed/generic/flash.sh
[1.378s] -- Installing: /home/exysta/2324_Projet2A_Eve/Code/ROS2/install/micro_ros_setup/./config/mbed/generic/package.xml
[1.378s] -- Installing: /home/exysta/2324_Projet2A_Eve/Code/ROS2/install/micro_ros_setup/./config/mbed/generic/board.repos
[1.378s] -- Installing: /home/exysta/2324_Projet2A_Eve/Code/ROS2/install/micro_ros_setup/./config/mbed/generic/build.sh
[1.379s] -- Installing: /home/exysta/2324_Projet2A_Eve/Code/ROS2/install/micro_ros_setup/./config/mbed/generic/client_uros_packages.repos
[1.379s] -- Installing: /home/exysta/2324_Projet2A_Eve/Code/ROS2/install/micro_ros_setup/./config/mbed/generic/supported_platforms
[1.379s] -- Installing: /home/exysta/2324_Projet2A_Eve/Code/ROS2/install/micro_ros_setup/./config/mbed/generic/create.sh
[1.379s] -- Installing: /home/exysta/2324_Projet2A_Eve/Code/ROS2/install/micro_ros_setup/./config/mbed/dev_ros2_packages.txt
[1.379s] -- Installing: /home/exysta/2324_Projet2A_Eve/Code/ROS2/install/micro_ros_setup/./config/mbed/list_apps.sh
[1.379s] -- Installing: /home/exysta/2324_Projet2A_Eve/Code/ROS2/install/micro_ros_setup/./config/mbed/dev_uros_packages.repos
[1.379s] -- Installing: /home/exysta/2324_Projet2A_Eve/Code/ROS2/install/micro_ros_setup/lib/micro_ros_setup/create_ws.sh
[1.379s] -- Installing: /home/exysta/2324_Projet2A_Eve/Code/ROS2/install/micro_ros_setup/lib/micro_ros_setup/create_agent_ws.sh
[1.380s] -- Installing: /home/exysta/2324_Projet2A_Eve/Code/ROS2/install/micro_ros_setup/lib/micro_ros_setup/create_firmware_ws.sh
[1.380s] -- Installing: /home/exysta/2324_Projet2A_Eve/Code/ROS2/install/micro_ros_setup/lib/micro_ros_setup/configure_firmware.sh
[1.380s] -- Installing: /home/exysta/2324_Projet2A_Eve/Code/ROS2/install/micro_ros_setup/lib/micro_ros_setup/flash_firmware.sh
[1.380s] -- Installing: /home/exysta/2324_Projet2A_Eve/Code/ROS2/install/micro_ros_setup/lib/micro_ros_setup/build_firmware.sh
[1.380s] -- Installing: /home/exysta/2324_Projet2A_Eve/Code/ROS2/install/micro_ros_setup/lib/micro_ros_setup/build_agent.sh
[1.380s] -- Installing: /home/exysta/2324_Projet2A_Eve/Code/ROS2/install/micro_ros_setup/lib/micro_ros_setup/yaml_filter.py
[1.380s] -- Installing: /home/exysta/2324_Projet2A_Eve/Code/ROS2/install/micro_ros_setup/lib/micro_ros_setup/clean_env.sh
[1.380s] -- Installing: /home/exysta/2324_Projet2A_Eve/Code/ROS2/install/micro_ros_setup/lib/micro_ros_setup/component
[1.380s] Invoked command in '/home/exysta/2324_Projet2A_Eve/Code/ROS2/build/micro_ros_setup' returned '0': CMAKE_PREFIX_PATH=/home/exysta/project/ros2_ws/install/bob_controller:/opt/ros/humble /usr/bin/cmake --install /home/exysta/2324_Projet2A_Eve/Code/ROS2/build/micro_ros_setup
