[0.880s] DEBUG:colcon:Command line arguments: ['/usr/bin/colcon', 'build']
[0.880s] DEBUG:colcon:Parsed command line arguments: Namespace(log_base=None, log_level=None, verb_name='build', build_base='build', install_base='install', merge_install=False, symlink_install=False, test_result_base=None, continue_on_error=False, executor='parallel', parallel_workers=8, event_handlers=None, ignore_user_meta=False, metas=['./colcon.meta'], base_paths=['.'], packages_ignore=None, packages_ignore_regex=None, paths=None, packages_up_to=None, packages_up_to_regex=None, packages_above=None, packages_above_and_dependencies=None, packages_above_depth=None, packages_select_by_dep=None, packages_skip_by_dep=None, packages_skip_up_to=None, packages_select_build_failed=False, packages_skip_build_finished=False, packages_select_test_failures=False, packages_skip_test_passed=False, packages_select=None, packages_skip=None, packages_select_regex=None, packages_skip_regex=None, packages_start=None, packages_end=None, allow_overriding=[], cmake_args=None, cmake_target=None, cmake_target_skip_unavailable=False, cmake_clean_cache=False, cmake_clean_first=False, cmake_force_configure=False, ament_cmake_args=None, catkin_cmake_args=None, catkin_skip_building_tests=False, verb_parser=<colcon_defaults.argument_parser.defaults.DefaultArgumentsDecorator object at 0x7ff134464df0>, verb_extension=<colcon_core.verb.build.BuildVerb object at 0x7ff134921750>, main=<bound method BuildVerb.main of <colcon_core.verb.build.BuildVerb object at 0x7ff134921750>>)
[0.918s] Level 1:colcon.colcon_core.package_discovery:discover_packages(colcon_meta) check parameters
[0.918s] Level 1:colcon.colcon_core.package_discovery:discover_packages(recursive) check parameters
[0.918s] Level 1:colcon.colcon_core.package_discovery:discover_packages(ignore) check parameters
[0.918s] Level 1:colcon.colcon_core.package_discovery:discover_packages(path) check parameters
[0.918s] Level 1:colcon.colcon_core.package_discovery:discover_packages(colcon_meta) discover
[0.918s] Level 1:colcon.colcon_core.package_discovery:discover_packages(recursive) discover
[0.918s] INFO:colcon.colcon_core.package_discovery:Crawling recursively for packages in '/home/exysta/2324_Projet2A_Eve/Code/ROS2'
[0.918s] Level 1:colcon.colcon_core.package_identification:_identify(.) by extensions ['ignore', 'ignore_ament_install']
[0.918s] Level 1:colcon.colcon_core.package_identification:_identify(.) by extension 'ignore'
[0.918s] Level 1:colcon.colcon_core.package_identification:_identify(.) by extension 'ignore_ament_install'
[0.918s] Level 1:colcon.colcon_core.package_identification:_identify(.) by extensions ['colcon_pkg']
[0.919s] Level 1:colcon.colcon_core.package_identification:_identify(.) by extension 'colcon_pkg'
[0.919s] Level 1:colcon.colcon_core.package_identification:_identify(.) by extensions ['colcon_meta']
[0.919s] Level 1:colcon.colcon_core.package_identification:_identify(.) by extension 'colcon_meta'
[0.919s] Level 1:colcon.colcon_core.package_identification:_identify(.) by extensions ['ros']
[0.919s] Level 1:colcon.colcon_core.package_identification:_identify(.) by extension 'ros'
[0.927s] Level 1:colcon.colcon_core.package_identification:_identify(.) by extensions ['cmake', 'python']
[0.928s] Level 1:colcon.colcon_core.package_identification:_identify(.) by extension 'cmake'
[0.928s] Level 1:colcon.colcon_core.package_identification:_identify(.) by extension 'python'
[0.928s] Level 1:colcon.colcon_core.package_identification:_identify(.) by extensions ['python_setup_py']
[0.928s] Level 1:colcon.colcon_core.package_identification:_identify(.) by extension 'python_setup_py'
[0.928s] Level 1:colcon.colcon_core.package_identification:_identify(build) by extensions ['ignore', 'ignore_ament_install']
[0.928s] Level 1:colcon.colcon_core.package_identification:_identify(build) by extension 'ignore'
[0.928s] Level 1:colcon.colcon_core.package_identification:_identify(build) ignored
[0.928s] Level 1:colcon.colcon_core.package_identification:_identify(firmware) by extensions ['ignore', 'ignore_ament_install']
[0.928s] Level 1:colcon.colcon_core.package_identification:_identify(firmware) by extension 'ignore'
[0.928s] Level 1:colcon.colcon_core.package_identification:_identify(firmware) ignored
[0.928s] Level 1:colcon.colcon_core.package_identification:_identify(install) by extensions ['ignore', 'ignore_ament_install']
[0.928s] Level 1:colcon.colcon_core.package_identification:_identify(install) by extension 'ignore'
[0.928s] Level 1:colcon.colcon_core.package_identification:_identify(install) ignored
[0.928s] Level 1:colcon.colcon_core.package_identification:_identify(log) by extensions ['ignore', 'ignore_ament_install']
[0.928s] Level 1:colcon.colcon_core.package_identification:_identify(log) by extension 'ignore'
[0.928s] Level 1:colcon.colcon_core.package_identification:_identify(log) ignored
[0.928s] Level 1:colcon.colcon_core.package_identification:_identify(src) by extensions ['ignore', 'ignore_ament_install']
[0.928s] Level 1:colcon.colcon_core.package_identification:_identify(src) by extension 'ignore'
[0.929s] Level 1:colcon.colcon_core.package_identification:_identify(src) by extension 'ignore_ament_install'
[0.929s] Level 1:colcon.colcon_core.package_identification:_identify(src) by extensions ['colcon_pkg']
[0.929s] Level 1:colcon.colcon_core.package_identification:_identify(src) by extension 'colcon_pkg'
[0.929s] Level 1:colcon.colcon_core.package_identification:_identify(src) by extensions ['colcon_meta']
[0.929s] Level 1:colcon.colcon_core.package_identification:_identify(src) by extension 'colcon_meta'
[0.929s] Level 1:colcon.colcon_core.package_identification:_identify(src) by extensions ['ros']
[0.929s] Level 1:colcon.colcon_core.package_identification:_identify(src) by extension 'ros'
[0.929s] Level 1:colcon.colcon_core.package_identification:_identify(src) by extensions ['cmake', 'python']
[0.929s] Level 1:colcon.colcon_core.package_identification:_identify(src) by extension 'cmake'
[0.929s] Level 1:colcon.colcon_core.package_identification:_identify(src) by extension 'python'
[0.929s] Level 1:colcon.colcon_core.package_identification:_identify(src) by extensions ['python_setup_py']
[0.929s] Level 1:colcon.colcon_core.package_identification:_identify(src) by extension 'python_setup_py'
[0.929s] Level 1:colcon.colcon_core.package_identification:_identify(src/micro_ros_setup) by extensions ['ignore', 'ignore_ament_install']
[0.929s] Level 1:colcon.colcon_core.package_identification:_identify(src/micro_ros_setup) by extension 'ignore'
[0.929s] Level 1:colcon.colcon_core.package_identification:_identify(src/micro_ros_setup) by extension 'ignore_ament_install'
[0.929s] Level 1:colcon.colcon_core.package_identification:_identify(src/micro_ros_setup) by extensions ['colcon_pkg']
[0.929s] Level 1:colcon.colcon_core.package_identification:_identify(src/micro_ros_setup) by extension 'colcon_pkg'
[0.929s] Level 1:colcon.colcon_core.package_identification:_identify(src/micro_ros_setup) by extensions ['colcon_meta']
[0.929s] Level 1:colcon.colcon_core.package_identification:_identify(src/micro_ros_setup) by extension 'colcon_meta'
[0.929s] Level 1:colcon.colcon_core.package_identification:_identify(src/micro_ros_setup) by extensions ['ros']
[0.929s] Level 1:colcon.colcon_core.package_identification:_identify(src/micro_ros_setup) by extension 'ros'
[0.931s] DEBUG:colcon.colcon_core.package_identification:Package 'src/micro_ros_setup' with type 'ros.ament_cmake' and name 'micro_ros_setup'
[0.931s] Level 1:colcon.colcon_core.package_identification:_identify(src/uros) by extensions ['ignore', 'ignore_ament_install']
[0.932s] Level 1:colcon.colcon_core.package_identification:_identify(src/uros) by extension 'ignore'
[0.932s] Level 1:colcon.colcon_core.package_identification:_identify(src/uros) by extension 'ignore_ament_install'
[0.932s] Level 1:colcon.colcon_core.package_identification:_identify(src/uros) by extensions ['colcon_pkg']
[0.932s] Level 1:colcon.colcon_core.package_identification:_identify(src/uros) by extension 'colcon_pkg'
[0.932s] Level 1:colcon.colcon_core.package_identification:_identify(src/uros) by extensions ['colcon_meta']
[0.932s] Level 1:colcon.colcon_core.package_identification:_identify(src/uros) by extension 'colcon_meta'
[0.932s] Level 1:colcon.colcon_core.package_identification:_identify(src/uros) by extensions ['ros']
[0.932s] Level 1:colcon.colcon_core.package_identification:_identify(src/uros) by extension 'ros'
[0.932s] Level 1:colcon.colcon_core.package_identification:_identify(src/uros) by extensions ['cmake', 'python']
[0.932s] Level 1:colcon.colcon_core.package_identification:_identify(src/uros) by extension 'cmake'
[0.932s] Level 1:colcon.colcon_core.package_identification:_identify(src/uros) by extension 'python'
[0.932s] Level 1:colcon.colcon_core.package_identification:_identify(src/uros) by extensions ['python_setup_py']
[0.932s] Level 1:colcon.colcon_core.package_identification:_identify(src/uros) by extension 'python_setup_py'
[0.932s] Level 1:colcon.colcon_core.package_identification:_identify(src/uros/micro-ROS-Agent) by extensions ['ignore', 'ignore_ament_install']
[0.932s] Level 1:colcon.colcon_core.package_identification:_identify(src/uros/micro-ROS-Agent) by extension 'ignore'
[0.932s] Level 1:colcon.colcon_core.package_identification:_identify(src/uros/micro-ROS-Agent) by extension 'ignore_ament_install'
[0.932s] Level 1:colcon.colcon_core.package_identification:_identify(src/uros/micro-ROS-Agent) by extensions ['colcon_pkg']
[0.932s] Level 1:colcon.colcon_core.package_identification:_identify(src/uros/micro-ROS-Agent) by extension 'colcon_pkg'
[0.932s] Level 1:colcon.colcon_core.package_identification:_identify(src/uros/micro-ROS-Agent) by extensions ['colcon_meta']
[0.932s] Level 1:colcon.colcon_core.package_identification:_identify(src/uros/micro-ROS-Agent) by extension 'colcon_meta'
[0.932s] Level 1:colcon.colcon_core.package_identification:_identify(src/uros/micro-ROS-Agent) by extensions ['ros']
[0.932s] Level 1:colcon.colcon_core.package_identification:_identify(src/uros/micro-ROS-Agent) by extension 'ros'
[0.932s] Level 1:colcon.colcon_core.package_identification:_identify(src/uros/micro-ROS-Agent) by extensions ['cmake', 'python']
[0.932s] Level 1:colcon.colcon_core.package_identification:_identify(src/uros/micro-ROS-Agent) by extension 'cmake'
[0.932s] Level 1:colcon.colcon_core.package_identification:_identify(src/uros/micro-ROS-Agent) by extension 'python'
[0.932s] Level 1:colcon.colcon_core.package_identification:_identify(src/uros/micro-ROS-Agent) by extensions ['python_setup_py']
[0.932s] Level 1:colcon.colcon_core.package_identification:_identify(src/uros/micro-ROS-Agent) by extension 'python_setup_py'
[0.933s] Level 1:colcon.colcon_core.package_identification:_identify(src/uros/micro-ROS-Agent/micro_ros_agent) by extensions ['ignore', 'ignore_ament_install']
[0.933s] Level 1:colcon.colcon_core.package_identification:_identify(src/uros/micro-ROS-Agent/micro_ros_agent) by extension 'ignore'
[0.933s] Level 1:colcon.colcon_core.package_identification:_identify(src/uros/micro-ROS-Agent/micro_ros_agent) by extension 'ignore_ament_install'
[0.933s] Level 1:colcon.colcon_core.package_identification:_identify(src/uros/micro-ROS-Agent/micro_ros_agent) by extensions ['colcon_pkg']
[0.933s] Level 1:colcon.colcon_core.package_identification:_identify(src/uros/micro-ROS-Agent/micro_ros_agent) by extension 'colcon_pkg'
[0.933s] Level 1:colcon.colcon_core.package_identification:_identify(src/uros/micro-ROS-Agent/micro_ros_agent) by extensions ['colcon_meta']
[0.933s] Level 1:colcon.colcon_core.package_identification:_identify(src/uros/micro-ROS-Agent/micro_ros_agent) by extension 'colcon_meta'
[0.933s] Level 1:colcon.colcon_core.package_identification:_identify(src/uros/micro-ROS-Agent/micro_ros_agent) by extensions ['ros']
[0.933s] Level 1:colcon.colcon_core.package_identification:_identify(src/uros/micro-ROS-Agent/micro_ros_agent) by extension 'ros'
[0.933s] DEBUG:colcon.colcon_core.package_identification:Package 'src/uros/micro-ROS-Agent/micro_ros_agent' with type 'ros.ament_cmake' and name 'micro_ros_agent'
[0.934s] Level 1:colcon.colcon_core.package_identification:_identify(src/uros/micro-ROS-Agent/snap) by extensions ['ignore', 'ignore_ament_install']
[0.934s] Level 1:colcon.colcon_core.package_identification:_identify(src/uros/micro-ROS-Agent/snap) by extension 'ignore'
[0.934s] Level 1:colcon.colcon_core.package_identification:_identify(src/uros/micro-ROS-Agent/snap) by extension 'ignore_ament_install'
[0.934s] Level 1:colcon.colcon_core.package_identification:_identify(src/uros/micro-ROS-Agent/snap) by extensions ['colcon_pkg']
[0.934s] Level 1:colcon.colcon_core.package_identification:_identify(src/uros/micro-ROS-Agent/snap) by extension 'colcon_pkg'
[0.934s] Level 1:colcon.colcon_core.package_identification:_identify(src/uros/micro-ROS-Agent/snap) by extensions ['colcon_meta']
[0.934s] Level 1:colcon.colcon_core.package_identification:_identify(src/uros/micro-ROS-Agent/snap) by extension 'colcon_meta'
[0.934s] Level 1:colcon.colcon_core.package_identification:_identify(src/uros/micro-ROS-Agent/snap) by extensions ['ros']
[0.934s] Level 1:colcon.colcon_core.package_identification:_identify(src/uros/micro-ROS-Agent/snap) by extension 'ros'
[0.934s] Level 1:colcon.colcon_core.package_identification:_identify(src/uros/micro-ROS-Agent/snap) by extensions ['cmake', 'python']
[0.934s] Level 1:colcon.colcon_core.package_identification:_identify(src/uros/micro-ROS-Agent/snap) by extension 'cmake'
[0.934s] Level 1:colcon.colcon_core.package_identification:_identify(src/uros/micro-ROS-Agent/snap) by extension 'python'
[0.934s] Level 1:colcon.colcon_core.package_identification:_identify(src/uros/micro-ROS-Agent/snap) by extensions ['python_setup_py']
[0.934s] Level 1:colcon.colcon_core.package_identification:_identify(src/uros/micro-ROS-Agent/snap) by extension 'python_setup_py'
[0.934s] Level 1:colcon.colcon_core.package_identification:_identify(src/uros/micro-ROS-Agent/snap/hooks) by extensions ['ignore', 'ignore_ament_install']
[0.934s] Level 1:colcon.colcon_core.package_identification:_identify(src/uros/micro-ROS-Agent/snap/hooks) by extension 'ignore'
[0.934s] Level 1:colcon.colcon_core.package_identification:_identify(src/uros/micro-ROS-Agent/snap/hooks) by extension 'ignore_ament_install'
[0.934s] Level 1:colcon.colcon_core.package_identification:_identify(src/uros/micro-ROS-Agent/snap/hooks) by extensions ['colcon_pkg']
[0.934s] Level 1:colcon.colcon_core.package_identification:_identify(src/uros/micro-ROS-Agent/snap/hooks) by extension 'colcon_pkg'
[0.934s] Level 1:colcon.colcon_core.package_identification:_identify(src/uros/micro-ROS-Agent/snap/hooks) by extensions ['colcon_meta']
[0.934s] Level 1:colcon.colcon_core.package_identification:_identify(src/uros/micro-ROS-Agent/snap/hooks) by extension 'colcon_meta'
[0.934s] Level 1:colcon.colcon_core.package_identification:_identify(src/uros/micro-ROS-Agent/snap/hooks) by extensions ['ros']
[0.934s] Level 1:colcon.colcon_core.package_identification:_identify(src/uros/micro-ROS-Agent/snap/hooks) by extension 'ros'
[0.934s] Level 1:colcon.colcon_core.package_identification:_identify(src/uros/micro-ROS-Agent/snap/hooks) by extensions ['cmake', 'python']
[0.934s] Level 1:colcon.colcon_core.package_identification:_identify(src/uros/micro-ROS-Agent/snap/hooks) by extension 'cmake'
[0.934s] Level 1:colcon.colcon_core.package_identification:_identify(src/uros/micro-ROS-Agent/snap/hooks) by extension 'python'
[0.934s] Level 1:colcon.colcon_core.package_identification:_identify(src/uros/micro-ROS-Agent/snap/hooks) by extensions ['python_setup_py']
[0.934s] Level 1:colcon.colcon_core.package_identification:_identify(src/uros/micro-ROS-Agent/snap/hooks) by extension 'python_setup_py'
[0.935s] Level 1:colcon.colcon_core.package_identification:_identify(src/uros/micro-ROS-Agent/snap/local) by extensions ['ignore', 'ignore_ament_install']
[0.935s] Level 1:colcon.colcon_core.package_identification:_identify(src/uros/micro-ROS-Agent/snap/local) by extension 'ignore'
[0.935s] Level 1:colcon.colcon_core.package_identification:_identify(src/uros/micro-ROS-Agent/snap/local) by extension 'ignore_ament_install'
[0.935s] Level 1:colcon.colcon_core.package_identification:_identify(src/uros/micro-ROS-Agent/snap/local) by extensions ['colcon_pkg']
[0.935s] Level 1:colcon.colcon_core.package_identification:_identify(src/uros/micro-ROS-Agent/snap/local) by extension 'colcon_pkg'
[0.935s] Level 1:colcon.colcon_core.package_identification:_identify(src/uros/micro-ROS-Agent/snap/local) by extensions ['colcon_meta']
[0.935s] Level 1:colcon.colcon_core.package_identification:_identify(src/uros/micro-ROS-Agent/snap/local) by extension 'colcon_meta'
[0.935s] Level 1:colcon.colcon_core.package_identification:_identify(src/uros/micro-ROS-Agent/snap/local) by extensions ['ros']
[0.935s] Level 1:colcon.colcon_core.package_identification:_identify(src/uros/micro-ROS-Agent/snap/local) by extension 'ros'
[0.935s] Level 1:colcon.colcon_core.package_identification:_identify(src/uros/micro-ROS-Agent/snap/local) by extensions ['cmake', 'python']
[0.935s] Level 1:colcon.colcon_core.package_identification:_identify(src/uros/micro-ROS-Agent/snap/local) by extension 'cmake'
[0.935s] Level 1:colcon.colcon_core.package_identification:_identify(src/uros/micro-ROS-Agent/snap/local) by extension 'python'
[0.935s] Level 1:colcon.colcon_core.package_identification:_identify(src/uros/micro-ROS-Agent/snap/local) by extensions ['python_setup_py']
[0.935s] Level 1:colcon.colcon_core.package_identification:_identify(src/uros/micro-ROS-Agent/snap/local) by extension 'python_setup_py'
[0.935s] Level 1:colcon.colcon_core.package_identification:_identify(src/uros/micro_ros_msgs) by extensions ['ignore', 'ignore_ament_install']
[0.935s] Level 1:colcon.colcon_core.package_identification:_identify(src/uros/micro_ros_msgs) by extension 'ignore'
[0.935s] Level 1:colcon.colcon_core.package_identification:_identify(src/uros/micro_ros_msgs) by extension 'ignore_ament_install'
[0.935s] Level 1:colcon.colcon_core.package_identification:_identify(src/uros/micro_ros_msgs) by extensions ['colcon_pkg']
[0.935s] Level 1:colcon.colcon_core.package_identification:_identify(src/uros/micro_ros_msgs) by extension 'colcon_pkg'
[0.935s] Level 1:colcon.colcon_core.package_identification:_identify(src/uros/micro_ros_msgs) by extensions ['colcon_meta']
[0.935s] Level 1:colcon.colcon_core.package_identification:_identify(src/uros/micro_ros_msgs) by extension 'colcon_meta'
[0.935s] Level 1:colcon.colcon_core.package_identification:_identify(src/uros/micro_ros_msgs) by extensions ['ros']
[0.935s] Level 1:colcon.colcon_core.package_identification:_identify(src/uros/micro_ros_msgs) by extension 'ros'
[0.936s] DEBUG:colcon.colcon_core.package_identification:Package 'src/uros/micro_ros_msgs' with type 'ros.ament_cmake' and name 'micro_ros_msgs'
[0.936s] Level 1:colcon.colcon_core.package_discovery:discover_packages(recursive) using defaults
[0.936s] Level 1:colcon.colcon_core.package_discovery:discover_packages(ignore) discover
[0.936s] Level 1:colcon.colcon_core.package_discovery:discover_packages(ignore) using defaults
[0.936s] Level 1:colcon.colcon_core.package_discovery:discover_packages(path) discover
[0.936s] Level 1:colcon.colcon_core.package_discovery:discover_packages(path) using defaults
[1.014s] Level 1:colcon.colcon_core.package_discovery:discover_packages(prefix_path) check parameters
[1.014s] Level 1:colcon.colcon_core.package_discovery:discover_packages(prefix_path) discover
[1.040s] DEBUG:colcon.colcon_installed_package_information.package_discovery:Found 1 installed packages in /home/exysta/project/ros2_ws/install
[1.065s] DEBUG:colcon.colcon_installed_package_information.package_discovery:Found 270 installed packages in /opt/ros/humble
[1.066s] Level 1:colcon.colcon_core.package_discovery:discover_packages(prefix_path) using defaults
[1.136s] Level 5:colcon.colcon_core.verb:set package 'micro_ros_msgs' build argument 'cmake_args' from command line to 'None'
[1.136s] Level 5:colcon.colcon_core.verb:set package 'micro_ros_msgs' build argument 'cmake_target' from command line to 'None'
[1.136s] Level 5:colcon.colcon_core.verb:set package 'micro_ros_msgs' build argument 'cmake_target_skip_unavailable' from command line to 'False'
[1.136s] Level 5:colcon.colcon_core.verb:set package 'micro_ros_msgs' build argument 'cmake_clean_cache' from command line to 'False'
[1.136s] Level 5:colcon.colcon_core.verb:set package 'micro_ros_msgs' build argument 'cmake_clean_first' from command line to 'False'
[1.137s] Level 5:colcon.colcon_core.verb:set package 'micro_ros_msgs' build argument 'cmake_force_configure' from command line to 'False'
[1.137s] Level 5:colcon.colcon_core.verb:set package 'micro_ros_msgs' build argument 'ament_cmake_args' from command line to 'None'
[1.137s] Level 5:colcon.colcon_core.verb:set package 'micro_ros_msgs' build argument 'catkin_cmake_args' from command line to 'None'
[1.137s] Level 5:colcon.colcon_core.verb:set package 'micro_ros_msgs' build argument 'catkin_skip_building_tests' from command line to 'False'
[1.137s] DEBUG:colcon.colcon_core.verb:Building package 'micro_ros_msgs' with the following arguments: {'ament_cmake_args': None, 'build_base': '/home/exysta/2324_Projet2A_Eve/Code/ROS2/build/micro_ros_msgs', 'catkin_cmake_args': None, 'catkin_skip_building_tests': False, 'cmake_args': None, 'cmake_clean_cache': False, 'cmake_clean_first': False, 'cmake_force_configure': False, 'cmake_target': None, 'cmake_target_skip_unavailable': False, 'install_base': '/home/exysta/2324_Projet2A_Eve/Code/ROS2/install/micro_ros_msgs', 'merge_install': False, 'path': '/home/exysta/2324_Projet2A_Eve/Code/ROS2/src/uros/micro_ros_msgs', 'symlink_install': False, 'test_result_base': None}
[1.149s] Level 5:colcon.colcon_core.verb:set package 'micro_ros_setup' build argument 'cmake_args' from command line to 'None'
[1.150s] Level 5:colcon.colcon_core.verb:set package 'micro_ros_setup' build argument 'cmake_target' from command line to 'None'
[1.150s] Level 5:colcon.colcon_core.verb:set package 'micro_ros_setup' build argument 'cmake_target_skip_unavailable' from command line to 'False'
[1.150s] Level 5:colcon.colcon_core.verb:set package 'micro_ros_setup' build argument 'cmake_clean_cache' from command line to 'False'
[1.150s] Level 5:colcon.colcon_core.verb:set package 'micro_ros_setup' build argument 'cmake_clean_first' from command line to 'False'
[1.150s] Level 5:colcon.colcon_core.verb:set package 'micro_ros_setup' build argument 'cmake_force_configure' from command line to 'False'
[1.150s] Level 5:colcon.colcon_core.verb:set package 'micro_ros_setup' build argument 'ament_cmake_args' from command line to 'None'
[1.150s] Level 5:colcon.colcon_core.verb:set package 'micro_ros_setup' build argument 'catkin_cmake_args' from command line to 'None'
[1.150s] Level 5:colcon.colcon_core.verb:set package 'micro_ros_setup' build argument 'catkin_skip_building_tests' from command line to 'False'
[1.150s] DEBUG:colcon.colcon_core.verb:Building package 'micro_ros_setup' with the following arguments: {'ament_cmake_args': None, 'build_base': '/home/exysta/2324_Projet2A_Eve/Code/ROS2/build/micro_ros_setup', 'catkin_cmake_args': None, 'catkin_skip_building_tests': False, 'cmake_args': None, 'cmake_clean_cache': False, 'cmake_clean_first': False, 'cmake_force_configure': False, 'cmake_target': None, 'cmake_target_skip_unavailable': False, 'install_base': '/home/exysta/2324_Projet2A_Eve/Code/ROS2/install/micro_ros_setup', 'merge_install': False, 'path': '/home/exysta/2324_Projet2A_Eve/Code/ROS2/src/micro_ros_setup', 'symlink_install': False, 'test_result_base': None}
[1.163s] Level 5:colcon.colcon_core.verb:set package 'micro_ros_agent' build argument 'cmake_args' from command line to 'None'
[1.163s] Level 5:colcon.colcon_core.verb:set package 'micro_ros_agent' build argument 'cmake_target' from command line to 'None'
[1.163s] Level 5:colcon.colcon_core.verb:set package 'micro_ros_agent' build argument 'cmake_target_skip_unavailable' from command line to 'False'
[1.163s] Level 5:colcon.colcon_core.verb:set package 'micro_ros_agent' build argument 'cmake_clean_cache' from command line to 'False'
[1.163s] Level 5:colcon.colcon_core.verb:set package 'micro_ros_agent' build argument 'cmake_clean_first' from command line to 'False'
[1.163s] Level 5:colcon.colcon_core.verb:set package 'micro_ros_agent' build argument 'cmake_force_configure' from command line to 'False'
[1.163s] Level 5:colcon.colcon_core.verb:set package 'micro_ros_agent' build argument 'ament_cmake_args' from command line to 'None'
[1.163s] Level 5:colcon.colcon_core.verb:set package 'micro_ros_agent' build argument 'catkin_cmake_args' from command line to 'None'
[1.163s] Level 5:colcon.colcon_core.verb:set package 'micro_ros_agent' build argument 'catkin_skip_building_tests' from command line to 'False'
[1.163s] DEBUG:colcon.colcon_core.verb:Building package 'micro_ros_agent' with the following arguments: {'ament_cmake_args': None, 'build_base': '/home/exysta/2324_Projet2A_Eve/Code/ROS2/build/micro_ros_agent', 'catkin_cmake_args': None, 'catkin_skip_building_tests': False, 'cmake_args': None, 'cmake_clean_cache': False, 'cmake_clean_first': False, 'cmake_force_configure': False, 'cmake_target': None, 'cmake_target_skip_unavailable': False, 'install_base': '/home/exysta/2324_Projet2A_Eve/Code/ROS2/install/micro_ros_agent', 'merge_install': False, 'path': '/home/exysta/2324_Projet2A_Eve/Code/ROS2/src/uros/micro-ROS-Agent/micro_ros_agent', 'symlink_install': False, 'test_result_base': None}
[1.176s] INFO:colcon.colcon_core.executor:Executing jobs using 'parallel' executor
[1.189s] DEBUG:colcon.colcon_parallel_executor.executor.parallel:run_until_complete
[1.189s] INFO:colcon.colcon_ros.task.ament_cmake.build:Building ROS package in '/home/exysta/2324_Projet2A_Eve/Code/ROS2/src/uros/micro_ros_msgs' with build type 'ament_cmake'
[1.189s] INFO:colcon.colcon_cmake.task.cmake.build:Building CMake package in '/home/exysta/2324_Projet2A_Eve/Code/ROS2/src/uros/micro_ros_msgs'
[1.204s] INFO:colcon.colcon_core.plugin_system:Skipping extension 'colcon_core.shell.bat': Not used on non-Windows systems
[1.204s] INFO:colcon.colcon_core.shell:Skip shell extension 'powershell' for command environment: Not usable outside of PowerShell
[1.204s] DEBUG:colcon.colcon_core.shell:Skip shell extension 'dsv' for command environment
[1.244s] INFO:colcon.colcon_ros.task.ament_cmake.build:Building ROS package in '/home/exysta/2324_Projet2A_Eve/Code/ROS2/src/micro_ros_setup' with build type 'ament_cmake'
[1.245s] INFO:colcon.colcon_cmake.task.cmake.build:Building CMake package in '/home/exysta/2324_Projet2A_Eve/Code/ROS2/src/micro_ros_setup'
[1.258s] INFO:colcon.colcon_core.shell:Skip shell extension 'powershell' for command environment: Not usable outside of PowerShell
[1.258s] DEBUG:colcon.colcon_core.shell:Skip shell extension 'dsv' for command environment
[1.303s] DEBUG:colcon.colcon_core.event_handler.log_command:Invoking command in '/home/exysta/2324_Projet2A_Eve/Code/ROS2/build/micro_ros_msgs': CMAKE_PREFIX_PATH=/home/exysta/project/ros2_ws/install/bob_controller:/opt/ros/humble /usr/bin/cmake /home/exysta/2324_Projet2A_Eve/Code/ROS2/src/uros/micro_ros_msgs -DCMAKE_INSTALL_PREFIX=/home/exysta/2324_Projet2A_Eve/Code/ROS2/install/micro_ros_msgs
[1.307s] DEBUG:colcon.colcon_core.event_handler.log_command:Invoking command in '/home/exysta/2324_Projet2A_Eve/Code/ROS2/build/micro_ros_setup': CMAKE_PREFIX_PATH=/home/exysta/project/ros2_ws/install/bob_controller:/opt/ros/humble /usr/bin/cmake --build /home/exysta/2324_Projet2A_Eve/Code/ROS2/build/micro_ros_setup -- -j8 -l8
[1.329s] DEBUG:colcon.colcon_core.event_handler.log_command:Invoked command in '/home/exysta/2324_Projet2A_Eve/Code/ROS2/build/micro_ros_setup' returned '0': CMAKE_PREFIX_PATH=/home/exysta/project/ros2_ws/install/bob_controller:/opt/ros/humble /usr/bin/cmake --build /home/exysta/2324_Projet2A_Eve/Code/ROS2/build/micro_ros_setup -- -j8 -l8
[1.361s] DEBUG:colcon.colcon_core.event_handler.log_command:Invoking command in '/home/exysta/2324_Projet2A_Eve/Code/ROS2/build/micro_ros_setup': CMAKE_PREFIX_PATH=/home/exysta/project/ros2_ws/install/bob_controller:/opt/ros/humble /usr/bin/cmake --install /home/exysta/2324_Projet2A_Eve/Code/ROS2/build/micro_ros_setup
[1.368s] Level 1:colcon.colcon_core.environment:create_environment_scripts_only(micro_ros_setup)
[1.376s] DEBUG:colcon.colcon_core.event_handler.log_command:Invoked command in '/home/exysta/2324_Projet2A_Eve/Code/ROS2/build/micro_ros_setup' returned '0': CMAKE_PREFIX_PATH=/home/exysta/project/ros2_ws/install/bob_controller:/opt/ros/humble /usr/bin/cmake --install /home/exysta/2324_Projet2A_Eve/Code/ROS2/build/micro_ros_setup
[1.389s] Level 1:colcon.colcon_core.environment:checking '/home/exysta/2324_Projet2A_Eve/Code/ROS2/install/micro_ros_setup' for CMake module files
[1.390s] Level 1:colcon.colcon_core.environment:checking '/home/exysta/2324_Projet2A_Eve/Code/ROS2/install/micro_ros_setup' for CMake config files
[1.390s] Level 1:colcon.colcon_core.shell:create_environment_hook('micro_ros_setup', 'cmake_prefix_path')
[1.403s] INFO:colcon.colcon_core.shell:Creating environment hook '/home/exysta/2324_Projet2A_Eve/Code/ROS2/install/micro_ros_setup/share/micro_ros_setup/hook/cmake_prefix_path.ps1'
[1.403s] INFO:colcon.colcon_core.shell:Creating environment descriptor '/home/exysta/2324_Projet2A_Eve/Code/ROS2/install/micro_ros_setup/share/micro_ros_setup/hook/cmake_prefix_path.dsv'
[1.403s] INFO:colcon.colcon_core.shell:Creating environment hook '/home/exysta/2324_Projet2A_Eve/Code/ROS2/install/micro_ros_setup/share/micro_ros_setup/hook/cmake_prefix_path.sh'
[1.404s] Level 1:colcon.colcon_core.environment:checking '/home/exysta/2324_Projet2A_Eve/Code/ROS2/install/micro_ros_setup/lib'
[1.404s] Level 1:colcon.colcon_core.environment:checking '/home/exysta/2324_Projet2A_Eve/Code/ROS2/install/micro_ros_setup/bin'
[1.404s] Level 1:colcon.colcon_core.environment:checking '/home/exysta/2324_Projet2A_Eve/Code/ROS2/install/micro_ros_setup/lib/pkgconfig/micro_ros_setup.pc'
[1.404s] Level 1:colcon.colcon_core.environment:checking '/home/exysta/2324_Projet2A_Eve/Code/ROS2/install/micro_ros_setup/lib/python3.10/site-packages'
[1.405s] Level 1:colcon.colcon_core.environment:checking '/home/exysta/2324_Projet2A_Eve/Code/ROS2/install/micro_ros_setup/bin'
[1.417s] INFO:colcon.colcon_core.shell:Creating package script '/home/exysta/2324_Projet2A_Eve/Code/ROS2/install/micro_ros_setup/share/micro_ros_setup/package.ps1'
[1.418s] INFO:colcon.colcon_core.shell:Creating package descriptor '/home/exysta/2324_Projet2A_Eve/Code/ROS2/install/micro_ros_setup/share/micro_ros_setup/package.dsv'
[1.418s] INFO:colcon.colcon_core.shell:Creating package script '/home/exysta/2324_Projet2A_Eve/Code/ROS2/install/micro_ros_setup/share/micro_ros_setup/package.sh'
[1.419s] INFO:colcon.colcon_core.shell:Creating package script '/home/exysta/2324_Projet2A_Eve/Code/ROS2/install/micro_ros_setup/share/micro_ros_setup/package.bash'
[1.419s] INFO:colcon.colcon_core.shell:Creating package script '/home/exysta/2324_Projet2A_Eve/Code/ROS2/install/micro_ros_setup/share/micro_ros_setup/package.zsh'
[1.420s] Level 1:colcon.colcon_core.environment:create_file_with_runtime_dependencies(/home/exysta/2324_Projet2A_Eve/Code/ROS2/install/micro_ros_setup/share/colcon-core/packages/micro_ros_setup)
[1.457s] Level 1:colcon.colcon_core.environment:create_environment_scripts_only(micro_ros_setup)
[1.470s] Level 1:colcon.colcon_core.environment:checking '/home/exysta/2324_Projet2A_Eve/Code/ROS2/install/micro_ros_setup' for CMake module files
[1.471s] Level 1:colcon.colcon_core.environment:checking '/home/exysta/2324_Projet2A_Eve/Code/ROS2/install/micro_ros_setup' for CMake config files
[1.471s] Level 1:colcon.colcon_core.shell:create_environment_hook('micro_ros_setup', 'cmake_prefix_path')
[1.484s] INFO:colcon.colcon_core.shell:Creating environment hook '/home/exysta/2324_Projet2A_Eve/Code/ROS2/install/micro_ros_setup/share/micro_ros_setup/hook/cmake_prefix_path.ps1'
[1.485s] INFO:colcon.colcon_core.shell:Creating environment descriptor '/home/exysta/2324_Projet2A_Eve/Code/ROS2/install/micro_ros_setup/share/micro_ros_setup/hook/cmake_prefix_path.dsv'
[1.485s] INFO:colcon.colcon_core.shell:Creating environment hook '/home/exysta/2324_Projet2A_Eve/Code/ROS2/install/micro_ros_setup/share/micro_ros_setup/hook/cmake_prefix_path.sh'
[1.485s] Level 1:colcon.colcon_core.environment:checking '/home/exysta/2324_Projet2A_Eve/Code/ROS2/install/micro_ros_setup/lib'
[1.485s] Level 1:colcon.colcon_core.environment:checking '/home/exysta/2324_Projet2A_Eve/Code/ROS2/install/micro_ros_setup/bin'
[1.485s] Level 1:colcon.colcon_core.environment:checking '/home/exysta/2324_Projet2A_Eve/Code/ROS2/install/micro_ros_setup/lib/pkgconfig/micro_ros_setup.pc'
[1.485s] Level 1:colcon.colcon_core.environment:checking '/home/exysta/2324_Projet2A_Eve/Code/ROS2/install/micro_ros_setup/lib/python3.10/site-packages'
[1.486s] Level 1:colcon.colcon_core.environment:checking '/home/exysta/2324_Projet2A_Eve/Code/ROS2/install/micro_ros_setup/bin'
[1.499s] INFO:colcon.colcon_core.shell:Creating package script '/home/exysta/2324_Projet2A_Eve/Code/ROS2/install/micro_ros_setup/share/micro_ros_setup/package.ps1'
[1.499s] INFO:colcon.colcon_core.shell:Creating package descriptor '/home/exysta/2324_Projet2A_Eve/Code/ROS2/install/micro_ros_setup/share/micro_ros_setup/package.dsv'
[1.499s] INFO:colcon.colcon_core.shell:Creating package script '/home/exysta/2324_Projet2A_Eve/Code/ROS2/install/micro_ros_setup/share/micro_ros_setup/package.sh'
[1.500s] INFO:colcon.colcon_core.shell:Creating package script '/home/exysta/2324_Projet2A_Eve/Code/ROS2/install/micro_ros_setup/share/micro_ros_setup/package.bash'
[1.500s] INFO:colcon.colcon_core.shell:Creating package script '/home/exysta/2324_Projet2A_Eve/Code/ROS2/install/micro_ros_setup/share/micro_ros_setup/package.zsh'
[1.500s] Level 1:colcon.colcon_core.environment:create_file_with_runtime_dependencies(/home/exysta/2324_Projet2A_Eve/Code/ROS2/install/micro_ros_setup/share/colcon-core/packages/micro_ros_setup)
[2.380s] DEBUG:colcon.colcon_core.event_handler.log_command:Invoked command in '/home/exysta/2324_Projet2A_Eve/Code/ROS2/build/micro_ros_msgs' returned '0': CMAKE_PREFIX_PATH=/home/exysta/project/ros2_ws/install/bob_controller:/opt/ros/humble /usr/bin/cmake /home/exysta/2324_Projet2A_Eve/Code/ROS2/src/uros/micro_ros_msgs -DCMAKE_INSTALL_PREFIX=/home/exysta/2324_Projet2A_Eve/Code/ROS2/install/micro_ros_msgs
[2.383s] DEBUG:colcon.colcon_core.event_handler.log_command:Invoking command in '/home/exysta/2324_Projet2A_Eve/Code/ROS2/build/micro_ros_msgs': CMAKE_PREFIX_PATH=/home/exysta/project/ros2_ws/install/bob_controller:/opt/ros/humble /usr/bin/cmake --build /home/exysta/2324_Projet2A_Eve/Code/ROS2/build/micro_ros_msgs -- -j8 -l8
[2.745s] DEBUG:colcon.colcon_core.event_handler.log_command:Invoked command in '/home/exysta/2324_Projet2A_Eve/Code/ROS2/build/micro_ros_msgs' returned '0': CMAKE_PREFIX_PATH=/home/exysta/project/ros2_ws/install/bob_controller:/opt/ros/humble /usr/bin/cmake --build /home/exysta/2324_Projet2A_Eve/Code/ROS2/build/micro_ros_msgs -- -j8 -l8
[2.794s] DEBUG:colcon.colcon_core.event_handler.log_command:Invoking command in '/home/exysta/2324_Projet2A_Eve/Code/ROS2/build/micro_ros_msgs': CMAKE_PREFIX_PATH=/home/exysta/project/ros2_ws/install/bob_controller:/opt/ros/humble /usr/bin/cmake --install /home/exysta/2324_Projet2A_Eve/Code/ROS2/build/micro_ros_msgs
[2.861s] Level 1:colcon.colcon_core.environment:create_environment_scripts_only(micro_ros_msgs)
[2.863s] DEBUG:colcon.colcon_core.event_handler.log_command:Invoked command in '/home/exysta/2324_Projet2A_Eve/Code/ROS2/build/micro_ros_msgs' returned '0': CMAKE_PREFIX_PATH=/home/exysta/project/ros2_ws/install/bob_controller:/opt/ros/humble /usr/bin/cmake --install /home/exysta/2324_Projet2A_Eve/Code/ROS2/build/micro_ros_msgs
[2.898s] Level 1:colcon.colcon_core.environment:checking '/home/exysta/2324_Projet2A_Eve/Code/ROS2/install/micro_ros_msgs' for CMake module files
[2.899s] Level 1:colcon.colcon_core.environment:checking '/home/exysta/2324_Projet2A_Eve/Code/ROS2/install/micro_ros_msgs' for CMake config files
[2.899s] Level 1:colcon.colcon_core.shell:create_environment_hook('micro_ros_msgs', 'cmake_prefix_path')
[2.934s] INFO:colcon.colcon_core.shell:Creating environment hook '/home/exysta/2324_Projet2A_Eve/Code/ROS2/install/micro_ros_msgs/share/micro_ros_msgs/hook/cmake_prefix_path.ps1'
[2.934s] INFO:colcon.colcon_core.shell:Creating environment descriptor '/home/exysta/2324_Projet2A_Eve/Code/ROS2/install/micro_ros_msgs/share/micro_ros_msgs/hook/cmake_prefix_path.dsv'
[2.935s] INFO:colcon.colcon_core.shell:Creating environment hook '/home/exysta/2324_Projet2A_Eve/Code/ROS2/install/micro_ros_msgs/share/micro_ros_msgs/hook/cmake_prefix_path.sh'
[2.935s] Level 1:colcon.colcon_core.environment:checking '/home/exysta/2324_Projet2A_Eve/Code/ROS2/install/micro_ros_msgs/lib'
[2.936s] Level 1:colcon.colcon_core.shell:create_environment_hook('micro_ros_msgs', 'ld_library_path_lib')
[2.952s] INFO:colcon.colcon_core.shell:Creating environment hook '/home/exysta/2324_Projet2A_Eve/Code/ROS2/install/micro_ros_msgs/share/micro_ros_msgs/hook/ld_library_path_lib.ps1'
[2.953s] INFO:colcon.colcon_core.shell:Creating environment descriptor '/home/exysta/2324_Projet2A_Eve/Code/ROS2/install/micro_ros_msgs/share/micro_ros_msgs/hook/ld_library_path_lib.dsv'
[2.953s] INFO:colcon.colcon_core.shell:Creating environment hook '/home/exysta/2324_Projet2A_Eve/Code/ROS2/install/micro_ros_msgs/share/micro_ros_msgs/hook/ld_library_path_lib.sh'
[2.953s] Level 1:colcon.colcon_core.environment:checking '/home/exysta/2324_Projet2A_Eve/Code/ROS2/install/micro_ros_msgs/bin'
[2.953s] Level 1:colcon.colcon_core.environment:checking '/home/exysta/2324_Projet2A_Eve/Code/ROS2/install/micro_ros_msgs/lib/pkgconfig/micro_ros_msgs.pc'
[2.953s] Level 1:colcon.colcon_core.environment:checking '/home/exysta/2324_Projet2A_Eve/Code/ROS2/install/micro_ros_msgs/lib/python3.10/site-packages'
[2.954s] Level 1:colcon.colcon_core.environment:checking '/home/exysta/2324_Projet2A_Eve/Code/ROS2/install/micro_ros_msgs/bin'
[2.966s] INFO:colcon.colcon_core.shell:Creating package script '/home/exysta/2324_Projet2A_Eve/Code/ROS2/install/micro_ros_msgs/share/micro_ros_msgs/package.ps1'
[2.967s] INFO:colcon.colcon_core.shell:Creating package descriptor '/home/exysta/2324_Projet2A_Eve/Code/ROS2/install/micro_ros_msgs/share/micro_ros_msgs/package.dsv'
[2.967s] INFO:colcon.colcon_core.shell:Creating package script '/home/exysta/2324_Projet2A_Eve/Code/ROS2/install/micro_ros_msgs/share/micro_ros_msgs/package.sh'
[2.967s] INFO:colcon.colcon_core.shell:Creating package script '/home/exysta/2324_Projet2A_Eve/Code/ROS2/install/micro_ros_msgs/share/micro_ros_msgs/package.bash'
[2.968s] INFO:colcon.colcon_core.shell:Creating package script '/home/exysta/2324_Projet2A_Eve/Code/ROS2/install/micro_ros_msgs/share/micro_ros_msgs/package.zsh'
[2.968s] Level 1:colcon.colcon_core.environment:create_file_with_runtime_dependencies(/home/exysta/2324_Projet2A_Eve/Code/ROS2/install/micro_ros_msgs/share/colcon-core/packages/micro_ros_msgs)
[3.068s] Level 1:colcon.colcon_core.environment:create_environment_scripts_only(micro_ros_msgs)
[3.081s] Level 1:colcon.colcon_core.environment:checking '/home/exysta/2324_Projet2A_Eve/Code/ROS2/install/micro_ros_msgs' for CMake module files
[3.081s] Level 1:colcon.colcon_core.environment:checking '/home/exysta/2324_Projet2A_Eve/Code/ROS2/install/micro_ros_msgs' for CMake config files
[3.082s] Level 1:colcon.colcon_core.shell:create_environment_hook('micro_ros_msgs', 'cmake_prefix_path')
[3.094s] INFO:colcon.colcon_core.shell:Creating environment hook '/home/exysta/2324_Projet2A_Eve/Code/ROS2/install/micro_ros_msgs/share/micro_ros_msgs/hook/cmake_prefix_path.ps1'
[3.095s] INFO:colcon.colcon_core.shell:Creating environment descriptor '/home/exysta/2324_Projet2A_Eve/Code/ROS2/install/micro_ros_msgs/share/micro_ros_msgs/hook/cmake_prefix_path.dsv'
[3.095s] INFO:colcon.colcon_core.shell:Creating environment hook '/home/exysta/2324_Projet2A_Eve/Code/ROS2/install/micro_ros_msgs/share/micro_ros_msgs/hook/cmake_prefix_path.sh'
[3.095s] Level 1:colcon.colcon_core.environment:checking '/home/exysta/2324_Projet2A_Eve/Code/ROS2/install/micro_ros_msgs/lib'
[3.095s] Level 1:colcon.colcon_core.shell:create_environment_hook('micro_ros_msgs', 'ld_library_path_lib')
[3.108s] INFO:colcon.colcon_core.shell:Creating environment hook '/home/exysta/2324_Projet2A_Eve/Code/ROS2/install/micro_ros_msgs/share/micro_ros_msgs/hook/ld_library_path_lib.ps1'
[3.108s] INFO:colcon.colcon_core.shell:Creating environment descriptor '/home/exysta/2324_Projet2A_Eve/Code/ROS2/install/micro_ros_msgs/share/micro_ros_msgs/hook/ld_library_path_lib.dsv'
[3.109s] INFO:colcon.colcon_core.shell:Creating environment hook '/home/exysta/2324_Projet2A_Eve/Code/ROS2/install/micro_ros_msgs/share/micro_ros_msgs/hook/ld_library_path_lib.sh'
[3.109s] Level 1:colcon.colcon_core.environment:checking '/home/exysta/2324_Projet2A_Eve/Code/ROS2/install/micro_ros_msgs/bin'
[3.109s] Level 1:colcon.colcon_core.environment:checking '/home/exysta/2324_Projet2A_Eve/Code/ROS2/install/micro_ros_msgs/lib/pkgconfig/micro_ros_msgs.pc'
[3.109s] Level 1:colcon.colcon_core.environment:checking '/home/exysta/2324_Projet2A_Eve/Code/ROS2/install/micro_ros_msgs/lib/python3.10/site-packages'
[3.109s] Level 1:colcon.colcon_core.environment:checking '/home/exysta/2324_Projet2A_Eve/Code/ROS2/install/micro_ros_msgs/bin'
[3.122s] INFO:colcon.colcon_core.shell:Creating package script '/home/exysta/2324_Projet2A_Eve/Code/ROS2/install/micro_ros_msgs/share/micro_ros_msgs/package.ps1'
[3.123s] INFO:colcon.colcon_core.shell:Creating package descriptor '/home/exysta/2324_Projet2A_Eve/Code/ROS2/install/micro_ros_msgs/share/micro_ros_msgs/package.dsv'
[3.123s] INFO:colcon.colcon_core.shell:Creating package script '/home/exysta/2324_Projet2A_Eve/Code/ROS2/install/micro_ros_msgs/share/micro_ros_msgs/package.sh'
[3.123s] INFO:colcon.colcon_core.shell:Creating package script '/home/exysta/2324_Projet2A_Eve/Code/ROS2/install/micro_ros_msgs/share/micro_ros_msgs/package.bash'
[3.124s] INFO:colcon.colcon_core.shell:Creating package script '/home/exysta/2324_Projet2A_Eve/Code/ROS2/install/micro_ros_msgs/share/micro_ros_msgs/package.zsh'
[3.124s] Level 1:colcon.colcon_core.environment:create_file_with_runtime_dependencies(/home/exysta/2324_Projet2A_Eve/Code/ROS2/install/micro_ros_msgs/share/colcon-core/packages/micro_ros_msgs)
[3.124s] INFO:colcon.colcon_ros.task.ament_cmake.build:Building ROS package in '/home/exysta/2324_Projet2A_Eve/Code/ROS2/src/uros/micro-ROS-Agent/micro_ros_agent' with build type 'ament_cmake'
[3.124s] INFO:colcon.colcon_cmake.task.cmake.build:Building CMake package in '/home/exysta/2324_Projet2A_Eve/Code/ROS2/src/uros/micro-ROS-Agent/micro_ros_agent'
[3.138s] INFO:colcon.colcon_core.shell:Skip shell extension 'powershell' for command environment: Not usable outside of PowerShell
[3.138s] DEBUG:colcon.colcon_core.shell:Skip shell extension 'dsv' for command environment
[3.186s] DEBUG:colcon.colcon_core.event_handler.log_command:Invoking command in '/home/exysta/2324_Projet2A_Eve/Code/ROS2/build/micro_ros_agent': AMENT_PREFIX_PATH=/home/exysta/2324_Projet2A_Eve/Code/ROS2/install/micro_ros_msgs:${AMENT_PREFIX_PATH} CMAKE_PREFIX_PATH=/home/exysta/2324_Projet2A_Eve/Code/ROS2/install/micro_ros_msgs:/home/exysta/project/ros2_ws/install/bob_controller:/opt/ros/humble LD_LIBRARY_PATH=/home/exysta/2324_Projet2A_Eve/Code/ROS2/install/micro_ros_msgs/lib:${LD_LIBRARY_PATH} PYTHONPATH=/home/exysta/2324_Projet2A_Eve/Code/ROS2/install/micro_ros_msgs/local/lib/python3.10/dist-packages:${PYTHONPATH} /usr/bin/cmake /home/exysta/2324_Projet2A_Eve/Code/ROS2/src/uros/micro-ROS-Agent/micro_ros_agent -DCMAKE_INSTALL_PREFIX=/home/exysta/2324_Projet2A_Eve/Code/ROS2/install/micro_ros_agent
[3.598s] DEBUG:colcon.colcon_core.event_handler.log_command:Invoked command in '/home/exysta/2324_Projet2A_Eve/Code/ROS2/build/micro_ros_agent' returned '0': AMENT_PREFIX_PATH=/home/exysta/2324_Projet2A_Eve/Code/ROS2/install/micro_ros_msgs:${AMENT_PREFIX_PATH} CMAKE_PREFIX_PATH=/home/exysta/2324_Projet2A_Eve/Code/ROS2/install/micro_ros_msgs:/home/exysta/project/ros2_ws/install/bob_controller:/opt/ros/humble LD_LIBRARY_PATH=/home/exysta/2324_Projet2A_Eve/Code/ROS2/install/micro_ros_msgs/lib:${LD_LIBRARY_PATH} PYTHONPATH=/home/exysta/2324_Projet2A_Eve/Code/ROS2/install/micro_ros_msgs/local/lib/python3.10/dist-packages:${PYTHONPATH} /usr/bin/cmake /home/exysta/2324_Projet2A_Eve/Code/ROS2/src/uros/micro-ROS-Agent/micro_ros_agent -DCMAKE_INSTALL_PREFIX=/home/exysta/2324_Projet2A_Eve/Code/ROS2/install/micro_ros_agent
[3.600s] DEBUG:colcon.colcon_core.event_handler.log_command:Invoking command in '/home/exysta/2324_Projet2A_Eve/Code/ROS2/build/micro_ros_agent': AMENT_PREFIX_PATH=/home/exysta/2324_Projet2A_Eve/Code/ROS2/install/micro_ros_msgs:${AMENT_PREFIX_PATH} CMAKE_PREFIX_PATH=/home/exysta/2324_Projet2A_Eve/Code/ROS2/install/micro_ros_msgs:/home/exysta/project/ros2_ws/install/bob_controller:/opt/ros/humble LD_LIBRARY_PATH=/home/exysta/2324_Projet2A_Eve/Code/ROS2/install/micro_ros_msgs/lib:${LD_LIBRARY_PATH} PYTHONPATH=/home/exysta/2324_Projet2A_Eve/Code/ROS2/install/micro_ros_msgs/local/lib/python3.10/dist-packages:${PYTHONPATH} /usr/bin/cmake --build /home/exysta/2324_Projet2A_Eve/Code/ROS2/build/micro_ros_agent -- -j8 -l8
[3.664s] DEBUG:colcon.colcon_core.event_handler.log_command:Invoked command in '/home/exysta/2324_Projet2A_Eve/Code/ROS2/build/micro_ros_agent' returned '0': AMENT_PREFIX_PATH=/home/exysta/2324_Projet2A_Eve/Code/ROS2/install/micro_ros_msgs:${AMENT_PREFIX_PATH} CMAKE_PREFIX_PATH=/home/exysta/2324_Projet2A_Eve/Code/ROS2/install/micro_ros_msgs:/home/exysta/project/ros2_ws/install/bob_controller:/opt/ros/humble LD_LIBRARY_PATH=/home/exysta/2324_Projet2A_Eve/Code/ROS2/install/micro_ros_msgs/lib:${LD_LIBRARY_PATH} PYTHONPATH=/home/exysta/2324_Projet2A_Eve/Code/ROS2/install/micro_ros_msgs/local/lib/python3.10/dist-packages:${PYTHONPATH} /usr/bin/cmake --build /home/exysta/2324_Projet2A_Eve/Code/ROS2/build/micro_ros_agent -- -j8 -l8
[3.681s] DEBUG:colcon.colcon_core.event_handler.log_command:Invoking command in '/home/exysta/2324_Projet2A_Eve/Code/ROS2/build/micro_ros_agent': AMENT_PREFIX_PATH=/home/exysta/2324_Projet2A_Eve/Code/ROS2/install/micro_ros_msgs:${AMENT_PREFIX_PATH} CMAKE_PREFIX_PATH=/home/exysta/2324_Projet2A_Eve/Code/ROS2/install/micro_ros_msgs:/home/exysta/project/ros2_ws/install/bob_controller:/opt/ros/humble LD_LIBRARY_PATH=/home/exysta/2324_Projet2A_Eve/Code/ROS2/install/micro_ros_msgs/lib:${LD_LIBRARY_PATH} PYTHONPATH=/home/exysta/2324_Projet2A_Eve/Code/ROS2/install/micro_ros_msgs/local/lib/python3.10/dist-packages:${PYTHONPATH} /usr/bin/cmake --install /home/exysta/2324_Projet2A_Eve/Code/ROS2/build/micro_ros_agent
[3.685s] Level 1:colcon.colcon_core.environment:create_environment_scripts_only(micro_ros_agent)
[3.686s] DEBUG:colcon.colcon_core.event_handler.log_command:Invoked command in '/home/exysta/2324_Projet2A_Eve/Code/ROS2/build/micro_ros_agent' returned '0': AMENT_PREFIX_PATH=/home/exysta/2324_Projet2A_Eve/Code/ROS2/install/micro_ros_msgs:${AMENT_PREFIX_PATH} CMAKE_PREFIX_PATH=/home/exysta/2324_Projet2A_Eve/Code/ROS2/install/micro_ros_msgs:/home/exysta/project/ros2_ws/install/bob_controller:/opt/ros/humble LD_LIBRARY_PATH=/home/exysta/2324_Projet2A_Eve/Code/ROS2/install/micro_ros_msgs/lib:${LD_LIBRARY_PATH} PYTHONPATH=/home/exysta/2324_Projet2A_Eve/Code/ROS2/install/micro_ros_msgs/local/lib/python3.10/dist-packages:${PYTHONPATH} /usr/bin/cmake --install /home/exysta/2324_Projet2A_Eve/Code/ROS2/build/micro_ros_agent
[3.717s] Level 1:colcon.colcon_core.environment:checking '/home/exysta/2324_Projet2A_Eve/Code/ROS2/install/micro_ros_agent' for CMake module files
[3.718s] Level 1:colcon.colcon_core.environment:checking '/home/exysta/2324_Projet2A_Eve/Code/ROS2/install/micro_ros_agent' for CMake config files
[3.719s] Level 1:colcon.colcon_core.shell:create_environment_hook('micro_ros_agent', 'cmake_prefix_path')
[3.750s] INFO:colcon.colcon_core.shell:Creating environment hook '/home/exysta/2324_Projet2A_Eve/Code/ROS2/install/micro_ros_agent/share/micro_ros_agent/hook/cmake_prefix_path.ps1'
[3.750s] INFO:colcon.colcon_core.shell:Creating environment descriptor '/home/exysta/2324_Projet2A_Eve/Code/ROS2/install/micro_ros_agent/share/micro_ros_agent/hook/cmake_prefix_path.dsv'
[3.751s] INFO:colcon.colcon_core.shell:Creating environment hook '/home/exysta/2324_Projet2A_Eve/Code/ROS2/install/micro_ros_agent/share/micro_ros_agent/hook/cmake_prefix_path.sh'
[3.752s] Level 1:colcon.colcon_core.environment:checking '/home/exysta/2324_Projet2A_Eve/Code/ROS2/install/micro_ros_agent/lib'
[3.752s] Level 1:colcon.colcon_core.shell:create_environment_hook('micro_ros_agent', 'ld_library_path_lib')
[3.774s] INFO:colcon.colcon_core.shell:Creating environment hook '/home/exysta/2324_Projet2A_Eve/Code/ROS2/install/micro_ros_agent/share/micro_ros_agent/hook/ld_library_path_lib.ps1'
[3.774s] INFO:colcon.colcon_core.shell:Creating environment descriptor '/home/exysta/2324_Projet2A_Eve/Code/ROS2/install/micro_ros_agent/share/micro_ros_agent/hook/ld_library_path_lib.dsv'
[3.774s] INFO:colcon.colcon_core.shell:Creating environment hook '/home/exysta/2324_Projet2A_Eve/Code/ROS2/install/micro_ros_agent/share/micro_ros_agent/hook/ld_library_path_lib.sh'
[3.774s] Level 1:colcon.colcon_core.environment:checking '/home/exysta/2324_Projet2A_Eve/Code/ROS2/install/micro_ros_agent/bin'
[3.774s] Level 1:colcon.colcon_core.environment:checking '/home/exysta/2324_Projet2A_Eve/Code/ROS2/install/micro_ros_agent/lib/pkgconfig/micro_ros_agent.pc'
[3.775s] Level 1:colcon.colcon_core.environment:checking '/home/exysta/2324_Projet2A_Eve/Code/ROS2/install/micro_ros_agent/lib/python3.10/site-packages'
[3.775s] Level 1:colcon.colcon_core.environment:checking '/home/exysta/2324_Projet2A_Eve/Code/ROS2/install/micro_ros_agent/bin'
[3.787s] INFO:colcon.colcon_core.shell:Creating package script '/home/exysta/2324_Projet2A_Eve/Code/ROS2/install/micro_ros_agent/share/micro_ros_agent/package.ps1'
[3.788s] INFO:colcon.colcon_core.shell:Creating package descriptor '/home/exysta/2324_Projet2A_Eve/Code/ROS2/install/micro_ros_agent/share/micro_ros_agent/package.dsv'
[3.788s] INFO:colcon.colcon_core.shell:Creating package script '/home/exysta/2324_Projet2A_Eve/Code/ROS2/install/micro_ros_agent/share/micro_ros_agent/package.sh'
[3.788s] INFO:colcon.colcon_core.shell:Creating package script '/home/exysta/2324_Projet2A_Eve/Code/ROS2/install/micro_ros_agent/share/micro_ros_agent/package.bash'
[3.789s] INFO:colcon.colcon_core.shell:Creating package script '/home/exysta/2324_Projet2A_Eve/Code/ROS2/install/micro_ros_agent/share/micro_ros_agent/package.zsh'
[3.789s] Level 1:colcon.colcon_core.environment:create_file_with_runtime_dependencies(/home/exysta/2324_Projet2A_Eve/Code/ROS2/install/micro_ros_agent/share/colcon-core/packages/micro_ros_agent)
[3.837s] Level 1:colcon.colcon_core.environment:create_environment_scripts_only(micro_ros_agent)
[3.850s] Level 1:colcon.colcon_core.environment:checking '/home/exysta/2324_Projet2A_Eve/Code/ROS2/install/micro_ros_agent' for CMake module files
[3.851s] Level 1:colcon.colcon_core.environment:checking '/home/exysta/2324_Projet2A_Eve/Code/ROS2/install/micro_ros_agent' for CMake config files
[3.851s] Level 1:colcon.colcon_core.shell:create_environment_hook('micro_ros_agent', 'cmake_prefix_path')
[3.864s] INFO:colcon.colcon_core.shell:Creating environment hook '/home/exysta/2324_Projet2A_Eve/Code/ROS2/install/micro_ros_agent/share/micro_ros_agent/hook/cmake_prefix_path.ps1'
[3.864s] INFO:colcon.colcon_core.shell:Creating environment descriptor '/home/exysta/2324_Projet2A_Eve/Code/ROS2/install/micro_ros_agent/share/micro_ros_agent/hook/cmake_prefix_path.dsv'
[3.864s] INFO:colcon.colcon_core.shell:Creating environment hook '/home/exysta/2324_Projet2A_Eve/Code/ROS2/install/micro_ros_agent/share/micro_ros_agent/hook/cmake_prefix_path.sh'
[3.864s] Level 1:colcon.colcon_core.environment:checking '/home/exysta/2324_Projet2A_Eve/Code/ROS2/install/micro_ros_agent/lib'
[3.865s] Level 1:colcon.colcon_core.shell:create_environment_hook('micro_ros_agent', 'ld_library_path_lib')
[3.877s] INFO:colcon.colcon_core.shell:Creating environment hook '/home/exysta/2324_Projet2A_Eve/Code/ROS2/install/micro_ros_agent/share/micro_ros_agent/hook/ld_library_path_lib.ps1'
[3.878s] INFO:colcon.colcon_core.shell:Creating environment descriptor '/home/exysta/2324_Projet2A_Eve/Code/ROS2/install/micro_ros_agent/share/micro_ros_agent/hook/ld_library_path_lib.dsv'
[3.878s] INFO:colcon.colcon_core.shell:Creating environment hook '/home/exysta/2324_Projet2A_Eve/Code/ROS2/install/micro_ros_agent/share/micro_ros_agent/hook/ld_library_path_lib.sh'
[3.878s] Level 1:colcon.colcon_core.environment:checking '/home/exysta/2324_Projet2A_Eve/Code/ROS2/install/micro_ros_agent/bin'
[3.878s] Level 1:colcon.colcon_core.environment:checking '/home/exysta/2324_Projet2A_Eve/Code/ROS2/install/micro_ros_agent/lib/pkgconfig/micro_ros_agent.pc'
[3.878s] Level 1:colcon.colcon_core.environment:checking '/home/exysta/2324_Projet2A_Eve/Code/ROS2/install/micro_ros_agent/lib/python3.10/site-packages'
[3.879s] Level 1:colcon.colcon_core.environment:checking '/home/exysta/2324_Projet2A_Eve/Code/ROS2/install/micro_ros_agent/bin'
[3.891s] INFO:colcon.colcon_core.shell:Creating package script '/home/exysta/2324_Projet2A_Eve/Code/ROS2/install/micro_ros_agent/share/micro_ros_agent/package.ps1'
[3.892s] INFO:colcon.colcon_core.shell:Creating package descriptor '/home/exysta/2324_Projet2A_Eve/Code/ROS2/install/micro_ros_agent/share/micro_ros_agent/package.dsv'
[3.892s] INFO:colcon.colcon_core.shell:Creating package script '/home/exysta/2324_Projet2A_Eve/Code/ROS2/install/micro_ros_agent/share/micro_ros_agent/package.sh'
[3.892s] INFO:colcon.colcon_core.shell:Creating package script '/home/exysta/2324_Projet2A_Eve/Code/ROS2/install/micro_ros_agent/share/micro_ros_agent/package.bash'
[3.893s] INFO:colcon.colcon_core.shell:Creating package script '/home/exysta/2324_Projet2A_Eve/Code/ROS2/install/micro_ros_agent/share/micro_ros_agent/package.zsh'
[3.893s] Level 1:colcon.colcon_core.environment:create_file_with_runtime_dependencies(/home/exysta/2324_Projet2A_Eve/Code/ROS2/install/micro_ros_agent/share/colcon-core/packages/micro_ros_agent)
[3.893s] DEBUG:colcon.colcon_parallel_executor.executor.parallel:closing loop
[3.893s] DEBUG:colcon.colcon_parallel_executor.executor.parallel:loop closed
[3.893s] DEBUG:colcon.colcon_parallel_executor.executor.parallel:run_until_complete finished with '0'
[3.894s] DEBUG:colcon.colcon_core.event_reactor:joining thread
[3.910s] INFO:colcon.colcon_core.plugin_system:Skipping extension 'colcon_notification.desktop_notification.terminal_notifier': Not used on non-Darwin systems
[3.911s] INFO:colcon.colcon_core.plugin_system:Skipping extension 'colcon_notification.desktop_notification.win32': Not used on non-Windows systems
[3.911s] INFO:colcon.colcon_notification.desktop_notification:Sending desktop notification using 'notify2'
[3.921s] DEBUG:colcon.colcon_core.event_reactor:joined thread
[3.934s] INFO:colcon.colcon_core.shell:Creating prefix script '/home/exysta/2324_Projet2A_Eve/Code/ROS2/install/local_setup.ps1'
[3.935s] INFO:colcon.colcon_core.shell:Creating prefix util module '/home/exysta/2324_Projet2A_Eve/Code/ROS2/install/_local_setup_util_ps1.py'
[3.936s] INFO:colcon.colcon_core.shell:Creating prefix chain script '/home/exysta/2324_Projet2A_Eve/Code/ROS2/install/setup.ps1'
[3.960s] INFO:colcon.colcon_core.shell:Creating prefix script '/home/exysta/2324_Projet2A_Eve/Code/ROS2/install/local_setup.sh'
[3.961s] INFO:colcon.colcon_core.shell:Creating prefix util module '/home/exysta/2324_Projet2A_Eve/Code/ROS2/install/_local_setup_util_sh.py'
[3.961s] INFO:colcon.colcon_core.shell:Creating prefix chain script '/home/exysta/2324_Projet2A_Eve/Code/ROS2/install/setup.sh'
[3.977s] INFO:colcon.colcon_core.shell:Creating prefix script '/home/exysta/2324_Projet2A_Eve/Code/ROS2/install/local_setup.bash'
[3.978s] INFO:colcon.colcon_core.shell:Creating prefix chain script '/home/exysta/2324_Projet2A_Eve/Code/ROS2/install/setup.bash'
[3.991s] INFO:colcon.colcon_core.shell:Creating prefix script '/home/exysta/2324_Projet2A_Eve/Code/ROS2/install/local_setup.zsh'
[3.991s] INFO:colcon.colcon_core.shell:Creating prefix chain script '/home/exysta/2324_Projet2A_Eve/Code/ROS2/install/setup.zsh'
