[1.457s] DEBUG:colcon:Command line arguments: ['/usr/bin/colcon', 'build', '--packages-up-to', 'micro_ros_agent', '--cmake-args', '-DUAGENT_BUILD_EXECUTABLE=OFF', '-DUAGENT_P2P_PROFILE=OFF', '--no-warn-unused-cli']
[1.457s] DEBUG:colcon:Parsed command line arguments: Namespace(log_base=None, log_level=None, verb_name='build', build_base='build', install_base='install', merge_install=False, symlink_install=False, test_result_base=None, continue_on_error=False, executor='parallel', parallel_workers=8, event_handlers=None, ignore_user_meta=False, metas=['./colcon.meta'], base_paths=['.'], packages_ignore=None, packages_ignore_regex=None, paths=None, packages_up_to=['micro_ros_agent'], packages_up_to_regex=None, packages_above=None, packages_above_and_dependencies=None, packages_above_depth=None, packages_select_by_dep=None, packages_skip_by_dep=None, packages_skip_up_to=None, packages_select_build_failed=False, packages_skip_build_finished=False, packages_select_test_failures=False, packages_skip_test_passed=False, packages_select=None, packages_skip=None, packages_select_regex=None, packages_skip_regex=None, packages_start=None, packages_end=None, allow_overriding=[], cmake_args=['-DUAGENT_BUILD_EXECUTABLE=OFF', '-DUAGENT_P2P_PROFILE=OFF', '--no-warn-unused-cli'], cmake_target=None, cmake_target_skip_unavailable=False, cmake_clean_cache=False, cmake_clean_first=False, cmake_force_configure=False, ament_cmake_args=None, catkin_cmake_args=None, catkin_skip_building_tests=False, verb_parser=<colcon_defaults.argument_parser.defaults.DefaultArgumentsDecorator object at 0x7f799257a0b0>, verb_extension=<colcon_core.verb.build.BuildVerb object at 0x7f7992b7cf70>, main=<bound method BuildVerb.main of <colcon_core.verb.build.BuildVerb object at 0x7f7992b7cf70>>)
[1.518s] Level 1:colcon.colcon_core.package_discovery:discover_packages(colcon_meta) check parameters
[1.518s] Level 1:colcon.colcon_core.package_discovery:discover_packages(recursive) check parameters
[1.519s] Level 1:colcon.colcon_core.package_discovery:discover_packages(ignore) check parameters
[1.519s] Level 1:colcon.colcon_core.package_discovery:discover_packages(path) check parameters
[1.519s] Level 1:colcon.colcon_core.package_discovery:discover_packages(colcon_meta) discover
[1.519s] Level 1:colcon.colcon_core.package_discovery:discover_packages(recursive) discover
[1.519s] INFO:colcon.colcon_core.package_discovery:Crawling recursively for packages in '/home/exysta/2324_Projet2A_Eve/Code/ROS2'
[1.519s] Level 1:colcon.colcon_core.package_identification:_identify(.) by extensions ['ignore', 'ignore_ament_install']
[1.519s] Level 1:colcon.colcon_core.package_identification:_identify(.) by extension 'ignore'
[1.519s] Level 1:colcon.colcon_core.package_identification:_identify(.) by extension 'ignore_ament_install'
[1.519s] Level 1:colcon.colcon_core.package_identification:_identify(.) by extensions ['colcon_pkg']
[1.519s] Level 1:colcon.colcon_core.package_identification:_identify(.) by extension 'colcon_pkg'
[1.519s] Level 1:colcon.colcon_core.package_identification:_identify(.) by extensions ['colcon_meta']
[1.519s] Level 1:colcon.colcon_core.package_identification:_identify(.) by extension 'colcon_meta'
[1.519s] Level 1:colcon.colcon_core.package_identification:_identify(.) by extensions ['ros']
[1.519s] Level 1:colcon.colcon_core.package_identification:_identify(.) by extension 'ros'
[1.533s] Level 1:colcon.colcon_core.package_identification:_identify(.) by extensions ['cmake', 'python']
[1.533s] Level 1:colcon.colcon_core.package_identification:_identify(.) by extension 'cmake'
[1.533s] Level 1:colcon.colcon_core.package_identification:_identify(.) by extension 'python'
[1.533s] Level 1:colcon.colcon_core.package_identification:_identify(.) by extensions ['python_setup_py']
[1.533s] Level 1:colcon.colcon_core.package_identification:_identify(.) by extension 'python_setup_py'
[1.533s] Level 1:colcon.colcon_core.package_identification:_identify(build) by extensions ['ignore', 'ignore_ament_install']
[1.534s] Level 1:colcon.colcon_core.package_identification:_identify(build) by extension 'ignore'
[1.534s] Level 1:colcon.colcon_core.package_identification:_identify(build) ignored
[1.534s] Level 1:colcon.colcon_core.package_identification:_identify(firmware) by extensions ['ignore', 'ignore_ament_install']
[1.534s] Level 1:colcon.colcon_core.package_identification:_identify(firmware) by extension 'ignore'
[1.534s] Level 1:colcon.colcon_core.package_identification:_identify(firmware) ignored
[1.534s] Level 1:colcon.colcon_core.package_identification:_identify(install) by extensions ['ignore', 'ignore_ament_install']
[1.534s] Level 1:colcon.colcon_core.package_identification:_identify(install) by extension 'ignore'
[1.534s] Level 1:colcon.colcon_core.package_identification:_identify(install) ignored
[1.534s] Level 1:colcon.colcon_core.package_identification:_identify(log) by extensions ['ignore', 'ignore_ament_install']
[1.534s] Level 1:colcon.colcon_core.package_identification:_identify(log) by extension 'ignore'
[1.534s] Level 1:colcon.colcon_core.package_identification:_identify(log) ignored
[1.535s] Level 1:colcon.colcon_core.package_identification:_identify(src) by extensions ['ignore', 'ignore_ament_install']
[1.535s] Level 1:colcon.colcon_core.package_identification:_identify(src) by extension 'ignore'
[1.535s] Level 1:colcon.colcon_core.package_identification:_identify(src) by extension 'ignore_ament_install'
[1.535s] Level 1:colcon.colcon_core.package_identification:_identify(src) by extensions ['colcon_pkg']
[1.535s] Level 1:colcon.colcon_core.package_identification:_identify(src) by extension 'colcon_pkg'
[1.535s] Level 1:colcon.colcon_core.package_identification:_identify(src) by extensions ['colcon_meta']
[1.535s] Level 1:colcon.colcon_core.package_identification:_identify(src) by extension 'colcon_meta'
[1.535s] Level 1:colcon.colcon_core.package_identification:_identify(src) by extensions ['ros']
[1.535s] Level 1:colcon.colcon_core.package_identification:_identify(src) by extension 'ros'
[1.535s] Level 1:colcon.colcon_core.package_identification:_identify(src) by extensions ['cmake', 'python']
[1.535s] Level 1:colcon.colcon_core.package_identification:_identify(src) by extension 'cmake'
[1.535s] Level 1:colcon.colcon_core.package_identification:_identify(src) by extension 'python'
[1.535s] Level 1:colcon.colcon_core.package_identification:_identify(src) by extensions ['python_setup_py']
[1.535s] Level 1:colcon.colcon_core.package_identification:_identify(src) by extension 'python_setup_py'
[1.535s] Level 1:colcon.colcon_core.package_identification:_identify(src/micro_ros_setup) by extensions ['ignore', 'ignore_ament_install']
[1.535s] Level 1:colcon.colcon_core.package_identification:_identify(src/micro_ros_setup) by extension 'ignore'
[1.536s] Level 1:colcon.colcon_core.package_identification:_identify(src/micro_ros_setup) by extension 'ignore_ament_install'
[1.536s] Level 1:colcon.colcon_core.package_identification:_identify(src/micro_ros_setup) by extensions ['colcon_pkg']
[1.536s] Level 1:colcon.colcon_core.package_identification:_identify(src/micro_ros_setup) by extension 'colcon_pkg'
[1.536s] Level 1:colcon.colcon_core.package_identification:_identify(src/micro_ros_setup) by extensions ['colcon_meta']
[1.536s] Level 1:colcon.colcon_core.package_identification:_identify(src/micro_ros_setup) by extension 'colcon_meta'
[1.536s] Level 1:colcon.colcon_core.package_identification:_identify(src/micro_ros_setup) by extensions ['ros']
[1.536s] Level 1:colcon.colcon_core.package_identification:_identify(src/micro_ros_setup) by extension 'ros'
[1.539s] DEBUG:colcon.colcon_core.package_identification:Package 'src/micro_ros_setup' with type 'ros.ament_cmake' and name 'micro_ros_setup'
[1.539s] Level 1:colcon.colcon_core.package_identification:_identify(src/uros) by extensions ['ignore', 'ignore_ament_install']
[1.539s] Level 1:colcon.colcon_core.package_identification:_identify(src/uros) by extension 'ignore'
[1.540s] Level 1:colcon.colcon_core.package_identification:_identify(src/uros) by extension 'ignore_ament_install'
[1.540s] Level 1:colcon.colcon_core.package_identification:_identify(src/uros) by extensions ['colcon_pkg']
[1.540s] Level 1:colcon.colcon_core.package_identification:_identify(src/uros) by extension 'colcon_pkg'
[1.540s] Level 1:colcon.colcon_core.package_identification:_identify(src/uros) by extensions ['colcon_meta']
[1.540s] Level 1:colcon.colcon_core.package_identification:_identify(src/uros) by extension 'colcon_meta'
[1.540s] Level 1:colcon.colcon_core.package_identification:_identify(src/uros) by extensions ['ros']
[1.540s] Level 1:colcon.colcon_core.package_identification:_identify(src/uros) by extension 'ros'
[1.540s] Level 1:colcon.colcon_core.package_identification:_identify(src/uros) by extensions ['cmake', 'python']
[1.540s] Level 1:colcon.colcon_core.package_identification:_identify(src/uros) by extension 'cmake'
[1.540s] Level 1:colcon.colcon_core.package_identification:_identify(src/uros) by extension 'python'
[1.540s] Level 1:colcon.colcon_core.package_identification:_identify(src/uros) by extensions ['python_setup_py']
[1.540s] Level 1:colcon.colcon_core.package_identification:_identify(src/uros) by extension 'python_setup_py'
[1.540s] Level 1:colcon.colcon_core.package_identification:_identify(src/uros/micro-ROS-Agent) by extensions ['ignore', 'ignore_ament_install']
[1.540s] Level 1:colcon.colcon_core.package_identification:_identify(src/uros/micro-ROS-Agent) by extension 'ignore'
[1.540s] Level 1:colcon.colcon_core.package_identification:_identify(src/uros/micro-ROS-Agent) by extension 'ignore_ament_install'
[1.540s] Level 1:colcon.colcon_core.package_identification:_identify(src/uros/micro-ROS-Agent) by extensions ['colcon_pkg']
[1.541s] Level 1:colcon.colcon_core.package_identification:_identify(src/uros/micro-ROS-Agent) by extension 'colcon_pkg'
[1.541s] Level 1:colcon.colcon_core.package_identification:_identify(src/uros/micro-ROS-Agent) by extensions ['colcon_meta']
[1.541s] Level 1:colcon.colcon_core.package_identification:_identify(src/uros/micro-ROS-Agent) by extension 'colcon_meta'
[1.541s] Level 1:colcon.colcon_core.package_identification:_identify(src/uros/micro-ROS-Agent) by extensions ['ros']
[1.541s] Level 1:colcon.colcon_core.package_identification:_identify(src/uros/micro-ROS-Agent) by extension 'ros'
[1.541s] Level 1:colcon.colcon_core.package_identification:_identify(src/uros/micro-ROS-Agent) by extensions ['cmake', 'python']
[1.541s] Level 1:colcon.colcon_core.package_identification:_identify(src/uros/micro-ROS-Agent) by extension 'cmake'
[1.541s] Level 1:colcon.colcon_core.package_identification:_identify(src/uros/micro-ROS-Agent) by extension 'python'
[1.541s] Level 1:colcon.colcon_core.package_identification:_identify(src/uros/micro-ROS-Agent) by extensions ['python_setup_py']
[1.541s] Level 1:colcon.colcon_core.package_identification:_identify(src/uros/micro-ROS-Agent) by extension 'python_setup_py'
[1.541s] Level 1:colcon.colcon_core.package_identification:_identify(src/uros/micro-ROS-Agent/micro_ros_agent) by extensions ['ignore', 'ignore_ament_install']
[1.541s] Level 1:colcon.colcon_core.package_identification:_identify(src/uros/micro-ROS-Agent/micro_ros_agent) by extension 'ignore'
[1.541s] Level 1:colcon.colcon_core.package_identification:_identify(src/uros/micro-ROS-Agent/micro_ros_agent) by extension 'ignore_ament_install'
[1.541s] Level 1:colcon.colcon_core.package_identification:_identify(src/uros/micro-ROS-Agent/micro_ros_agent) by extensions ['colcon_pkg']
[1.541s] Level 1:colcon.colcon_core.package_identification:_identify(src/uros/micro-ROS-Agent/micro_ros_agent) by extension 'colcon_pkg'
[1.541s] Level 1:colcon.colcon_core.package_identification:_identify(src/uros/micro-ROS-Agent/micro_ros_agent) by extensions ['colcon_meta']
[1.541s] Level 1:colcon.colcon_core.package_identification:_identify(src/uros/micro-ROS-Agent/micro_ros_agent) by extension 'colcon_meta'
[1.542s] Level 1:colcon.colcon_core.package_identification:_identify(src/uros/micro-ROS-Agent/micro_ros_agent) by extensions ['ros']
[1.542s] Level 1:colcon.colcon_core.package_identification:_identify(src/uros/micro-ROS-Agent/micro_ros_agent) by extension 'ros'
[1.543s] DEBUG:colcon.colcon_core.package_identification:Package 'src/uros/micro-ROS-Agent/micro_ros_agent' with type 'ros.ament_cmake' and name 'micro_ros_agent'
[1.543s] Level 1:colcon.colcon_core.package_identification:_identify(src/uros/micro-ROS-Agent/snap) by extensions ['ignore', 'ignore_ament_install']
[1.543s] Level 1:colcon.colcon_core.package_identification:_identify(src/uros/micro-ROS-Agent/snap) by extension 'ignore'
[1.543s] Level 1:colcon.colcon_core.package_identification:_identify(src/uros/micro-ROS-Agent/snap) by extension 'ignore_ament_install'
[1.543s] Level 1:colcon.colcon_core.package_identification:_identify(src/uros/micro-ROS-Agent/snap) by extensions ['colcon_pkg']
[1.543s] Level 1:colcon.colcon_core.package_identification:_identify(src/uros/micro-ROS-Agent/snap) by extension 'colcon_pkg'
[1.543s] Level 1:colcon.colcon_core.package_identification:_identify(src/uros/micro-ROS-Agent/snap) by extensions ['colcon_meta']
[1.543s] Level 1:colcon.colcon_core.package_identification:_identify(src/uros/micro-ROS-Agent/snap) by extension 'colcon_meta'
[1.543s] Level 1:colcon.colcon_core.package_identification:_identify(src/uros/micro-ROS-Agent/snap) by extensions ['ros']
[1.543s] Level 1:colcon.colcon_core.package_identification:_identify(src/uros/micro-ROS-Agent/snap) by extension 'ros'
[1.543s] Level 1:colcon.colcon_core.package_identification:_identify(src/uros/micro-ROS-Agent/snap) by extensions ['cmake', 'python']
[1.543s] Level 1:colcon.colcon_core.package_identification:_identify(src/uros/micro-ROS-Agent/snap) by extension 'cmake'
[1.543s] Level 1:colcon.colcon_core.package_identification:_identify(src/uros/micro-ROS-Agent/snap) by extension 'python'
[1.543s] Level 1:colcon.colcon_core.package_identification:_identify(src/uros/micro-ROS-Agent/snap) by extensions ['python_setup_py']
[1.543s] Level 1:colcon.colcon_core.package_identification:_identify(src/uros/micro-ROS-Agent/snap) by extension 'python_setup_py'
[1.544s] Level 1:colcon.colcon_core.package_identification:_identify(src/uros/micro-ROS-Agent/snap/hooks) by extensions ['ignore', 'ignore_ament_install']
[1.544s] Level 1:colcon.colcon_core.package_identification:_identify(src/uros/micro-ROS-Agent/snap/hooks) by extension 'ignore'
[1.544s] Level 1:colcon.colcon_core.package_identification:_identify(src/uros/micro-ROS-Agent/snap/hooks) by extension 'ignore_ament_install'
[1.544s] Level 1:colcon.colcon_core.package_identification:_identify(src/uros/micro-ROS-Agent/snap/hooks) by extensions ['colcon_pkg']
[1.544s] Level 1:colcon.colcon_core.package_identification:_identify(src/uros/micro-ROS-Agent/snap/hooks) by extension 'colcon_pkg'
[1.544s] Level 1:colcon.colcon_core.package_identification:_identify(src/uros/micro-ROS-Agent/snap/hooks) by extensions ['colcon_meta']
[1.544s] Level 1:colcon.colcon_core.package_identification:_identify(src/uros/micro-ROS-Agent/snap/hooks) by extension 'colcon_meta'
[1.544s] Level 1:colcon.colcon_core.package_identification:_identify(src/uros/micro-ROS-Agent/snap/hooks) by extensions ['ros']
[1.544s] Level 1:colcon.colcon_core.package_identification:_identify(src/uros/micro-ROS-Agent/snap/hooks) by extension 'ros'
[1.544s] Level 1:colcon.colcon_core.package_identification:_identify(src/uros/micro-ROS-Agent/snap/hooks) by extensions ['cmake', 'python']
[1.544s] Level 1:colcon.colcon_core.package_identification:_identify(src/uros/micro-ROS-Agent/snap/hooks) by extension 'cmake'
[1.544s] Level 1:colcon.colcon_core.package_identification:_identify(src/uros/micro-ROS-Agent/snap/hooks) by extension 'python'
[1.544s] Level 1:colcon.colcon_core.package_identification:_identify(src/uros/micro-ROS-Agent/snap/hooks) by extensions ['python_setup_py']
[1.544s] Level 1:colcon.colcon_core.package_identification:_identify(src/uros/micro-ROS-Agent/snap/hooks) by extension 'python_setup_py'
[1.545s] Level 1:colcon.colcon_core.package_identification:_identify(src/uros/micro-ROS-Agent/snap/local) by extensions ['ignore', 'ignore_ament_install']
[1.545s] Level 1:colcon.colcon_core.package_identification:_identify(src/uros/micro-ROS-Agent/snap/local) by extension 'ignore'
[1.545s] Level 1:colcon.colcon_core.package_identification:_identify(src/uros/micro-ROS-Agent/snap/local) by extension 'ignore_ament_install'
[1.545s] Level 1:colcon.colcon_core.package_identification:_identify(src/uros/micro-ROS-Agent/snap/local) by extensions ['colcon_pkg']
[1.545s] Level 1:colcon.colcon_core.package_identification:_identify(src/uros/micro-ROS-Agent/snap/local) by extension 'colcon_pkg'
[1.545s] Level 1:colcon.colcon_core.package_identification:_identify(src/uros/micro-ROS-Agent/snap/local) by extensions ['colcon_meta']
[1.545s] Level 1:colcon.colcon_core.package_identification:_identify(src/uros/micro-ROS-Agent/snap/local) by extension 'colcon_meta'
[1.545s] Level 1:colcon.colcon_core.package_identification:_identify(src/uros/micro-ROS-Agent/snap/local) by extensions ['ros']
[1.545s] Level 1:colcon.colcon_core.package_identification:_identify(src/uros/micro-ROS-Agent/snap/local) by extension 'ros'
[1.545s] Level 1:colcon.colcon_core.package_identification:_identify(src/uros/micro-ROS-Agent/snap/local) by extensions ['cmake', 'python']
[1.545s] Level 1:colcon.colcon_core.package_identification:_identify(src/uros/micro-ROS-Agent/snap/local) by extension 'cmake'
[1.545s] Level 1:colcon.colcon_core.package_identification:_identify(src/uros/micro-ROS-Agent/snap/local) by extension 'python'
[1.545s] Level 1:colcon.colcon_core.package_identification:_identify(src/uros/micro-ROS-Agent/snap/local) by extensions ['python_setup_py']
[1.545s] Level 1:colcon.colcon_core.package_identification:_identify(src/uros/micro-ROS-Agent/snap/local) by extension 'python_setup_py'
[1.545s] Level 1:colcon.colcon_core.package_identification:_identify(src/uros/micro_ros_msgs) by extensions ['ignore', 'ignore_ament_install']
[1.546s] Level 1:colcon.colcon_core.package_identification:_identify(src/uros/micro_ros_msgs) by extension 'ignore'
[1.546s] Level 1:colcon.colcon_core.package_identification:_identify(src/uros/micro_ros_msgs) by extension 'ignore_ament_install'
[1.546s] Level 1:colcon.colcon_core.package_identification:_identify(src/uros/micro_ros_msgs) by extensions ['colcon_pkg']
[1.546s] Level 1:colcon.colcon_core.package_identification:_identify(src/uros/micro_ros_msgs) by extension 'colcon_pkg'
[1.546s] Level 1:colcon.colcon_core.package_identification:_identify(src/uros/micro_ros_msgs) by extensions ['colcon_meta']
[1.546s] Level 1:colcon.colcon_core.package_identification:_identify(src/uros/micro_ros_msgs) by extension 'colcon_meta'
[1.546s] Level 1:colcon.colcon_core.package_identification:_identify(src/uros/micro_ros_msgs) by extensions ['ros']
[1.546s] Level 1:colcon.colcon_core.package_identification:_identify(src/uros/micro_ros_msgs) by extension 'ros'
[1.546s] DEBUG:colcon.colcon_core.package_identification:Package 'src/uros/micro_ros_msgs' with type 'ros.ament_cmake' and name 'micro_ros_msgs'
[1.546s] Level 1:colcon.colcon_core.package_discovery:discover_packages(recursive) using defaults
[1.547s] Level 1:colcon.colcon_core.package_discovery:discover_packages(ignore) discover
[1.547s] Level 1:colcon.colcon_core.package_discovery:discover_packages(ignore) using defaults
[1.547s] Level 1:colcon.colcon_core.package_discovery:discover_packages(path) discover
[1.547s] Level 1:colcon.colcon_core.package_discovery:discover_packages(path) using defaults
[1.633s] INFO:colcon.colcon_core.package_selection:Skipping package 'micro_ros_setup' in 'src/micro_ros_setup'
[1.675s] Level 1:colcon.colcon_core.package_discovery:discover_packages(prefix_path) check parameters
[1.675s] Level 1:colcon.colcon_core.package_discovery:discover_packages(prefix_path) discover
[1.718s] DEBUG:colcon.colcon_installed_package_information.package_discovery:Found 3 installed packages in /home/exysta/2324_Projet2A_Eve/Code/ROS2/install
[1.754s] DEBUG:colcon.colcon_installed_package_information.package_discovery:Found 1 installed packages in /home/exysta/project/ros2_ws/install
[1.776s] DEBUG:colcon.colcon_installed_package_information.package_discovery:Found 270 installed packages in /opt/ros/humble
[1.778s] Level 1:colcon.colcon_core.package_discovery:discover_packages(prefix_path) using defaults
[1.892s] Level 5:colcon.colcon_core.verb:set package 'micro_ros_msgs' build argument 'cmake_args' from command line to '['-DUAGENT_BUILD_EXECUTABLE=OFF', '-DUAGENT_P2P_PROFILE=OFF', '--no-warn-unused-cli']'
[1.892s] Level 5:colcon.colcon_core.verb:set package 'micro_ros_msgs' build argument 'cmake_target' from command line to 'None'
[1.892s] Level 5:colcon.colcon_core.verb:set package 'micro_ros_msgs' build argument 'cmake_target_skip_unavailable' from command line to 'False'
[1.892s] Level 5:colcon.colcon_core.verb:set package 'micro_ros_msgs' build argument 'cmake_clean_cache' from command line to 'False'
[1.892s] Level 5:colcon.colcon_core.verb:set package 'micro_ros_msgs' build argument 'cmake_clean_first' from command line to 'False'
[1.892s] Level 5:colcon.colcon_core.verb:set package 'micro_ros_msgs' build argument 'cmake_force_configure' from command line to 'False'
[1.892s] Level 5:colcon.colcon_core.verb:set package 'micro_ros_msgs' build argument 'ament_cmake_args' from command line to 'None'
[1.892s] Level 5:colcon.colcon_core.verb:set package 'micro_ros_msgs' build argument 'catkin_cmake_args' from command line to 'None'
[1.892s] Level 5:colcon.colcon_core.verb:set package 'micro_ros_msgs' build argument 'catkin_skip_building_tests' from command line to 'False'
[1.892s] DEBUG:colcon.colcon_core.verb:Building package 'micro_ros_msgs' with the following arguments: {'ament_cmake_args': None, 'build_base': '/home/exysta/2324_Projet2A_Eve/Code/ROS2/build/micro_ros_msgs', 'catkin_cmake_args': None, 'catkin_skip_building_tests': False, 'cmake_args': ['-DUAGENT_BUILD_EXECUTABLE=OFF', '-DUAGENT_P2P_PROFILE=OFF', '--no-warn-unused-cli'], 'cmake_clean_cache': False, 'cmake_clean_first': False, 'cmake_force_configure': False, 'cmake_target': None, 'cmake_target_skip_unavailable': False, 'install_base': '/home/exysta/2324_Projet2A_Eve/Code/ROS2/install/micro_ros_msgs', 'merge_install': False, 'path': '/home/exysta/2324_Projet2A_Eve/Code/ROS2/src/uros/micro_ros_msgs', 'symlink_install': False, 'test_result_base': None}
[1.914s] Level 5:colcon.colcon_core.verb:set package 'micro_ros_agent' build argument 'cmake_args' from command line to '['-DUAGENT_BUILD_EXECUTABLE=OFF', '-DUAGENT_P2P_PROFILE=OFF', '--no-warn-unused-cli']'
[1.914s] Level 5:colcon.colcon_core.verb:set package 'micro_ros_agent' build argument 'cmake_target' from command line to 'None'
[1.914s] Level 5:colcon.colcon_core.verb:set package 'micro_ros_agent' build argument 'cmake_target_skip_unavailable' from command line to 'False'
[1.914s] Level 5:colcon.colcon_core.verb:set package 'micro_ros_agent' build argument 'cmake_clean_cache' from command line to 'False'
[1.914s] Level 5:colcon.colcon_core.verb:set package 'micro_ros_agent' build argument 'cmake_clean_first' from command line to 'False'
[1.914s] Level 5:colcon.colcon_core.verb:set package 'micro_ros_agent' build argument 'cmake_force_configure' from command line to 'False'
[1.914s] Level 5:colcon.colcon_core.verb:set package 'micro_ros_agent' build argument 'ament_cmake_args' from command line to 'None'
[1.914s] Level 5:colcon.colcon_core.verb:set package 'micro_ros_agent' build argument 'catkin_cmake_args' from command line to 'None'
[1.914s] Level 5:colcon.colcon_core.verb:set package 'micro_ros_agent' build argument 'catkin_skip_building_tests' from command line to 'False'
[1.914s] DEBUG:colcon.colcon_core.verb:Building package 'micro_ros_agent' with the following arguments: {'ament_cmake_args': None, 'build_base': '/home/exysta/2324_Projet2A_Eve/Code/ROS2/build/micro_ros_agent', 'catkin_cmake_args': None, 'catkin_skip_building_tests': False, 'cmake_args': ['-DUAGENT_BUILD_EXECUTABLE=OFF', '-DUAGENT_P2P_PROFILE=OFF', '--no-warn-unused-cli'], 'cmake_clean_cache': False, 'cmake_clean_first': False, 'cmake_force_configure': False, 'cmake_target': None, 'cmake_target_skip_unavailable': False, 'install_base': '/home/exysta/2324_Projet2A_Eve/Code/ROS2/install/micro_ros_agent', 'merge_install': False, 'path': '/home/exysta/2324_Projet2A_Eve/Code/ROS2/src/uros/micro-ROS-Agent/micro_ros_agent', 'symlink_install': False, 'test_result_base': None}
[1.935s] INFO:colcon.colcon_core.executor:Executing jobs using 'parallel' executor
[1.958s] DEBUG:colcon.colcon_parallel_executor.executor.parallel:run_until_complete
[1.958s] INFO:colcon.colcon_ros.task.ament_cmake.build:Building ROS package in '/home/exysta/2324_Projet2A_Eve/Code/ROS2/src/uros/micro_ros_msgs' with build type 'ament_cmake'
[1.958s] INFO:colcon.colcon_cmake.task.cmake.build:Building CMake package in '/home/exysta/2324_Projet2A_Eve/Code/ROS2/src/uros/micro_ros_msgs'
[1.982s] INFO:colcon.colcon_core.plugin_system:Skipping extension 'colcon_core.shell.bat': Not used on non-Windows systems
[1.982s] INFO:colcon.colcon_core.shell:Skip shell extension 'powershell' for command environment: Not usable outside of PowerShell
[1.982s] DEBUG:colcon.colcon_core.shell:Skip shell extension 'dsv' for command environment
[2.078s] DEBUG:colcon.colcon_core.event_handler.log_command:Invoking command in '/home/exysta/2324_Projet2A_Eve/Code/ROS2/build/micro_ros_msgs': CMAKE_PREFIX_PATH=${CMAKE_PREFIX_PATH}:/home/exysta/project/ros2_ws/install/bob_controller:/opt/ros/humble /usr/bin/cmake /home/exysta/2324_Projet2A_Eve/Code/ROS2/src/uros/micro_ros_msgs -DUAGENT_BUILD_EXECUTABLE=OFF -DUAGENT_P2P_PROFILE=OFF --no-warn-unused-cli -DCMAKE_INSTALL_PREFIX=/home/exysta/2324_Projet2A_Eve/Code/ROS2/install/micro_ros_msgs
[3.153s] DEBUG:colcon.colcon_core.event_handler.log_command:Invoked command in '/home/exysta/2324_Projet2A_Eve/Code/ROS2/build/micro_ros_msgs' returned '0': CMAKE_PREFIX_PATH=${CMAKE_PREFIX_PATH}:/home/exysta/project/ros2_ws/install/bob_controller:/opt/ros/humble /usr/bin/cmake /home/exysta/2324_Projet2A_Eve/Code/ROS2/src/uros/micro_ros_msgs -DUAGENT_BUILD_EXECUTABLE=OFF -DUAGENT_P2P_PROFILE=OFF --no-warn-unused-cli -DCMAKE_INSTALL_PREFIX=/home/exysta/2324_Projet2A_Eve/Code/ROS2/install/micro_ros_msgs
[3.158s] DEBUG:colcon.colcon_core.event_handler.log_command:Invoking command in '/home/exysta/2324_Projet2A_Eve/Code/ROS2/build/micro_ros_msgs': CMAKE_PREFIX_PATH=${CMAKE_PREFIX_PATH}:/home/exysta/project/ros2_ws/install/bob_controller:/opt/ros/humble /usr/bin/cmake --build /home/exysta/2324_Projet2A_Eve/Code/ROS2/build/micro_ros_msgs -- -j8 -l8
[3.588s] DEBUG:colcon.colcon_core.event_handler.log_command:Invoked command in '/home/exysta/2324_Projet2A_Eve/Code/ROS2/build/micro_ros_msgs' returned '0': CMAKE_PREFIX_PATH=${CMAKE_PREFIX_PATH}:/home/exysta/project/ros2_ws/install/bob_controller:/opt/ros/humble /usr/bin/cmake --build /home/exysta/2324_Projet2A_Eve/Code/ROS2/build/micro_ros_msgs -- -j8 -l8
[3.712s] DEBUG:colcon.colcon_core.event_handler.log_command:Invoking command in '/home/exysta/2324_Projet2A_Eve/Code/ROS2/build/micro_ros_msgs': CMAKE_PREFIX_PATH=${CMAKE_PREFIX_PATH}:/home/exysta/project/ros2_ws/install/bob_controller:/opt/ros/humble /usr/bin/cmake --install /home/exysta/2324_Projet2A_Eve/Code/ROS2/build/micro_ros_msgs
[3.791s] Level 1:colcon.colcon_core.environment:create_environment_scripts_only(micro_ros_msgs)
[3.791s] DEBUG:colcon.colcon_core.event_handler.log_command:Invoked command in '/home/exysta/2324_Projet2A_Eve/Code/ROS2/build/micro_ros_msgs' returned '0': CMAKE_PREFIX_PATH=${CMAKE_PREFIX_PATH}:/home/exysta/project/ros2_ws/install/bob_controller:/opt/ros/humble /usr/bin/cmake --install /home/exysta/2324_Projet2A_Eve/Code/ROS2/build/micro_ros_msgs
[3.832s] Level 1:colcon.colcon_core.environment:checking '/home/exysta/2324_Projet2A_Eve/Code/ROS2/install/micro_ros_msgs' for CMake module files
[3.833s] Level 1:colcon.colcon_core.environment:checking '/home/exysta/2324_Projet2A_Eve/Code/ROS2/install/micro_ros_msgs' for CMake config files
[3.833s] Level 1:colcon.colcon_core.shell:create_environment_hook('micro_ros_msgs', 'cmake_prefix_path')
[3.871s] INFO:colcon.colcon_core.shell:Creating environment hook '/home/exysta/2324_Projet2A_Eve/Code/ROS2/install/micro_ros_msgs/share/micro_ros_msgs/hook/cmake_prefix_path.ps1'
[3.872s] INFO:colcon.colcon_core.shell:Creating environment descriptor '/home/exysta/2324_Projet2A_Eve/Code/ROS2/install/micro_ros_msgs/share/micro_ros_msgs/hook/cmake_prefix_path.dsv'
[3.873s] INFO:colcon.colcon_core.shell:Creating environment hook '/home/exysta/2324_Projet2A_Eve/Code/ROS2/install/micro_ros_msgs/share/micro_ros_msgs/hook/cmake_prefix_path.sh'
[3.874s] Level 1:colcon.colcon_core.environment:checking '/home/exysta/2324_Projet2A_Eve/Code/ROS2/install/micro_ros_msgs/lib'
[3.874s] Level 1:colcon.colcon_core.shell:create_environment_hook('micro_ros_msgs', 'ld_library_path_lib')
[3.896s] INFO:colcon.colcon_core.shell:Creating environment hook '/home/exysta/2324_Projet2A_Eve/Code/ROS2/install/micro_ros_msgs/share/micro_ros_msgs/hook/ld_library_path_lib.ps1'
[3.896s] INFO:colcon.colcon_core.shell:Creating environment descriptor '/home/exysta/2324_Projet2A_Eve/Code/ROS2/install/micro_ros_msgs/share/micro_ros_msgs/hook/ld_library_path_lib.dsv'
[3.897s] INFO:colcon.colcon_core.shell:Creating environment hook '/home/exysta/2324_Projet2A_Eve/Code/ROS2/install/micro_ros_msgs/share/micro_ros_msgs/hook/ld_library_path_lib.sh'
[3.897s] Level 1:colcon.colcon_core.environment:checking '/home/exysta/2324_Projet2A_Eve/Code/ROS2/install/micro_ros_msgs/bin'
[3.897s] Level 1:colcon.colcon_core.environment:checking '/home/exysta/2324_Projet2A_Eve/Code/ROS2/install/micro_ros_msgs/lib/pkgconfig/micro_ros_msgs.pc'
[3.897s] Level 1:colcon.colcon_core.environment:checking '/home/exysta/2324_Projet2A_Eve/Code/ROS2/install/micro_ros_msgs/lib/python3.10/site-packages'
[3.898s] Level 1:colcon.colcon_core.environment:checking '/home/exysta/2324_Projet2A_Eve/Code/ROS2/install/micro_ros_msgs/bin'
[3.919s] INFO:colcon.colcon_core.shell:Creating package script '/home/exysta/2324_Projet2A_Eve/Code/ROS2/install/micro_ros_msgs/share/micro_ros_msgs/package.ps1'
[3.920s] INFO:colcon.colcon_core.shell:Creating package descriptor '/home/exysta/2324_Projet2A_Eve/Code/ROS2/install/micro_ros_msgs/share/micro_ros_msgs/package.dsv'
[3.921s] INFO:colcon.colcon_core.shell:Creating package script '/home/exysta/2324_Projet2A_Eve/Code/ROS2/install/micro_ros_msgs/share/micro_ros_msgs/package.sh'
[3.922s] INFO:colcon.colcon_core.shell:Creating package script '/home/exysta/2324_Projet2A_Eve/Code/ROS2/install/micro_ros_msgs/share/micro_ros_msgs/package.bash'
[3.922s] INFO:colcon.colcon_core.shell:Creating package script '/home/exysta/2324_Projet2A_Eve/Code/ROS2/install/micro_ros_msgs/share/micro_ros_msgs/package.zsh'
[3.923s] Level 1:colcon.colcon_core.environment:create_file_with_runtime_dependencies(/home/exysta/2324_Projet2A_Eve/Code/ROS2/install/micro_ros_msgs/share/colcon-core/packages/micro_ros_msgs)
[4.046s] Level 1:colcon.colcon_core.environment:create_environment_scripts_only(micro_ros_msgs)
[4.067s] Level 1:colcon.colcon_core.environment:checking '/home/exysta/2324_Projet2A_Eve/Code/ROS2/install/micro_ros_msgs' for CMake module files
[4.068s] Level 1:colcon.colcon_core.environment:checking '/home/exysta/2324_Projet2A_Eve/Code/ROS2/install/micro_ros_msgs' for CMake config files
[4.068s] Level 1:colcon.colcon_core.shell:create_environment_hook('micro_ros_msgs', 'cmake_prefix_path')
[4.089s] INFO:colcon.colcon_core.shell:Creating environment hook '/home/exysta/2324_Projet2A_Eve/Code/ROS2/install/micro_ros_msgs/share/micro_ros_msgs/hook/cmake_prefix_path.ps1'
[4.090s] INFO:colcon.colcon_core.shell:Creating environment descriptor '/home/exysta/2324_Projet2A_Eve/Code/ROS2/install/micro_ros_msgs/share/micro_ros_msgs/hook/cmake_prefix_path.dsv'
[4.090s] INFO:colcon.colcon_core.shell:Creating environment hook '/home/exysta/2324_Projet2A_Eve/Code/ROS2/install/micro_ros_msgs/share/micro_ros_msgs/hook/cmake_prefix_path.sh'
[4.091s] Level 1:colcon.colcon_core.environment:checking '/home/exysta/2324_Projet2A_Eve/Code/ROS2/install/micro_ros_msgs/lib'
[4.091s] Level 1:colcon.colcon_core.shell:create_environment_hook('micro_ros_msgs', 'ld_library_path_lib')
[4.112s] INFO:colcon.colcon_core.shell:Creating environment hook '/home/exysta/2324_Projet2A_Eve/Code/ROS2/install/micro_ros_msgs/share/micro_ros_msgs/hook/ld_library_path_lib.ps1'
[4.112s] INFO:colcon.colcon_core.shell:Creating environment descriptor '/home/exysta/2324_Projet2A_Eve/Code/ROS2/install/micro_ros_msgs/share/micro_ros_msgs/hook/ld_library_path_lib.dsv'
[4.113s] INFO:colcon.colcon_core.shell:Creating environment hook '/home/exysta/2324_Projet2A_Eve/Code/ROS2/install/micro_ros_msgs/share/micro_ros_msgs/hook/ld_library_path_lib.sh'
[4.113s] Level 1:colcon.colcon_core.environment:checking '/home/exysta/2324_Projet2A_Eve/Code/ROS2/install/micro_ros_msgs/bin'
[4.113s] Level 1:colcon.colcon_core.environment:checking '/home/exysta/2324_Projet2A_Eve/Code/ROS2/install/micro_ros_msgs/lib/pkgconfig/micro_ros_msgs.pc'
[4.113s] Level 1:colcon.colcon_core.environment:checking '/home/exysta/2324_Projet2A_Eve/Code/ROS2/install/micro_ros_msgs/lib/python3.10/site-packages'
[4.114s] Level 1:colcon.colcon_core.environment:checking '/home/exysta/2324_Projet2A_Eve/Code/ROS2/install/micro_ros_msgs/bin'
[4.135s] INFO:colcon.colcon_core.shell:Creating package script '/home/exysta/2324_Projet2A_Eve/Code/ROS2/install/micro_ros_msgs/share/micro_ros_msgs/package.ps1'
[4.135s] INFO:colcon.colcon_core.shell:Creating package descriptor '/home/exysta/2324_Projet2A_Eve/Code/ROS2/install/micro_ros_msgs/share/micro_ros_msgs/package.dsv'
[4.136s] INFO:colcon.colcon_core.shell:Creating package script '/home/exysta/2324_Projet2A_Eve/Code/ROS2/install/micro_ros_msgs/share/micro_ros_msgs/package.sh'
[4.136s] INFO:colcon.colcon_core.shell:Creating package script '/home/exysta/2324_Projet2A_Eve/Code/ROS2/install/micro_ros_msgs/share/micro_ros_msgs/package.bash'
[4.137s] INFO:colcon.colcon_core.shell:Creating package script '/home/exysta/2324_Projet2A_Eve/Code/ROS2/install/micro_ros_msgs/share/micro_ros_msgs/package.zsh'
[4.137s] Level 1:colcon.colcon_core.environment:create_file_with_runtime_dependencies(/home/exysta/2324_Projet2A_Eve/Code/ROS2/install/micro_ros_msgs/share/colcon-core/packages/micro_ros_msgs)
[4.138s] INFO:colcon.colcon_ros.task.ament_cmake.build:Building ROS package in '/home/exysta/2324_Projet2A_Eve/Code/ROS2/src/uros/micro-ROS-Agent/micro_ros_agent' with build type 'ament_cmake'
[4.138s] INFO:colcon.colcon_cmake.task.cmake.build:Building CMake package in '/home/exysta/2324_Projet2A_Eve/Code/ROS2/src/uros/micro-ROS-Agent/micro_ros_agent'
[4.160s] INFO:colcon.colcon_core.shell:Skip shell extension 'powershell' for command environment: Not usable outside of PowerShell
[4.160s] DEBUG:colcon.colcon_core.shell:Skip shell extension 'dsv' for command environment
[4.257s] DEBUG:colcon.colcon_core.event_handler.log_command:Invoking command in '/home/exysta/2324_Projet2A_Eve/Code/ROS2/build/micro_ros_agent': CMAKE_PREFIX_PATH=/home/exysta/2324_Projet2A_Eve/Code/ROS2/install/micro_ros_msgs:/home/exysta/2324_Projet2A_Eve/Code/ROS2/install/micro_ros_setup:/home/exysta/2324_Projet2A_Eve/Code/ROS2/install/micro_ros_agent:/home/exysta/project/ros2_ws/install/bob_controller:/opt/ros/humble LD_LIBRARY_PATH=/home/exysta/2324_Projet2A_Eve/Code/ROS2/install/micro_ros_msgs/lib:/home/exysta/2324_Projet2A_Eve/Code/ROS2/install/micro_ros_agent/lib:/opt/ros/humble/opt/rviz_ogre_vendor/lib:/opt/ros/humble/lib/x86_64-linux-gnu:/opt/ros/humble/lib /usr/bin/cmake /home/exysta/2324_Projet2A_Eve/Code/ROS2/src/uros/micro-ROS-Agent/micro_ros_agent -DUAGENT_BUILD_EXECUTABLE=OFF -DUAGENT_P2P_PROFILE=OFF --no-warn-unused-cli -DCMAKE_INSTALL_PREFIX=/home/exysta/2324_Projet2A_Eve/Code/ROS2/install/micro_ros_agent
[4.827s] DEBUG:colcon.colcon_core.event_handler.log_command:Invoked command in '/home/exysta/2324_Projet2A_Eve/Code/ROS2/build/micro_ros_agent' returned '0': CMAKE_PREFIX_PATH=/home/exysta/2324_Projet2A_Eve/Code/ROS2/install/micro_ros_msgs:/home/exysta/2324_Projet2A_Eve/Code/ROS2/install/micro_ros_setup:/home/exysta/2324_Projet2A_Eve/Code/ROS2/install/micro_ros_agent:/home/exysta/project/ros2_ws/install/bob_controller:/opt/ros/humble LD_LIBRARY_PATH=/home/exysta/2324_Projet2A_Eve/Code/ROS2/install/micro_ros_msgs/lib:/home/exysta/2324_Projet2A_Eve/Code/ROS2/install/micro_ros_agent/lib:/opt/ros/humble/opt/rviz_ogre_vendor/lib:/opt/ros/humble/lib/x86_64-linux-gnu:/opt/ros/humble/lib /usr/bin/cmake /home/exysta/2324_Projet2A_Eve/Code/ROS2/src/uros/micro-ROS-Agent/micro_ros_agent -DUAGENT_BUILD_EXECUTABLE=OFF -DUAGENT_P2P_PROFILE=OFF --no-warn-unused-cli -DCMAKE_INSTALL_PREFIX=/home/exysta/2324_Projet2A_Eve/Code/ROS2/install/micro_ros_agent
[4.829s] DEBUG:colcon.colcon_core.event_handler.log_command:Invoking command in '/home/exysta/2324_Projet2A_Eve/Code/ROS2/build/micro_ros_agent': CMAKE_PREFIX_PATH=/home/exysta/2324_Projet2A_Eve/Code/ROS2/install/micro_ros_msgs:/home/exysta/2324_Projet2A_Eve/Code/ROS2/install/micro_ros_setup:/home/exysta/2324_Projet2A_Eve/Code/ROS2/install/micro_ros_agent:/home/exysta/project/ros2_ws/install/bob_controller:/opt/ros/humble LD_LIBRARY_PATH=/home/exysta/2324_Projet2A_Eve/Code/ROS2/install/micro_ros_msgs/lib:/home/exysta/2324_Projet2A_Eve/Code/ROS2/install/micro_ros_agent/lib:/opt/ros/humble/opt/rviz_ogre_vendor/lib:/opt/ros/humble/lib/x86_64-linux-gnu:/opt/ros/humble/lib /usr/bin/cmake --build /home/exysta/2324_Projet2A_Eve/Code/ROS2/build/micro_ros_agent -- -j8 -l8
[4.894s] DEBUG:colcon.colcon_core.event_handler.log_command:Invoked command in '/home/exysta/2324_Projet2A_Eve/Code/ROS2/build/micro_ros_agent' returned '0': CMAKE_PREFIX_PATH=/home/exysta/2324_Projet2A_Eve/Code/ROS2/install/micro_ros_msgs:/home/exysta/2324_Projet2A_Eve/Code/ROS2/install/micro_ros_setup:/home/exysta/2324_Projet2A_Eve/Code/ROS2/install/micro_ros_agent:/home/exysta/project/ros2_ws/install/bob_controller:/opt/ros/humble LD_LIBRARY_PATH=/home/exysta/2324_Projet2A_Eve/Code/ROS2/install/micro_ros_msgs/lib:/home/exysta/2324_Projet2A_Eve/Code/ROS2/install/micro_ros_agent/lib:/opt/ros/humble/opt/rviz_ogre_vendor/lib:/opt/ros/humble/lib/x86_64-linux-gnu:/opt/ros/humble/lib /usr/bin/cmake --build /home/exysta/2324_Projet2A_Eve/Code/ROS2/build/micro_ros_agent -- -j8 -l8
[4.940s] DEBUG:colcon.colcon_core.event_handler.log_command:Invoking command in '/home/exysta/2324_Projet2A_Eve/Code/ROS2/build/micro_ros_agent': CMAKE_PREFIX_PATH=/home/exysta/2324_Projet2A_Eve/Code/ROS2/install/micro_ros_msgs:/home/exysta/2324_Projet2A_Eve/Code/ROS2/install/micro_ros_setup:/home/exysta/2324_Projet2A_Eve/Code/ROS2/install/micro_ros_agent:/home/exysta/project/ros2_ws/install/bob_controller:/opt/ros/humble LD_LIBRARY_PATH=/home/exysta/2324_Projet2A_Eve/Code/ROS2/install/micro_ros_msgs/lib:/home/exysta/2324_Projet2A_Eve/Code/ROS2/install/micro_ros_agent/lib:/opt/ros/humble/opt/rviz_ogre_vendor/lib:/opt/ros/humble/lib/x86_64-linux-gnu:/opt/ros/humble/lib /usr/bin/cmake --install /home/exysta/2324_Projet2A_Eve/Code/ROS2/build/micro_ros_agent
[4.948s] Level 1:colcon.colcon_core.environment:create_environment_scripts_only(micro_ros_agent)
[4.949s] DEBUG:colcon.colcon_core.event_handler.log_command:Invoked command in '/home/exysta/2324_Projet2A_Eve/Code/ROS2/build/micro_ros_agent' returned '0': CMAKE_PREFIX_PATH=/home/exysta/2324_Projet2A_Eve/Code/ROS2/install/micro_ros_msgs:/home/exysta/2324_Projet2A_Eve/Code/ROS2/install/micro_ros_setup:/home/exysta/2324_Projet2A_Eve/Code/ROS2/install/micro_ros_agent:/home/exysta/project/ros2_ws/install/bob_controller:/opt/ros/humble LD_LIBRARY_PATH=/home/exysta/2324_Projet2A_Eve/Code/ROS2/install/micro_ros_msgs/lib:/home/exysta/2324_Projet2A_Eve/Code/ROS2/install/micro_ros_agent/lib:/opt/ros/humble/opt/rviz_ogre_vendor/lib:/opt/ros/humble/lib/x86_64-linux-gnu:/opt/ros/humble/lib /usr/bin/cmake --install /home/exysta/2324_Projet2A_Eve/Code/ROS2/build/micro_ros_agent
[4.980s] Level 1:colcon.colcon_core.environment:checking '/home/exysta/2324_Projet2A_Eve/Code/ROS2/install/micro_ros_agent' for CMake module files
[4.981s] Level 1:colcon.colcon_core.environment:checking '/home/exysta/2324_Projet2A_Eve/Code/ROS2/install/micro_ros_agent' for CMake config files
[4.981s] Level 1:colcon.colcon_core.shell:create_environment_hook('micro_ros_agent', 'cmake_prefix_path')
[5.012s] INFO:colcon.colcon_core.shell:Creating environment hook '/home/exysta/2324_Projet2A_Eve/Code/ROS2/install/micro_ros_agent/share/micro_ros_agent/hook/cmake_prefix_path.ps1'
[5.012s] INFO:colcon.colcon_core.shell:Creating environment descriptor '/home/exysta/2324_Projet2A_Eve/Code/ROS2/install/micro_ros_agent/share/micro_ros_agent/hook/cmake_prefix_path.dsv'
[5.013s] INFO:colcon.colcon_core.shell:Creating environment hook '/home/exysta/2324_Projet2A_Eve/Code/ROS2/install/micro_ros_agent/share/micro_ros_agent/hook/cmake_prefix_path.sh'
[5.014s] Level 1:colcon.colcon_core.environment:checking '/home/exysta/2324_Projet2A_Eve/Code/ROS2/install/micro_ros_agent/lib'
[5.014s] Level 1:colcon.colcon_core.shell:create_environment_hook('micro_ros_agent', 'ld_library_path_lib')
[5.038s] INFO:colcon.colcon_core.shell:Creating environment hook '/home/exysta/2324_Projet2A_Eve/Code/ROS2/install/micro_ros_agent/share/micro_ros_agent/hook/ld_library_path_lib.ps1'
[5.038s] INFO:colcon.colcon_core.shell:Creating environment descriptor '/home/exysta/2324_Projet2A_Eve/Code/ROS2/install/micro_ros_agent/share/micro_ros_agent/hook/ld_library_path_lib.dsv'
[5.039s] INFO:colcon.colcon_core.shell:Creating environment hook '/home/exysta/2324_Projet2A_Eve/Code/ROS2/install/micro_ros_agent/share/micro_ros_agent/hook/ld_library_path_lib.sh'
[5.039s] Level 1:colcon.colcon_core.environment:checking '/home/exysta/2324_Projet2A_Eve/Code/ROS2/install/micro_ros_agent/bin'
[5.039s] Level 1:colcon.colcon_core.environment:checking '/home/exysta/2324_Projet2A_Eve/Code/ROS2/install/micro_ros_agent/lib/pkgconfig/micro_ros_agent.pc'
[5.040s] Level 1:colcon.colcon_core.environment:checking '/home/exysta/2324_Projet2A_Eve/Code/ROS2/install/micro_ros_agent/lib/python3.10/site-packages'
[5.040s] Level 1:colcon.colcon_core.environment:checking '/home/exysta/2324_Projet2A_Eve/Code/ROS2/install/micro_ros_agent/bin'
[5.061s] INFO:colcon.colcon_core.shell:Creating package script '/home/exysta/2324_Projet2A_Eve/Code/ROS2/install/micro_ros_agent/share/micro_ros_agent/package.ps1'
[5.062s] INFO:colcon.colcon_core.shell:Creating package descriptor '/home/exysta/2324_Projet2A_Eve/Code/ROS2/install/micro_ros_agent/share/micro_ros_agent/package.dsv'
[5.062s] INFO:colcon.colcon_core.shell:Creating package script '/home/exysta/2324_Projet2A_Eve/Code/ROS2/install/micro_ros_agent/share/micro_ros_agent/package.sh'
[5.062s] INFO:colcon.colcon_core.shell:Creating package script '/home/exysta/2324_Projet2A_Eve/Code/ROS2/install/micro_ros_agent/share/micro_ros_agent/package.bash'
[5.063s] INFO:colcon.colcon_core.shell:Creating package script '/home/exysta/2324_Projet2A_Eve/Code/ROS2/install/micro_ros_agent/share/micro_ros_agent/package.zsh'
[5.063s] Level 1:colcon.colcon_core.environment:create_file_with_runtime_dependencies(/home/exysta/2324_Projet2A_Eve/Code/ROS2/install/micro_ros_agent/share/colcon-core/packages/micro_ros_agent)
[5.140s] Level 1:colcon.colcon_core.environment:create_environment_scripts_only(micro_ros_agent)
[5.162s] Level 1:colcon.colcon_core.environment:checking '/home/exysta/2324_Projet2A_Eve/Code/ROS2/install/micro_ros_agent' for CMake module files
[5.163s] Level 1:colcon.colcon_core.environment:checking '/home/exysta/2324_Projet2A_Eve/Code/ROS2/install/micro_ros_agent' for CMake config files
[5.163s] Level 1:colcon.colcon_core.shell:create_environment_hook('micro_ros_agent', 'cmake_prefix_path')
[5.184s] INFO:colcon.colcon_core.shell:Creating environment hook '/home/exysta/2324_Projet2A_Eve/Code/ROS2/install/micro_ros_agent/share/micro_ros_agent/hook/cmake_prefix_path.ps1'
[5.185s] INFO:colcon.colcon_core.shell:Creating environment descriptor '/home/exysta/2324_Projet2A_Eve/Code/ROS2/install/micro_ros_agent/share/micro_ros_agent/hook/cmake_prefix_path.dsv'
[5.185s] INFO:colcon.colcon_core.shell:Creating environment hook '/home/exysta/2324_Projet2A_Eve/Code/ROS2/install/micro_ros_agent/share/micro_ros_agent/hook/cmake_prefix_path.sh'
[5.186s] Level 1:colcon.colcon_core.environment:checking '/home/exysta/2324_Projet2A_Eve/Code/ROS2/install/micro_ros_agent/lib'
[5.186s] Level 1:colcon.colcon_core.shell:create_environment_hook('micro_ros_agent', 'ld_library_path_lib')
[5.207s] INFO:colcon.colcon_core.shell:Creating environment hook '/home/exysta/2324_Projet2A_Eve/Code/ROS2/install/micro_ros_agent/share/micro_ros_agent/hook/ld_library_path_lib.ps1'
[5.207s] INFO:colcon.colcon_core.shell:Creating environment descriptor '/home/exysta/2324_Projet2A_Eve/Code/ROS2/install/micro_ros_agent/share/micro_ros_agent/hook/ld_library_path_lib.dsv'
[5.207s] INFO:colcon.colcon_core.shell:Creating environment hook '/home/exysta/2324_Projet2A_Eve/Code/ROS2/install/micro_ros_agent/share/micro_ros_agent/hook/ld_library_path_lib.sh'
[5.208s] Level 1:colcon.colcon_core.environment:checking '/home/exysta/2324_Projet2A_Eve/Code/ROS2/install/micro_ros_agent/bin'
[5.208s] Level 1:colcon.colcon_core.environment:checking '/home/exysta/2324_Projet2A_Eve/Code/ROS2/install/micro_ros_agent/lib/pkgconfig/micro_ros_agent.pc'
[5.208s] Level 1:colcon.colcon_core.environment:checking '/home/exysta/2324_Projet2A_Eve/Code/ROS2/install/micro_ros_agent/lib/python3.10/site-packages'
[5.208s] Level 1:colcon.colcon_core.environment:checking '/home/exysta/2324_Projet2A_Eve/Code/ROS2/install/micro_ros_agent/bin'
[5.229s] INFO:colcon.colcon_core.shell:Creating package script '/home/exysta/2324_Projet2A_Eve/Code/ROS2/install/micro_ros_agent/share/micro_ros_agent/package.ps1'
[5.230s] INFO:colcon.colcon_core.shell:Creating package descriptor '/home/exysta/2324_Projet2A_Eve/Code/ROS2/install/micro_ros_agent/share/micro_ros_agent/package.dsv'
[5.231s] INFO:colcon.colcon_core.shell:Creating package script '/home/exysta/2324_Projet2A_Eve/Code/ROS2/install/micro_ros_agent/share/micro_ros_agent/package.sh'
[5.231s] INFO:colcon.colcon_core.shell:Creating package script '/home/exysta/2324_Projet2A_Eve/Code/ROS2/install/micro_ros_agent/share/micro_ros_agent/package.bash'
[5.231s] INFO:colcon.colcon_core.shell:Creating package script '/home/exysta/2324_Projet2A_Eve/Code/ROS2/install/micro_ros_agent/share/micro_ros_agent/package.zsh'
[5.232s] Level 1:colcon.colcon_core.environment:create_file_with_runtime_dependencies(/home/exysta/2324_Projet2A_Eve/Code/ROS2/install/micro_ros_agent/share/colcon-core/packages/micro_ros_agent)
[5.232s] DEBUG:colcon.colcon_parallel_executor.executor.parallel:closing loop
[5.232s] DEBUG:colcon.colcon_parallel_executor.executor.parallel:loop closed
[5.233s] DEBUG:colcon.colcon_parallel_executor.executor.parallel:run_until_complete finished with '0'
[5.233s] DEBUG:colcon.colcon_core.event_reactor:joining thread
[5.259s] INFO:colcon.colcon_core.plugin_system:Skipping extension 'colcon_notification.desktop_notification.terminal_notifier': Not used on non-Darwin systems
[5.259s] INFO:colcon.colcon_core.plugin_system:Skipping extension 'colcon_notification.desktop_notification.win32': Not used on non-Windows systems
[5.260s] INFO:colcon.colcon_notification.desktop_notification:Sending desktop notification using 'notify2'
[5.266s] DEBUG:colcon.colcon_core.event_reactor:joined thread
[5.288s] INFO:colcon.colcon_core.shell:Creating prefix script '/home/exysta/2324_Projet2A_Eve/Code/ROS2/install/local_setup.ps1'
[5.289s] INFO:colcon.colcon_core.shell:Creating prefix util module '/home/exysta/2324_Projet2A_Eve/Code/ROS2/install/_local_setup_util_ps1.py'
[5.291s] INFO:colcon.colcon_core.shell:Creating prefix chain script '/home/exysta/2324_Projet2A_Eve/Code/ROS2/install/setup.ps1'
[5.313s] INFO:colcon.colcon_core.shell:Creating prefix script '/home/exysta/2324_Projet2A_Eve/Code/ROS2/install/local_setup.sh'
[5.313s] INFO:colcon.colcon_core.shell:Creating prefix util module '/home/exysta/2324_Projet2A_Eve/Code/ROS2/install/_local_setup_util_sh.py'
[5.314s] INFO:colcon.colcon_core.shell:Creating prefix chain script '/home/exysta/2324_Projet2A_Eve/Code/ROS2/install/setup.sh'
[5.336s] INFO:colcon.colcon_core.shell:Creating prefix script '/home/exysta/2324_Projet2A_Eve/Code/ROS2/install/local_setup.bash'
[5.336s] INFO:colcon.colcon_core.shell:Creating prefix chain script '/home/exysta/2324_Projet2A_Eve/Code/ROS2/install/setup.bash'
[5.358s] INFO:colcon.colcon_core.shell:Creating prefix script '/home/exysta/2324_Projet2A_Eve/Code/ROS2/install/local_setup.zsh'
[5.359s] INFO:colcon.colcon_core.shell:Creating prefix chain script '/home/exysta/2324_Projet2A_Eve/Code/ROS2/install/setup.zsh'
