[0.891s] DEBUG:colcon:Command line arguments: ['/usr/bin/colcon', 'build', '--packages-up-to', 'micro_ros_agent', '--cmake-args', '-DUAGENT_BUILD_EXECUTABLE=OFF', '-DUAGENT_P2P_PROFILE=OFF', '--no-warn-unused-cli']
[0.891s] DEBUG:colcon:Parsed command line arguments: Namespace(log_base=None, log_level=None, verb_name='build', build_base='build', install_base='install', merge_install=False, symlink_install=False, test_result_base=None, continue_on_error=False, executor='parallel', parallel_workers=8, event_handlers=None, ignore_user_meta=False, metas=['./colcon.meta'], base_paths=['.'], packages_ignore=None, packages_ignore_regex=None, paths=None, packages_up_to=['micro_ros_agent'], packages_up_to_regex=None, packages_above=None, packages_above_and_dependencies=None, packages_above_depth=None, packages_select_by_dep=None, packages_skip_by_dep=None, packages_skip_up_to=None, packages_select_build_failed=False, packages_skip_build_finished=False, packages_select_test_failures=False, packages_skip_test_passed=False, packages_select=None, packages_skip=None, packages_select_regex=None, packages_skip_regex=None, packages_start=None, packages_end=None, allow_overriding=[], cmake_args=['-DUAGENT_BUILD_EXECUTABLE=OFF', '-DUAGENT_P2P_PROFILE=OFF', '--no-warn-unused-cli'], cmake_target=None, cmake_target_skip_unavailable=False, cmake_clean_cache=False, cmake_clean_first=False, cmake_force_configure=False, ament_cmake_args=None, catkin_cmake_args=None, catkin_skip_building_tests=False, verb_parser=<colcon_defaults.argument_parser.defaults.DefaultArgumentsDecorator object at 0x7fe87a0d43a0>, verb_extension=<colcon_core.verb.build.BuildVerb object at 0x7fe87a718d30>, main=<bound method BuildVerb.main of <colcon_core.verb.build.BuildVerb object at 0x7fe87a718d30>>)
[0.930s] Level 1:colcon.colcon_core.package_discovery:discover_packages(colcon_meta) check parameters
[0.930s] Level 1:colcon.colcon_core.package_discovery:discover_packages(recursive) check parameters
[0.930s] Level 1:colcon.colcon_core.package_discovery:discover_packages(ignore) check parameters
[0.930s] Level 1:colcon.colcon_core.package_discovery:discover_packages(path) check parameters
[0.930s] Level 1:colcon.colcon_core.package_discovery:discover_packages(colcon_meta) discover
[0.930s] Level 1:colcon.colcon_core.package_discovery:discover_packages(recursive) discover
[0.930s] INFO:colcon.colcon_core.package_discovery:Crawling recursively for packages in '/home/exysta/2324_Projet2A_Eve/Code/ROS2'
[0.930s] Level 1:colcon.colcon_core.package_identification:_identify(.) by extensions ['ignore', 'ignore_ament_install']
[0.930s] Level 1:colcon.colcon_core.package_identification:_identify(.) by extension 'ignore'
[0.930s] Level 1:colcon.colcon_core.package_identification:_identify(.) by extension 'ignore_ament_install'
[0.930s] Level 1:colcon.colcon_core.package_identification:_identify(.) by extensions ['colcon_pkg']
[0.930s] Level 1:colcon.colcon_core.package_identification:_identify(.) by extension 'colcon_pkg'
[0.930s] Level 1:colcon.colcon_core.package_identification:_identify(.) by extensions ['colcon_meta']
[0.930s] Level 1:colcon.colcon_core.package_identification:_identify(.) by extension 'colcon_meta'
[0.930s] Level 1:colcon.colcon_core.package_identification:_identify(.) by extensions ['ros']
[0.930s] Level 1:colcon.colcon_core.package_identification:_identify(.) by extension 'ros'
[0.939s] Level 1:colcon.colcon_core.package_identification:_identify(.) by extensions ['cmake', 'python']
[0.939s] Level 1:colcon.colcon_core.package_identification:_identify(.) by extension 'cmake'
[0.939s] Level 1:colcon.colcon_core.package_identification:_identify(.) by extension 'python'
[0.939s] Level 1:colcon.colcon_core.package_identification:_identify(.) by extensions ['python_setup_py']
[0.939s] Level 1:colcon.colcon_core.package_identification:_identify(.) by extension 'python_setup_py'
[0.939s] Level 1:colcon.colcon_core.package_identification:_identify(build) by extensions ['ignore', 'ignore_ament_install']
[0.939s] Level 1:colcon.colcon_core.package_identification:_identify(build) by extension 'ignore'
[0.939s] Level 1:colcon.colcon_core.package_identification:_identify(build) ignored
[0.939s] Level 1:colcon.colcon_core.package_identification:_identify(firmware) by extensions ['ignore', 'ignore_ament_install']
[0.939s] Level 1:colcon.colcon_core.package_identification:_identify(firmware) by extension 'ignore'
[0.940s] Level 1:colcon.colcon_core.package_identification:_identify(firmware) ignored
[0.940s] Level 1:colcon.colcon_core.package_identification:_identify(install) by extensions ['ignore', 'ignore_ament_install']
[0.940s] Level 1:colcon.colcon_core.package_identification:_identify(install) by extension 'ignore'
[0.940s] Level 1:colcon.colcon_core.package_identification:_identify(install) ignored
[0.940s] Level 1:colcon.colcon_core.package_identification:_identify(log) by extensions ['ignore', 'ignore_ament_install']
[0.940s] Level 1:colcon.colcon_core.package_identification:_identify(log) by extension 'ignore'
[0.940s] Level 1:colcon.colcon_core.package_identification:_identify(log) ignored
[0.940s] Level 1:colcon.colcon_core.package_identification:_identify(src) by extensions ['ignore', 'ignore_ament_install']
[0.940s] Level 1:colcon.colcon_core.package_identification:_identify(src) by extension 'ignore'
[0.940s] Level 1:colcon.colcon_core.package_identification:_identify(src) by extension 'ignore_ament_install'
[0.940s] Level 1:colcon.colcon_core.package_identification:_identify(src) by extensions ['colcon_pkg']
[0.940s] Level 1:colcon.colcon_core.package_identification:_identify(src) by extension 'colcon_pkg'
[0.940s] Level 1:colcon.colcon_core.package_identification:_identify(src) by extensions ['colcon_meta']
[0.940s] Level 1:colcon.colcon_core.package_identification:_identify(src) by extension 'colcon_meta'
[0.940s] Level 1:colcon.colcon_core.package_identification:_identify(src) by extensions ['ros']
[0.940s] Level 1:colcon.colcon_core.package_identification:_identify(src) by extension 'ros'
[0.940s] Level 1:colcon.colcon_core.package_identification:_identify(src) by extensions ['cmake', 'python']
[0.940s] Level 1:colcon.colcon_core.package_identification:_identify(src) by extension 'cmake'
[0.940s] Level 1:colcon.colcon_core.package_identification:_identify(src) by extension 'python'
[0.940s] Level 1:colcon.colcon_core.package_identification:_identify(src) by extensions ['python_setup_py']
[0.940s] Level 1:colcon.colcon_core.package_identification:_identify(src) by extension 'python_setup_py'
[0.940s] Level 1:colcon.colcon_core.package_identification:_identify(src/micro_ros_setup) by extensions ['ignore', 'ignore_ament_install']
[0.941s] Level 1:colcon.colcon_core.package_identification:_identify(src/micro_ros_setup) by extension 'ignore'
[0.941s] Level 1:colcon.colcon_core.package_identification:_identify(src/micro_ros_setup) by extension 'ignore_ament_install'
[0.941s] Level 1:colcon.colcon_core.package_identification:_identify(src/micro_ros_setup) by extensions ['colcon_pkg']
[0.941s] Level 1:colcon.colcon_core.package_identification:_identify(src/micro_ros_setup) by extension 'colcon_pkg'
[0.941s] Level 1:colcon.colcon_core.package_identification:_identify(src/micro_ros_setup) by extensions ['colcon_meta']
[0.941s] Level 1:colcon.colcon_core.package_identification:_identify(src/micro_ros_setup) by extension 'colcon_meta'
[0.941s] Level 1:colcon.colcon_core.package_identification:_identify(src/micro_ros_setup) by extensions ['ros']
[0.941s] Level 1:colcon.colcon_core.package_identification:_identify(src/micro_ros_setup) by extension 'ros'
[0.943s] DEBUG:colcon.colcon_core.package_identification:Package 'src/micro_ros_setup' with type 'ros.ament_cmake' and name 'micro_ros_setup'
[0.943s] Level 1:colcon.colcon_core.package_identification:_identify(src/uros) by extensions ['ignore', 'ignore_ament_install']
[0.943s] Level 1:colcon.colcon_core.package_identification:_identify(src/uros) by extension 'ignore'
[0.943s] Level 1:colcon.colcon_core.package_identification:_identify(src/uros) by extension 'ignore_ament_install'
[0.943s] Level 1:colcon.colcon_core.package_identification:_identify(src/uros) by extensions ['colcon_pkg']
[0.943s] Level 1:colcon.colcon_core.package_identification:_identify(src/uros) by extension 'colcon_pkg'
[0.943s] Level 1:colcon.colcon_core.package_identification:_identify(src/uros) by extensions ['colcon_meta']
[0.943s] Level 1:colcon.colcon_core.package_identification:_identify(src/uros) by extension 'colcon_meta'
[0.943s] Level 1:colcon.colcon_core.package_identification:_identify(src/uros) by extensions ['ros']
[0.943s] Level 1:colcon.colcon_core.package_identification:_identify(src/uros) by extension 'ros'
[0.943s] Level 1:colcon.colcon_core.package_identification:_identify(src/uros) by extensions ['cmake', 'python']
[0.943s] Level 1:colcon.colcon_core.package_identification:_identify(src/uros) by extension 'cmake'
[0.944s] Level 1:colcon.colcon_core.package_identification:_identify(src/uros) by extension 'python'
[0.944s] Level 1:colcon.colcon_core.package_identification:_identify(src/uros) by extensions ['python_setup_py']
[0.944s] Level 1:colcon.colcon_core.package_identification:_identify(src/uros) by extension 'python_setup_py'
[0.944s] Level 1:colcon.colcon_core.package_identification:_identify(src/uros/micro-ROS-Agent) by extensions ['ignore', 'ignore_ament_install']
[0.944s] Level 1:colcon.colcon_core.package_identification:_identify(src/uros/micro-ROS-Agent) by extension 'ignore'
[0.944s] Level 1:colcon.colcon_core.package_identification:_identify(src/uros/micro-ROS-Agent) by extension 'ignore_ament_install'
[0.944s] Level 1:colcon.colcon_core.package_identification:_identify(src/uros/micro-ROS-Agent) by extensions ['colcon_pkg']
[0.944s] Level 1:colcon.colcon_core.package_identification:_identify(src/uros/micro-ROS-Agent) by extension 'colcon_pkg'
[0.944s] Level 1:colcon.colcon_core.package_identification:_identify(src/uros/micro-ROS-Agent) by extensions ['colcon_meta']
[0.944s] Level 1:colcon.colcon_core.package_identification:_identify(src/uros/micro-ROS-Agent) by extension 'colcon_meta'
[0.944s] Level 1:colcon.colcon_core.package_identification:_identify(src/uros/micro-ROS-Agent) by extensions ['ros']
[0.944s] Level 1:colcon.colcon_core.package_identification:_identify(src/uros/micro-ROS-Agent) by extension 'ros'
[0.944s] Level 1:colcon.colcon_core.package_identification:_identify(src/uros/micro-ROS-Agent) by extensions ['cmake', 'python']
[0.944s] Level 1:colcon.colcon_core.package_identification:_identify(src/uros/micro-ROS-Agent) by extension 'cmake'
[0.944s] Level 1:colcon.colcon_core.package_identification:_identify(src/uros/micro-ROS-Agent) by extension 'python'
[0.944s] Level 1:colcon.colcon_core.package_identification:_identify(src/uros/micro-ROS-Agent) by extensions ['python_setup_py']
[0.944s] Level 1:colcon.colcon_core.package_identification:_identify(src/uros/micro-ROS-Agent) by extension 'python_setup_py'
[0.944s] Level 1:colcon.colcon_core.package_identification:_identify(src/uros/micro-ROS-Agent/micro_ros_agent) by extensions ['ignore', 'ignore_ament_install']
[0.944s] Level 1:colcon.colcon_core.package_identification:_identify(src/uros/micro-ROS-Agent/micro_ros_agent) by extension 'ignore'
[0.944s] Level 1:colcon.colcon_core.package_identification:_identify(src/uros/micro-ROS-Agent/micro_ros_agent) by extension 'ignore_ament_install'
[0.944s] Level 1:colcon.colcon_core.package_identification:_identify(src/uros/micro-ROS-Agent/micro_ros_agent) by extensions ['colcon_pkg']
[0.944s] Level 1:colcon.colcon_core.package_identification:_identify(src/uros/micro-ROS-Agent/micro_ros_agent) by extension 'colcon_pkg'
[0.944s] Level 1:colcon.colcon_core.package_identification:_identify(src/uros/micro-ROS-Agent/micro_ros_agent) by extensions ['colcon_meta']
[0.944s] Level 1:colcon.colcon_core.package_identification:_identify(src/uros/micro-ROS-Agent/micro_ros_agent) by extension 'colcon_meta'
[0.944s] Level 1:colcon.colcon_core.package_identification:_identify(src/uros/micro-ROS-Agent/micro_ros_agent) by extensions ['ros']
[0.944s] Level 1:colcon.colcon_core.package_identification:_identify(src/uros/micro-ROS-Agent/micro_ros_agent) by extension 'ros'
[0.945s] DEBUG:colcon.colcon_core.package_identification:Package 'src/uros/micro-ROS-Agent/micro_ros_agent' with type 'ros.ament_cmake' and name 'micro_ros_agent'
[0.945s] Level 1:colcon.colcon_core.package_identification:_identify(src/uros/micro-ROS-Agent/snap) by extensions ['ignore', 'ignore_ament_install']
[0.945s] Level 1:colcon.colcon_core.package_identification:_identify(src/uros/micro-ROS-Agent/snap) by extension 'ignore'
[0.945s] Level 1:colcon.colcon_core.package_identification:_identify(src/uros/micro-ROS-Agent/snap) by extension 'ignore_ament_install'
[0.945s] Level 1:colcon.colcon_core.package_identification:_identify(src/uros/micro-ROS-Agent/snap) by extensions ['colcon_pkg']
[0.945s] Level 1:colcon.colcon_core.package_identification:_identify(src/uros/micro-ROS-Agent/snap) by extension 'colcon_pkg'
[0.945s] Level 1:colcon.colcon_core.package_identification:_identify(src/uros/micro-ROS-Agent/snap) by extensions ['colcon_meta']
[0.945s] Level 1:colcon.colcon_core.package_identification:_identify(src/uros/micro-ROS-Agent/snap) by extension 'colcon_meta'
[0.945s] Level 1:colcon.colcon_core.package_identification:_identify(src/uros/micro-ROS-Agent/snap) by extensions ['ros']
[0.945s] Level 1:colcon.colcon_core.package_identification:_identify(src/uros/micro-ROS-Agent/snap) by extension 'ros'
[0.945s] Level 1:colcon.colcon_core.package_identification:_identify(src/uros/micro-ROS-Agent/snap) by extensions ['cmake', 'python']
[0.946s] Level 1:colcon.colcon_core.package_identification:_identify(src/uros/micro-ROS-Agent/snap) by extension 'cmake'
[0.946s] Level 1:colcon.colcon_core.package_identification:_identify(src/uros/micro-ROS-Agent/snap) by extension 'python'
[0.946s] Level 1:colcon.colcon_core.package_identification:_identify(src/uros/micro-ROS-Agent/snap) by extensions ['python_setup_py']
[0.946s] Level 1:colcon.colcon_core.package_identification:_identify(src/uros/micro-ROS-Agent/snap) by extension 'python_setup_py'
[0.946s] Level 1:colcon.colcon_core.package_identification:_identify(src/uros/micro-ROS-Agent/snap/hooks) by extensions ['ignore', 'ignore_ament_install']
[0.946s] Level 1:colcon.colcon_core.package_identification:_identify(src/uros/micro-ROS-Agent/snap/hooks) by extension 'ignore'
[0.946s] Level 1:colcon.colcon_core.package_identification:_identify(src/uros/micro-ROS-Agent/snap/hooks) by extension 'ignore_ament_install'
[0.946s] Level 1:colcon.colcon_core.package_identification:_identify(src/uros/micro-ROS-Agent/snap/hooks) by extensions ['colcon_pkg']
[0.946s] Level 1:colcon.colcon_core.package_identification:_identify(src/uros/micro-ROS-Agent/snap/hooks) by extension 'colcon_pkg'
[0.946s] Level 1:colcon.colcon_core.package_identification:_identify(src/uros/micro-ROS-Agent/snap/hooks) by extensions ['colcon_meta']
[0.946s] Level 1:colcon.colcon_core.package_identification:_identify(src/uros/micro-ROS-Agent/snap/hooks) by extension 'colcon_meta'
[0.946s] Level 1:colcon.colcon_core.package_identification:_identify(src/uros/micro-ROS-Agent/snap/hooks) by extensions ['ros']
[0.946s] Level 1:colcon.colcon_core.package_identification:_identify(src/uros/micro-ROS-Agent/snap/hooks) by extension 'ros'
[0.946s] Level 1:colcon.colcon_core.package_identification:_identify(src/uros/micro-ROS-Agent/snap/hooks) by extensions ['cmake', 'python']
[0.946s] Level 1:colcon.colcon_core.package_identification:_identify(src/uros/micro-ROS-Agent/snap/hooks) by extension 'cmake'
[0.946s] Level 1:colcon.colcon_core.package_identification:_identify(src/uros/micro-ROS-Agent/snap/hooks) by extension 'python'
[0.946s] Level 1:colcon.colcon_core.package_identification:_identify(src/uros/micro-ROS-Agent/snap/hooks) by extensions ['python_setup_py']
[0.946s] Level 1:colcon.colcon_core.package_identification:_identify(src/uros/micro-ROS-Agent/snap/hooks) by extension 'python_setup_py'
[0.946s] Level 1:colcon.colcon_core.package_identification:_identify(src/uros/micro-ROS-Agent/snap/local) by extensions ['ignore', 'ignore_ament_install']
[0.946s] Level 1:colcon.colcon_core.package_identification:_identify(src/uros/micro-ROS-Agent/snap/local) by extension 'ignore'
[0.946s] Level 1:colcon.colcon_core.package_identification:_identify(src/uros/micro-ROS-Agent/snap/local) by extension 'ignore_ament_install'
[0.946s] Level 1:colcon.colcon_core.package_identification:_identify(src/uros/micro-ROS-Agent/snap/local) by extensions ['colcon_pkg']
[0.946s] Level 1:colcon.colcon_core.package_identification:_identify(src/uros/micro-ROS-Agent/snap/local) by extension 'colcon_pkg'
[0.946s] Level 1:colcon.colcon_core.package_identification:_identify(src/uros/micro-ROS-Agent/snap/local) by extensions ['colcon_meta']
[0.946s] Level 1:colcon.colcon_core.package_identification:_identify(src/uros/micro-ROS-Agent/snap/local) by extension 'colcon_meta'
[0.946s] Level 1:colcon.colcon_core.package_identification:_identify(src/uros/micro-ROS-Agent/snap/local) by extensions ['ros']
[0.946s] Level 1:colcon.colcon_core.package_identification:_identify(src/uros/micro-ROS-Agent/snap/local) by extension 'ros'
[0.947s] Level 1:colcon.colcon_core.package_identification:_identify(src/uros/micro-ROS-Agent/snap/local) by extensions ['cmake', 'python']
[0.947s] Level 1:colcon.colcon_core.package_identification:_identify(src/uros/micro-ROS-Agent/snap/local) by extension 'cmake'
[0.947s] Level 1:colcon.colcon_core.package_identification:_identify(src/uros/micro-ROS-Agent/snap/local) by extension 'python'
[0.947s] Level 1:colcon.colcon_core.package_identification:_identify(src/uros/micro-ROS-Agent/snap/local) by extensions ['python_setup_py']
[0.947s] Level 1:colcon.colcon_core.package_identification:_identify(src/uros/micro-ROS-Agent/snap/local) by extension 'python_setup_py'
[0.947s] Level 1:colcon.colcon_core.package_identification:_identify(src/uros/micro_ros_msgs) by extensions ['ignore', 'ignore_ament_install']
[0.947s] Level 1:colcon.colcon_core.package_identification:_identify(src/uros/micro_ros_msgs) by extension 'ignore'
[0.947s] Level 1:colcon.colcon_core.package_identification:_identify(src/uros/micro_ros_msgs) by extension 'ignore_ament_install'
[0.947s] Level 1:colcon.colcon_core.package_identification:_identify(src/uros/micro_ros_msgs) by extensions ['colcon_pkg']
[0.947s] Level 1:colcon.colcon_core.package_identification:_identify(src/uros/micro_ros_msgs) by extension 'colcon_pkg'
[0.947s] Level 1:colcon.colcon_core.package_identification:_identify(src/uros/micro_ros_msgs) by extensions ['colcon_meta']
[0.947s] Level 1:colcon.colcon_core.package_identification:_identify(src/uros/micro_ros_msgs) by extension 'colcon_meta'
[0.947s] Level 1:colcon.colcon_core.package_identification:_identify(src/uros/micro_ros_msgs) by extensions ['ros']
[0.947s] Level 1:colcon.colcon_core.package_identification:_identify(src/uros/micro_ros_msgs) by extension 'ros'
[0.947s] DEBUG:colcon.colcon_core.package_identification:Package 'src/uros/micro_ros_msgs' with type 'ros.ament_cmake' and name 'micro_ros_msgs'
[0.947s] Level 1:colcon.colcon_core.package_discovery:discover_packages(recursive) using defaults
[0.947s] Level 1:colcon.colcon_core.package_discovery:discover_packages(ignore) discover
[0.947s] Level 1:colcon.colcon_core.package_discovery:discover_packages(ignore) using defaults
[0.947s] Level 1:colcon.colcon_core.package_discovery:discover_packages(path) discover
[0.947s] Level 1:colcon.colcon_core.package_discovery:discover_packages(path) using defaults
[1.001s] INFO:colcon.colcon_core.package_selection:Skipping package 'micro_ros_setup' in 'src/micro_ros_setup'
[1.026s] Level 1:colcon.colcon_core.package_discovery:discover_packages(prefix_path) check parameters
[1.026s] Level 1:colcon.colcon_core.package_discovery:discover_packages(prefix_path) discover
[1.053s] DEBUG:colcon.colcon_installed_package_information.package_discovery:Found 3 installed packages in /home/exysta/2324_Projet2A_Eve/Code/ROS2/install
[1.078s] DEBUG:colcon.colcon_installed_package_information.package_discovery:Found 1 installed packages in /home/exysta/project/ros2_ws/install
[1.092s] DEBUG:colcon.colcon_installed_package_information.package_discovery:Found 270 installed packages in /opt/ros/humble
[1.093s] Level 1:colcon.colcon_core.package_discovery:discover_packages(prefix_path) using defaults
[1.163s] Level 5:colcon.colcon_core.verb:set package 'micro_ros_msgs' build argument 'cmake_args' from command line to '['-DUAGENT_BUILD_EXECUTABLE=OFF', '-DUAGENT_P2P_PROFILE=OFF', '--no-warn-unused-cli']'
[1.163s] Level 5:colcon.colcon_core.verb:set package 'micro_ros_msgs' build argument 'cmake_target' from command line to 'None'
[1.163s] Level 5:colcon.colcon_core.verb:set package 'micro_ros_msgs' build argument 'cmake_target_skip_unavailable' from command line to 'False'
[1.163s] Level 5:colcon.colcon_core.verb:set package 'micro_ros_msgs' build argument 'cmake_clean_cache' from command line to 'False'
[1.163s] Level 5:colcon.colcon_core.verb:set package 'micro_ros_msgs' build argument 'cmake_clean_first' from command line to 'False'
[1.163s] Level 5:colcon.colcon_core.verb:set package 'micro_ros_msgs' build argument 'cmake_force_configure' from command line to 'False'
[1.163s] Level 5:colcon.colcon_core.verb:set package 'micro_ros_msgs' build argument 'ament_cmake_args' from command line to 'None'
[1.163s] Level 5:colcon.colcon_core.verb:set package 'micro_ros_msgs' build argument 'catkin_cmake_args' from command line to 'None'
[1.163s] Level 5:colcon.colcon_core.verb:set package 'micro_ros_msgs' build argument 'catkin_skip_building_tests' from command line to 'False'
[1.163s] DEBUG:colcon.colcon_core.verb:Building package 'micro_ros_msgs' with the following arguments: {'ament_cmake_args': None, 'build_base': '/home/exysta/2324_Projet2A_Eve/Code/ROS2/build/micro_ros_msgs', 'catkin_cmake_args': None, 'catkin_skip_building_tests': False, 'cmake_args': ['-DUAGENT_BUILD_EXECUTABLE=OFF', '-DUAGENT_P2P_PROFILE=OFF', '--no-warn-unused-cli'], 'cmake_clean_cache': False, 'cmake_clean_first': False, 'cmake_force_configure': False, 'cmake_target': None, 'cmake_target_skip_unavailable': False, 'install_base': '/home/exysta/2324_Projet2A_Eve/Code/ROS2/install/micro_ros_msgs', 'merge_install': False, 'path': '/home/exysta/2324_Projet2A_Eve/Code/ROS2/src/uros/micro_ros_msgs', 'symlink_install': False, 'test_result_base': None}
[1.176s] Level 5:colcon.colcon_core.verb:set package 'micro_ros_agent' build argument 'cmake_args' from command line to '['-DUAGENT_BUILD_EXECUTABLE=OFF', '-DUAGENT_P2P_PROFILE=OFF', '--no-warn-unused-cli']'
[1.176s] Level 5:colcon.colcon_core.verb:set package 'micro_ros_agent' build argument 'cmake_target' from command line to 'None'
[1.176s] Level 5:colcon.colcon_core.verb:set package 'micro_ros_agent' build argument 'cmake_target_skip_unavailable' from command line to 'False'
[1.176s] Level 5:colcon.colcon_core.verb:set package 'micro_ros_agent' build argument 'cmake_clean_cache' from command line to 'False'
[1.176s] Level 5:colcon.colcon_core.verb:set package 'micro_ros_agent' build argument 'cmake_clean_first' from command line to 'False'
[1.176s] Level 5:colcon.colcon_core.verb:set package 'micro_ros_agent' build argument 'cmake_force_configure' from command line to 'False'
[1.176s] Level 5:colcon.colcon_core.verb:set package 'micro_ros_agent' build argument 'ament_cmake_args' from command line to 'None'
[1.176s] Level 5:colcon.colcon_core.verb:set package 'micro_ros_agent' build argument 'catkin_cmake_args' from command line to 'None'
[1.176s] Level 5:colcon.colcon_core.verb:set package 'micro_ros_agent' build argument 'catkin_skip_building_tests' from command line to 'False'
[1.176s] DEBUG:colcon.colcon_core.verb:Building package 'micro_ros_agent' with the following arguments: {'ament_cmake_args': None, 'build_base': '/home/exysta/2324_Projet2A_Eve/Code/ROS2/build/micro_ros_agent', 'catkin_cmake_args': None, 'catkin_skip_building_tests': False, 'cmake_args': ['-DUAGENT_BUILD_EXECUTABLE=OFF', '-DUAGENT_P2P_PROFILE=OFF', '--no-warn-unused-cli'], 'cmake_clean_cache': False, 'cmake_clean_first': False, 'cmake_force_configure': False, 'cmake_target': None, 'cmake_target_skip_unavailable': False, 'install_base': '/home/exysta/2324_Projet2A_Eve/Code/ROS2/install/micro_ros_agent', 'merge_install': False, 'path': '/home/exysta/2324_Projet2A_Eve/Code/ROS2/src/uros/micro-ROS-Agent/micro_ros_agent', 'symlink_install': False, 'test_result_base': None}
[1.189s] INFO:colcon.colcon_core.executor:Executing jobs using 'parallel' executor
[1.203s] DEBUG:colcon.colcon_parallel_executor.executor.parallel:run_until_complete
[1.204s] INFO:colcon.colcon_ros.task.ament_cmake.build:Building ROS package in '/home/exysta/2324_Projet2A_Eve/Code/ROS2/src/uros/micro_ros_msgs' with build type 'ament_cmake'
[1.204s] INFO:colcon.colcon_cmake.task.cmake.build:Building CMake package in '/home/exysta/2324_Projet2A_Eve/Code/ROS2/src/uros/micro_ros_msgs'
[1.218s] INFO:colcon.colcon_core.plugin_system:Skipping extension 'colcon_core.shell.bat': Not used on non-Windows systems
[1.218s] INFO:colcon.colcon_core.shell:Skip shell extension 'powershell' for command environment: Not usable outside of PowerShell
[1.218s] DEBUG:colcon.colcon_core.shell:Skip shell extension 'dsv' for command environment
[1.279s] DEBUG:colcon.colcon_core.event_handler.log_command:Invoking command in '/home/exysta/2324_Projet2A_Eve/Code/ROS2/build/micro_ros_msgs': CMAKE_PREFIX_PATH=${CMAKE_PREFIX_PATH}:/home/exysta/project/ros2_ws/install/bob_controller:/opt/ros/humble /usr/bin/cmake /home/exysta/2324_Projet2A_Eve/Code/ROS2/src/uros/micro_ros_msgs -DUAGENT_BUILD_EXECUTABLE=OFF -DUAGENT_P2P_PROFILE=OFF --no-warn-unused-cli -DCMAKE_INSTALL_PREFIX=/home/exysta/2324_Projet2A_Eve/Code/ROS2/install/micro_ros_msgs
[2.211s] DEBUG:colcon.colcon_core.event_handler.log_command:Invoked command in '/home/exysta/2324_Projet2A_Eve/Code/ROS2/build/micro_ros_msgs' returned '0': CMAKE_PREFIX_PATH=${CMAKE_PREFIX_PATH}:/home/exysta/project/ros2_ws/install/bob_controller:/opt/ros/humble /usr/bin/cmake /home/exysta/2324_Projet2A_Eve/Code/ROS2/src/uros/micro_ros_msgs -DUAGENT_BUILD_EXECUTABLE=OFF -DUAGENT_P2P_PROFILE=OFF --no-warn-unused-cli -DCMAKE_INSTALL_PREFIX=/home/exysta/2324_Projet2A_Eve/Code/ROS2/install/micro_ros_msgs
[2.215s] DEBUG:colcon.colcon_core.event_handler.log_command:Invoking command in '/home/exysta/2324_Projet2A_Eve/Code/ROS2/build/micro_ros_msgs': CMAKE_PREFIX_PATH=${CMAKE_PREFIX_PATH}:/home/exysta/project/ros2_ws/install/bob_controller:/opt/ros/humble /usr/bin/cmake --build /home/exysta/2324_Projet2A_Eve/Code/ROS2/build/micro_ros_msgs -- -j8 -l8
[2.520s] DEBUG:colcon.colcon_core.event_handler.log_command:Invoked command in '/home/exysta/2324_Projet2A_Eve/Code/ROS2/build/micro_ros_msgs' returned '0': CMAKE_PREFIX_PATH=${CMAKE_PREFIX_PATH}:/home/exysta/project/ros2_ws/install/bob_controller:/opt/ros/humble /usr/bin/cmake --build /home/exysta/2324_Projet2A_Eve/Code/ROS2/build/micro_ros_msgs -- -j8 -l8
[2.629s] DEBUG:colcon.colcon_core.event_handler.log_command:Invoking command in '/home/exysta/2324_Projet2A_Eve/Code/ROS2/build/micro_ros_msgs': CMAKE_PREFIX_PATH=${CMAKE_PREFIX_PATH}:/home/exysta/project/ros2_ws/install/bob_controller:/opt/ros/humble /usr/bin/cmake --install /home/exysta/2324_Projet2A_Eve/Code/ROS2/build/micro_ros_msgs
[2.710s] Level 1:colcon.colcon_core.environment:create_environment_scripts_only(micro_ros_msgs)
[2.711s] DEBUG:colcon.colcon_core.event_handler.log_command:Invoked command in '/home/exysta/2324_Projet2A_Eve/Code/ROS2/build/micro_ros_msgs' returned '0': CMAKE_PREFIX_PATH=${CMAKE_PREFIX_PATH}:/home/exysta/project/ros2_ws/install/bob_controller:/opt/ros/humble /usr/bin/cmake --install /home/exysta/2324_Projet2A_Eve/Code/ROS2/build/micro_ros_msgs
[2.752s] Level 1:colcon.colcon_core.environment:checking '/home/exysta/2324_Projet2A_Eve/Code/ROS2/install/micro_ros_msgs' for CMake module files
[2.753s] Level 1:colcon.colcon_core.environment:checking '/home/exysta/2324_Projet2A_Eve/Code/ROS2/install/micro_ros_msgs' for CMake config files
[2.754s] Level 1:colcon.colcon_core.shell:create_environment_hook('micro_ros_msgs', 'cmake_prefix_path')
[2.790s] INFO:colcon.colcon_core.shell:Creating environment hook '/home/exysta/2324_Projet2A_Eve/Code/ROS2/install/micro_ros_msgs/share/micro_ros_msgs/hook/cmake_prefix_path.ps1'
[2.791s] INFO:colcon.colcon_core.shell:Creating environment descriptor '/home/exysta/2324_Projet2A_Eve/Code/ROS2/install/micro_ros_msgs/share/micro_ros_msgs/hook/cmake_prefix_path.dsv'
[2.792s] INFO:colcon.colcon_core.shell:Creating environment hook '/home/exysta/2324_Projet2A_Eve/Code/ROS2/install/micro_ros_msgs/share/micro_ros_msgs/hook/cmake_prefix_path.sh'
[2.793s] Level 1:colcon.colcon_core.environment:checking '/home/exysta/2324_Projet2A_Eve/Code/ROS2/install/micro_ros_msgs/lib'
[2.793s] Level 1:colcon.colcon_core.shell:create_environment_hook('micro_ros_msgs', 'ld_library_path_lib')
[2.806s] INFO:colcon.colcon_core.shell:Creating environment hook '/home/exysta/2324_Projet2A_Eve/Code/ROS2/install/micro_ros_msgs/share/micro_ros_msgs/hook/ld_library_path_lib.ps1'
[2.806s] INFO:colcon.colcon_core.shell:Creating environment descriptor '/home/exysta/2324_Projet2A_Eve/Code/ROS2/install/micro_ros_msgs/share/micro_ros_msgs/hook/ld_library_path_lib.dsv'
[2.806s] INFO:colcon.colcon_core.shell:Creating environment hook '/home/exysta/2324_Projet2A_Eve/Code/ROS2/install/micro_ros_msgs/share/micro_ros_msgs/hook/ld_library_path_lib.sh'
[2.807s] Level 1:colcon.colcon_core.environment:checking '/home/exysta/2324_Projet2A_Eve/Code/ROS2/install/micro_ros_msgs/bin'
[2.807s] Level 1:colcon.colcon_core.environment:checking '/home/exysta/2324_Projet2A_Eve/Code/ROS2/install/micro_ros_msgs/lib/pkgconfig/micro_ros_msgs.pc'
[2.807s] Level 1:colcon.colcon_core.environment:checking '/home/exysta/2324_Projet2A_Eve/Code/ROS2/install/micro_ros_msgs/lib/python3.10/site-packages'
[2.807s] Level 1:colcon.colcon_core.environment:checking '/home/exysta/2324_Projet2A_Eve/Code/ROS2/install/micro_ros_msgs/bin'
[2.820s] INFO:colcon.colcon_core.shell:Creating package script '/home/exysta/2324_Projet2A_Eve/Code/ROS2/install/micro_ros_msgs/share/micro_ros_msgs/package.ps1'
[2.821s] INFO:colcon.colcon_core.shell:Creating package descriptor '/home/exysta/2324_Projet2A_Eve/Code/ROS2/install/micro_ros_msgs/share/micro_ros_msgs/package.dsv'
[2.821s] INFO:colcon.colcon_core.shell:Creating package script '/home/exysta/2324_Projet2A_Eve/Code/ROS2/install/micro_ros_msgs/share/micro_ros_msgs/package.sh'
[2.822s] INFO:colcon.colcon_core.shell:Creating package script '/home/exysta/2324_Projet2A_Eve/Code/ROS2/install/micro_ros_msgs/share/micro_ros_msgs/package.bash'
[2.822s] INFO:colcon.colcon_core.shell:Creating package script '/home/exysta/2324_Projet2A_Eve/Code/ROS2/install/micro_ros_msgs/share/micro_ros_msgs/package.zsh'
[2.823s] Level 1:colcon.colcon_core.environment:create_file_with_runtime_dependencies(/home/exysta/2324_Projet2A_Eve/Code/ROS2/install/micro_ros_msgs/share/colcon-core/packages/micro_ros_msgs)
[2.923s] Level 1:colcon.colcon_core.environment:create_environment_scripts_only(micro_ros_msgs)
[2.952s] Level 1:colcon.colcon_core.environment:checking '/home/exysta/2324_Projet2A_Eve/Code/ROS2/install/micro_ros_msgs' for CMake module files
[2.952s] Level 1:colcon.colcon_core.environment:checking '/home/exysta/2324_Projet2A_Eve/Code/ROS2/install/micro_ros_msgs' for CMake config files
[2.952s] Level 1:colcon.colcon_core.shell:create_environment_hook('micro_ros_msgs', 'cmake_prefix_path')
[2.965s] INFO:colcon.colcon_core.shell:Creating environment hook '/home/exysta/2324_Projet2A_Eve/Code/ROS2/install/micro_ros_msgs/share/micro_ros_msgs/hook/cmake_prefix_path.ps1'
[2.965s] INFO:colcon.colcon_core.shell:Creating environment descriptor '/home/exysta/2324_Projet2A_Eve/Code/ROS2/install/micro_ros_msgs/share/micro_ros_msgs/hook/cmake_prefix_path.dsv'
[2.965s] INFO:colcon.colcon_core.shell:Creating environment hook '/home/exysta/2324_Projet2A_Eve/Code/ROS2/install/micro_ros_msgs/share/micro_ros_msgs/hook/cmake_prefix_path.sh'
[2.966s] Level 1:colcon.colcon_core.environment:checking '/home/exysta/2324_Projet2A_Eve/Code/ROS2/install/micro_ros_msgs/lib'
[2.966s] Level 1:colcon.colcon_core.shell:create_environment_hook('micro_ros_msgs', 'ld_library_path_lib')
[2.979s] INFO:colcon.colcon_core.shell:Creating environment hook '/home/exysta/2324_Projet2A_Eve/Code/ROS2/install/micro_ros_msgs/share/micro_ros_msgs/hook/ld_library_path_lib.ps1'
[2.979s] INFO:colcon.colcon_core.shell:Creating environment descriptor '/home/exysta/2324_Projet2A_Eve/Code/ROS2/install/micro_ros_msgs/share/micro_ros_msgs/hook/ld_library_path_lib.dsv'
[2.979s] INFO:colcon.colcon_core.shell:Creating environment hook '/home/exysta/2324_Projet2A_Eve/Code/ROS2/install/micro_ros_msgs/share/micro_ros_msgs/hook/ld_library_path_lib.sh'
[2.980s] Level 1:colcon.colcon_core.environment:checking '/home/exysta/2324_Projet2A_Eve/Code/ROS2/install/micro_ros_msgs/bin'
[2.980s] Level 1:colcon.colcon_core.environment:checking '/home/exysta/2324_Projet2A_Eve/Code/ROS2/install/micro_ros_msgs/lib/pkgconfig/micro_ros_msgs.pc'
[2.980s] Level 1:colcon.colcon_core.environment:checking '/home/exysta/2324_Projet2A_Eve/Code/ROS2/install/micro_ros_msgs/lib/python3.10/site-packages'
[2.980s] Level 1:colcon.colcon_core.environment:checking '/home/exysta/2324_Projet2A_Eve/Code/ROS2/install/micro_ros_msgs/bin'
[2.993s] INFO:colcon.colcon_core.shell:Creating package script '/home/exysta/2324_Projet2A_Eve/Code/ROS2/install/micro_ros_msgs/share/micro_ros_msgs/package.ps1'
[2.993s] INFO:colcon.colcon_core.shell:Creating package descriptor '/home/exysta/2324_Projet2A_Eve/Code/ROS2/install/micro_ros_msgs/share/micro_ros_msgs/package.dsv'
[2.994s] INFO:colcon.colcon_core.shell:Creating package script '/home/exysta/2324_Projet2A_Eve/Code/ROS2/install/micro_ros_msgs/share/micro_ros_msgs/package.sh'
[2.994s] INFO:colcon.colcon_core.shell:Creating package script '/home/exysta/2324_Projet2A_Eve/Code/ROS2/install/micro_ros_msgs/share/micro_ros_msgs/package.bash'
[2.994s] INFO:colcon.colcon_core.shell:Creating package script '/home/exysta/2324_Projet2A_Eve/Code/ROS2/install/micro_ros_msgs/share/micro_ros_msgs/package.zsh'
[2.994s] Level 1:colcon.colcon_core.environment:create_file_with_runtime_dependencies(/home/exysta/2324_Projet2A_Eve/Code/ROS2/install/micro_ros_msgs/share/colcon-core/packages/micro_ros_msgs)
[2.995s] INFO:colcon.colcon_ros.task.ament_cmake.build:Building ROS package in '/home/exysta/2324_Projet2A_Eve/Code/ROS2/src/uros/micro-ROS-Agent/micro_ros_agent' with build type 'ament_cmake'
[2.995s] INFO:colcon.colcon_cmake.task.cmake.build:Building CMake package in '/home/exysta/2324_Projet2A_Eve/Code/ROS2/src/uros/micro-ROS-Agent/micro_ros_agent'
[3.009s] INFO:colcon.colcon_core.shell:Skip shell extension 'powershell' for command environment: Not usable outside of PowerShell
[3.009s] DEBUG:colcon.colcon_core.shell:Skip shell extension 'dsv' for command environment
[3.084s] DEBUG:colcon.colcon_core.event_handler.log_command:Invoking command in '/home/exysta/2324_Projet2A_Eve/Code/ROS2/build/micro_ros_agent': CMAKE_PREFIX_PATH=/home/exysta/2324_Projet2A_Eve/Code/ROS2/install/micro_ros_msgs:/home/exysta/2324_Projet2A_Eve/Code/ROS2/install/micro_ros_setup:/home/exysta/2324_Projet2A_Eve/Code/ROS2/install/micro_ros_agent:/home/exysta/project/ros2_ws/install/bob_controller:/opt/ros/humble LD_LIBRARY_PATH=/home/exysta/2324_Projet2A_Eve/Code/ROS2/install/micro_ros_msgs/lib:/home/exysta/2324_Projet2A_Eve/Code/ROS2/install/micro_ros_agent/lib:/opt/ros/humble/opt/rviz_ogre_vendor/lib:/opt/ros/humble/lib/x86_64-linux-gnu:/opt/ros/humble/lib /usr/bin/cmake /home/exysta/2324_Projet2A_Eve/Code/ROS2/src/uros/micro-ROS-Agent/micro_ros_agent -DUAGENT_BUILD_EXECUTABLE=OFF -DUAGENT_P2P_PROFILE=OFF --no-warn-unused-cli -DCMAKE_INSTALL_PREFIX=/home/exysta/2324_Projet2A_Eve/Code/ROS2/install/micro_ros_agent
[3.520s] DEBUG:colcon.colcon_core.event_handler.log_command:Invoked command in '/home/exysta/2324_Projet2A_Eve/Code/ROS2/build/micro_ros_agent' returned '0': CMAKE_PREFIX_PATH=/home/exysta/2324_Projet2A_Eve/Code/ROS2/install/micro_ros_msgs:/home/exysta/2324_Projet2A_Eve/Code/ROS2/install/micro_ros_setup:/home/exysta/2324_Projet2A_Eve/Code/ROS2/install/micro_ros_agent:/home/exysta/project/ros2_ws/install/bob_controller:/opt/ros/humble LD_LIBRARY_PATH=/home/exysta/2324_Projet2A_Eve/Code/ROS2/install/micro_ros_msgs/lib:/home/exysta/2324_Projet2A_Eve/Code/ROS2/install/micro_ros_agent/lib:/opt/ros/humble/opt/rviz_ogre_vendor/lib:/opt/ros/humble/lib/x86_64-linux-gnu:/opt/ros/humble/lib /usr/bin/cmake /home/exysta/2324_Projet2A_Eve/Code/ROS2/src/uros/micro-ROS-Agent/micro_ros_agent -DUAGENT_BUILD_EXECUTABLE=OFF -DUAGENT_P2P_PROFILE=OFF --no-warn-unused-cli -DCMAKE_INSTALL_PREFIX=/home/exysta/2324_Projet2A_Eve/Code/ROS2/install/micro_ros_agent
[3.520s] DEBUG:colcon.colcon_core.event_handler.log_command:Invoking command in '/home/exysta/2324_Projet2A_Eve/Code/ROS2/build/micro_ros_agent': CMAKE_PREFIX_PATH=/home/exysta/2324_Projet2A_Eve/Code/ROS2/install/micro_ros_msgs:/home/exysta/2324_Projet2A_Eve/Code/ROS2/install/micro_ros_setup:/home/exysta/2324_Projet2A_Eve/Code/ROS2/install/micro_ros_agent:/home/exysta/project/ros2_ws/install/bob_controller:/opt/ros/humble LD_LIBRARY_PATH=/home/exysta/2324_Projet2A_Eve/Code/ROS2/install/micro_ros_msgs/lib:/home/exysta/2324_Projet2A_Eve/Code/ROS2/install/micro_ros_agent/lib:/opt/ros/humble/opt/rviz_ogre_vendor/lib:/opt/ros/humble/lib/x86_64-linux-gnu:/opt/ros/humble/lib /usr/bin/cmake --build /home/exysta/2324_Projet2A_Eve/Code/ROS2/build/micro_ros_agent -- -j8 -l8
[3.577s] DEBUG:colcon.colcon_core.event_handler.log_command:Invoked command in '/home/exysta/2324_Projet2A_Eve/Code/ROS2/build/micro_ros_agent' returned '0': CMAKE_PREFIX_PATH=/home/exysta/2324_Projet2A_Eve/Code/ROS2/install/micro_ros_msgs:/home/exysta/2324_Projet2A_Eve/Code/ROS2/install/micro_ros_setup:/home/exysta/2324_Projet2A_Eve/Code/ROS2/install/micro_ros_agent:/home/exysta/project/ros2_ws/install/bob_controller:/opt/ros/humble LD_LIBRARY_PATH=/home/exysta/2324_Projet2A_Eve/Code/ROS2/install/micro_ros_msgs/lib:/home/exysta/2324_Projet2A_Eve/Code/ROS2/install/micro_ros_agent/lib:/opt/ros/humble/opt/rviz_ogre_vendor/lib:/opt/ros/humble/lib/x86_64-linux-gnu:/opt/ros/humble/lib /usr/bin/cmake --build /home/exysta/2324_Projet2A_Eve/Code/ROS2/build/micro_ros_agent -- -j8 -l8
[3.604s] DEBUG:colcon.colcon_core.event_handler.log_command:Invoking command in '/home/exysta/2324_Projet2A_Eve/Code/ROS2/build/micro_ros_agent': CMAKE_PREFIX_PATH=/home/exysta/2324_Projet2A_Eve/Code/ROS2/install/micro_ros_msgs:/home/exysta/2324_Projet2A_Eve/Code/ROS2/install/micro_ros_setup:/home/exysta/2324_Projet2A_Eve/Code/ROS2/install/micro_ros_agent:/home/exysta/project/ros2_ws/install/bob_controller:/opt/ros/humble LD_LIBRARY_PATH=/home/exysta/2324_Projet2A_Eve/Code/ROS2/install/micro_ros_msgs/lib:/home/exysta/2324_Projet2A_Eve/Code/ROS2/install/micro_ros_agent/lib:/opt/ros/humble/opt/rviz_ogre_vendor/lib:/opt/ros/humble/lib/x86_64-linux-gnu:/opt/ros/humble/lib /usr/bin/cmake --install /home/exysta/2324_Projet2A_Eve/Code/ROS2/build/micro_ros_agent
[3.612s] Level 1:colcon.colcon_core.environment:create_environment_scripts_only(micro_ros_agent)
[3.612s] DEBUG:colcon.colcon_core.event_handler.log_command:Invoked command in '/home/exysta/2324_Projet2A_Eve/Code/ROS2/build/micro_ros_agent' returned '0': CMAKE_PREFIX_PATH=/home/exysta/2324_Projet2A_Eve/Code/ROS2/install/micro_ros_msgs:/home/exysta/2324_Projet2A_Eve/Code/ROS2/install/micro_ros_setup:/home/exysta/2324_Projet2A_Eve/Code/ROS2/install/micro_ros_agent:/home/exysta/project/ros2_ws/install/bob_controller:/opt/ros/humble LD_LIBRARY_PATH=/home/exysta/2324_Projet2A_Eve/Code/ROS2/install/micro_ros_msgs/lib:/home/exysta/2324_Projet2A_Eve/Code/ROS2/install/micro_ros_agent/lib:/opt/ros/humble/opt/rviz_ogre_vendor/lib:/opt/ros/humble/lib/x86_64-linux-gnu:/opt/ros/humble/lib /usr/bin/cmake --install /home/exysta/2324_Projet2A_Eve/Code/ROS2/build/micro_ros_agent
[3.646s] Level 1:colcon.colcon_core.environment:checking '/home/exysta/2324_Projet2A_Eve/Code/ROS2/install/micro_ros_agent' for CMake module files
[3.646s] Level 1:colcon.colcon_core.environment:checking '/home/exysta/2324_Projet2A_Eve/Code/ROS2/install/micro_ros_agent' for CMake config files
[3.647s] Level 1:colcon.colcon_core.shell:create_environment_hook('micro_ros_agent', 'cmake_prefix_path')
[3.679s] INFO:colcon.colcon_core.shell:Creating environment hook '/home/exysta/2324_Projet2A_Eve/Code/ROS2/install/micro_ros_agent/share/micro_ros_agent/hook/cmake_prefix_path.ps1'
[3.680s] INFO:colcon.colcon_core.shell:Creating environment descriptor '/home/exysta/2324_Projet2A_Eve/Code/ROS2/install/micro_ros_agent/share/micro_ros_agent/hook/cmake_prefix_path.dsv'
[3.681s] INFO:colcon.colcon_core.shell:Creating environment hook '/home/exysta/2324_Projet2A_Eve/Code/ROS2/install/micro_ros_agent/share/micro_ros_agent/hook/cmake_prefix_path.sh'
[3.682s] Level 1:colcon.colcon_core.environment:checking '/home/exysta/2324_Projet2A_Eve/Code/ROS2/install/micro_ros_agent/lib'
[3.682s] Level 1:colcon.colcon_core.shell:create_environment_hook('micro_ros_agent', 'ld_library_path_lib')
[3.700s] INFO:colcon.colcon_core.shell:Creating environment hook '/home/exysta/2324_Projet2A_Eve/Code/ROS2/install/micro_ros_agent/share/micro_ros_agent/hook/ld_library_path_lib.ps1'
[3.701s] INFO:colcon.colcon_core.shell:Creating environment descriptor '/home/exysta/2324_Projet2A_Eve/Code/ROS2/install/micro_ros_agent/share/micro_ros_agent/hook/ld_library_path_lib.dsv'
[3.701s] INFO:colcon.colcon_core.shell:Creating environment hook '/home/exysta/2324_Projet2A_Eve/Code/ROS2/install/micro_ros_agent/share/micro_ros_agent/hook/ld_library_path_lib.sh'
[3.701s] Level 1:colcon.colcon_core.environment:checking '/home/exysta/2324_Projet2A_Eve/Code/ROS2/install/micro_ros_agent/bin'
[3.701s] Level 1:colcon.colcon_core.environment:checking '/home/exysta/2324_Projet2A_Eve/Code/ROS2/install/micro_ros_agent/lib/pkgconfig/micro_ros_agent.pc'
[3.701s] Level 1:colcon.colcon_core.environment:checking '/home/exysta/2324_Projet2A_Eve/Code/ROS2/install/micro_ros_agent/lib/python3.10/site-packages'
[3.701s] Level 1:colcon.colcon_core.environment:checking '/home/exysta/2324_Projet2A_Eve/Code/ROS2/install/micro_ros_agent/bin'
[3.715s] INFO:colcon.colcon_core.shell:Creating package script '/home/exysta/2324_Projet2A_Eve/Code/ROS2/install/micro_ros_agent/share/micro_ros_agent/package.ps1'
[3.715s] INFO:colcon.colcon_core.shell:Creating package descriptor '/home/exysta/2324_Projet2A_Eve/Code/ROS2/install/micro_ros_agent/share/micro_ros_agent/package.dsv'
[3.715s] INFO:colcon.colcon_core.shell:Creating package script '/home/exysta/2324_Projet2A_Eve/Code/ROS2/install/micro_ros_agent/share/micro_ros_agent/package.sh'
[3.716s] INFO:colcon.colcon_core.shell:Creating package script '/home/exysta/2324_Projet2A_Eve/Code/ROS2/install/micro_ros_agent/share/micro_ros_agent/package.bash'
[3.716s] INFO:colcon.colcon_core.shell:Creating package script '/home/exysta/2324_Projet2A_Eve/Code/ROS2/install/micro_ros_agent/share/micro_ros_agent/package.zsh'
[3.716s] Level 1:colcon.colcon_core.environment:create_file_with_runtime_dependencies(/home/exysta/2324_Projet2A_Eve/Code/ROS2/install/micro_ros_agent/share/colcon-core/packages/micro_ros_agent)
[3.786s] Level 1:colcon.colcon_core.environment:create_environment_scripts_only(micro_ros_agent)
[3.805s] Level 1:colcon.colcon_core.environment:checking '/home/exysta/2324_Projet2A_Eve/Code/ROS2/install/micro_ros_agent' for CMake module files
[3.805s] Level 1:colcon.colcon_core.environment:checking '/home/exysta/2324_Projet2A_Eve/Code/ROS2/install/micro_ros_agent' for CMake config files
[3.805s] Level 1:colcon.colcon_core.shell:create_environment_hook('micro_ros_agent', 'cmake_prefix_path')
[3.818s] INFO:colcon.colcon_core.shell:Creating environment hook '/home/exysta/2324_Projet2A_Eve/Code/ROS2/install/micro_ros_agent/share/micro_ros_agent/hook/cmake_prefix_path.ps1'
[3.818s] INFO:colcon.colcon_core.shell:Creating environment descriptor '/home/exysta/2324_Projet2A_Eve/Code/ROS2/install/micro_ros_agent/share/micro_ros_agent/hook/cmake_prefix_path.dsv'
[3.819s] INFO:colcon.colcon_core.shell:Creating environment hook '/home/exysta/2324_Projet2A_Eve/Code/ROS2/install/micro_ros_agent/share/micro_ros_agent/hook/cmake_prefix_path.sh'
[3.819s] Level 1:colcon.colcon_core.environment:checking '/home/exysta/2324_Projet2A_Eve/Code/ROS2/install/micro_ros_agent/lib'
[3.819s] Level 1:colcon.colcon_core.shell:create_environment_hook('micro_ros_agent', 'ld_library_path_lib')
[3.832s] INFO:colcon.colcon_core.shell:Creating environment hook '/home/exysta/2324_Projet2A_Eve/Code/ROS2/install/micro_ros_agent/share/micro_ros_agent/hook/ld_library_path_lib.ps1'
[3.832s] INFO:colcon.colcon_core.shell:Creating environment descriptor '/home/exysta/2324_Projet2A_Eve/Code/ROS2/install/micro_ros_agent/share/micro_ros_agent/hook/ld_library_path_lib.dsv'
[3.832s] INFO:colcon.colcon_core.shell:Creating environment hook '/home/exysta/2324_Projet2A_Eve/Code/ROS2/install/micro_ros_agent/share/micro_ros_agent/hook/ld_library_path_lib.sh'
[3.833s] Level 1:colcon.colcon_core.environment:checking '/home/exysta/2324_Projet2A_Eve/Code/ROS2/install/micro_ros_agent/bin'
[3.833s] Level 1:colcon.colcon_core.environment:checking '/home/exysta/2324_Projet2A_Eve/Code/ROS2/install/micro_ros_agent/lib/pkgconfig/micro_ros_agent.pc'
[3.833s] Level 1:colcon.colcon_core.environment:checking '/home/exysta/2324_Projet2A_Eve/Code/ROS2/install/micro_ros_agent/lib/python3.10/site-packages'
[3.833s] Level 1:colcon.colcon_core.environment:checking '/home/exysta/2324_Projet2A_Eve/Code/ROS2/install/micro_ros_agent/bin'
[3.846s] INFO:colcon.colcon_core.shell:Creating package script '/home/exysta/2324_Projet2A_Eve/Code/ROS2/install/micro_ros_agent/share/micro_ros_agent/package.ps1'
[3.847s] INFO:colcon.colcon_core.shell:Creating package descriptor '/home/exysta/2324_Projet2A_Eve/Code/ROS2/install/micro_ros_agent/share/micro_ros_agent/package.dsv'
[3.847s] INFO:colcon.colcon_core.shell:Creating package script '/home/exysta/2324_Projet2A_Eve/Code/ROS2/install/micro_ros_agent/share/micro_ros_agent/package.sh'
[3.847s] INFO:colcon.colcon_core.shell:Creating package script '/home/exysta/2324_Projet2A_Eve/Code/ROS2/install/micro_ros_agent/share/micro_ros_agent/package.bash'
[3.847s] INFO:colcon.colcon_core.shell:Creating package script '/home/exysta/2324_Projet2A_Eve/Code/ROS2/install/micro_ros_agent/share/micro_ros_agent/package.zsh'
[3.848s] Level 1:colcon.colcon_core.environment:create_file_with_runtime_dependencies(/home/exysta/2324_Projet2A_Eve/Code/ROS2/install/micro_ros_agent/share/colcon-core/packages/micro_ros_agent)
[3.848s] DEBUG:colcon.colcon_parallel_executor.executor.parallel:closing loop
[3.848s] DEBUG:colcon.colcon_parallel_executor.executor.parallel:loop closed
[3.848s] DEBUG:colcon.colcon_parallel_executor.executor.parallel:run_until_complete finished with '0'
[3.848s] DEBUG:colcon.colcon_core.event_reactor:joining thread
[3.890s] INFO:colcon.colcon_core.plugin_system:Skipping extension 'colcon_notification.desktop_notification.terminal_notifier': Not used on non-Darwin systems
[3.890s] INFO:colcon.colcon_core.plugin_system:Skipping extension 'colcon_notification.desktop_notification.win32': Not used on non-Windows systems
[3.890s] INFO:colcon.colcon_notification.desktop_notification:Sending desktop notification using 'notify2'
[3.894s] DEBUG:colcon.colcon_core.event_reactor:joined thread
[3.908s] INFO:colcon.colcon_core.shell:Creating prefix script '/home/exysta/2324_Projet2A_Eve/Code/ROS2/install/local_setup.ps1'
[3.909s] INFO:colcon.colcon_core.shell:Creating prefix util module '/home/exysta/2324_Projet2A_Eve/Code/ROS2/install/_local_setup_util_ps1.py'
[3.910s] INFO:colcon.colcon_core.shell:Creating prefix chain script '/home/exysta/2324_Projet2A_Eve/Code/ROS2/install/setup.ps1'
[3.923s] INFO:colcon.colcon_core.shell:Creating prefix script '/home/exysta/2324_Projet2A_Eve/Code/ROS2/install/local_setup.sh'
[3.924s] INFO:colcon.colcon_core.shell:Creating prefix util module '/home/exysta/2324_Projet2A_Eve/Code/ROS2/install/_local_setup_util_sh.py'
[3.924s] INFO:colcon.colcon_core.shell:Creating prefix chain script '/home/exysta/2324_Projet2A_Eve/Code/ROS2/install/setup.sh'
[3.938s] INFO:colcon.colcon_core.shell:Creating prefix script '/home/exysta/2324_Projet2A_Eve/Code/ROS2/install/local_setup.bash'
[3.938s] INFO:colcon.colcon_core.shell:Creating prefix chain script '/home/exysta/2324_Projet2A_Eve/Code/ROS2/install/setup.bash'
[3.951s] INFO:colcon.colcon_core.shell:Creating prefix script '/home/exysta/2324_Projet2A_Eve/Code/ROS2/install/local_setup.zsh'
[3.952s] INFO:colcon.colcon_core.shell:Creating prefix chain script '/home/exysta/2324_Projet2A_Eve/Code/ROS2/install/setup.zsh'
