[0.119s] Invoking command in '/home/exysta/2324_Projet2A_Eve/Code/ROS2/build/micro_ros_msgs': CMAKE_PREFIX_PATH=${CMAKE_PREFIX_PATH}:/home/exysta/project/ros2_ws/install/bob_controller:/opt/ros/humble /usr/bin/cmake /home/exysta/2324_Projet2A_Eve/Code/ROS2/src/uros/micro_ros_msgs -DUAGENT_BUILD_EXECUTABLE=OFF -DUAGENT_P2P_PROFILE=OFF --no-warn-unused-cli -DCMAKE_INSTALL_PREFIX=/home/exysta/2324_Projet2A_Eve/Code/ROS2/install/micro_ros_msgs
[0.120s] Not searching for unused variables given on the command line.
[0.128s] -- Found ament_cmake: 1.3.7 (/opt/ros/humble/share/ament_cmake/cmake)
[0.308s] -- Found rosidl_default_generators: 1.2.0 (/opt/ros/humble/share/rosidl_default_generators/cmake)
[0.312s] -- Using all available rosidl_typesupport_c: rosidl_typesupport_fastrtps_c;rosidl_typesupport_introspection_c
[0.319s] -- Found rosidl_adapter: 3.1.5 (/opt/ros/humble/share/rosidl_adapter/cmake)
[0.361s] -- Using all available rosidl_typesupport_cpp: rosidl_typesupport_fastrtps_cpp;rosidl_typesupport_introspection_cpp
[0.399s] -- Found ament_lint_auto: 0.12.10 (/opt/ros/humble/share/ament_lint_auto/cmake)
[0.661s] -- Found ament_cmake_ros: 0.10.0 (/opt/ros/humble/share/ament_cmake_ros/cmake)
[0.822s] -- Using all available rosidl_typesupport_c: rosidl_typesupport_fastrtps_c;rosidl_typesupport_introspection_c
[1.010s] -- Using all available rosidl_typesupport_cpp: rosidl_typesupport_fastrtps_cpp;rosidl_typesupport_introspection_cpp
[1.054s] -- Found python_cmake_module: 0.10.0 (/opt/ros/humble/share/python_cmake_module/cmake)
[1.084s] -- Using PYTHON_EXECUTABLE: /usr/bin/python3
[1.084s] -- Using PYTHON_INCLUDE_DIRS: /usr/include/python3.10
[1.084s] -- Using PYTHON_LIBRARIES: /usr/lib/x86_64-linux-gnu/libpython3.10.so
[1.113s] -- Added test 'copyright' to check source files copyright and LICENSE
[1.126s] -- Added test 'lint_cmake' to check CMake code style
[1.136s] -- Added test 'xmllint' to check XML markup files
[1.140s] -- Configuring done
[1.183s] -- Generating done
[1.186s] -- Build files have been written to: /home/exysta/2324_Projet2A_Eve/Code/ROS2/build/micro_ros_msgs
[1.194s] Invoked command in '/home/exysta/2324_Projet2A_Eve/Code/ROS2/build/micro_ros_msgs' returned '0': CMAKE_PREFIX_PATH=${CMAKE_PREFIX_PATH}:/home/exysta/project/ros2_ws/install/bob_controller:/opt/ros/humble /usr/bin/cmake /home/exysta/2324_Projet2A_Eve/Code/ROS2/src/uros/micro_ros_msgs -DUAGENT_BUILD_EXECUTABLE=OFF -DUAGENT_P2P_PROFILE=OFF --no-warn-unused-cli -DCMAKE_INSTALL_PREFIX=/home/exysta/2324_Projet2A_Eve/Code/ROS2/install/micro_ros_msgs
[1.198s] Invoking command in '/home/exysta/2324_Projet2A_Eve/Code/ROS2/build/micro_ros_msgs': CMAKE_PREFIX_PATH=${CMAKE_PREFIX_PATH}:/home/exysta/project/ros2_ws/install/bob_controller:/opt/ros/humble /usr/bin/cmake --build /home/exysta/2324_Projet2A_Eve/Code/ROS2/build/micro_ros_msgs -- -j8 -l8
[1.241s] [ 10%] Built target micro_ros_msgs__rosidl_generator_c
[1.245s] [ 12%] Built target micro_ros_msgs__cpp
[1.251s] [ 12%] Built target ament_cmake_python_copy_micro_ros_msgs
[1.255s] [ 23%] Built target micro_ros_msgs__rosidl_typesupport_c
[1.256s] [ 34%] Built target micro_ros_msgs__rosidl_typesupport_introspection_c
[1.263s] [ 48%] Built target micro_ros_msgs__rosidl_typesupport_fastrtps_cpp
[1.263s] [ 55%] Built target micro_ros_msgs__rosidl_typesupport_introspection_cpp
[1.264s] [ 65%] Built target micro_ros_msgs__rosidl_typesupport_fastrtps_c
[1.272s] [ 76%] Built target micro_ros_msgs__rosidl_typesupport_cpp
[1.286s] [ 76%] Built target micro_ros_msgs
[1.302s] [ 78%] Built target micro_ros_msgs__py
[1.321s] [ 87%] Built target micro_ros_msgs__rosidl_generator_py
[1.336s] [ 91%] Built target micro_ros_msgs__rosidl_typesupport_fastrtps_c__pyext
[1.342s] [ 95%] Built target micro_ros_msgs__rosidl_typesupport_c__pyext
[1.349s] [100%] Built target micro_ros_msgs__rosidl_typesupport_introspection_c__pyext
[1.584s] running egg_info
[1.585s] writing micro_ros_msgs.egg-info/PKG-INFO
[1.585s] writing dependency_links to micro_ros_msgs.egg-info/dependency_links.txt
[1.586s] writing top-level names to micro_ros_msgs.egg-info/top_level.txt
[1.588s] reading manifest file 'micro_ros_msgs.egg-info/SOURCES.txt'
[1.589s] writing manifest file 'micro_ros_msgs.egg-info/SOURCES.txt'
[1.620s] [100%] Built target ament_cmake_python_build_micro_ros_msgs_egg
[1.629s] Invoked command in '/home/exysta/2324_Projet2A_Eve/Code/ROS2/build/micro_ros_msgs' returned '0': CMAKE_PREFIX_PATH=${CMAKE_PREFIX_PATH}:/home/exysta/project/ros2_ws/install/bob_controller:/opt/ros/humble /usr/bin/cmake --build /home/exysta/2324_Projet2A_Eve/Code/ROS2/build/micro_ros_msgs -- -j8 -l8
[1.753s] Invoking command in '/home/exysta/2324_Projet2A_Eve/Code/ROS2/build/micro_ros_msgs': CMAKE_PREFIX_PATH=${CMAKE_PREFIX_PATH}:/home/exysta/project/ros2_ws/install/bob_controller:/opt/ros/humble /usr/bin/cmake --install /home/exysta/2324_Projet2A_Eve/Code/ROS2/build/micro_ros_msgs
[1.756s] -- Install configuration: ""
[1.756s] -- Up-to-date: /home/exysta/2324_Projet2A_Eve/Code/ROS2/install/micro_ros_msgs/share/ament_index/resource_index/rosidl_interfaces/micro_ros_msgs
[1.756s] -- Up-to-date: /home/exysta/2324_Projet2A_Eve/Code/ROS2/install/micro_ros_msgs/include/micro_ros_msgs/micro_ros_msgs
[1.756s] -- Up-to-date: /home/exysta/2324_Projet2A_Eve/Code/ROS2/install/micro_ros_msgs/include/micro_ros_msgs/micro_ros_msgs/msg
[1.756s] -- Up-to-date: /home/exysta/2324_Projet2A_Eve/Code/ROS2/install/micro_ros_msgs/include/micro_ros_msgs/micro_ros_msgs/msg/graph.h
[1.757s] -- Up-to-date: /home/exysta/2324_Projet2A_Eve/Code/ROS2/install/micro_ros_msgs/include/micro_ros_msgs/micro_ros_msgs/msg/detail
[1.757s] -- Up-to-date: /home/exysta/2324_Projet2A_Eve/Code/ROS2/install/micro_ros_msgs/include/micro_ros_msgs/micro_ros_msgs/msg/detail/node__type_support.h
[1.757s] -- Up-to-date: /home/exysta/2324_Projet2A_Eve/Code/ROS2/install/micro_ros_msgs/include/micro_ros_msgs/micro_ros_msgs/msg/detail/graph__struct.h
[1.757s] -- Up-to-date: /home/exysta/2324_Projet2A_Eve/Code/ROS2/install/micro_ros_msgs/include/micro_ros_msgs/micro_ros_msgs/msg/detail/entity__struct.h
[1.757s] -- Up-to-date: /home/exysta/2324_Projet2A_Eve/Code/ROS2/install/micro_ros_msgs/include/micro_ros_msgs/micro_ros_msgs/msg/detail/graph__type_support.h
[1.757s] -- Up-to-date: /home/exysta/2324_Projet2A_Eve/Code/ROS2/install/micro_ros_msgs/include/micro_ros_msgs/micro_ros_msgs/msg/detail/graph__functions.h
[1.757s] -- Up-to-date: /home/exysta/2324_Projet2A_Eve/Code/ROS2/install/micro_ros_msgs/include/micro_ros_msgs/micro_ros_msgs/msg/detail/entity__type_support.h
[1.757s] -- Up-to-date: /home/exysta/2324_Projet2A_Eve/Code/ROS2/install/micro_ros_msgs/include/micro_ros_msgs/micro_ros_msgs/msg/detail/node__functions.h
[1.757s] -- Up-to-date: /home/exysta/2324_Projet2A_Eve/Code/ROS2/install/micro_ros_msgs/include/micro_ros_msgs/micro_ros_msgs/msg/detail/entity__functions.h
[1.757s] -- Up-to-date: /home/exysta/2324_Projet2A_Eve/Code/ROS2/install/micro_ros_msgs/include/micro_ros_msgs/micro_ros_msgs/msg/detail/entity__functions.c
[1.757s] -- Up-to-date: /home/exysta/2324_Projet2A_Eve/Code/ROS2/install/micro_ros_msgs/include/micro_ros_msgs/micro_ros_msgs/msg/detail/graph__functions.c
[1.758s] -- Up-to-date: /home/exysta/2324_Projet2A_Eve/Code/ROS2/install/micro_ros_msgs/include/micro_ros_msgs/micro_ros_msgs/msg/detail/node__struct.h
[1.758s] -- Up-to-date: /home/exysta/2324_Projet2A_Eve/Code/ROS2/install/micro_ros_msgs/include/micro_ros_msgs/micro_ros_msgs/msg/detail/node__functions.c
[1.758s] -- Up-to-date: /home/exysta/2324_Projet2A_Eve/Code/ROS2/install/micro_ros_msgs/include/micro_ros_msgs/micro_ros_msgs/msg/entity.h
[1.758s] -- Up-to-date: /home/exysta/2324_Projet2A_Eve/Code/ROS2/install/micro_ros_msgs/include/micro_ros_msgs/micro_ros_msgs/msg/rosidl_generator_c__visibility_control.h
[1.758s] -- Up-to-date: /home/exysta/2324_Projet2A_Eve/Code/ROS2/install/micro_ros_msgs/include/micro_ros_msgs/micro_ros_msgs/msg/node.h
[1.758s] -- Up-to-date: /home/exysta/2324_Projet2A_Eve/Code/ROS2/install/micro_ros_msgs/share/micro_ros_msgs/environment/library_path.sh
[1.758s] -- Installing: /home/exysta/2324_Projet2A_Eve/Code/ROS2/install/micro_ros_msgs/share/micro_ros_msgs/environment/library_path.dsv
[1.758s] -- Up-to-date: /home/exysta/2324_Projet2A_Eve/Code/ROS2/install/micro_ros_msgs/lib/libmicro_ros_msgs__rosidl_generator_c.so
[1.758s] -- Up-to-date: /home/exysta/2324_Projet2A_Eve/Code/ROS2/install/micro_ros_msgs/include/micro_ros_msgs/micro_ros_msgs
[1.758s] -- Up-to-date: /home/exysta/2324_Projet2A_Eve/Code/ROS2/install/micro_ros_msgs/include/micro_ros_msgs/micro_ros_msgs/msg
[1.758s] -- Up-to-date: /home/exysta/2324_Projet2A_Eve/Code/ROS2/install/micro_ros_msgs/include/micro_ros_msgs/micro_ros_msgs/msg/detail
[1.759s] -- Up-to-date: /home/exysta/2324_Projet2A_Eve/Code/ROS2/install/micro_ros_msgs/include/micro_ros_msgs/micro_ros_msgs/msg/detail/entity__rosidl_typesupport_fastrtps_c.h
[1.759s] -- Up-to-date: /home/exysta/2324_Projet2A_Eve/Code/ROS2/install/micro_ros_msgs/include/micro_ros_msgs/micro_ros_msgs/msg/detail/node__rosidl_typesupport_fastrtps_c.h
[1.759s] -- Up-to-date: /home/exysta/2324_Projet2A_Eve/Code/ROS2/install/micro_ros_msgs/include/micro_ros_msgs/micro_ros_msgs/msg/detail/graph__rosidl_typesupport_fastrtps_c.h
[1.759s] -- Up-to-date: /home/exysta/2324_Projet2A_Eve/Code/ROS2/install/micro_ros_msgs/include/micro_ros_msgs/micro_ros_msgs/msg/rosidl_typesupport_fastrtps_c__visibility_control.h
[1.759s] -- Up-to-date: /home/exysta/2324_Projet2A_Eve/Code/ROS2/install/micro_ros_msgs/lib/libmicro_ros_msgs__rosidl_typesupport_fastrtps_c.so
[1.759s] -- Up-to-date: /home/exysta/2324_Projet2A_Eve/Code/ROS2/install/micro_ros_msgs/include/micro_ros_msgs/micro_ros_msgs
[1.759s] -- Up-to-date: /home/exysta/2324_Projet2A_Eve/Code/ROS2/install/micro_ros_msgs/include/micro_ros_msgs/micro_ros_msgs/msg
[1.759s] -- Up-to-date: /home/exysta/2324_Projet2A_Eve/Code/ROS2/install/micro_ros_msgs/include/micro_ros_msgs/micro_ros_msgs/msg/detail
[1.759s] -- Up-to-date: /home/exysta/2324_Projet2A_Eve/Code/ROS2/install/micro_ros_msgs/include/micro_ros_msgs/micro_ros_msgs/msg/detail/graph__rosidl_typesupport_introspection_c.h
[1.759s] -- Up-to-date: /home/exysta/2324_Projet2A_Eve/Code/ROS2/install/micro_ros_msgs/include/micro_ros_msgs/micro_ros_msgs/msg/detail/node__rosidl_typesupport_introspection_c.h
[1.759s] -- Up-to-date: /home/exysta/2324_Projet2A_Eve/Code/ROS2/install/micro_ros_msgs/include/micro_ros_msgs/micro_ros_msgs/msg/detail/entity__type_support.c
[1.759s] -- Up-to-date: /home/exysta/2324_Projet2A_Eve/Code/ROS2/install/micro_ros_msgs/include/micro_ros_msgs/micro_ros_msgs/msg/detail/graph__type_support.c
[1.760s] -- Up-to-date: /home/exysta/2324_Projet2A_Eve/Code/ROS2/install/micro_ros_msgs/include/micro_ros_msgs/micro_ros_msgs/msg/detail/entity__rosidl_typesupport_introspection_c.h
[1.760s] -- Up-to-date: /home/exysta/2324_Projet2A_Eve/Code/ROS2/install/micro_ros_msgs/include/micro_ros_msgs/micro_ros_msgs/msg/detail/node__type_support.c
[1.760s] -- Up-to-date: /home/exysta/2324_Projet2A_Eve/Code/ROS2/install/micro_ros_msgs/include/micro_ros_msgs/micro_ros_msgs/msg/rosidl_typesupport_introspection_c__visibility_control.h
[1.760s] -- Up-to-date: /home/exysta/2324_Projet2A_Eve/Code/ROS2/install/micro_ros_msgs/lib/libmicro_ros_msgs__rosidl_typesupport_introspection_c.so
[1.760s] -- Up-to-date: /home/exysta/2324_Projet2A_Eve/Code/ROS2/install/micro_ros_msgs/lib/libmicro_ros_msgs__rosidl_typesupport_c.so
[1.760s] -- Up-to-date: /home/exysta/2324_Projet2A_Eve/Code/ROS2/install/micro_ros_msgs/include/micro_ros_msgs/micro_ros_msgs
[1.760s] -- Up-to-date: /home/exysta/2324_Projet2A_Eve/Code/ROS2/install/micro_ros_msgs/include/micro_ros_msgs/micro_ros_msgs/msg
[1.760s] -- Up-to-date: /home/exysta/2324_Projet2A_Eve/Code/ROS2/install/micro_ros_msgs/include/micro_ros_msgs/micro_ros_msgs/msg/detail
[1.760s] -- Up-to-date: /home/exysta/2324_Projet2A_Eve/Code/ROS2/install/micro_ros_msgs/include/micro_ros_msgs/micro_ros_msgs/msg/detail/entity__builder.hpp
[1.760s] -- Up-to-date: /home/exysta/2324_Projet2A_Eve/Code/ROS2/install/micro_ros_msgs/include/micro_ros_msgs/micro_ros_msgs/msg/detail/node__struct.hpp
[1.760s] -- Up-to-date: /home/exysta/2324_Projet2A_Eve/Code/ROS2/install/micro_ros_msgs/include/micro_ros_msgs/micro_ros_msgs/msg/detail/entity__struct.hpp
[1.760s] -- Up-to-date: /home/exysta/2324_Projet2A_Eve/Code/ROS2/install/micro_ros_msgs/include/micro_ros_msgs/micro_ros_msgs/msg/detail/node__builder.hpp
[1.761s] -- Up-to-date: /home/exysta/2324_Projet2A_Eve/Code/ROS2/install/micro_ros_msgs/include/micro_ros_msgs/micro_ros_msgs/msg/detail/entity__traits.hpp
[1.761s] -- Up-to-date: /home/exysta/2324_Projet2A_Eve/Code/ROS2/install/micro_ros_msgs/include/micro_ros_msgs/micro_ros_msgs/msg/detail/graph__struct.hpp
[1.761s] -- Up-to-date: /home/exysta/2324_Projet2A_Eve/Code/ROS2/install/micro_ros_msgs/include/micro_ros_msgs/micro_ros_msgs/msg/detail/node__traits.hpp
[1.761s] -- Up-to-date: /home/exysta/2324_Projet2A_Eve/Code/ROS2/install/micro_ros_msgs/include/micro_ros_msgs/micro_ros_msgs/msg/detail/graph__builder.hpp
[1.761s] -- Up-to-date: /home/exysta/2324_Projet2A_Eve/Code/ROS2/install/micro_ros_msgs/include/micro_ros_msgs/micro_ros_msgs/msg/detail/graph__traits.hpp
[1.761s] -- Up-to-date: /home/exysta/2324_Projet2A_Eve/Code/ROS2/install/micro_ros_msgs/include/micro_ros_msgs/micro_ros_msgs/msg/graph.hpp
[1.761s] -- Up-to-date: /home/exysta/2324_Projet2A_Eve/Code/ROS2/install/micro_ros_msgs/include/micro_ros_msgs/micro_ros_msgs/msg/entity.hpp
[1.761s] -- Up-to-date: /home/exysta/2324_Projet2A_Eve/Code/ROS2/install/micro_ros_msgs/include/micro_ros_msgs/micro_ros_msgs/msg/node.hpp
[1.761s] -- Up-to-date: /home/exysta/2324_Projet2A_Eve/Code/ROS2/install/micro_ros_msgs/include/micro_ros_msgs/micro_ros_msgs
[1.761s] -- Up-to-date: /home/exysta/2324_Projet2A_Eve/Code/ROS2/install/micro_ros_msgs/include/micro_ros_msgs/micro_ros_msgs/msg
[1.761s] -- Up-to-date: /home/exysta/2324_Projet2A_Eve/Code/ROS2/install/micro_ros_msgs/include/micro_ros_msgs/micro_ros_msgs/msg/rosidl_typesupport_fastrtps_cpp__visibility_control.h
[1.762s] -- Up-to-date: /home/exysta/2324_Projet2A_Eve/Code/ROS2/install/micro_ros_msgs/include/micro_ros_msgs/micro_ros_msgs/msg/detail
[1.762s] -- Up-to-date: /home/exysta/2324_Projet2A_Eve/Code/ROS2/install/micro_ros_msgs/include/micro_ros_msgs/micro_ros_msgs/msg/detail/node__rosidl_typesupport_fastrtps_cpp.hpp
[1.762s] -- Up-to-date: /home/exysta/2324_Projet2A_Eve/Code/ROS2/install/micro_ros_msgs/include/micro_ros_msgs/micro_ros_msgs/msg/detail/dds_fastrtps
[1.762s] -- Up-to-date: /home/exysta/2324_Projet2A_Eve/Code/ROS2/install/micro_ros_msgs/include/micro_ros_msgs/micro_ros_msgs/msg/detail/graph__rosidl_typesupport_fastrtps_cpp.hpp
[1.762s] -- Up-to-date: /home/exysta/2324_Projet2A_Eve/Code/ROS2/install/micro_ros_msgs/include/micro_ros_msgs/micro_ros_msgs/msg/detail/entity__rosidl_typesupport_fastrtps_cpp.hpp
[1.762s] -- Up-to-date: /home/exysta/2324_Projet2A_Eve/Code/ROS2/install/micro_ros_msgs/lib/libmicro_ros_msgs__rosidl_typesupport_fastrtps_cpp.so
[1.762s] -- Up-to-date: /home/exysta/2324_Projet2A_Eve/Code/ROS2/install/micro_ros_msgs/include/micro_ros_msgs/micro_ros_msgs
[1.762s] -- Up-to-date: /home/exysta/2324_Projet2A_Eve/Code/ROS2/install/micro_ros_msgs/include/micro_ros_msgs/micro_ros_msgs/msg
[1.762s] -- Up-to-date: /home/exysta/2324_Projet2A_Eve/Code/ROS2/install/micro_ros_msgs/include/micro_ros_msgs/micro_ros_msgs/msg/detail
[1.762s] -- Up-to-date: /home/exysta/2324_Projet2A_Eve/Code/ROS2/install/micro_ros_msgs/include/micro_ros_msgs/micro_ros_msgs/msg/detail/graph__rosidl_typesupport_introspection_cpp.hpp
[1.762s] -- Up-to-date: /home/exysta/2324_Projet2A_Eve/Code/ROS2/install/micro_ros_msgs/include/micro_ros_msgs/micro_ros_msgs/msg/detail/entity__type_support.cpp
[1.763s] -- Up-to-date: /home/exysta/2324_Projet2A_Eve/Code/ROS2/install/micro_ros_msgs/include/micro_ros_msgs/micro_ros_msgs/msg/detail/node__rosidl_typesupport_introspection_cpp.hpp
[1.763s] -- Up-to-date: /home/exysta/2324_Projet2A_Eve/Code/ROS2/install/micro_ros_msgs/include/micro_ros_msgs/micro_ros_msgs/msg/detail/graph__type_support.cpp
[1.763s] -- Up-to-date: /home/exysta/2324_Projet2A_Eve/Code/ROS2/install/micro_ros_msgs/include/micro_ros_msgs/micro_ros_msgs/msg/detail/node__type_support.cpp
[1.763s] -- Up-to-date: /home/exysta/2324_Projet2A_Eve/Code/ROS2/install/micro_ros_msgs/include/micro_ros_msgs/micro_ros_msgs/msg/detail/entity__rosidl_typesupport_introspection_cpp.hpp
[1.763s] -- Up-to-date: /home/exysta/2324_Projet2A_Eve/Code/ROS2/install/micro_ros_msgs/lib/libmicro_ros_msgs__rosidl_typesupport_introspection_cpp.so
[1.763s] -- Up-to-date: /home/exysta/2324_Projet2A_Eve/Code/ROS2/install/micro_ros_msgs/lib/libmicro_ros_msgs__rosidl_typesupport_cpp.so
[1.763s] -- Up-to-date: /home/exysta/2324_Projet2A_Eve/Code/ROS2/install/micro_ros_msgs/share/micro_ros_msgs/environment/pythonpath.sh
[1.763s] -- Installing: /home/exysta/2324_Projet2A_Eve/Code/ROS2/install/micro_ros_msgs/share/micro_ros_msgs/environment/pythonpath.dsv
[1.763s] -- Up-to-date: /home/exysta/2324_Projet2A_Eve/Code/ROS2/install/micro_ros_msgs/local/lib/python3.10/dist-packages/micro_ros_msgs-3.0.1-py3.10.egg-info
[1.763s] -- Installing: /home/exysta/2324_Projet2A_Eve/Code/ROS2/install/micro_ros_msgs/local/lib/python3.10/dist-packages/micro_ros_msgs-3.0.1-py3.10.egg-info/SOURCES.txt
[1.763s] -- Installing: /home/exysta/2324_Projet2A_Eve/Code/ROS2/install/micro_ros_msgs/local/lib/python3.10/dist-packages/micro_ros_msgs-3.0.1-py3.10.egg-info/top_level.txt
[1.763s] -- Installing: /home/exysta/2324_Projet2A_Eve/Code/ROS2/install/micro_ros_msgs/local/lib/python3.10/dist-packages/micro_ros_msgs-3.0.1-py3.10.egg-info/PKG-INFO
[1.763s] -- Installing: /home/exysta/2324_Projet2A_Eve/Code/ROS2/install/micro_ros_msgs/local/lib/python3.10/dist-packages/micro_ros_msgs-3.0.1-py3.10.egg-info/dependency_links.txt
[1.764s] -- Up-to-date: /home/exysta/2324_Projet2A_Eve/Code/ROS2/install/micro_ros_msgs/local/lib/python3.10/dist-packages/micro_ros_msgs
[1.764s] -- Up-to-date: /home/exysta/2324_Projet2A_Eve/Code/ROS2/install/micro_ros_msgs/local/lib/python3.10/dist-packages/micro_ros_msgs/micro_ros_msgs_s__rosidl_typesupport_introspection_c.cpython-310-x86_64-linux-gnu.so
[1.764s] -- Up-to-date: /home/exysta/2324_Projet2A_Eve/Code/ROS2/install/micro_ros_msgs/local/lib/python3.10/dist-packages/micro_ros_msgs/_micro_ros_msgs_s.ep.rosidl_typesupport_c.c
[1.764s] -- Up-to-date: /home/exysta/2324_Projet2A_Eve/Code/ROS2/install/micro_ros_msgs/local/lib/python3.10/dist-packages/micro_ros_msgs/libmicro_ros_msgs__rosidl_generator_py.so
[1.764s] -- Up-to-date: /home/exysta/2324_Projet2A_Eve/Code/ROS2/install/micro_ros_msgs/local/lib/python3.10/dist-packages/micro_ros_msgs/_micro_ros_msgs_s.ep.rosidl_typesupport_introspection_c.c
[1.764s] -- Up-to-date: /home/exysta/2324_Projet2A_Eve/Code/ROS2/install/micro_ros_msgs/local/lib/python3.10/dist-packages/micro_ros_msgs/msg
[1.764s] -- Up-to-date: /home/exysta/2324_Projet2A_Eve/Code/ROS2/install/micro_ros_msgs/local/lib/python3.10/dist-packages/micro_ros_msgs/msg/_entity_s.c
[1.764s] -- Up-to-date: /home/exysta/2324_Projet2A_Eve/Code/ROS2/install/micro_ros_msgs/local/lib/python3.10/dist-packages/micro_ros_msgs/msg/_graph.py
[1.764s] -- Up-to-date: /home/exysta/2324_Projet2A_Eve/Code/ROS2/install/micro_ros_msgs/local/lib/python3.10/dist-packages/micro_ros_msgs/msg/_node_s.c
[1.764s] -- Up-to-date: /home/exysta/2324_Projet2A_Eve/Code/ROS2/install/micro_ros_msgs/local/lib/python3.10/dist-packages/micro_ros_msgs/msg/_entity.py
[1.764s] -- Up-to-date: /home/exysta/2324_Projet2A_Eve/Code/ROS2/install/micro_ros_msgs/local/lib/python3.10/dist-packages/micro_ros_msgs/msg/__init__.py
[1.764s] -- Up-to-date: /home/exysta/2324_Projet2A_Eve/Code/ROS2/install/micro_ros_msgs/local/lib/python3.10/dist-packages/micro_ros_msgs/msg/_node.py
[1.765s] -- Up-to-date: /home/exysta/2324_Projet2A_Eve/Code/ROS2/install/micro_ros_msgs/local/lib/python3.10/dist-packages/micro_ros_msgs/msg/_graph_s.c
[1.765s] -- Up-to-date: /home/exysta/2324_Projet2A_Eve/Code/ROS2/install/micro_ros_msgs/local/lib/python3.10/dist-packages/micro_ros_msgs/micro_ros_msgs_s__rosidl_typesupport_fastrtps_c.cpython-310-x86_64-linux-gnu.so
[1.765s] -- Up-to-date: /home/exysta/2324_Projet2A_Eve/Code/ROS2/install/micro_ros_msgs/local/lib/python3.10/dist-packages/micro_ros_msgs/_micro_ros_msgs_s.ep.rosidl_typesupport_fastrtps_c.c
[1.765s] -- Up-to-date: /home/exysta/2324_Projet2A_Eve/Code/ROS2/install/micro_ros_msgs/local/lib/python3.10/dist-packages/micro_ros_msgs/micro_ros_msgs_s__rosidl_typesupport_c.cpython-310-x86_64-linux-gnu.so
[1.765s] -- Installing: /home/exysta/2324_Projet2A_Eve/Code/ROS2/install/micro_ros_msgs/local/lib/python3.10/dist-packages/micro_ros_msgs/__init__.py
[1.816s] Listing '/home/exysta/2324_Projet2A_Eve/Code/ROS2/install/micro_ros_msgs/local/lib/python3.10/dist-packages/micro_ros_msgs'...
[1.816s] Compiling '/home/exysta/2324_Projet2A_Eve/Code/ROS2/install/micro_ros_msgs/local/lib/python3.10/dist-packages/micro_ros_msgs/__init__.py'...
[1.816s] Listing '/home/exysta/2324_Projet2A_Eve/Code/ROS2/install/micro_ros_msgs/local/lib/python3.10/dist-packages/micro_ros_msgs/msg'...
[1.821s] -- Up-to-date: /home/exysta/2324_Projet2A_Eve/Code/ROS2/install/micro_ros_msgs/local/lib/python3.10/dist-packages/micro_ros_msgs/micro_ros_msgs_s__rosidl_typesupport_fastrtps_c.cpython-310-x86_64-linux-gnu.so
[1.822s] -- Up-to-date: /home/exysta/2324_Projet2A_Eve/Code/ROS2/install/micro_ros_msgs/local/lib/python3.10/dist-packages/micro_ros_msgs/micro_ros_msgs_s__rosidl_typesupport_introspection_c.cpython-310-x86_64-linux-gnu.so
[1.822s] -- Up-to-date: /home/exysta/2324_Projet2A_Eve/Code/ROS2/install/micro_ros_msgs/local/lib/python3.10/dist-packages/micro_ros_msgs/micro_ros_msgs_s__rosidl_typesupport_c.cpython-310-x86_64-linux-gnu.so
[1.823s] -- Up-to-date: /home/exysta/2324_Projet2A_Eve/Code/ROS2/install/micro_ros_msgs/lib/libmicro_ros_msgs__rosidl_generator_py.so
[1.823s] -- Up-to-date: /home/exysta/2324_Projet2A_Eve/Code/ROS2/install/micro_ros_msgs/share/micro_ros_msgs/msg/Graph.idl
[1.823s] -- Up-to-date: /home/exysta/2324_Projet2A_Eve/Code/ROS2/install/micro_ros_msgs/share/micro_ros_msgs/msg/Node.idl
[1.824s] -- Up-to-date: /home/exysta/2324_Projet2A_Eve/Code/ROS2/install/micro_ros_msgs/share/micro_ros_msgs/msg/Entity.idl
[1.824s] -- Up-to-date: /home/exysta/2324_Projet2A_Eve/Code/ROS2/install/micro_ros_msgs/share/micro_ros_msgs/msg/Graph.msg
[1.824s] -- Up-to-date: /home/exysta/2324_Projet2A_Eve/Code/ROS2/install/micro_ros_msgs/share/micro_ros_msgs/msg/Node.msg
[1.824s] -- Up-to-date: /home/exysta/2324_Projet2A_Eve/Code/ROS2/install/micro_ros_msgs/share/micro_ros_msgs/msg/Entity.msg
[1.824s] -- Up-to-date: /home/exysta/2324_Projet2A_Eve/Code/ROS2/install/micro_ros_msgs/share/ament_index/resource_index/package_run_dependencies/micro_ros_msgs
[1.824s] -- Up-to-date: /home/exysta/2324_Projet2A_Eve/Code/ROS2/install/micro_ros_msgs/share/ament_index/resource_index/parent_prefix_path/micro_ros_msgs
[1.824s] -- Up-to-date: /home/exysta/2324_Projet2A_Eve/Code/ROS2/install/micro_ros_msgs/share/micro_ros_msgs/environment/ament_prefix_path.sh
[1.825s] -- Installing: /home/exysta/2324_Projet2A_Eve/Code/ROS2/install/micro_ros_msgs/share/micro_ros_msgs/environment/ament_prefix_path.dsv
[1.825s] -- Up-to-date: /home/exysta/2324_Projet2A_Eve/Code/ROS2/install/micro_ros_msgs/share/micro_ros_msgs/environment/path.sh
[1.825s] -- Installing: /home/exysta/2324_Projet2A_Eve/Code/ROS2/install/micro_ros_msgs/share/micro_ros_msgs/environment/path.dsv
[1.825s] -- Up-to-date: /home/exysta/2324_Projet2A_Eve/Code/ROS2/install/micro_ros_msgs/share/micro_ros_msgs/local_setup.bash
[1.825s] -- Up-to-date: /home/exysta/2324_Projet2A_Eve/Code/ROS2/install/micro_ros_msgs/share/micro_ros_msgs/local_setup.sh
[1.825s] -- Up-to-date: /home/exysta/2324_Projet2A_Eve/Code/ROS2/install/micro_ros_msgs/share/micro_ros_msgs/local_setup.zsh
[1.826s] -- Installing: /home/exysta/2324_Projet2A_Eve/Code/ROS2/install/micro_ros_msgs/share/micro_ros_msgs/local_setup.dsv
[1.826s] -- Installing: /home/exysta/2324_Projet2A_Eve/Code/ROS2/install/micro_ros_msgs/share/micro_ros_msgs/package.dsv
[1.826s] -- Up-to-date: /home/exysta/2324_Projet2A_Eve/Code/ROS2/install/micro_ros_msgs/share/ament_index/resource_index/packages/micro_ros_msgs
[1.826s] -- Up-to-date: /home/exysta/2324_Projet2A_Eve/Code/ROS2/install/micro_ros_msgs/share/micro_ros_msgs/cmake/export_micro_ros_msgs__rosidl_generator_cExport.cmake
[1.826s] -- Up-to-date: /home/exysta/2324_Projet2A_Eve/Code/ROS2/install/micro_ros_msgs/share/micro_ros_msgs/cmake/export_micro_ros_msgs__rosidl_generator_cExport-noconfig.cmake
[1.826s] -- Up-to-date: /home/exysta/2324_Projet2A_Eve/Code/ROS2/install/micro_ros_msgs/share/micro_ros_msgs/cmake/export_micro_ros_msgs__rosidl_typesupport_fastrtps_cExport.cmake
[1.826s] -- Up-to-date: /home/exysta/2324_Projet2A_Eve/Code/ROS2/install/micro_ros_msgs/share/micro_ros_msgs/cmake/export_micro_ros_msgs__rosidl_typesupport_fastrtps_cExport-noconfig.cmake
[1.827s] -- Up-to-date: /home/exysta/2324_Projet2A_Eve/Code/ROS2/install/micro_ros_msgs/share/micro_ros_msgs/cmake/micro_ros_msgs__rosidl_typesupport_introspection_cExport.cmake
[1.827s] -- Up-to-date: /home/exysta/2324_Projet2A_Eve/Code/ROS2/install/micro_ros_msgs/share/micro_ros_msgs/cmake/micro_ros_msgs__rosidl_typesupport_introspection_cExport-noconfig.cmake
[1.827s] -- Up-to-date: /home/exysta/2324_Projet2A_Eve/Code/ROS2/install/micro_ros_msgs/share/micro_ros_msgs/cmake/micro_ros_msgs__rosidl_typesupport_cExport.cmake
[1.827s] -- Up-to-date: /home/exysta/2324_Projet2A_Eve/Code/ROS2/install/micro_ros_msgs/share/micro_ros_msgs/cmake/micro_ros_msgs__rosidl_typesupport_cExport-noconfig.cmake
[1.827s] -- Up-to-date: /home/exysta/2324_Projet2A_Eve/Code/ROS2/install/micro_ros_msgs/share/micro_ros_msgs/cmake/export_micro_ros_msgs__rosidl_generator_cppExport.cmake
[1.827s] -- Up-to-date: /home/exysta/2324_Projet2A_Eve/Code/ROS2/install/micro_ros_msgs/share/micro_ros_msgs/cmake/export_micro_ros_msgs__rosidl_typesupport_fastrtps_cppExport.cmake
[1.828s] -- Up-to-date: /home/exysta/2324_Projet2A_Eve/Code/ROS2/install/micro_ros_msgs/share/micro_ros_msgs/cmake/export_micro_ros_msgs__rosidl_typesupport_fastrtps_cppExport-noconfig.cmake
[1.828s] -- Up-to-date: /home/exysta/2324_Projet2A_Eve/Code/ROS2/install/micro_ros_msgs/share/micro_ros_msgs/cmake/micro_ros_msgs__rosidl_typesupport_introspection_cppExport.cmake
[1.828s] -- Up-to-date: /home/exysta/2324_Projet2A_Eve/Code/ROS2/install/micro_ros_msgs/share/micro_ros_msgs/cmake/micro_ros_msgs__rosidl_typesupport_introspection_cppExport-noconfig.cmake
[1.828s] -- Up-to-date: /home/exysta/2324_Projet2A_Eve/Code/ROS2/install/micro_ros_msgs/share/micro_ros_msgs/cmake/micro_ros_msgs__rosidl_typesupport_cppExport.cmake
[1.828s] -- Up-to-date: /home/exysta/2324_Projet2A_Eve/Code/ROS2/install/micro_ros_msgs/share/micro_ros_msgs/cmake/micro_ros_msgs__rosidl_typesupport_cppExport-noconfig.cmake
[1.828s] -- Up-to-date: /home/exysta/2324_Projet2A_Eve/Code/ROS2/install/micro_ros_msgs/share/micro_ros_msgs/cmake/export_micro_ros_msgs__rosidl_generator_pyExport.cmake
[1.828s] -- Up-to-date: /home/exysta/2324_Projet2A_Eve/Code/ROS2/install/micro_ros_msgs/share/micro_ros_msgs/cmake/export_micro_ros_msgs__rosidl_generator_pyExport-noconfig.cmake
[1.829s] -- Up-to-date: /home/exysta/2324_Projet2A_Eve/Code/ROS2/install/micro_ros_msgs/share/micro_ros_msgs/cmake/rosidl_cmake-extras.cmake
[1.829s] -- Up-to-date: /home/exysta/2324_Projet2A_Eve/Code/ROS2/install/micro_ros_msgs/share/micro_ros_msgs/cmake/ament_cmake_export_include_directories-extras.cmake
[1.829s] -- Up-to-date: /home/exysta/2324_Projet2A_Eve/Code/ROS2/install/micro_ros_msgs/share/micro_ros_msgs/cmake/ament_cmake_export_libraries-extras.cmake
[1.829s] -- Up-to-date: /home/exysta/2324_Projet2A_Eve/Code/ROS2/install/micro_ros_msgs/share/micro_ros_msgs/cmake/ament_cmake_export_targets-extras.cmake
[1.829s] -- Up-to-date: /home/exysta/2324_Projet2A_Eve/Code/ROS2/install/micro_ros_msgs/share/micro_ros_msgs/cmake/rosidl_cmake_export_typesupport_targets-extras.cmake
[1.829s] -- Up-to-date: /home/exysta/2324_Projet2A_Eve/Code/ROS2/install/micro_ros_msgs/share/micro_ros_msgs/cmake/ament_cmake_export_dependencies-extras.cmake
[1.830s] -- Up-to-date: /home/exysta/2324_Projet2A_Eve/Code/ROS2/install/micro_ros_msgs/share/micro_ros_msgs/cmake/rosidl_cmake_export_typesupport_libraries-extras.cmake
[1.830s] -- Up-to-date: /home/exysta/2324_Projet2A_Eve/Code/ROS2/install/micro_ros_msgs/share/micro_ros_msgs/cmake/micro_ros_msgsConfig.cmake
[1.830s] -- Up-to-date: /home/exysta/2324_Projet2A_Eve/Code/ROS2/install/micro_ros_msgs/share/micro_ros_msgs/cmake/micro_ros_msgsConfig-version.cmake
[1.830s] -- Up-to-date: /home/exysta/2324_Projet2A_Eve/Code/ROS2/install/micro_ros_msgs/share/micro_ros_msgs/package.xml
[1.831s] Invoked command in '/home/exysta/2324_Projet2A_Eve/Code/ROS2/build/micro_ros_msgs' returned '0': CMAKE_PREFIX_PATH=${CMAKE_PREFIX_PATH}:/home/exysta/project/ros2_ws/install/bob_controller:/opt/ros/humble /usr/bin/cmake --install /home/exysta/2324_Projet2A_Eve/Code/ROS2/build/micro_ros_msgs
