2024-01-29 18:23:43,424 [INFO] Activator:176 - 


2024-01-29 18:23:43,425 [INFO] Activator:177 - !SESSION log4j initialized
2024-01-29 18:23:45,363 [INFO] LogOutputStream:77 - [STDOUT_REDIRECT] 
2024-01-29 18:24:21,733 [INFO] ApplicationProperties:184 - Using Application install path: C:\Users\Lucas\STM32CubeIDE_1.13.2\STM32CubeIDE\plugins\com.st.stm32cube.common.mx_6.9.2.202309101412
2024-01-29 18:24:21,745 [INFO] DbMcusXml:78 - Set database path to: C:\Users\Lucas\STM32CubeIDE_1.13.2\STM32CubeIDE\plugins\com.st.stm32cube.common.mx_6.9.2.202309101412\\db\/mcu/
2024-01-29 18:24:21,745 [INFO] ApiDb:274 - Set plugin database path to: C:\Users\Lucas\STM32CubeIDE_1.13.2\STM32CubeIDE\plugins\com.st.stm32cube.common.mx_6.9.2.202309101412\\db\/plugins/boardmanager/
2024-01-29 18:24:21,745 [WARN] ApiDb:259 - Overriding images path with different value:  => C:\Users\Lucas\STM32CubeIDE_1.13.2\STM32CubeIDE\plugins\com.st.stm32cube.common.mx_6.9.2.202309101412\\db\/plugins/mcufinder/images/
2024-01-29 18:24:21,752 [INFO] ApiDb:250 - Set database path to: C:\Users\Lucas\.stmcufinder\plugins\mcufinder//mcu/
2024-01-29 18:24:21,753 [INFO] DbMcusAds:125 - Set database path to: C:\Users\Lucas\.stmcufinder\plugins\mcufinder//mcu/
2024-01-29 18:24:21,764 [INFO] CrossReferenceDbSqlite:203 - Set database path to: C:\Users\Lucas\.stmcufinder\plugins\mcufinder//mcu/cs/
2024-01-29 18:24:21,877 [INFO] RulesReader:64 - Compatibility file has been processed (293 Rules)
2024-01-29 18:24:21,949 [INFO] DbMcusXml:78 - Set database path to: C:\Users\Lucas\STM32CubeIDE_1.13.2\STM32CubeIDE\plugins\com.st.stm32cube.common.mx_6.9.2.202309101412\\db\/mcu/
2024-01-29 18:24:21,949 [INFO] ApiDb:274 - Set plugin database path to: C:\Users\Lucas\STM32CubeIDE_1.13.2\STM32CubeIDE\plugins\com.st.stm32cube.common.mx_6.9.2.202309101412\\db\/plugins/boardmanager/
2024-01-29 18:24:21,949 [INFO] ApiDb:261 - Set plugin images path to: C:\Users\Lucas\STM32CubeIDE_1.13.2\STM32CubeIDE\plugins\com.st.stm32cube.common.mx_6.9.2.202309101412\\db\/plugins/mcufinder/images/
2024-01-29 18:24:21,949 [WARN] DbFile:41 - Overriding database path with different value: C:\Users\Lucas\.stmcufinder\plugins\mcufinder/ => C:\Users\Lucas\.stmcufinder\plugins\mcufinder
2024-01-29 18:24:21,949 [INFO] ApiDb:250 - Set database path to: C:\Users\Lucas\.stmcufinder\plugins\mcufinder//mcu/
2024-01-29 18:24:21,949 [WARN] DbFile:41 - Overriding database path with different value: C:\Users\Lucas\.stmcufinder\plugins\mcufinder/ => C:\Users\Lucas\.stmcufinder\plugins\mcufinder
2024-01-29 18:24:21,949 [INFO] DbMcusAds:125 - Set database path to: C:\Users\Lucas\.stmcufinder\plugins\mcufinder//mcu/
2024-01-29 18:24:21,949 [WARN] DbFile:41 - Overriding database path with different value: C:\Users\Lucas\.stmcufinder\plugins\mcufinder/ => C:\Users\Lucas\.stmcufinder\plugins\mcufinder
2024-01-29 18:24:21,950 [WARN] DbFile:41 - Overriding database path with different value: C:\Users\Lucas\.stmcufinder\plugins\mcufinder/ => C:\Users\Lucas\.stmcufinder\plugins\mcufinder
2024-01-29 18:24:21,950 [INFO] CrossReferenceDbSqlite:203 - Set database path to: C:\Users\Lucas\.stmcufinder\plugins\mcufinder//mcu/cs/
2024-01-29 18:24:22,012 [INFO] MainPanel:262 - HeapMemory: 457179136
2024-01-29 18:24:22,059 [INFO] DbMcusXml:78 - Set database path to: C:\Users\Lucas\STM32CubeIDE_1.13.2\STM32CubeIDE\plugins\com.st.stm32cube.common.mx_6.9.2.202309101412\\db\/mcu/
2024-01-29 18:24:22,059 [INFO] ApiDb:274 - Set plugin database path to: C:\Users\Lucas\STM32CubeIDE_1.13.2\STM32CubeIDE\plugins\com.st.stm32cube.common.mx_6.9.2.202309101412\\db\/plugins/boardmanager/
2024-01-29 18:24:22,059 [INFO] ApiDb:261 - Set plugin images path to: C:\Users\Lucas\STM32CubeIDE_1.13.2\STM32CubeIDE\plugins\com.st.stm32cube.common.mx_6.9.2.202309101412\\db\/plugins/mcufinder/images/
2024-01-29 18:24:22,060 [WARN] DbFile:41 - Overriding database path with different value: C:\Users\Lucas\.stmcufinder\plugins\mcufinder/ => C:\Users\Lucas\.stmcufinder\plugins\mcufinder
2024-01-29 18:24:22,060 [INFO] ApiDb:250 - Set database path to: C:\Users\Lucas\.stmcufinder\plugins\mcufinder//mcu/
2024-01-29 18:24:22,060 [WARN] DbFile:41 - Overriding database path with different value: C:\Users\Lucas\.stmcufinder\plugins\mcufinder/ => C:\Users\Lucas\.stmcufinder\plugins\mcufinder
2024-01-29 18:24:22,060 [INFO] DbMcusAds:125 - Set database path to: C:\Users\Lucas\.stmcufinder\plugins\mcufinder//mcu/
2024-01-29 18:24:22,060 [WARN] DbFile:41 - Overriding database path with different value: C:\Users\Lucas\.stmcufinder\plugins\mcufinder/ => C:\Users\Lucas\.stmcufinder\plugins\mcufinder
2024-01-29 18:24:22,060 [WARN] DbFile:41 - Overriding database path with different value: C:\Users\Lucas\.stmcufinder\plugins\mcufinder/ => C:\Users\Lucas\.stmcufinder\plugins\mcufinder
2024-01-29 18:24:22,060 [INFO] CrossReferenceDbSqlite:203 - Set database path to: C:\Users\Lucas\.stmcufinder\plugins\mcufinder//mcu/cs/
2024-01-29 18:24:22,072 [INFO] ApplicationProperties:184 - Using Application install path: C:\Users\Lucas\STM32CubeIDE_1.13.2\STM32CubeIDE\plugins\com.st.stm32cube.common.mx_6.9.2.202309101412
2024-01-29 18:24:22,073 [INFO] PluginManage:196 - Search for loadable plugins [exclusion list=, ]
2024-01-29 18:24:22,074 [INFO] PluginManage:310 - Check plugin analytics
2024-01-29 18:24:22,213 [INFO] AnalyticsPlugin:253 - Accepted Software Licenses: 
2024-01-29 18:24:22,214 [INFO] AnalyticsPlugin:255 - Accepted CMSIS Pack Licenses: 
2024-01-29 18:24:22,214 [INFO] AnalyticsPlugin:257 - Accepted Firmware Licenses: FW.H7.1.11.0
2024-01-29 18:24:22,216 [INFO] PluginManage:359 - Loaded plugin analytics (category:tool,tabindex:-1)
2024-01-29 18:24:22,216 [INFO] PluginManage:310 - Check plugin cadmodel
2024-01-29 18:24:22,221 [INFO] CADModel:105 - Init CAD model plugin
2024-01-29 18:24:22,221 [INFO] PluginManage:359 - Loaded plugin cadmodel (category:power,tabindex:5)
2024-01-29 18:24:22,221 [INFO] PluginManage:310 - Check plugin clock
2024-01-29 18:24:22,229 [INFO] PluginManage:359 - Loaded plugin clock (category:base,tabindex:2)
2024-01-29 18:24:22,229 [INFO] PluginManage:310 - Check plugin ddr
2024-01-29 18:24:22,230 [INFO] PluginManage:359 - Loaded plugin ddr (category:tool,tabindex:6)
2024-01-29 18:24:22,230 [INFO] PluginManage:310 - Check plugin filemanager
2024-01-29 18:24:22,336 [INFO] PluginManage:359 - Loaded plugin filemanager (category:base,tabindex:10)
2024-01-29 18:24:22,336 [INFO] PluginManage:310 - Check plugin ipmanager
2024-01-29 18:24:22,343 [INFO] PluginManage:359 - Loaded plugin ipmanager (category:base,tabindex:5)
2024-01-29 18:24:22,343 [INFO] PluginManage:310 - Check plugin lpbam
2024-01-29 18:24:22,349 [INFO] PluginManage:359 - Loaded plugin lpbam (category:base,tabindex:0)
2024-01-29 18:24:22,349 [INFO] PluginManage:310 - Check plugin memorymap
2024-01-29 18:24:22,358 [INFO] PluginManage:359 - Loaded plugin memorymap (category:base,tabindex:4)
2024-01-29 18:24:22,358 [INFO] PluginManage:310 - Check plugin pinoutandconfiguration
2024-01-29 18:24:22,362 [INFO] PluginManage:359 - Loaded plugin pinoutandconfiguration (category:base,tabindex:1)
2024-01-29 18:24:22,363 [INFO] PluginManage:310 - Check plugin pinoutconfig
2024-01-29 18:24:22,436 [WARN] SupportedApi:132 - Cannot load RTOS API schema: s4s-elt-must-match.1: The content of 'definitions' must match (annotation?, (simpleType | complexType)?, (unique | key | keyref)*)). A problem was found starting at: attribute.
2024-01-29 18:24:22,549 [INFO] PluginManage:359 - Loaded plugin pinoutconfig (category:base,tabindex:0)
2024-01-29 18:24:22,549 [INFO] PluginManage:310 - Check plugin power
2024-01-29 18:24:22,556 [INFO] PluginManage:359 - Loaded plugin power (category:power,tabindex:4)
2024-01-29 18:24:22,556 [INFO] PluginManage:310 - Check plugin projectmanager
2024-01-29 18:24:22,569 [INFO] PluginManage:359 - Loaded plugin projectmanager (category:projectmanager,tabindex:3)
2024-01-29 18:24:22,569 [INFO] PluginManage:310 - Check plugin thirdparty
2024-01-29 18:24:22,653 [INFO] PluginManage:359 - Loaded plugin thirdparty (category:base,tabindex:-1)
2024-01-29 18:24:22,653 [INFO] PluginManage:310 - Check plugin tools
2024-01-29 18:24:22,653 [WARN] IntegrityCheckThread:84 - waiting for thirdparty lock release [integrity check]
2024-01-29 18:24:22,653 [INFO] IntegrityCheckThread:86 - entering critical section [integrity check]
2024-01-29 18:24:22,654 [INFO] ThirdPartyUpdaterWithRetryManager:70 - Updater plugin not ready yet. [1/15]
2024-01-29 18:24:22,655 [INFO] PluginManage:359 - Loaded plugin tools (category:base,tabindex:7)
2024-01-29 18:24:22,655 [INFO] PluginManage:310 - Check plugin tutovideos
2024-01-29 18:24:22,792 [INFO] PluginManage:359 - Loaded plugin tutovideos (category:base,tabindex:-1)
2024-01-29 18:24:22,792 [INFO] PluginManage:310 - Check plugin updater
2024-01-29 18:24:22,800 [INFO] PluginManage:359 - Loaded plugin updater (category:base,tabindex:12)
2024-01-29 18:24:22,800 [INFO] PluginManage:310 - Check plugin userauth
2024-01-29 18:24:22,809 [INFO] UserAuth:113 - Init User Auth plugin
2024-01-29 18:24:22,809 [INFO] PluginManage:359 - Loaded plugin userauth (category:base,tabindex:14)
2024-01-29 18:24:22,809 [INFO] PluginManage:283 - PluginManage : Loaded plugins [17]
2024-01-29 18:24:22,993 [INFO] PinOutPanel:1499 - setPackage(No Configuration,No Configuration)
2024-01-29 18:24:23,094 [INFO] CADModel:165 - CPN selected for project level
2024-01-29 18:24:23,094 [INFO] CADModel:114 - Register for checkConnection events
2024-01-29 18:24:23,106 [INFO] IPUIPlugin:80 - create IPUIPlugin
2024-01-29 18:24:23,106 [INFO] PluginManager:220 - loadIPPluginJar : add adc
2024-01-29 18:24:23,108 [INFO] IPUIPlugin:80 - create IPUIPlugin
2024-01-29 18:24:23,108 [INFO] PluginManager:220 - loadIPPluginJar : add aes
2024-01-29 18:24:23,110 [INFO] IPUIPlugin:80 - create IPUIPlugin
2024-01-29 18:24:23,110 [INFO] PluginManager:220 - loadIPPluginJar : add can
2024-01-29 18:24:23,111 [INFO] IPUIPlugin:80 - create IPUIPlugin
2024-01-29 18:24:23,112 [INFO] PluginManager:220 - loadIPPluginJar : add comp
2024-01-29 18:24:23,113 [INFO] IPUIPlugin:80 - create IPUIPlugin
2024-01-29 18:24:23,114 [INFO] PluginManager:220 - loadIPPluginJar : add cryp
2024-01-29 18:24:23,116 [INFO] IPUIPlugin:80 - create IPUIPlugin
2024-01-29 18:24:23,116 [INFO] PluginManager:220 - loadIPPluginJar : add dfsdm
2024-01-29 18:24:23,120 [INFO] IPUIPlugin:80 - create IPUIPlugin
2024-01-29 18:24:23,121 [INFO] PluginManager:220 - loadIPPluginJar : add dma
2024-01-29 18:24:23,123 [INFO] IPUIPlugin:80 - create IPUIPlugin
2024-01-29 18:24:23,123 [INFO] PluginManager:220 - loadIPPluginJar : add dma3
2024-01-29 18:24:23,124 [INFO] IPUIPlugin:80 - create IPUIPlugin
2024-01-29 18:24:23,124 [INFO] PluginManager:220 - loadIPPluginJar : add fatfs
2024-01-29 18:24:23,128 [INFO] IPUIPlugin:80 - create IPUIPlugin
2024-01-29 18:24:23,128 [INFO] PluginManager:220 - loadIPPluginJar : add fmc
2024-01-29 18:24:23,131 [INFO] IPUIPlugin:80 - create IPUIPlugin
2024-01-29 18:24:23,132 [INFO] PluginManager:220 - loadIPPluginJar : add freertos
2024-01-29 18:24:23,133 [INFO] IPUIPlugin:80 - create IPUIPlugin
2024-01-29 18:24:23,133 [INFO] PluginManager:220 - loadIPPluginJar : add genericplugin
2024-01-29 18:24:23,135 [INFO] IPUIPlugin:80 - create IPUIPlugin
2024-01-29 18:24:23,135 [INFO] PluginManager:220 - loadIPPluginJar : add gfxmmu
2024-01-29 18:24:23,138 [INFO] IPUIPlugin:80 - create IPUIPlugin
2024-01-29 18:24:23,139 [INFO] PluginManager:220 - loadIPPluginJar : add gic
2024-01-29 18:24:23,141 [INFO] IPUIPlugin:80 - create IPUIPlugin
2024-01-29 18:24:23,142 [INFO] PluginManager:220 - loadIPPluginJar : add gpio
2024-01-29 18:24:23,151 [INFO] IPUIPlugin:80 - create IPUIPlugin
2024-01-29 18:24:23,151 [INFO] PluginManager:220 - loadIPPluginJar : add gtzc
2024-01-29 18:24:23,154 [INFO] IPUIPlugin:80 - create IPUIPlugin
2024-01-29 18:24:23,154 [INFO] PluginManager:220 - loadIPPluginJar : add hash
2024-01-29 18:24:23,156 [INFO] IPUIPlugin:80 - create IPUIPlugin
2024-01-29 18:24:23,156 [INFO] PluginManager:220 - loadIPPluginJar : add i2c
2024-01-29 18:24:23,160 [INFO] IPUIPlugin:80 - create IPUIPlugin
2024-01-29 18:24:23,160 [INFO] PluginManager:220 - loadIPPluginJar : add i2s
2024-01-29 18:24:23,163 [INFO] IPUIPlugin:80 - create IPUIPlugin
2024-01-29 18:24:23,164 [INFO] PluginManager:220 - loadIPPluginJar : add i3c
2024-01-29 18:24:23,167 [INFO] IPUIPlugin:80 - create IPUIPlugin
2024-01-29 18:24:23,167 [INFO] PluginManager:220 - loadIPPluginJar : add ipddr
2024-01-29 18:24:23,174 [INFO] IPUIPlugin:80 - create IPUIPlugin
2024-01-29 18:24:23,174 [INFO] PluginManager:220 - loadIPPluginJar : add linkedlist
2024-01-29 18:24:23,177 [INFO] IPUIPlugin:80 - create IPUIPlugin
2024-01-29 18:24:23,177 [INFO] PluginManager:220 - loadIPPluginJar : add lorawan
2024-01-29 18:24:23,179 [INFO] IPUIPlugin:80 - create IPUIPlugin
2024-01-29 18:24:23,179 [INFO] PluginManager:220 - loadIPPluginJar : add ltdc
2024-01-29 18:24:23,184 [INFO] IPUIPlugin:80 - create IPUIPlugin
2024-01-29 18:24:23,184 [INFO] PluginManager:220 - loadIPPluginJar : add mdma
2024-01-29 18:24:23,189 [INFO] IPUIPlugin:80 - create IPUIPlugin
2024-01-29 18:24:23,190 [INFO] PluginManager:220 - loadIPPluginJar : add nvic
2024-01-29 18:24:23,193 [INFO] IPUIPlugin:80 - create IPUIPlugin
2024-01-29 18:24:23,193 [INFO] PluginManager:220 - loadIPPluginJar : add opamp
2024-01-29 18:24:23,204 [INFO] IPUIPlugin:80 - create IPUIPlugin
2024-01-29 18:24:23,204 [INFO] PluginManager:220 - loadIPPluginJar : add openamp
2024-01-29 18:24:23,208 [INFO] IPUIPlugin:80 - create IPUIPlugin
2024-01-29 18:24:23,208 [INFO] PluginManager:220 - loadIPPluginJar : add pdm2pcm
2024-01-29 18:24:23,215 [INFO] IPUIPlugin:80 - create IPUIPlugin
2024-01-29 18:24:23,217 [INFO] PluginManager:220 - loadIPPluginJar : add plateformsettings
2024-01-29 18:24:23,220 [INFO] IPUIPlugin:80 - create IPUIPlugin
2024-01-29 18:24:23,220 [INFO] PluginManager:220 - loadIPPluginJar : add quadspi
2024-01-29 18:24:23,223 [INFO] IPUIPlugin:80 - create IPUIPlugin
2024-01-29 18:24:23,224 [INFO] PluginManager:220 - loadIPPluginJar : add resmgrutility
2024-01-29 18:24:23,227 [INFO] IPUIPlugin:80 - create IPUIPlugin
2024-01-29 18:24:23,227 [INFO] PluginManager:220 - loadIPPluginJar : add sai
2024-01-29 18:24:23,229 [INFO] IPUIPlugin:80 - create IPUIPlugin
2024-01-29 18:24:23,229 [INFO] PluginManager:220 - loadIPPluginJar : add spi
2024-01-29 18:24:23,234 [INFO] IPUIPlugin:80 - create IPUIPlugin
2024-01-29 18:24:23,234 [INFO] PluginManager:220 - loadIPPluginJar : add stm32_wpan
2024-01-29 18:24:23,236 [INFO] IPUIPlugin:80 - create IPUIPlugin
2024-01-29 18:24:23,236 [INFO] PluginManager:220 - loadIPPluginJar : add tim
2024-01-29 18:24:23,239 [INFO] IPUIPlugin:80 - create IPUIPlugin
2024-01-29 18:24:23,239 [INFO] PluginManager:220 - loadIPPluginJar : add touchsensing
2024-01-29 18:24:23,241 [INFO] IPUIPlugin:80 - create IPUIPlugin
2024-01-29 18:24:23,241 [INFO] PluginManager:220 - loadIPPluginJar : add tracer_emb
2024-01-29 18:24:23,244 [INFO] IPUIPlugin:80 - create IPUIPlugin
2024-01-29 18:24:23,244 [INFO] PluginManager:220 - loadIPPluginJar : add ts
2024-01-29 18:24:23,248 [INFO] IPUIPlugin:80 - create IPUIPlugin
2024-01-29 18:24:23,248 [INFO] PluginManager:220 - loadIPPluginJar : add tsc
2024-01-29 18:24:23,251 [INFO] IPUIPlugin:80 - create IPUIPlugin
2024-01-29 18:24:23,251 [INFO] PluginManager:220 - loadIPPluginJar : add ucpd
2024-01-29 18:24:23,254 [INFO] IPUIPlugin:80 - create IPUIPlugin
2024-01-29 18:24:23,254 [INFO] PluginManager:220 - loadIPPluginJar : add usart
2024-01-29 18:24:23,257 [INFO] IPUIPlugin:80 - create IPUIPlugin
2024-01-29 18:24:23,257 [INFO] PluginManager:220 - loadIPPluginJar : add usbx
2024-01-29 18:24:23,375 [INFO] CADModel:165 - CPN selected for project level
2024-01-29 18:24:23,375 [INFO] CADModel:114 - Register for checkConnection events
2024-01-29 18:24:23,375 [FATAL] Updater:308 - Updater called before beeing initialized
2024-01-29 18:24:23,375 [ERROR] CADModel:125 - Updater not yet initialized, retry later 
2024-01-29 18:24:23,472 [INFO] CADModel:165 - CPN selected for project level
2024-01-29 18:24:23,472 [INFO] CADModel:114 - Register for checkConnection events
2024-01-29 18:24:23,472 [FATAL] Updater:308 - Updater called before beeing initialized
2024-01-29 18:24:23,472 [ERROR] CADModel:125 - Updater not yet initialized, retry later 
2024-01-29 18:24:23,474 [FATAL] Updater:308 - Updater called before beeing initialized
2024-01-29 18:24:23,557 [FATAL] Updater:308 - Updater called before beeing initialized
2024-01-29 18:24:23,561 [INFO] DbMcusAds:53 - JSON generation date=Tue Mar 07 09:50:55 CET 2023 (1678179055335)
2024-01-29 18:24:23,562 [FATAL] Updater:308 - Updater called before beeing initialized
2024-01-29 18:24:23,591 [WARN] DetailPanel:346 - Failed to get advertising image, set to default
2024-01-29 18:24:23,692 [FATAL] Updater:308 - Updater called before beeing initialized
2024-01-29 18:24:23,693 [FATAL] Updater:308 - Updater called before beeing initialized
2024-01-29 18:24:23,693 [FATAL] Updater:308 - Updater called before beeing initialized
2024-01-29 18:24:23,693 [WARN] DetailPanel:346 - Failed to get advertising image, set to default
2024-01-29 18:24:23,694 [FATAL] Updater:308 - Updater called before beeing initialized
2024-01-29 18:24:23,727 [ERROR] Updater:1120 - MainUpdater not yet initialized. External WinMGr cannot be set.
2024-01-29 18:24:23,729 [INFO] Updater:1056 - Updater Version found : 6.9.2
2024-01-29 18:24:23,740 [INFO] ApplicationProperties:184 - Using Application install path: C:\Users\Lucas\STM32CubeIDE_1.13.2\STM32CubeIDE\plugins\com.st.stm32cube.common.mx_6.9.2.202309101412
2024-01-29 18:24:23,853 [INFO] MainUpdater:2868 - connection check result : 10
2024-01-29 18:24:23,854 [INFO] MainUpdater:285 - Updater Check For Update Now.
2024-01-29 18:24:23,854 [INFO] MicroXplorer:498 - Change Database Version : DB.6.0.92
2024-01-29 18:24:23,859 [INFO] McuFinderGlobals:63 - Set McuFinder mode to 2 (CubeIDE integrated)
2024-01-29 18:24:24,028 [INFO] CheckServerUpdateThread:120 - End of CheckServer Thread
2024-01-29 18:24:25,785 [WARN] PackLoader:240 - Cannot read IP mode file for STMicroelectronics.X-CUBE-SMBUS.2.1.0
2024-01-29 18:24:25,791 [WARN] PackLoader:240 - Cannot read IP mode file for STMicroelectronics.X-CUBE-TOUCHGFX.4.23.0
2024-01-29 18:24:25,816 [WARN] PackLoader:240 - Cannot read IP mode file for STMicroelectronics.X-CUBE-AZRTOS-F7.1.1.0
2024-01-29 18:24:25,827 [WARN] PackLoader:240 - Cannot read IP mode file for STMicroelectronics.FP-SNS-MOTENV1.4.3.2
2024-01-29 18:24:25,834 [WARN] PackLoader:240 - Cannot read IP mode file for STMicroelectronics.FP-SNS-FLIGHT1.5.0.2
2024-01-29 18:24:25,842 [WARN] PackLoader:240 - Cannot read IP mode file for STMicroelectronics.X-CUBE-DISPLAY.3.0.0
2024-01-29 18:24:25,852 [WARN] PackLoader:240 - Cannot read IP mode file for STMicroelectronics.X-CUBE-BLE1.7.0.0
2024-01-29 18:24:25,856 [WARN] PackLoader:240 - Cannot read IP mode file for emotas.I-CUBE-CANOPEN.1.3.0
2024-01-29 18:24:25,860 [WARN] PackLoader:240 - Cannot read IP mode file for STMicroelectronics.X-CUBE-TOUCHGFX.4.22.0
2024-01-29 18:24:25,862 [WARN] PackLoader:240 - Cannot read IP mode file for STMicroelectronics.X-CUBE-TOUCHGFX.4.22.1
2024-01-29 18:24:25,866 [WARN] PackLoader:240 - Cannot read IP mode file for STMicroelectronics.FP-SNS-SMARTAG2.1.2.0
2024-01-29 18:24:25,878 [INFO] LogOutputStream:77 - [STDOUT_REDIRECT] 1 : Invalid condition id : UX_CORESTACK_Condition cause : null
2024-01-29 18:24:25,878 [INFO] LogOutputStream:77 - [STDOUT_REDIRECT] 1 : Invalid condition id : UX_CORESTACK_Condition cause : null
2024-01-29 18:24:25,879 [INFO] LogOutputStream:77 - [STDOUT_REDIRECT] 1 : Invalid condition id : UX_CORESTACK_Condition cause : null
2024-01-29 18:24:25,881 [INFO] LogOutputStream:77 - [STDOUT_REDIRECT] 1 : Invalid condition id : UX_CORESTACK_Condition cause : null
2024-01-29 18:24:25,882 [INFO] LogOutputStream:77 - [STDOUT_REDIRECT] 1 : Invalid condition id : UX_CORESTACK_Condition cause : null
2024-01-29 18:24:25,885 [WARN] PackLoader:240 - Cannot read IP mode file for STMicroelectronics.X-CUBE-AZRTOS-WL.2.0.0
2024-01-29 18:24:25,893 [WARN] PackLoader:240 - Cannot read IP mode file for WES.I-CUBE-Cesium.1.3.0
2024-01-29 18:24:25,898 [WARN] PackLoader:240 - Cannot read IP mode file for STMicroelectronics.X-CUBE-BLE2.3.3.0
2024-01-29 18:24:25,905 [WARN] PackLoader:240 - Cannot read IP mode file for STMicroelectronics.X-CUBE-ALGOBUILD.1.3.0
2024-01-29 18:24:25,922 [WARN] PackLoader:240 - Cannot read IP mode file for STMicroelectronics.X-CUBE-AZRTOS-G0.1.1.0
2024-01-29 18:24:25,929 [WARN] PackLoader:240 - Cannot read IP mode file for STMicroelectronics.X-CUBE-NFC4.3.0.0
2024-01-29 18:24:25,939 [WARN] PackLoader:240 - Cannot read IP mode file for STMicroelectronics.X-CUBE-BLEMGR.3.0.0
2024-01-29 18:24:25,946 [WARN] PackLoader:240 - Cannot read IP mode file for STMicroelectronics.FP-ATR-SIGFOX1.3.2.0
2024-01-29 18:24:25,951 [WARN] PackLoader:240 - Cannot read IP mode file for STMicroelectronics.X-CUBE-EEPRMA1.5.1.0
2024-01-29 18:24:25,975 [WARN] PackLoader:240 - Cannot read IP mode file for SEGGER.I-CUBE-embOS.1.3.1
2024-01-29 18:24:26,011 [WARN] PackLoader:240 - Cannot read IP mode file for STMicroelectronics.X-CUBE-GNSS1.6.0.0
2024-01-29 18:24:26,025 [WARN] PackLoader:240 - Cannot read IP mode file for STMicroelectronics.X-CUBE-AZRTOS-F4.1.1.0
2024-01-29 18:24:26,030 [WARN] PackLoader:240 - Cannot read IP mode file for wolfSSL.I-CUBE-wolfSSL.5.6.3
2024-01-29 18:24:26,042 [WARN] PackLoader:240 - Cannot read IP mode file for STMicroelectronics.X-CUBE-AZRTOS-L5.2.0.0
2024-01-29 18:24:26,084 [WARN] PackLoader:240 - Cannot read IP mode file for STMicroelectronics.X-CUBE-MEMS1.9.6.0
2024-01-29 18:24:26,237 [WARN] PackLoader:240 - Cannot read IP mode file for STMicroelectronics.X-CUBE-EEPRMA1.4.2.0
2024-01-29 18:24:26,242 [WARN] PackLoader:240 - Cannot read IP mode file for ITTIA_DB.I-CUBE-ITTIADB.8.8.0
2024-01-29 18:24:26,248 [WARN] PackLoader:240 - Cannot read IP mode file for STMicroelectronics.X-CUBE-BLEMGR.2.0.0
2024-01-29 18:24:26,261 [WARN] ConditionMgr:438 - getConditionDescription Invalid condition id : UX DEVICE CLASS RTOS Condition cause : null
2024-01-29 18:24:26,261 [WARN] ConditionMgr:438 - getConditionDescription Invalid condition id : UX DEVICE CLASS RTOS Condition cause : null
2024-01-29 18:24:26,263 [WARN] PackLoader:240 - Cannot read IP mode file for STMicroelectronics.X-CUBE-AZRTOS-H7.3.1.0
2024-01-29 18:24:26,264 [WARN] ConditionMgr:1039 - genDependencies : Invalid condition id : UX DEVICE CLASS RTOS Condition cause : null
2024-01-29 18:24:26,264 [WARN] ConditionMgr:1039 - genDependencies : Invalid condition id : UX DEVICE CLASS RTOS Condition cause : null
2024-01-29 18:24:26,264 [WARN] ConditionMgr:1039 - genDependencies : Invalid condition id : UX DEVICE CLASS RTOS Condition cause : null
2024-01-29 18:24:26,264 [WARN] ConditionMgr:1039 - genDependencies : Invalid condition id : UX DEVICE CLASS RTOS Condition cause : null
2024-01-29 18:24:26,264 [WARN] ConditionMgr:1039 - genDependencies : Invalid condition id : UX DEVICE CLASS RTOS Condition cause : null
2024-01-29 18:24:26,270 [WARN] PackLoader:240 - Cannot read IP mode file for STMicroelectronics.X-CUBE-NFC7.1.0.1
2024-01-29 18:24:26,275 [WARN] PackLoader:240 - Cannot read IP mode file for STMicroelectronics.X-CUBE-NFC6.3.0.0
2024-01-29 18:24:26,280 [WARN] PackLoader:240 - Cannot read IP mode file for STMicroelectronics.X-CUBE-EEPRMA1.4.1.0
2024-01-29 18:24:26,283 [WARN] PackLoader:240 - Cannot read IP mode file for STMicroelectronics.X-CUBE-AI.8.1.0
2024-01-29 18:24:26,296 [WARN] ConditionMgr:438 - getConditionDescription Invalid condition id : LAN8742 Phy interface Condition cause : null
2024-01-29 18:24:26,296 [WARN] PackLoader:240 - Cannot read IP mode file for STMicroelectronics.X-CUBE-AZRTOS-L4.2.0.0
2024-01-29 18:24:26,297 [WARN] ConditionMgr:1039 - genDependencies : Invalid condition id : LAN8742 Phy interface Condition cause : null
2024-01-29 18:24:26,297 [WARN] ConditionMgr:1039 - genDependencies : Invalid condition id : LAN8742 Phy interface Condition cause : null
2024-01-29 18:24:26,298 [WARN] ConditionMgr:1039 - genDependencies : Invalid condition id : LAN8742 Phy interface Condition cause : null
2024-01-29 18:24:26,303 [WARN] PackLoader:240 - Cannot read IP mode file for STMicroelectronics.X-CUBE-SFXS2LP1.4.0.0
2024-01-29 18:24:26,307 [WARN] PackLoader:240 - Cannot read IP mode file for STMicroelectronics.X-CUBE-ISPU.1.1.0
2024-01-29 18:24:26,316 [WARN] ConditionMgr:438 - getConditionDescription Invalid condition id : UX DEVICE CLASS RTOS Condition cause : null
2024-01-29 18:24:26,317 [WARN] ConditionMgr:438 - getConditionDescription Invalid condition id : UX DEVICE CLASS RTOS Condition cause : null
2024-01-29 18:24:26,318 [WARN] PackLoader:240 - Cannot read IP mode file for STMicroelectronics.X-CUBE-AZRTOS-WB.2.0.0
2024-01-29 18:24:26,318 [WARN] ConditionMgr:1039 - genDependencies : Invalid condition id : UX DEVICE CLASS RTOS Condition cause : null
2024-01-29 18:24:26,318 [WARN] ConditionMgr:1039 - genDependencies : Invalid condition id : UX DEVICE CLASS RTOS Condition cause : null
2024-01-29 18:24:26,318 [WARN] ConditionMgr:1039 - genDependencies : Invalid condition id : UX DEVICE CLASS RTOS Condition cause : null
2024-01-29 18:24:26,319 [WARN] ConditionMgr:1039 - genDependencies : Invalid condition id : UX DEVICE CLASS RTOS Condition cause : null
2024-01-29 18:24:26,319 [WARN] ConditionMgr:1039 - genDependencies : Invalid condition id : UX DEVICE CLASS RTOS Condition cause : null
2024-01-29 18:24:26,327 [WARN] PackLoader:240 - Cannot read IP mode file for STMicroelectronics.X-CUBE-SUBG2.5.0.0
2024-01-29 18:24:26,338 [WARN] PackLoader:240 - Cannot read IP mode file for STMicroelectronics.X-CUBE-TOF1.3.3.1
2024-01-29 18:24:26,367 [WARN] PackLoader:240 - Cannot read IP mode file for STMicroelectronics.X-CUBE-AZRTOS-G4.2.0.0
2024-01-29 18:24:26,376 [WARN] PackLoader:240 - Cannot read IP mode file for Infineon.AIROC-Wi-Fi-Bluetooth-STM32.1.5.1
2024-01-29 18:24:26,381 [WARN] PackLoader:240 - Cannot read IP mode file for STMicroelectronics.FP-SNS-MOTENVWB1.1.3.0
2024-01-29 18:24:26,384 [WARN] PackLoader:240 - Cannot read IP mode file for STMicroelectronics.FP-SNS-MOTENVWB1.1.3.1
2024-01-29 18:24:26,387 [WARN] PackLoader:240 - Cannot read IP mode file for STMicroelectronics.X-CUBE-ISPU.2.0.0
2024-01-29 18:24:26,412 [WARN] PackLoader:240 - Cannot read IP mode file for STMicroelectronics.X-CUBE-MEMS1.10.0.0
2024-01-29 18:24:26,515 [WARN] PackLoader:240 - Cannot read IP mode file for STMicroelectronics.X-CUBE-FREERTOS.1.1.0
2024-01-29 18:24:26,519 [WARN] PackLoader:240 - Cannot read IP mode file for portGmbH.I-Cube-SoM-uGOAL.1.1.0
2024-01-29 18:24:26,523 [WARN] PackLoader:240 - Cannot read IP mode file for STMicroelectronics.X-CUBE-ALS.1.0.1
2024-01-29 18:24:26,526 [WARN] PackLoader:240 - Cannot read IP mode file for STMicroelectronics.FP-ATR-ASTRA1.2.0.0
2024-01-29 18:24:26,532 [WARN] PackLoader:240 - Cannot read IP mode file for STMicroelectronics.X-CUBE-TOF1.3.4.0
2024-01-29 18:24:26,552 [WARN] PackLoader:240 - Cannot read IP mode file for STMicroelectronics.X-CUBE-AZRTOS-H7.3.2.0
2024-01-29 18:24:26,554 [INFO] ThirdParty:978 - Integrity check success = true
2024-01-29 18:24:26,554 [INFO] IntegrityCheckThread:100 - exiting critical section [integrity check]
2024-01-29 18:24:26,554 [INFO] IntegrityCheckThread:103 - End integrity checks thread
